2019-04-17 15:55:49,378 INFO org.springframework.boot.StartupInfoLogger [main] Starting TestMinEduService on nikos-Lenovo-V310-15IKB with PID 19305 (started by nikos in /home/nikos/NetBeansProjects/ESMO-AP-TEST)
2019-04-17 15:55:49,389 INFO org.springframework.boot.SpringApplication [main] No active profile set, falling back to default profiles: default
2019-04-17 15:55:53,269 INFO com.google.code.ssm.config.DefaultAddressProvider [main] Defined values 172.17.0.1:11211 will be used as memcached addresses
2019-04-17 15:55:55,071 INFO org.springframework.scheduling.concurrent.ExecutorConfigurationSupport [main] Initializing ExecutorService 'applicationTaskExecutor'
2019-04-17 15:55:56,126 INFO org.springframework.boot.StartupInfoLogger [main] Started TestMinEduService in 7.66 seconds (JVM running for 9.791)
2019-04-17 15:55:56,477 INFO esmo.test.ap.apms.service.impl.MinEduServiceImpl [main] will get toke from theurl: https://validation.interoperability.gr:9443/OAUTH2Proxy_1.0.0/services/oauthproxy/authorization/token
2019-04-17 15:56:00,539 INFO esmo.test.ap.apms.service.impl.MinEduServiceImpl [main] retrieved token 11633a90-286c-30cc-8d12-10d29ec4f741
2019-04-17 15:56:00,562 INFO esmo.test.ap.apms.service.impl.MinEduServiceImpl [main] querying for academicId 200260674408
2019-04-17 15:56:04,376 INFO esmo.test.ap.apms.service.impl.MinEduServiceImpl [main] MinEduLog {minEduSessionId:4ddaf096-0e68-4653-9e59-dc787c0a72dc, selectedUniversity:, responseTimeStamp:2019-04-17T15:56:00+03:00, recievedTimeStamp:2019-04-17T15:56:04.375+03:00, esmoSessionId:esmoSession}
2019-04-17 15:56:04,384 INFO esmo.test.ap.apms.service.impl.MinEduServiceImpl [main] will get toke from theurl: https://validation.interoperability.gr:9443/OAUTH2Proxy_1.0.0/services/oauthproxy/authorization/token
2019-04-17 15:56:06,080 INFO esmo.test.ap.apms.service.impl.MinEduServiceImpl [main] retrieved token 11633a90-286c-30cc-8d12-10d29ec4f741
2019-04-17 15:56:06,087 INFO esmo.test.ap.apms.service.impl.MinEduServiceImpl [main] querying for academicId 200260674408
2019-04-17 15:56:09,156 INFO esmo.test.ap.apms.service.impl.MinEduServiceImpl [main] MinEduLog {minEduSessionId:d518b736-871b-409d-b03f-73c9e0b48758, selectedUniversity:, responseTimeStamp:2019-04-17T15:56:00+03:00, recievedTimeStamp:2019-04-17T15:56:09.155+03:00, esmoSessionId:esmoSession}
2019-04-17 15:56:09,194 INFO esmo.test.ap.apms.service.impl.MinEduServiceImpl [main] will get toke from theurl: https://validation.interoperability.gr:9443/OAUTH2Proxy_1.0.0/services/oauthproxy/authorization/token
2019-04-17 15:56:10,585 INFO esmo.test.ap.apms.service.impl.MinEduServiceImpl [main] retrieved token 11633a90-286c-30cc-8d12-10d29ec4f741
2019-04-17 15:56:10,585 INFO esmo.test.ap.apms.service.impl.MinEduServiceImpl [main] querying for amka 05108304675
2019-04-17 15:56:10,585 INFO esmo.test.ap.apms.service.impl.MinEduServiceImpl [main] will query amka in theurl: https://gateway.interoperability.gr/academicId/1.0.1/student/05108304675?fields=academicID&username=uaegean&password=k6v5sS4l1s!%
2019-04-17 15:56:11,321 INFO esmo.test.ap.apms.service.impl.MinEduServiceImpl [main] result 200260674408
2019-04-17 15:56:11,325 INFO esmo.test.ap.apms.service.impl.MinEduServiceImpl [main] MinEduLog {minEduSessionId:ace7afa6-bb17-4806-ab43-95b21930eb43, selectedUniversity:, responseTimeStamp:2019-04-17T15:56:00+03:00, recievedTimeStamp:2019-04-17T15:56:11.324+03:00, esmoSessionId:esmoSession}
2019-04-17 15:56:11,339 INFO esmo.test.ap.apms.service.impl.MinEduServiceImpl [main] will get toke from theurl: https://validation.interoperability.gr:9443/OAUTH2Proxy_1.0.0/services/oauthproxy/authorization/token
2019-04-17 15:56:12,640 INFO esmo.test.ap.apms.service.impl.MinEduServiceImpl [main] retrieved token 11633a90-286c-30cc-8d12-10d29ec4f741
2019-04-17 15:56:12,641 INFO esmo.test.ap.apms.service.impl.MinEduServiceImpl [main] querying for amka 05108304675
2019-04-17 15:56:12,642 INFO esmo.test.ap.apms.service.impl.MinEduServiceImpl [main] will query amka in theurl: https://gateway.interoperability.gr/academicId/1.0.1/student/05108304675?fields=academicID&username=uaegean&password=k6v5sS4l1s!%
2019-04-17 15:56:13,909 INFO esmo.test.ap.apms.service.impl.MinEduServiceImpl [main] result 200260674408
2019-04-17 15:56:13,911 INFO esmo.test.ap.apms.service.impl.MinEduServiceImpl [main] MinEduLog {minEduSessionId:f0f5b488-e9e0-4944-9250-7ba1de6ac945, selectedUniversity:, responseTimeStamp:2019-04-17T15:56:00+03:00, recievedTimeStamp:2019-04-17T15:56:13.910+03:00, esmoSessionId:esmoSession}
2019-04-17 15:56:13,952 INFO org.springframework.test.context.support.AbstractTestContextBootstrapper [main] Neither @ContextConfiguration nor @ContextHierarchy found for test class [esmo.test.ap.apms.service.TestUniversityCodesServ], using DelegatingSmartContextLoader
2019-04-17 15:56:13,957 INFO org.springframework.test.context.support.AbstractContextLoader [main] Could not detect default resource locations for test class [esmo.test.ap.apms.service.TestUniversityCodesServ]: no resource found for suffixes {-context.xml}.
2019-04-17 15:56:13,958 INFO org.springframework.test.context.support.AnnotationConfigContextLoaderUtils [main] Could not detect default configuration classes for test class [esmo.test.ap.apms.service.TestUniversityCodesServ]: TestUniversityCodesServ does not declare any static, non-private, non-final, nested classes annotated with @Configuration.
2019-04-17 15:56:13,966 INFO org.springframework.test.context.support.AbstractTestContextBootstrapper [main] Loaded default TestExecutionListener class names from location [META-INF/spring.factories]: [org.springframework.boot.test.mock.mockito.MockitoTestExecutionListener, org.springframework.boot.test.mock.mockito.ResetMocksTestExecutionListener, org.springframework.boot.test.autoconfigure.restdocs.RestDocsTestExecutionListener, org.springframework.boot.test.autoconfigure.web.client.MockRestServiceServerResetTestExecutionListener, org.springframework.boot.test.autoconfigure.web.servlet.MockMvcPrintOnlyOnFailureTestExecutionListener, org.springframework.boot.test.autoconfigure.web.servlet.WebDriverTestExecutionListener, org.springframework.test.context.web.ServletTestExecutionListener, org.springframework.test.context.support.DirtiesContextBeforeModesTestExecutionListener, org.springframework.test.context.support.DependencyInjectionTestExecutionListener, org.springframework.test.context.support.DirtiesContextTestExecutionListener, org.springframework.test.context.transaction.TransactionalTestExecutionListener, org.springframework.test.context.jdbc.SqlScriptsTestExecutionListener]
2019-04-17 15:56:13,968 INFO org.springframework.test.context.support.AbstractTestContextBootstrapper [main] Using TestExecutionListeners: [org.springframework.test.context.web.ServletTestExecutionListener@242b6e1a, org.springframework.test.context.support.DirtiesContextBeforeModesTestExecutionListener@39a87e72, org.springframework.boot.test.mock.mockito.MockitoTestExecutionListener@5d2828c9, org.springframework.test.context.support.DependencyInjectionTestExecutionListener@3a082ff4, org.springframework.test.context.support.DirtiesContextTestExecutionListener@45acdd11, org.springframework.boot.test.mock.mockito.ResetMocksTestExecutionListener@3f0d6038, org.springframework.boot.test.autoconfigure.restdocs.RestDocsTestExecutionListener@237f7970, org.springframework.boot.test.autoconfigure.web.client.MockRestServiceServerResetTestExecutionListener@58f39564, org.springframework.boot.test.autoconfigure.web.servlet.MockMvcPrintOnlyOnFailureTestExecutionListener@7b948f3e, org.springframework.boot.test.autoconfigure.web.servlet.WebDriverTestExecutionListener@2f4c2cd4]
2019-04-17 15:56:14,429 INFO org.springframework.test.context.support.AbstractTestContextBootstrapper [main] Neither @ContextConfiguration nor @ContextHierarchy found for test class [esmo.test.ap.apms.ApmsApplicationTests], using SpringBootContextLoader
2019-04-17 15:56:14,430 INFO org.springframework.test.context.support.AbstractContextLoader [main] Could not detect default resource locations for test class [esmo.test.ap.apms.ApmsApplicationTests]: no resource found for suffixes {-context.xml, Context.groovy}.
2019-04-17 15:56:14,431 INFO org.springframework.test.context.support.AnnotationConfigContextLoaderUtils [main] Could not detect default configuration classes for test class [esmo.test.ap.apms.ApmsApplicationTests]: ApmsApplicationTests does not declare any static, non-private, non-final, nested classes annotated with @Configuration.
2019-04-17 15:56:14,451 INFO org.springframework.boot.test.context.SpringBootTestContextBootstrapper [main] Found @SpringBootConfiguration esmo.test.ap.apms.ApmsApplication for test class esmo.test.ap.apms.ApmsApplicationTests
2019-04-17 15:56:14,454 INFO org.springframework.test.context.support.AbstractTestContextBootstrapper [main] Loaded default TestExecutionListener class names from location [META-INF/spring.factories]: [org.springframework.boot.test.mock.mockito.MockitoTestExecutionListener, org.springframework.boot.test.mock.mockito.ResetMocksTestExecutionListener, org.springframework.boot.test.autoconfigure.restdocs.RestDocsTestExecutionListener, org.springframework.boot.test.autoconfigure.web.client.MockRestServiceServerResetTestExecutionListener, org.springframework.boot.test.autoconfigure.web.servlet.MockMvcPrintOnlyOnFailureTestExecutionListener, org.springframework.boot.test.autoconfigure.web.servlet.WebDriverTestExecutionListener, org.springframework.test.context.web.ServletTestExecutionListener, org.springframework.test.context.support.DirtiesContextBeforeModesTestExecutionListener, org.springframework.test.context.support.DependencyInjectionTestExecutionListener, org.springframework.test.context.support.DirtiesContextTestExecutionListener, org.springframework.test.context.transaction.TransactionalTestExecutionListener, org.springframework.test.context.jdbc.SqlScriptsTestExecutionListener]
2019-04-17 15:56:14,457 INFO org.springframework.test.context.support.AbstractTestContextBootstrapper [main] Using TestExecutionListeners: [org.springframework.test.context.web.ServletTestExecutionListener@6b63e6ad, org.springframework.test.context.support.DirtiesContextBeforeModesTestExecutionListener@7beae796, org.springframework.boot.test.mock.mockito.MockitoTestExecutionListener@6749fe50, org.springframework.boot.test.autoconfigure.SpringBootDependencyInjectionTestExecutionListener@52bf7bf6, org.springframework.test.context.support.DirtiesContextTestExecutionListener@261db982, org.springframework.boot.test.mock.mockito.ResetMocksTestExecutionListener@ae73c80, org.springframework.boot.test.autoconfigure.restdocs.RestDocsTestExecutionListener@22f4f8f2, org.springframework.boot.test.autoconfigure.web.client.MockRestServiceServerResetTestExecutionListener@bbd4791, org.springframework.boot.test.autoconfigure.web.servlet.MockMvcPrintOnlyOnFailureTestExecutionListener@40a72ecd, org.springframework.boot.test.autoconfigure.web.servlet.WebDriverTestExecutionListener@73971965]
2019-04-17 15:56:14,501 INFO org.springframework.boot.StartupInfoLogger [main] Starting ApmsApplicationTests on nikos-Lenovo-V310-15IKB with PID 19305 (started by nikos in /home/nikos/NetBeansProjects/ESMO-AP-TEST)
2019-04-17 15:56:14,501 INFO org.springframework.boot.SpringApplication [main] The following profiles are active: test
2019-04-17 15:56:14,928 INFO com.google.code.ssm.config.DefaultAddressProvider [main] Defined values 172.17.0.1:11211 will be used as memcached addresses
2019-04-17 15:56:15,361 INFO org.springframework.scheduling.concurrent.ExecutorConfigurationSupport [main] Initializing ExecutorService 'applicationTaskExecutor'
2019-04-17 15:56:15,779 INFO org.springframework.boot.StartupInfoLogger [main] Started ApmsApplicationTests in 1.312 seconds (JVM running for 29.443)
2019-04-17 15:56:15,833 INFO org.springframework.test.context.support.AbstractTestContextBootstrapper [main] Neither @ContextConfiguration nor @ContextHierarchy found for test class [esmo.test.ap.apms.integration.TestSessisonManagerConnection], using SpringBootContextLoader
2019-04-17 15:56:15,834 INFO org.springframework.test.context.support.AbstractContextLoader [main] Could not detect default resource locations for test class [esmo.test.ap.apms.integration.TestSessisonManagerConnection]: no resource found for suffixes {-context.xml, Context.groovy}.
2019-04-17 15:56:15,890 INFO org.springframework.test.context.support.AbstractTestContextBootstrapper [main] Loaded default TestExecutionListener class names from location [META-INF/spring.factories]: [org.springframework.boot.test.mock.mockito.MockitoTestExecutionListener, org.springframework.boot.test.mock.mockito.ResetMocksTestExecutionListener, org.springframework.boot.test.autoconfigure.restdocs.RestDocsTestExecutionListener, org.springframework.boot.test.autoconfigure.web.client.MockRestServiceServerResetTestExecutionListener, org.springframework.boot.test.autoconfigure.web.servlet.MockMvcPrintOnlyOnFailureTestExecutionListener, org.springframework.boot.test.autoconfigure.web.servlet.WebDriverTestExecutionListener, org.springframework.test.context.web.ServletTestExecutionListener, org.springframework.test.context.support.DirtiesContextBeforeModesTestExecutionListener, org.springframework.test.context.support.DependencyInjectionTestExecutionListener, org.springframework.test.context.support.DirtiesContextTestExecutionListener, org.springframework.test.context.transaction.TransactionalTestExecutionListener, org.springframework.test.context.jdbc.SqlScriptsTestExecutionListener]
2019-04-17 15:56:16,380 INFO org.springframework.test.context.support.AbstractTestContextBootstrapper [main] Using TestExecutionListeners: [org.springframework.test.context.web.ServletTestExecutionListener@7f9e8421, org.springframework.test.context.support.DirtiesContextBeforeModesTestExecutionListener@23da79eb, org.springframework.boot.test.mock.mockito.MockitoTestExecutionListener@168b4cb0, org.springframework.boot.test.autoconfigure.SpringBootDependencyInjectionTestExecutionListener@3e05586b, org.springframework.test.context.support.DirtiesContextTestExecutionListener@35b17c06, org.springframework.boot.test.mock.mockito.ResetMocksTestExecutionListener@45545e7a, org.springframework.boot.test.autoconfigure.restdocs.RestDocsTestExecutionListener@9f674ac, org.springframework.boot.test.autoconfigure.web.client.MockRestServiceServerResetTestExecutionListener@1da4b3f9, org.springframework.boot.test.autoconfigure.web.servlet.MockMvcPrintOnlyOnFailureTestExecutionListener@23cbbd07, org.springframework.boot.test.autoconfigure.web.servlet.WebDriverTestExecutionListener@448b808a]
2019-04-17 15:56:16,404 INFO org.springframework.boot.StartupInfoLogger [main] Starting TestSessisonManagerConnection on nikos-Lenovo-V310-15IKB with PID 19305 (started by nikos in /home/nikos/NetBeansProjects/ESMO-AP-TEST)
2019-04-17 15:56:16,404 INFO org.springframework.boot.SpringApplication [main] The following profiles are active: test
2019-04-17 15:56:16,882 INFO com.google.code.ssm.config.DefaultAddressProvider [main] Defined values 172.17.0.1:11211 will be used as memcached addresses
2019-04-17 15:56:17,187 INFO org.springframework.scheduling.concurrent.ExecutorConfigurationSupport [main] Initializing ExecutorService 'applicationTaskExecutor'
2019-04-17 15:56:17,537 INFO org.springframework.mock.web.MockServletContext [main] Initializing Spring TestDispatcherServlet ''
2019-04-17 15:56:17,537 INFO org.springframework.web.servlet.FrameworkServlet [main] Initializing Servlet ''
2019-04-17 15:56:17,554 INFO org.springframework.web.servlet.FrameworkServlet [main] Completed initialization in 16 ms
2019-04-17 15:56:17,582 INFO org.springframework.boot.StartupInfoLogger [main] Started TestSessisonManagerConnection in 1.199 seconds (JVM running for 31.246)
2019-04-17 15:56:18,980 INFO org.springframework.scheduling.concurrent.ExecutorConfigurationSupport [Thread-3] Shutting down ExecutorService 'applicationTaskExecutor'
2019-04-17 15:56:18,980 INFO org.springframework.scheduling.concurrent.ExecutorConfigurationSupport [Thread-11] Shutting down ExecutorService 'applicationTaskExecutor'
2019-04-17 15:56:18,983 INFO org.springframework.scheduling.concurrent.ExecutorConfigurationSupport [Thread-7] Shutting down ExecutorService 'applicationTaskExecutor'
2019-04-17 15:58:02,144 INFO org.springframework.boot.StartupInfoLogger [main] Starting TestMinEduService on nikos-Lenovo-V310-15IKB with PID 19652 (started by nikos in /home/nikos/NetBeansProjects/ESMO-AP-TEST)
2019-04-17 15:58:02,147 INFO org.springframework.boot.SpringApplication [main] No active profile set, falling back to default profiles: default
2019-04-17 15:58:04,171 INFO com.google.code.ssm.config.DefaultAddressProvider [main] Defined values 172.17.0.1:11211 will be used as memcached addresses
2019-04-17 15:58:05,201 INFO org.springframework.scheduling.concurrent.ExecutorConfigurationSupport [main] Initializing ExecutorService 'applicationTaskExecutor'
2019-04-17 15:58:05,637 INFO org.springframework.boot.StartupInfoLogger [main] Started TestMinEduService in 3.968 seconds (JVM running for 5.279)
2019-04-17 15:58:05,889 INFO esmo.test.ap.apms.service.impl.MinEduServiceImpl [main] will get toke from theurl: https://validation.interoperability.gr:9443/OAUTH2Proxy_1.0.0/services/oauthproxy/authorization/token
2019-04-17 15:58:08,994 INFO esmo.test.ap.apms.service.impl.MinEduServiceImpl [main] retrieved token 11633a90-286c-30cc-8d12-10d29ec4f741
2019-04-17 15:58:09,000 INFO esmo.test.ap.apms.service.impl.MinEduServiceImpl [main] querying for academicId 200260674408
2019-04-17 15:58:09,967 INFO esmo.test.ap.apms.service.impl.MinEduServiceImpl [main] MinEduLog {minEduSessionId:0f174675-ecca-4b19-8041-2de725d158a1, selectedUniversity:, responseTimeStamp:2019-04-17T15:58:00+03:00, recievedTimeStamp:2019-04-17T15:58:09.966+03:00, esmoSessionId:esmoSession}
2019-04-17 15:58:09,974 INFO esmo.test.ap.apms.service.impl.MinEduServiceImpl [main] will get toke from theurl: https://validation.interoperability.gr:9443/OAUTH2Proxy_1.0.0/services/oauthproxy/authorization/token
2019-04-17 15:58:11,315 INFO esmo.test.ap.apms.service.impl.MinEduServiceImpl [main] retrieved token 11633a90-286c-30cc-8d12-10d29ec4f741
2019-04-17 15:58:11,326 INFO esmo.test.ap.apms.service.impl.MinEduServiceImpl [main] querying for academicId 200260674408
2019-04-17 15:58:12,559 INFO esmo.test.ap.apms.service.impl.MinEduServiceImpl [main] MinEduLog {minEduSessionId:5611a0dc-ced5-4082-8648-9f490496a54f, selectedUniversity:, responseTimeStamp:2019-04-17T15:58:00+03:00, recievedTimeStamp:2019-04-17T15:58:12.558+03:00, esmoSessionId:esmoSession}
2019-04-17 15:58:12,576 INFO esmo.test.ap.apms.service.impl.MinEduServiceImpl [main] will get toke from theurl: https://validation.interoperability.gr:9443/OAUTH2Proxy_1.0.0/services/oauthproxy/authorization/token
2019-04-17 15:58:13,873 INFO esmo.test.ap.apms.service.impl.MinEduServiceImpl [main] retrieved token 11633a90-286c-30cc-8d12-10d29ec4f741
2019-04-17 15:58:13,874 INFO esmo.test.ap.apms.service.impl.MinEduServiceImpl [main] querying for amka 05108304675
2019-04-17 15:58:13,874 INFO esmo.test.ap.apms.service.impl.MinEduServiceImpl [main] will query amka in theurl: https://gateway.interoperability.gr/academicId/1.0.1/student/05108304675?fields=academicID&username=uaegean&password=k6v5sS4l1s!%
2019-04-17 15:58:15,190 INFO esmo.test.ap.apms.service.impl.MinEduServiceImpl [main] result 200260674408
2019-04-17 15:58:15,192 INFO esmo.test.ap.apms.service.impl.MinEduServiceImpl [main] MinEduLog {minEduSessionId:eed5ea7f-6531-4fbe-9db1-8285de5a8b6d, selectedUniversity:, responseTimeStamp:2019-04-17T15:58:00+03:00, recievedTimeStamp:2019-04-17T15:58:15.192+03:00, esmoSessionId:esmoSession}
2019-04-17 15:58:15,207 INFO esmo.test.ap.apms.service.impl.MinEduServiceImpl [main] will get toke from theurl: https://validation.interoperability.gr:9443/OAUTH2Proxy_1.0.0/services/oauthproxy/authorization/token
2019-04-17 15:58:16,639 INFO esmo.test.ap.apms.service.impl.MinEduServiceImpl [main] retrieved token 11633a90-286c-30cc-8d12-10d29ec4f741
2019-04-17 15:58:16,640 INFO esmo.test.ap.apms.service.impl.MinEduServiceImpl [main] querying for amka 05108304675
2019-04-17 15:58:16,641 INFO esmo.test.ap.apms.service.impl.MinEduServiceImpl [main] will query amka in theurl: https://gateway.interoperability.gr/academicId/1.0.1/student/05108304675?fields=academicID&username=uaegean&password=k6v5sS4l1s!%
2019-04-17 15:58:17,304 INFO esmo.test.ap.apms.service.impl.MinEduServiceImpl [main] result 200260674408
2019-04-17 15:58:17,305 INFO esmo.test.ap.apms.service.impl.MinEduServiceImpl [main] MinEduLog {minEduSessionId:5f1af6ed-25cb-48ef-b8b7-d57fa08dc2d8, selectedUniversity:, responseTimeStamp:2019-04-17T15:58:00+03:00, recievedTimeStamp:2019-04-17T15:58:17.305+03:00, esmoSessionId:esmoSession}
2019-04-17 15:58:17,322 INFO org.springframework.test.context.support.AbstractTestContextBootstrapper [main] Neither @ContextConfiguration nor @ContextHierarchy found for test class [esmo.test.ap.apms.service.TestUniversityCodesServ], using DelegatingSmartContextLoader
2019-04-17 15:58:17,324 INFO org.springframework.test.context.support.AbstractContextLoader [main] Could not detect default resource locations for test class [esmo.test.ap.apms.service.TestUniversityCodesServ]: no resource found for suffixes {-context.xml}.
2019-04-17 15:58:17,325 INFO org.springframework.test.context.support.AnnotationConfigContextLoaderUtils [main] Could not detect default configuration classes for test class [esmo.test.ap.apms.service.TestUniversityCodesServ]: TestUniversityCodesServ does not declare any static, non-private, non-final, nested classes annotated with @Configuration.
2019-04-17 15:58:17,330 INFO org.springframework.test.context.support.AbstractTestContextBootstrapper [main] Loaded default TestExecutionListener class names from location [META-INF/spring.factories]: [org.springframework.boot.test.mock.mockito.MockitoTestExecutionListener, org.springframework.boot.test.mock.mockito.ResetMocksTestExecutionListener, org.springframework.boot.test.autoconfigure.restdocs.RestDocsTestExecutionListener, org.springframework.boot.test.autoconfigure.web.client.MockRestServiceServerResetTestExecutionListener, org.springframework.boot.test.autoconfigure.web.servlet.MockMvcPrintOnlyOnFailureTestExecutionListener, org.springframework.boot.test.autoconfigure.web.servlet.WebDriverTestExecutionListener, org.springframework.test.context.web.ServletTestExecutionListener, org.springframework.test.context.support.DirtiesContextBeforeModesTestExecutionListener, org.springframework.test.context.support.DependencyInjectionTestExecutionListener, org.springframework.test.context.support.DirtiesContextTestExecutionListener, org.springframework.test.context.transaction.TransactionalTestExecutionListener, org.springframework.test.context.jdbc.SqlScriptsTestExecutionListener]
2019-04-17 15:58:17,331 INFO org.springframework.test.context.support.AbstractTestContextBootstrapper [main] Using TestExecutionListeners: [org.springframework.test.context.web.ServletTestExecutionListener@3f0d6038, org.springframework.test.context.support.DirtiesContextBeforeModesTestExecutionListener@237f7970, org.springframework.boot.test.mock.mockito.MockitoTestExecutionListener@58f39564, org.springframework.test.context.support.DependencyInjectionTestExecutionListener@7b948f3e, org.springframework.test.context.support.DirtiesContextTestExecutionListener@2f4c2cd4, org.springframework.boot.test.mock.mockito.ResetMocksTestExecutionListener@77a074b4, org.springframework.boot.test.autoconfigure.restdocs.RestDocsTestExecutionListener@333c8791, org.springframework.boot.test.autoconfigure.web.client.MockRestServiceServerResetTestExecutionListener@6c0e13b7, org.springframework.boot.test.autoconfigure.web.servlet.MockMvcPrintOnlyOnFailureTestExecutionListener@22eaa86e, org.springframework.boot.test.autoconfigure.web.servlet.WebDriverTestExecutionListener@561b7d53]
2019-04-17 15:58:17,686 INFO org.springframework.test.context.support.AbstractTestContextBootstrapper [main] Neither @ContextConfiguration nor @ContextHierarchy found for test class [esmo.test.ap.apms.ApmsApplicationTests], using SpringBootContextLoader
2019-04-17 15:58:17,686 INFO org.springframework.test.context.support.AbstractContextLoader [main] Could not detect default resource locations for test class [esmo.test.ap.apms.ApmsApplicationTests]: no resource found for suffixes {-context.xml, Context.groovy}.
2019-04-17 15:58:17,687 INFO org.springframework.test.context.support.AnnotationConfigContextLoaderUtils [main] Could not detect default configuration classes for test class [esmo.test.ap.apms.ApmsApplicationTests]: ApmsApplicationTests does not declare any static, non-private, non-final, nested classes annotated with @Configuration.
2019-04-17 15:58:17,700 INFO org.springframework.boot.test.context.SpringBootTestContextBootstrapper [main] Found @SpringBootConfiguration esmo.test.ap.apms.ApmsApplication for test class esmo.test.ap.apms.ApmsApplicationTests
2019-04-17 15:58:17,702 INFO org.springframework.test.context.support.AbstractTestContextBootstrapper [main] Loaded default TestExecutionListener class names from location [META-INF/spring.factories]: [org.springframework.boot.test.mock.mockito.MockitoTestExecutionListener, org.springframework.boot.test.mock.mockito.ResetMocksTestExecutionListener, org.springframework.boot.test.autoconfigure.restdocs.RestDocsTestExecutionListener, org.springframework.boot.test.autoconfigure.web.client.MockRestServiceServerResetTestExecutionListener, org.springframework.boot.test.autoconfigure.web.servlet.MockMvcPrintOnlyOnFailureTestExecutionListener, org.springframework.boot.test.autoconfigure.web.servlet.WebDriverTestExecutionListener, org.springframework.test.context.web.ServletTestExecutionListener, org.springframework.test.context.support.DirtiesContextBeforeModesTestExecutionListener, org.springframework.test.context.support.DependencyInjectionTestExecutionListener, org.springframework.test.context.support.DirtiesContextTestExecutionListener, org.springframework.test.context.transaction.TransactionalTestExecutionListener, org.springframework.test.context.jdbc.SqlScriptsTestExecutionListener]
2019-04-17 15:58:17,704 INFO org.springframework.test.context.support.AbstractTestContextBootstrapper [main] Using TestExecutionListeners: [org.springframework.test.context.web.ServletTestExecutionListener@ae73c80, org.springframework.test.context.support.DirtiesContextBeforeModesTestExecutionListener@22f4f8f2, org.springframework.boot.test.mock.mockito.MockitoTestExecutionListener@bbd4791, org.springframework.boot.test.autoconfigure.SpringBootDependencyInjectionTestExecutionListener@40a72ecd, org.springframework.test.context.support.DirtiesContextTestExecutionListener@73971965, org.springframework.boot.test.mock.mockito.ResetMocksTestExecutionListener@76a14c8d, org.springframework.boot.test.autoconfigure.restdocs.RestDocsTestExecutionListener@17410c07, org.springframework.boot.test.autoconfigure.web.client.MockRestServiceServerResetTestExecutionListener@6ee99964, org.springframework.boot.test.autoconfigure.web.servlet.MockMvcPrintOnlyOnFailureTestExecutionListener@257ef9ed, org.springframework.boot.test.autoconfigure.web.servlet.WebDriverTestExecutionListener@59c70ceb]
2019-04-17 15:58:17,780 INFO org.springframework.boot.StartupInfoLogger [main] Starting ApmsApplicationTests on nikos-Lenovo-V310-15IKB with PID 19652 (started by nikos in /home/nikos/NetBeansProjects/ESMO-AP-TEST)
2019-04-17 15:58:17,781 INFO org.springframework.boot.SpringApplication [main] The following profiles are active: test
2019-04-17 15:58:18,152 INFO com.google.code.ssm.config.DefaultAddressProvider [main] Defined values 172.17.0.1:11211 will be used as memcached addresses
2019-04-17 15:58:18,701 INFO org.springframework.scheduling.concurrent.ExecutorConfigurationSupport [main] Initializing ExecutorService 'applicationTaskExecutor'
2019-04-17 15:58:19,002 INFO org.springframework.boot.StartupInfoLogger [main] Started ApmsApplicationTests in 1.288 seconds (JVM running for 18.644)
2019-04-17 15:58:19,022 INFO org.springframework.test.context.support.AbstractTestContextBootstrapper [main] Neither @ContextConfiguration nor @ContextHierarchy found for test class [esmo.test.ap.apms.integration.TestSessisonManagerConnection], using SpringBootContextLoader
2019-04-17 15:58:19,024 INFO org.springframework.test.context.support.AbstractContextLoader [main] Could not detect default resource locations for test class [esmo.test.ap.apms.integration.TestSessisonManagerConnection]: no resource found for suffixes {-context.xml, Context.groovy}.
2019-04-17 15:58:19,038 INFO org.springframework.test.context.support.AbstractTestContextBootstrapper [main] Loaded default TestExecutionListener class names from location [META-INF/spring.factories]: [org.springframework.boot.test.mock.mockito.MockitoTestExecutionListener, org.springframework.boot.test.mock.mockito.ResetMocksTestExecutionListener, org.springframework.boot.test.autoconfigure.restdocs.RestDocsTestExecutionListener, org.springframework.boot.test.autoconfigure.web.client.MockRestServiceServerResetTestExecutionListener, org.springframework.boot.test.autoconfigure.web.servlet.MockMvcPrintOnlyOnFailureTestExecutionListener, org.springframework.boot.test.autoconfigure.web.servlet.WebDriverTestExecutionListener, org.springframework.test.context.web.ServletTestExecutionListener, org.springframework.test.context.support.DirtiesContextBeforeModesTestExecutionListener, org.springframework.test.context.support.DependencyInjectionTestExecutionListener, org.springframework.test.context.support.DirtiesContextTestExecutionListener, org.springframework.test.context.transaction.TransactionalTestExecutionListener, org.springframework.test.context.jdbc.SqlScriptsTestExecutionListener]
2019-04-17 15:58:19,040 INFO org.springframework.test.context.support.AbstractTestContextBootstrapper [main] Using TestExecutionListeners: [org.springframework.test.context.web.ServletTestExecutionListener@45545e7a, org.springframework.test.context.support.DirtiesContextBeforeModesTestExecutionListener@9f674ac, org.springframework.boot.test.mock.mockito.MockitoTestExecutionListener@1da4b3f9, org.springframework.boot.test.autoconfigure.SpringBootDependencyInjectionTestExecutionListener@23cbbd07, org.springframework.test.context.support.DirtiesContextTestExecutionListener@448b808a, org.springframework.boot.test.mock.mockito.ResetMocksTestExecutionListener@7e62cfa3, org.springframework.boot.test.autoconfigure.restdocs.RestDocsTestExecutionListener@46e190ed, org.springframework.boot.test.autoconfigure.web.client.MockRestServiceServerResetTestExecutionListener@383c3eb3, org.springframework.boot.test.autoconfigure.web.servlet.MockMvcPrintOnlyOnFailureTestExecutionListener@20ab76ee, org.springframework.boot.test.autoconfigure.web.servlet.WebDriverTestExecutionListener@485caa8f]
2019-04-17 15:58:19,078 INFO org.springframework.boot.StartupInfoLogger [main] Starting TestSessisonManagerConnection on nikos-Lenovo-V310-15IKB with PID 19652 (started by nikos in /home/nikos/NetBeansProjects/ESMO-AP-TEST)
2019-04-17 15:58:19,079 INFO org.springframework.boot.SpringApplication [main] The following profiles are active: test
2019-04-17 15:58:19,570 INFO com.google.code.ssm.config.DefaultAddressProvider [main] Defined values 172.17.0.1:11211 will be used as memcached addresses
2019-04-17 15:58:19,980 INFO org.springframework.scheduling.concurrent.ExecutorConfigurationSupport [main] Initializing ExecutorService 'applicationTaskExecutor'
2019-04-17 15:58:20,333 INFO org.springframework.mock.web.MockServletContext [main] Initializing Spring TestDispatcherServlet ''
2019-04-17 15:58:20,334 INFO org.springframework.web.servlet.FrameworkServlet [main] Initializing Servlet ''
2019-04-17 15:58:20,378 INFO org.springframework.web.servlet.FrameworkServlet [main] Completed initialization in 43 ms
2019-04-17 15:58:20,406 INFO org.springframework.boot.StartupInfoLogger [main] Started TestSessisonManagerConnection in 1.362 seconds (JVM running for 20.048)
2019-04-17 15:58:21,506 INFO org.springframework.scheduling.concurrent.ExecutorConfigurationSupport [Thread-3] Shutting down ExecutorService 'applicationTaskExecutor'
2019-04-17 15:58:21,508 INFO org.springframework.scheduling.concurrent.ExecutorConfigurationSupport [Thread-7] Shutting down ExecutorService 'applicationTaskExecutor'
2019-04-17 15:58:21,509 INFO org.springframework.scheduling.concurrent.ExecutorConfigurationSupport [Thread-11] Shutting down ExecutorService 'applicationTaskExecutor'
2019-04-17 16:00:39,560 INFO org.springframework.boot.StartupInfoLogger [main] Starting TestMinEduService on nikos-Lenovo-V310-15IKB with PID 19847 (started by nikos in /home/nikos/NetBeansProjects/ESMO-AP-TEST)
2019-04-17 16:00:39,566 INFO org.springframework.boot.SpringApplication [main] No active profile set, falling back to default profiles: default
2019-04-17 16:00:41,229 INFO com.google.code.ssm.config.DefaultAddressProvider [main] Defined values 172.17.0.1:11211 will be used as memcached addresses
2019-04-17 16:00:42,147 INFO org.springframework.scheduling.concurrent.ExecutorConfigurationSupport [main] Initializing ExecutorService 'applicationTaskExecutor'
2019-04-17 16:00:42,709 INFO org.springframework.boot.StartupInfoLogger [main] Started TestMinEduService in 3.618 seconds (JVM running for 4.373)
2019-04-17 16:00:42,892 INFO esmo.test.ap.apms.service.impl.MinEduServiceImpl [main] will get toke from theurl: https://validation.interoperability.gr:9443/OAUTH2Proxy_1.0.0/services/oauthproxy/authorization/token
2019-04-17 16:00:44,741 INFO esmo.test.ap.apms.service.impl.MinEduServiceImpl [main] retrieved token 11633a90-286c-30cc-8d12-10d29ec4f741
2019-04-17 16:00:44,746 INFO esmo.test.ap.apms.service.impl.MinEduServiceImpl [main] querying for academicId 200260674408
2019-04-17 16:00:48,162 INFO esmo.test.ap.apms.service.impl.MinEduServiceImpl [main] MinEduLog {minEduSessionId:10016969-06e3-447d-b2d5-7cc9966641d3, selectedUniversity:, responseTimeStamp:2019-04-17T16:00:00+03:00, recievedTimeStamp:2019-04-17T16:00:48.161+03:00, esmoSessionId:esmoSession}
2019-04-17 16:00:48,171 INFO esmo.test.ap.apms.service.impl.MinEduServiceImpl [main] will get toke from theurl: https://validation.interoperability.gr:9443/OAUTH2Proxy_1.0.0/services/oauthproxy/authorization/token
2019-04-17 16:00:49,520 INFO esmo.test.ap.apms.service.impl.MinEduServiceImpl [main] retrieved token 11633a90-286c-30cc-8d12-10d29ec4f741
2019-04-17 16:00:49,527 INFO esmo.test.ap.apms.service.impl.MinEduServiceImpl [main] querying for academicId 200260674408
2019-04-17 16:00:51,031 INFO esmo.test.ap.apms.service.impl.MinEduServiceImpl [main] MinEduLog {minEduSessionId:6570e34c-bfd3-4adc-8235-d563f1e9f5cf, selectedUniversity:, responseTimeStamp:2019-04-17T16:00:00+03:00, recievedTimeStamp:2019-04-17T16:00:51.030+03:00, esmoSessionId:esmoSession}
2019-04-17 16:00:51,048 INFO esmo.test.ap.apms.service.impl.MinEduServiceImpl [main] will get toke from theurl: https://validation.interoperability.gr:9443/OAUTH2Proxy_1.0.0/services/oauthproxy/authorization/token
2019-04-17 16:00:52,492 INFO esmo.test.ap.apms.service.impl.MinEduServiceImpl [main] retrieved token 11633a90-286c-30cc-8d12-10d29ec4f741
2019-04-17 16:00:52,493 INFO esmo.test.ap.apms.service.impl.MinEduServiceImpl [main] querying for amka 05108304675
2019-04-17 16:00:52,495 INFO esmo.test.ap.apms.service.impl.MinEduServiceImpl [main] will query amka in theurl: https://gateway.interoperability.gr/academicId/1.0.1/student/05108304675?fields=academicID&username=uaegean&password=k6v5sS4l1s!%
2019-04-17 16:00:53,681 INFO esmo.test.ap.apms.service.impl.MinEduServiceImpl [main] result 200260674408
2019-04-17 16:00:53,682 INFO esmo.test.ap.apms.service.impl.MinEduServiceImpl [main] MinEduLog {minEduSessionId:33c54a63-1da3-4ff4-b844-11aa1818c5f5, selectedUniversity:, responseTimeStamp:2019-04-17T16:00:00+03:00, recievedTimeStamp:2019-04-17T16:00:53.682+03:00, esmoSessionId:esmoSession}
2019-04-17 16:00:53,693 INFO esmo.test.ap.apms.service.impl.MinEduServiceImpl [main] will get toke from theurl: https://validation.interoperability.gr:9443/OAUTH2Proxy_1.0.0/services/oauthproxy/authorization/token
2019-04-17 16:00:54,947 INFO esmo.test.ap.apms.service.impl.MinEduServiceImpl [main] retrieved token 11633a90-286c-30cc-8d12-10d29ec4f741
2019-04-17 16:00:54,948 INFO esmo.test.ap.apms.service.impl.MinEduServiceImpl [main] querying for amka 05108304675
2019-04-17 16:00:54,949 INFO esmo.test.ap.apms.service.impl.MinEduServiceImpl [main] will query amka in theurl: https://gateway.interoperability.gr/academicId/1.0.1/student/05108304675?fields=academicID&username=uaegean&password=k6v5sS4l1s!%
2019-04-17 16:00:55,665 INFO esmo.test.ap.apms.service.impl.MinEduServiceImpl [main] result 200260674408
2019-04-17 16:00:55,666 INFO esmo.test.ap.apms.service.impl.MinEduServiceImpl [main] MinEduLog {minEduSessionId:53f935d9-6b79-4a57-ba46-a516331604bb, selectedUniversity:, responseTimeStamp:2019-04-17T16:00:00+03:00, recievedTimeStamp:2019-04-17T16:00:55.666+03:00, esmoSessionId:esmoSession}
2019-04-17 16:00:55,689 INFO org.springframework.test.context.support.AbstractTestContextBootstrapper [main] Neither @ContextConfiguration nor @ContextHierarchy found for test class [esmo.test.ap.apms.service.TestUniversityCodesServ], using DelegatingSmartContextLoader
2019-04-17 16:00:55,692 INFO org.springframework.test.context.support.AbstractContextLoader [main] Could not detect default resource locations for test class [esmo.test.ap.apms.service.TestUniversityCodesServ]: no resource found for suffixes {-context.xml}.
2019-04-17 16:00:55,694 INFO org.springframework.test.context.support.AnnotationConfigContextLoaderUtils [main] Could not detect default configuration classes for test class [esmo.test.ap.apms.service.TestUniversityCodesServ]: TestUniversityCodesServ does not declare any static, non-private, non-final, nested classes annotated with @Configuration.
2019-04-17 16:00:55,702 INFO org.springframework.test.context.support.AbstractTestContextBootstrapper [main] Loaded default TestExecutionListener class names from location [META-INF/spring.factories]: [org.springframework.boot.test.mock.mockito.MockitoTestExecutionListener, org.springframework.boot.test.mock.mockito.ResetMocksTestExecutionListener, org.springframework.boot.test.autoconfigure.restdocs.RestDocsTestExecutionListener, org.springframework.boot.test.autoconfigure.web.client.MockRestServiceServerResetTestExecutionListener, org.springframework.boot.test.autoconfigure.web.servlet.MockMvcPrintOnlyOnFailureTestExecutionListener, org.springframework.boot.test.autoconfigure.web.servlet.WebDriverTestExecutionListener, org.springframework.test.context.web.ServletTestExecutionListener, org.springframework.test.context.support.DirtiesContextBeforeModesTestExecutionListener, org.springframework.test.context.support.DependencyInjectionTestExecutionListener, org.springframework.test.context.support.DirtiesContextTestExecutionListener, org.springframework.test.context.transaction.TransactionalTestExecutionListener, org.springframework.test.context.jdbc.SqlScriptsTestExecutionListener]
2019-04-17 16:00:55,704 INFO org.springframework.test.context.support.AbstractTestContextBootstrapper [main] Using TestExecutionListeners: [org.springframework.test.context.web.ServletTestExecutionListener@45acdd11, org.springframework.test.context.support.DirtiesContextBeforeModesTestExecutionListener@3f0d6038, org.springframework.boot.test.mock.mockito.MockitoTestExecutionListener@237f7970, org.springframework.test.context.support.DependencyInjectionTestExecutionListener@58f39564, org.springframework.test.context.support.DirtiesContextTestExecutionListener@7b948f3e, org.springframework.boot.test.mock.mockito.ResetMocksTestExecutionListener@2f4c2cd4, org.springframework.boot.test.autoconfigure.restdocs.RestDocsTestExecutionListener@77a074b4, org.springframework.boot.test.autoconfigure.web.client.MockRestServiceServerResetTestExecutionListener@333c8791, org.springframework.boot.test.autoconfigure.web.servlet.MockMvcPrintOnlyOnFailureTestExecutionListener@6c0e13b7, org.springframework.boot.test.autoconfigure.web.servlet.WebDriverTestExecutionListener@22eaa86e]
2019-04-17 16:00:56,017 INFO org.springframework.test.context.support.AbstractTestContextBootstrapper [main] Neither @ContextConfiguration nor @ContextHierarchy found for test class [esmo.test.ap.apms.ApmsApplicationTests], using SpringBootContextLoader
2019-04-17 16:00:56,018 INFO org.springframework.test.context.support.AbstractContextLoader [main] Could not detect default resource locations for test class [esmo.test.ap.apms.ApmsApplicationTests]: no resource found for suffixes {-context.xml, Context.groovy}.
2019-04-17 16:00:56,018 INFO org.springframework.test.context.support.AnnotationConfigContextLoaderUtils [main] Could not detect default configuration classes for test class [esmo.test.ap.apms.ApmsApplicationTests]: ApmsApplicationTests does not declare any static, non-private, non-final, nested classes annotated with @Configuration.
2019-04-17 16:00:56,027 INFO org.springframework.boot.test.context.SpringBootTestContextBootstrapper [main] Found @SpringBootConfiguration esmo.test.ap.apms.ApmsApplication for test class esmo.test.ap.apms.ApmsApplicationTests
2019-04-17 16:00:56,029 INFO org.springframework.test.context.support.AbstractTestContextBootstrapper [main] Loaded default TestExecutionListener class names from location [META-INF/spring.factories]: [org.springframework.boot.test.mock.mockito.MockitoTestExecutionListener, org.springframework.boot.test.mock.mockito.ResetMocksTestExecutionListener, org.springframework.boot.test.autoconfigure.restdocs.RestDocsTestExecutionListener, org.springframework.boot.test.autoconfigure.web.client.MockRestServiceServerResetTestExecutionListener, org.springframework.boot.test.autoconfigure.web.servlet.MockMvcPrintOnlyOnFailureTestExecutionListener, org.springframework.boot.test.autoconfigure.web.servlet.WebDriverTestExecutionListener, org.springframework.test.context.web.ServletTestExecutionListener, org.springframework.test.context.support.DirtiesContextBeforeModesTestExecutionListener, org.springframework.test.context.support.DependencyInjectionTestExecutionListener, org.springframework.test.context.support.DirtiesContextTestExecutionListener, org.springframework.test.context.transaction.TransactionalTestExecutionListener, org.springframework.test.context.jdbc.SqlScriptsTestExecutionListener]
2019-04-17 16:00:56,031 INFO org.springframework.test.context.support.AbstractTestContextBootstrapper [main] Using TestExecutionListeners: [org.springframework.test.context.web.ServletTestExecutionListener@261db982, org.springframework.test.context.support.DirtiesContextBeforeModesTestExecutionListener@ae73c80, org.springframework.boot.test.mock.mockito.MockitoTestExecutionListener@22f4f8f2, org.springframework.boot.test.autoconfigure.SpringBootDependencyInjectionTestExecutionListener@bbd4791, org.springframework.test.context.support.DirtiesContextTestExecutionListener@40a72ecd, org.springframework.boot.test.mock.mockito.ResetMocksTestExecutionListener@73971965, org.springframework.boot.test.autoconfigure.restdocs.RestDocsTestExecutionListener@76a14c8d, org.springframework.boot.test.autoconfigure.web.client.MockRestServiceServerResetTestExecutionListener@17410c07, org.springframework.boot.test.autoconfigure.web.servlet.MockMvcPrintOnlyOnFailureTestExecutionListener@6ee99964, org.springframework.boot.test.autoconfigure.web.servlet.WebDriverTestExecutionListener@257ef9ed]
2019-04-17 16:00:56,072 INFO org.springframework.boot.StartupInfoLogger [main] Starting ApmsApplicationTests on nikos-Lenovo-V310-15IKB with PID 19847 (started by nikos in /home/nikos/NetBeansProjects/ESMO-AP-TEST)
2019-04-17 16:00:56,072 INFO org.springframework.boot.SpringApplication [main] The following profiles are active: test
2019-04-17 16:00:56,413 INFO com.google.code.ssm.config.DefaultAddressProvider [main] Defined values 172.17.0.1:11211 will be used as memcached addresses
2019-04-17 16:00:56,743 INFO org.springframework.scheduling.concurrent.ExecutorConfigurationSupport [main] Initializing ExecutorService 'applicationTaskExecutor'
2019-04-17 16:00:56,999 INFO org.springframework.boot.StartupInfoLogger [main] Started ApmsApplicationTests in 0.963 seconds (JVM running for 18.663)
2019-04-17 16:00:57,008 INFO org.springframework.test.context.support.AbstractTestContextBootstrapper [main] Neither @ContextConfiguration nor @ContextHierarchy found for test class [esmo.test.ap.apms.integration.TestSessisonManagerConnection], using SpringBootContextLoader
2019-04-17 16:00:57,009 INFO org.springframework.test.context.support.AbstractContextLoader [main] Could not detect default resource locations for test class [esmo.test.ap.apms.integration.TestSessisonManagerConnection]: no resource found for suffixes {-context.xml, Context.groovy}.
2019-04-17 16:00:57,023 INFO org.springframework.test.context.support.AbstractTestContextBootstrapper [main] Loaded default TestExecutionListener class names from location [META-INF/spring.factories]: [org.springframework.boot.test.mock.mockito.MockitoTestExecutionListener, org.springframework.boot.test.mock.mockito.ResetMocksTestExecutionListener, org.springframework.boot.test.autoconfigure.restdocs.RestDocsTestExecutionListener, org.springframework.boot.test.autoconfigure.web.client.MockRestServiceServerResetTestExecutionListener, org.springframework.boot.test.autoconfigure.web.servlet.MockMvcPrintOnlyOnFailureTestExecutionListener, org.springframework.boot.test.autoconfigure.web.servlet.WebDriverTestExecutionListener, org.springframework.test.context.web.ServletTestExecutionListener, org.springframework.test.context.support.DirtiesContextBeforeModesTestExecutionListener, org.springframework.test.context.support.DependencyInjectionTestExecutionListener, org.springframework.test.context.support.DirtiesContextTestExecutionListener, org.springframework.test.context.transaction.TransactionalTestExecutionListener, org.springframework.test.context.jdbc.SqlScriptsTestExecutionListener]
2019-04-17 16:00:57,024 INFO org.springframework.test.context.support.AbstractTestContextBootstrapper [main] Using TestExecutionListeners: [org.springframework.test.context.web.ServletTestExecutionListener@35b17c06, org.springframework.test.context.support.DirtiesContextBeforeModesTestExecutionListener@45545e7a, org.springframework.boot.test.mock.mockito.MockitoTestExecutionListener@9f674ac, org.springframework.boot.test.autoconfigure.SpringBootDependencyInjectionTestExecutionListener@1da4b3f9, org.springframework.test.context.support.DirtiesContextTestExecutionListener@23cbbd07, org.springframework.boot.test.mock.mockito.ResetMocksTestExecutionListener@448b808a, org.springframework.boot.test.autoconfigure.restdocs.RestDocsTestExecutionListener@7e62cfa3, org.springframework.boot.test.autoconfigure.web.client.MockRestServiceServerResetTestExecutionListener@46e190ed, org.springframework.boot.test.autoconfigure.web.servlet.MockMvcPrintOnlyOnFailureTestExecutionListener@383c3eb3, org.springframework.boot.test.autoconfigure.web.servlet.WebDriverTestExecutionListener@20ab76ee]
2019-04-17 16:00:57,054 INFO org.springframework.boot.StartupInfoLogger [main] Starting TestSessisonManagerConnection on nikos-Lenovo-V310-15IKB with PID 19847 (started by nikos in /home/nikos/NetBeansProjects/ESMO-AP-TEST)
2019-04-17 16:00:57,055 INFO org.springframework.boot.SpringApplication [main] The following profiles are active: test
2019-04-17 16:00:57,390 INFO com.google.code.ssm.config.DefaultAddressProvider [main] Defined values 172.17.0.1:11211 will be used as memcached addresses
2019-04-17 16:00:57,673 INFO org.springframework.scheduling.concurrent.ExecutorConfigurationSupport [main] Initializing ExecutorService 'applicationTaskExecutor'
2019-04-17 16:00:57,957 INFO org.springframework.mock.web.MockServletContext [main] Initializing Spring TestDispatcherServlet ''
2019-04-17 16:00:57,958 INFO org.springframework.web.servlet.FrameworkServlet [main] Initializing Servlet ''
2019-04-17 16:00:57,971 INFO org.springframework.web.servlet.FrameworkServlet [main] Completed initialization in 12 ms
2019-04-17 16:00:57,984 INFO org.springframework.boot.StartupInfoLogger [main] Started TestSessisonManagerConnection in 0.956 seconds (JVM running for 19.648)
2019-04-17 16:00:58,821 INFO org.springframework.scheduling.concurrent.ExecutorConfigurationSupport [Thread-7] Shutting down ExecutorService 'applicationTaskExecutor'
2019-04-17 16:00:58,824 INFO org.springframework.scheduling.concurrent.ExecutorConfigurationSupport [Thread-11] Shutting down ExecutorService 'applicationTaskExecutor'
2019-04-17 16:00:58,824 INFO org.springframework.scheduling.concurrent.ExecutorConfigurationSupport [Thread-3] Shutting down ExecutorService 'applicationTaskExecutor'
2019-04-17 16:01:20,205 INFO org.springframework.boot.StartupInfoLogger [main] Starting TestMinEduService on nikos-Lenovo-V310-15IKB with PID 20003 (started by nikos in /home/nikos/NetBeansProjects/ESMO-AP-TEST)
2019-04-17 16:01:20,208 INFO org.springframework.boot.SpringApplication [main] No active profile set, falling back to default profiles: default
2019-04-17 16:01:21,690 INFO com.google.code.ssm.config.DefaultAddressProvider [main] Defined values 172.17.0.1:11211 will be used as memcached addresses
2019-04-17 16:01:22,540 INFO org.springframework.scheduling.concurrent.ExecutorConfigurationSupport [main] Initializing ExecutorService 'applicationTaskExecutor'
2019-04-17 16:01:22,903 INFO org.springframework.boot.StartupInfoLogger [main] Started TestMinEduService in 3.071 seconds (JVM running for 3.876)
2019-04-17 16:01:23,080 INFO esmo.test.ap.apms.service.impl.MinEduServiceImpl [main] will get toke from theurl: https://validation.interoperability.gr:9443/OAUTH2Proxy_1.0.0/services/oauthproxy/authorization/token
2019-04-17 16:01:24,883 INFO esmo.test.ap.apms.service.impl.MinEduServiceImpl [main] retrieved token 11633a90-286c-30cc-8d12-10d29ec4f741
2019-04-17 16:01:24,889 INFO esmo.test.ap.apms.service.impl.MinEduServiceImpl [main] querying for academicId 200260674408
2019-04-17 16:01:27,522 INFO esmo.test.ap.apms.service.impl.MinEduServiceImpl [main] MinEduLog {minEduSessionId:6eb64828-1c83-4bb6-8810-9fd3d392c5c1, selectedUniversity:, responseTimeStamp:2019-04-17T16:01:00+03:00, recievedTimeStamp:2019-04-17T16:01:27.522+03:00, esmoSessionId:esmoSession}
2019-04-17 16:01:27,527 INFO esmo.test.ap.apms.service.impl.MinEduServiceImpl [main] will get toke from theurl: https://validation.interoperability.gr:9443/OAUTH2Proxy_1.0.0/services/oauthproxy/authorization/token
2019-04-17 16:01:28,842 INFO esmo.test.ap.apms.service.impl.MinEduServiceImpl [main] retrieved token 11633a90-286c-30cc-8d12-10d29ec4f741
2019-04-17 16:01:28,848 INFO esmo.test.ap.apms.service.impl.MinEduServiceImpl [main] querying for academicId 200260674408
2019-04-17 16:01:29,593 INFO esmo.test.ap.apms.service.impl.MinEduServiceImpl [main] MinEduLog {minEduSessionId:5b2cb726-359a-4ce2-8623-467c7523b05f, selectedUniversity:, responseTimeStamp:2019-04-17T16:01:00+03:00, recievedTimeStamp:2019-04-17T16:01:29.592+03:00, esmoSessionId:esmoSession}
2019-04-17 16:01:29,609 INFO esmo.test.ap.apms.service.impl.MinEduServiceImpl [main] will get toke from theurl: https://validation.interoperability.gr:9443/OAUTH2Proxy_1.0.0/services/oauthproxy/authorization/token
2019-04-17 16:01:30,992 INFO esmo.test.ap.apms.service.impl.MinEduServiceImpl [main] retrieved token 11633a90-286c-30cc-8d12-10d29ec4f741
2019-04-17 16:01:30,993 INFO esmo.test.ap.apms.service.impl.MinEduServiceImpl [main] querying for amka 05108304675
2019-04-17 16:01:30,995 INFO esmo.test.ap.apms.service.impl.MinEduServiceImpl [main] will query amka in theurl: https://gateway.interoperability.gr/academicId/1.0.1/student/05108304675?fields=academicID&username=uaegean&password=k6v5sS4l1s!%
2019-04-17 16:01:31,606 INFO esmo.test.ap.apms.service.impl.MinEduServiceImpl [main] result 200260674408
2019-04-17 16:01:31,608 INFO esmo.test.ap.apms.service.impl.MinEduServiceImpl [main] MinEduLog {minEduSessionId:13946c62-852c-46bf-a51e-26b743de0b64, selectedUniversity:, responseTimeStamp:2019-04-17T16:01:00+03:00, recievedTimeStamp:2019-04-17T16:01:31.608+03:00, esmoSessionId:esmoSession}
2019-04-17 16:01:31,617 INFO esmo.test.ap.apms.service.impl.MinEduServiceImpl [main] will get toke from theurl: https://validation.interoperability.gr:9443/OAUTH2Proxy_1.0.0/services/oauthproxy/authorization/token
2019-04-17 16:01:32,938 INFO esmo.test.ap.apms.service.impl.MinEduServiceImpl [main] retrieved token 11633a90-286c-30cc-8d12-10d29ec4f741
2019-04-17 16:01:32,938 INFO esmo.test.ap.apms.service.impl.MinEduServiceImpl [main] querying for amka 05108304675
2019-04-17 16:01:32,939 INFO esmo.test.ap.apms.service.impl.MinEduServiceImpl [main] will query amka in theurl: https://gateway.interoperability.gr/academicId/1.0.1/student/05108304675?fields=academicID&username=uaegean&password=k6v5sS4l1s!%
2019-04-17 16:01:33,756 INFO esmo.test.ap.apms.service.impl.MinEduServiceImpl [main] result 200260674408
2019-04-17 16:01:33,757 INFO esmo.test.ap.apms.service.impl.MinEduServiceImpl [main] MinEduLog {minEduSessionId:c39661b5-3e2f-4c06-8973-af25a9b72efc, selectedUniversity:, responseTimeStamp:2019-04-17T16:01:00+03:00, recievedTimeStamp:2019-04-17T16:01:33.757+03:00, esmoSessionId:esmoSession}
2019-04-17 16:01:33,776 INFO org.springframework.test.context.support.AbstractTestContextBootstrapper [main] Neither @ContextConfiguration nor @ContextHierarchy found for test class [esmo.test.ap.apms.service.TestUniversityCodesServ], using DelegatingSmartContextLoader
2019-04-17 16:01:33,778 INFO org.springframework.test.context.support.AbstractContextLoader [main] Could not detect default resource locations for test class [esmo.test.ap.apms.service.TestUniversityCodesServ]: no resource found for suffixes {-context.xml}.
2019-04-17 16:01:33,780 INFO org.springframework.test.context.support.AnnotationConfigContextLoaderUtils [main] Could not detect default configuration classes for test class [esmo.test.ap.apms.service.TestUniversityCodesServ]: TestUniversityCodesServ does not declare any static, non-private, non-final, nested classes annotated with @Configuration.
2019-04-17 16:01:33,787 INFO org.springframework.test.context.support.AbstractTestContextBootstrapper [main] Loaded default TestExecutionListener class names from location [META-INF/spring.factories]: [org.springframework.boot.test.mock.mockito.MockitoTestExecutionListener, org.springframework.boot.test.mock.mockito.ResetMocksTestExecutionListener, org.springframework.boot.test.autoconfigure.restdocs.RestDocsTestExecutionListener, org.springframework.boot.test.autoconfigure.web.client.MockRestServiceServerResetTestExecutionListener, org.springframework.boot.test.autoconfigure.web.servlet.MockMvcPrintOnlyOnFailureTestExecutionListener, org.springframework.boot.test.autoconfigure.web.servlet.WebDriverTestExecutionListener, org.springframework.test.context.web.ServletTestExecutionListener, org.springframework.test.context.support.DirtiesContextBeforeModesTestExecutionListener, org.springframework.test.context.support.DependencyInjectionTestExecutionListener, org.springframework.test.context.support.DirtiesContextTestExecutionListener, org.springframework.test.context.transaction.TransactionalTestExecutionListener, org.springframework.test.context.jdbc.SqlScriptsTestExecutionListener]
2019-04-17 16:01:33,789 INFO org.springframework.test.context.support.AbstractTestContextBootstrapper [main] Using TestExecutionListeners: [org.springframework.test.context.web.ServletTestExecutionListener@748d2277, org.springframework.test.context.support.DirtiesContextBeforeModesTestExecutionListener@2f897dab, org.springframework.boot.test.mock.mockito.MockitoTestExecutionListener@d5d5353, org.springframework.test.context.support.DependencyInjectionTestExecutionListener@242b6e1a, org.springframework.test.context.support.DirtiesContextTestExecutionListener@39a87e72, org.springframework.boot.test.mock.mockito.ResetMocksTestExecutionListener@5d2828c9, org.springframework.boot.test.autoconfigure.restdocs.RestDocsTestExecutionListener@3a082ff4, org.springframework.boot.test.autoconfigure.web.client.MockRestServiceServerResetTestExecutionListener@45acdd11, org.springframework.boot.test.autoconfigure.web.servlet.MockMvcPrintOnlyOnFailureTestExecutionListener@3f0d6038, org.springframework.boot.test.autoconfigure.web.servlet.WebDriverTestExecutionListener@237f7970]
2019-04-17 16:01:34,060 INFO org.springframework.test.context.support.AbstractTestContextBootstrapper [main] Neither @ContextConfiguration nor @ContextHierarchy found for test class [esmo.test.ap.apms.ApmsApplicationTests], using SpringBootContextLoader
2019-04-17 16:01:34,062 INFO org.springframework.test.context.support.AbstractContextLoader [main] Could not detect default resource locations for test class [esmo.test.ap.apms.ApmsApplicationTests]: no resource found for suffixes {-context.xml, Context.groovy}.
2019-04-17 16:01:34,062 INFO org.springframework.test.context.support.AnnotationConfigContextLoaderUtils [main] Could not detect default configuration classes for test class [esmo.test.ap.apms.ApmsApplicationTests]: ApmsApplicationTests does not declare any static, non-private, non-final, nested classes annotated with @Configuration.
2019-04-17 16:01:34,072 INFO org.springframework.boot.test.context.SpringBootTestContextBootstrapper [main] Found @SpringBootConfiguration esmo.test.ap.apms.ApmsApplication for test class esmo.test.ap.apms.ApmsApplicationTests
2019-04-17 16:01:34,081 INFO org.springframework.test.context.support.AbstractTestContextBootstrapper [main] Loaded default TestExecutionListener class names from location [META-INF/spring.factories]: [org.springframework.boot.test.mock.mockito.MockitoTestExecutionListener, org.springframework.boot.test.mock.mockito.ResetMocksTestExecutionListener, org.springframework.boot.test.autoconfigure.restdocs.RestDocsTestExecutionListener, org.springframework.boot.test.autoconfigure.web.client.MockRestServiceServerResetTestExecutionListener, org.springframework.boot.test.autoconfigure.web.servlet.MockMvcPrintOnlyOnFailureTestExecutionListener, org.springframework.boot.test.autoconfigure.web.servlet.WebDriverTestExecutionListener, org.springframework.test.context.web.ServletTestExecutionListener, org.springframework.test.context.support.DirtiesContextBeforeModesTestExecutionListener, org.springframework.test.context.support.DependencyInjectionTestExecutionListener, org.springframework.test.context.support.DirtiesContextTestExecutionListener, org.springframework.test.context.transaction.TransactionalTestExecutionListener, org.springframework.test.context.jdbc.SqlScriptsTestExecutionListener]
2019-04-17 16:01:34,083 INFO org.springframework.test.context.support.AbstractTestContextBootstrapper [main] Using TestExecutionListeners: [org.springframework.test.context.web.ServletTestExecutionListener@cb39552, org.springframework.test.context.support.DirtiesContextBeforeModesTestExecutionListener@1f3b992, org.springframework.boot.test.mock.mockito.MockitoTestExecutionListener@2a53f215, org.springframework.boot.test.autoconfigure.SpringBootDependencyInjectionTestExecutionListener@6b63e6ad, org.springframework.test.context.support.DirtiesContextTestExecutionListener@7beae796, org.springframework.boot.test.mock.mockito.ResetMocksTestExecutionListener@6749fe50, org.springframework.boot.test.autoconfigure.restdocs.RestDocsTestExecutionListener@52bf7bf6, org.springframework.boot.test.autoconfigure.web.client.MockRestServiceServerResetTestExecutionListener@261db982, org.springframework.boot.test.autoconfigure.web.servlet.MockMvcPrintOnlyOnFailureTestExecutionListener@ae73c80, org.springframework.boot.test.autoconfigure.web.servlet.WebDriverTestExecutionListener@22f4f8f2]
2019-04-17 16:01:34,124 INFO org.springframework.boot.StartupInfoLogger [main] Starting ApmsApplicationTests on nikos-Lenovo-V310-15IKB with PID 20003 (started by nikos in /home/nikos/NetBeansProjects/ESMO-AP-TEST)
2019-04-17 16:01:34,125 INFO org.springframework.boot.SpringApplication [main] The following profiles are active: test
2019-04-17 16:01:34,449 INFO com.google.code.ssm.config.DefaultAddressProvider [main] Defined values 172.17.0.1:11211 will be used as memcached addresses
2019-04-17 16:01:34,755 INFO org.springframework.scheduling.concurrent.ExecutorConfigurationSupport [main] Initializing ExecutorService 'applicationTaskExecutor'
2019-04-17 16:01:34,945 INFO org.springframework.boot.StartupInfoLogger [main] Started ApmsApplicationTests in 0.858 seconds (JVM running for 15.917)
2019-04-17 16:01:34,953 INFO org.springframework.test.context.support.AbstractTestContextBootstrapper [main] Neither @ContextConfiguration nor @ContextHierarchy found for test class [esmo.test.ap.apms.integration.TestSessisonManagerConnection], using SpringBootContextLoader
2019-04-17 16:01:34,954 INFO org.springframework.test.context.support.AbstractContextLoader [main] Could not detect default resource locations for test class [esmo.test.ap.apms.integration.TestSessisonManagerConnection]: no resource found for suffixes {-context.xml, Context.groovy}.
2019-04-17 16:01:34,969 INFO org.springframework.test.context.support.AbstractTestContextBootstrapper [main] Loaded default TestExecutionListener class names from location [META-INF/spring.factories]: [org.springframework.boot.test.mock.mockito.MockitoTestExecutionListener, org.springframework.boot.test.mock.mockito.ResetMocksTestExecutionListener, org.springframework.boot.test.autoconfigure.restdocs.RestDocsTestExecutionListener, org.springframework.boot.test.autoconfigure.web.client.MockRestServiceServerResetTestExecutionListener, org.springframework.boot.test.autoconfigure.web.servlet.MockMvcPrintOnlyOnFailureTestExecutionListener, org.springframework.boot.test.autoconfigure.web.servlet.WebDriverTestExecutionListener, org.springframework.test.context.web.ServletTestExecutionListener, org.springframework.test.context.support.DirtiesContextBeforeModesTestExecutionListener, org.springframework.test.context.support.DependencyInjectionTestExecutionListener, org.springframework.test.context.support.DirtiesContextTestExecutionListener, org.springframework.test.context.transaction.TransactionalTestExecutionListener, org.springframework.test.context.jdbc.SqlScriptsTestExecutionListener]
2019-04-17 16:01:34,970 INFO org.springframework.test.context.support.AbstractTestContextBootstrapper [main] Using TestExecutionListeners: [org.springframework.test.context.web.ServletTestExecutionListener@f8a6243, org.springframework.test.context.support.DirtiesContextBeforeModesTestExecutionListener@4a8ffd75, org.springframework.boot.test.mock.mockito.MockitoTestExecutionListener@1727e03a, org.springframework.boot.test.autoconfigure.SpringBootDependencyInjectionTestExecutionListener@7f9e8421, org.springframework.test.context.support.DirtiesContextTestExecutionListener@23da79eb, org.springframework.boot.test.mock.mockito.ResetMocksTestExecutionListener@168b4cb0, org.springframework.boot.test.autoconfigure.restdocs.RestDocsTestExecutionListener@3e05586b, org.springframework.boot.test.autoconfigure.web.client.MockRestServiceServerResetTestExecutionListener@35b17c06, org.springframework.boot.test.autoconfigure.web.servlet.MockMvcPrintOnlyOnFailureTestExecutionListener@45545e7a, org.springframework.boot.test.autoconfigure.web.servlet.WebDriverTestExecutionListener@9f674ac]
2019-04-17 16:01:34,992 INFO org.springframework.boot.StartupInfoLogger [main] Starting TestSessisonManagerConnection on nikos-Lenovo-V310-15IKB with PID 20003 (started by nikos in /home/nikos/NetBeansProjects/ESMO-AP-TEST)
2019-04-17 16:01:34,993 INFO org.springframework.boot.SpringApplication [main] The following profiles are active: test
2019-04-17 16:01:35,263 INFO com.google.code.ssm.config.DefaultAddressProvider [main] Defined values 172.17.0.1:11211 will be used as memcached addresses
2019-04-17 16:01:35,541 INFO org.springframework.scheduling.concurrent.ExecutorConfigurationSupport [main] Initializing ExecutorService 'applicationTaskExecutor'
2019-04-17 16:01:35,779 INFO org.springframework.mock.web.MockServletContext [main] Initializing Spring TestDispatcherServlet ''
2019-04-17 16:01:35,779 INFO org.springframework.web.servlet.FrameworkServlet [main] Initializing Servlet ''
2019-04-17 16:01:35,790 INFO org.springframework.web.servlet.FrameworkServlet [main] Completed initialization in 10 ms
2019-04-17 16:01:35,804 INFO org.springframework.boot.StartupInfoLogger [main] Started TestSessisonManagerConnection in 0.832 seconds (JVM running for 16.777)
2019-04-17 16:01:36,800 INFO org.springframework.scheduling.concurrent.ExecutorConfigurationSupport [Thread-11] Shutting down ExecutorService 'applicationTaskExecutor'
2019-04-17 16:01:36,811 INFO org.springframework.scheduling.concurrent.ExecutorConfigurationSupport [Thread-7] Shutting down ExecutorService 'applicationTaskExecutor'
2019-04-17 16:01:36,817 INFO org.springframework.scheduling.concurrent.ExecutorConfigurationSupport [Thread-3] Shutting down ExecutorService 'applicationTaskExecutor'
2019-04-17 16:02:07,682 INFO org.springframework.boot.StartupInfoLogger [main] Starting TestMinEduService on nikos-Lenovo-V310-15IKB with PID 20138 (started by nikos in /home/nikos/NetBeansProjects/ESMO-AP-TEST)
2019-04-17 16:02:07,684 INFO org.springframework.boot.SpringApplication [main] No active profile set, falling back to default profiles: default
2019-04-17 16:02:10,409 INFO com.google.code.ssm.config.DefaultAddressProvider [main] Defined values 172.17.0.1:11211 will be used as memcached addresses
2019-04-17 16:02:11,812 INFO org.springframework.scheduling.concurrent.ExecutorConfigurationSupport [main] Initializing ExecutorService 'applicationTaskExecutor'
2019-04-17 16:02:12,218 INFO org.springframework.boot.StartupInfoLogger [main] Started TestMinEduService in 4.914 seconds (JVM running for 5.757)
2019-04-17 16:02:12,378 INFO esmo.test.ap.apms.service.impl.MinEduServiceImpl [main] will get toke from theurl: https://validation.interoperability.gr:9443/OAUTH2Proxy_1.0.0/services/oauthproxy/authorization/token
2019-04-17 16:02:14,334 INFO esmo.test.ap.apms.service.impl.MinEduServiceImpl [main] retrieved token 11633a90-286c-30cc-8d12-10d29ec4f741
2019-04-17 16:02:14,339 INFO esmo.test.ap.apms.service.impl.MinEduServiceImpl [main] querying for academicId 200260674408
2019-04-17 16:02:16,175 INFO esmo.test.ap.apms.service.impl.MinEduServiceImpl [main] MinEduLog {minEduSessionId:580ce3fa-9d7b-4341-9be2-9c2e59f28ef8, selectedUniversity:, responseTimeStamp:2019-04-17T16:02:00+03:00, recievedTimeStamp:2019-04-17T16:02:16.174+03:00, esmoSessionId:esmoSession}
2019-04-17 16:02:16,183 INFO esmo.test.ap.apms.service.impl.MinEduServiceImpl [main] will get toke from theurl: https://validation.interoperability.gr:9443/OAUTH2Proxy_1.0.0/services/oauthproxy/authorization/token
2019-04-17 16:02:17,584 INFO esmo.test.ap.apms.service.impl.MinEduServiceImpl [main] retrieved token 11633a90-286c-30cc-8d12-10d29ec4f741
2019-04-17 16:02:17,592 INFO esmo.test.ap.apms.service.impl.MinEduServiceImpl [main] querying for academicId 200260674408
2019-04-17 16:02:18,318 INFO esmo.test.ap.apms.service.impl.MinEduServiceImpl [main] MinEduLog {minEduSessionId:4a361a03-9ae5-4c82-a662-2731fd97b006, selectedUniversity:, responseTimeStamp:2019-04-17T16:02:00+03:00, recievedTimeStamp:2019-04-17T16:02:18.317+03:00, esmoSessionId:esmoSession}
2019-04-17 16:02:18,338 INFO esmo.test.ap.apms.service.impl.MinEduServiceImpl [main] will get toke from theurl: https://validation.interoperability.gr:9443/OAUTH2Proxy_1.0.0/services/oauthproxy/authorization/token
2019-04-17 16:02:19,632 INFO esmo.test.ap.apms.service.impl.MinEduServiceImpl [main] retrieved token 11633a90-286c-30cc-8d12-10d29ec4f741
2019-04-17 16:02:19,633 INFO esmo.test.ap.apms.service.impl.MinEduServiceImpl [main] querying for amka 05108304675
2019-04-17 16:02:19,634 INFO esmo.test.ap.apms.service.impl.MinEduServiceImpl [main] will query amka in theurl: https://gateway.interoperability.gr/academicId/1.0.1/student/05108304675?fields=academicID&username=uaegean&password=k6v5sS4l1s!%
2019-04-17 16:02:20,288 INFO esmo.test.ap.apms.service.impl.MinEduServiceImpl [main] result 200260674408
2019-04-17 16:02:20,290 INFO esmo.test.ap.apms.service.impl.MinEduServiceImpl [main] MinEduLog {minEduSessionId:fde05a1d-7d52-4ade-9e81-2be8a199ff06, selectedUniversity:, responseTimeStamp:2019-04-17T16:02:00+03:00, recievedTimeStamp:2019-04-17T16:02:20.290+03:00, esmoSessionId:esmoSession}
2019-04-17 16:02:20,301 INFO esmo.test.ap.apms.service.impl.MinEduServiceImpl [main] will get toke from theurl: https://validation.interoperability.gr:9443/OAUTH2Proxy_1.0.0/services/oauthproxy/authorization/token
2019-04-17 16:02:21,577 INFO esmo.test.ap.apms.service.impl.MinEduServiceImpl [main] retrieved token 11633a90-286c-30cc-8d12-10d29ec4f741
2019-04-17 16:02:21,577 INFO esmo.test.ap.apms.service.impl.MinEduServiceImpl [main] querying for amka 05108304675
2019-04-17 16:02:21,578 INFO esmo.test.ap.apms.service.impl.MinEduServiceImpl [main] will query amka in theurl: https://gateway.interoperability.gr/academicId/1.0.1/student/05108304675?fields=academicID&username=uaegean&password=k6v5sS4l1s!%
2019-04-17 16:02:22,395 INFO esmo.test.ap.apms.service.impl.MinEduServiceImpl [main] result 200260674408
2019-04-17 16:02:22,397 INFO esmo.test.ap.apms.service.impl.MinEduServiceImpl [main] MinEduLog {minEduSessionId:65f86e5f-6327-4c52-9c17-ef47cb96e444, selectedUniversity:, responseTimeStamp:2019-04-17T16:02:00+03:00, recievedTimeStamp:2019-04-17T16:02:22.396+03:00, esmoSessionId:esmoSession}
2019-04-17 16:02:22,416 INFO org.springframework.test.context.support.AbstractTestContextBootstrapper [main] Neither @ContextConfiguration nor @ContextHierarchy found for test class [esmo.test.ap.apms.service.TestUniversityCodesServ], using DelegatingSmartContextLoader
2019-04-17 16:02:22,419 INFO org.springframework.test.context.support.AbstractContextLoader [main] Could not detect default resource locations for test class [esmo.test.ap.apms.service.TestUniversityCodesServ]: no resource found for suffixes {-context.xml}.
2019-04-17 16:02:22,421 INFO org.springframework.test.context.support.AnnotationConfigContextLoaderUtils [main] Could not detect default configuration classes for test class [esmo.test.ap.apms.service.TestUniversityCodesServ]: TestUniversityCodesServ does not declare any static, non-private, non-final, nested classes annotated with @Configuration.
2019-04-17 16:02:22,434 INFO org.springframework.test.context.support.AbstractTestContextBootstrapper [main] Loaded default TestExecutionListener class names from location [META-INF/spring.factories]: [org.springframework.boot.test.mock.mockito.MockitoTestExecutionListener, org.springframework.boot.test.mock.mockito.ResetMocksTestExecutionListener, org.springframework.boot.test.autoconfigure.restdocs.RestDocsTestExecutionListener, org.springframework.boot.test.autoconfigure.web.client.MockRestServiceServerResetTestExecutionListener, org.springframework.boot.test.autoconfigure.web.servlet.MockMvcPrintOnlyOnFailureTestExecutionListener, org.springframework.boot.test.autoconfigure.web.servlet.WebDriverTestExecutionListener, org.springframework.test.context.web.ServletTestExecutionListener, org.springframework.test.context.support.DirtiesContextBeforeModesTestExecutionListener, org.springframework.test.context.support.DependencyInjectionTestExecutionListener, org.springframework.test.context.support.DirtiesContextTestExecutionListener, org.springframework.test.context.transaction.TransactionalTestExecutionListener, org.springframework.test.context.jdbc.SqlScriptsTestExecutionListener]
2019-04-17 16:02:22,436 INFO org.springframework.test.context.support.AbstractTestContextBootstrapper [main] Using TestExecutionListeners: [org.springframework.test.context.web.ServletTestExecutionListener@350d3f4d, org.springframework.test.context.support.DirtiesContextBeforeModesTestExecutionListener@18b8d173, org.springframework.boot.test.mock.mockito.MockitoTestExecutionListener@73844119, org.springframework.test.context.support.DependencyInjectionTestExecutionListener@44f24a20, org.springframework.test.context.support.DirtiesContextTestExecutionListener@1859e2a4, org.springframework.boot.test.mock.mockito.ResetMocksTestExecutionListener@46349b95, org.springframework.boot.test.autoconfigure.restdocs.RestDocsTestExecutionListener@176996c3, org.springframework.boot.test.autoconfigure.web.client.MockRestServiceServerResetTestExecutionListener@411c6d44, org.springframework.boot.test.autoconfigure.web.servlet.MockMvcPrintOnlyOnFailureTestExecutionListener@1687eb01, org.springframework.boot.test.autoconfigure.web.servlet.WebDriverTestExecutionListener@748d2277]
2019-04-17 16:02:22,712 INFO org.springframework.test.context.support.AbstractTestContextBootstrapper [main] Neither @ContextConfiguration nor @ContextHierarchy found for test class [esmo.test.ap.apms.ApmsApplicationTests], using SpringBootContextLoader
2019-04-17 16:02:22,713 INFO org.springframework.test.context.support.AbstractContextLoader [main] Could not detect default resource locations for test class [esmo.test.ap.apms.ApmsApplicationTests]: no resource found for suffixes {-context.xml, Context.groovy}.
2019-04-17 16:02:22,714 INFO org.springframework.test.context.support.AnnotationConfigContextLoaderUtils [main] Could not detect default configuration classes for test class [esmo.test.ap.apms.ApmsApplicationTests]: ApmsApplicationTests does not declare any static, non-private, non-final, nested classes annotated with @Configuration.
2019-04-17 16:02:22,721 INFO org.springframework.boot.test.context.SpringBootTestContextBootstrapper [main] Found @SpringBootConfiguration esmo.test.ap.apms.ApmsApplication for test class esmo.test.ap.apms.ApmsApplicationTests
2019-04-17 16:02:22,723 INFO org.springframework.test.context.support.AbstractTestContextBootstrapper [main] Loaded default TestExecutionListener class names from location [META-INF/spring.factories]: [org.springframework.boot.test.mock.mockito.MockitoTestExecutionListener, org.springframework.boot.test.mock.mockito.ResetMocksTestExecutionListener, org.springframework.boot.test.autoconfigure.restdocs.RestDocsTestExecutionListener, org.springframework.boot.test.autoconfigure.web.client.MockRestServiceServerResetTestExecutionListener, org.springframework.boot.test.autoconfigure.web.servlet.MockMvcPrintOnlyOnFailureTestExecutionListener, org.springframework.boot.test.autoconfigure.web.servlet.WebDriverTestExecutionListener, org.springframework.test.context.web.ServletTestExecutionListener, org.springframework.test.context.support.DirtiesContextBeforeModesTestExecutionListener, org.springframework.test.context.support.DependencyInjectionTestExecutionListener, org.springframework.test.context.support.DirtiesContextTestExecutionListener, org.springframework.test.context.transaction.TransactionalTestExecutionListener, org.springframework.test.context.jdbc.SqlScriptsTestExecutionListener]
2019-04-17 16:02:22,725 INFO org.springframework.test.context.support.AbstractTestContextBootstrapper [main] Using TestExecutionListeners: [org.springframework.test.context.web.ServletTestExecutionListener@7c52fc81, org.springframework.test.context.support.DirtiesContextBeforeModesTestExecutionListener@7523a3dc, org.springframework.boot.test.mock.mockito.MockitoTestExecutionListener@2806d6da, org.springframework.boot.test.autoconfigure.SpringBootDependencyInjectionTestExecutionListener@766a49c7, org.springframework.test.context.support.DirtiesContextTestExecutionListener@1db7157f, org.springframework.boot.test.mock.mockito.ResetMocksTestExecutionListener@75e27856, org.springframework.boot.test.autoconfigure.restdocs.RestDocsTestExecutionListener@6bccd036, org.springframework.boot.test.autoconfigure.web.client.MockRestServiceServerResetTestExecutionListener@4f4c88f9, org.springframework.boot.test.autoconfigure.web.servlet.MockMvcPrintOnlyOnFailureTestExecutionListener@6a756082, org.springframework.boot.test.autoconfigure.web.servlet.WebDriverTestExecutionListener@cb39552]
2019-04-17 16:02:22,763 INFO org.springframework.boot.StartupInfoLogger [main] Starting ApmsApplicationTests on nikos-Lenovo-V310-15IKB with PID 20138 (started by nikos in /home/nikos/NetBeansProjects/ESMO-AP-TEST)
2019-04-17 16:02:22,763 INFO org.springframework.boot.SpringApplication [main] The following profiles are active: test
2019-04-17 16:02:23,076 INFO com.google.code.ssm.config.DefaultAddressProvider [main] Defined values 172.17.0.1:11211 will be used as memcached addresses
2019-04-17 16:02:23,455 INFO org.springframework.scheduling.concurrent.ExecutorConfigurationSupport [main] Initializing ExecutorService 'applicationTaskExecutor'
2019-04-17 16:02:23,683 INFO org.springframework.boot.StartupInfoLogger [main] Started ApmsApplicationTests in 0.953 seconds (JVM running for 17.222)
2019-04-17 16:02:23,695 INFO org.springframework.test.context.support.AbstractTestContextBootstrapper [main] Neither @ContextConfiguration nor @ContextHierarchy found for test class [esmo.test.ap.apms.integration.TestSessisonManagerConnection], using SpringBootContextLoader
2019-04-17 16:02:23,697 INFO org.springframework.test.context.support.AbstractContextLoader [main] Could not detect default resource locations for test class [esmo.test.ap.apms.integration.TestSessisonManagerConnection]: no resource found for suffixes {-context.xml, Context.groovy}.
2019-04-17 16:02:23,708 INFO org.springframework.test.context.support.AbstractTestContextBootstrapper [main] Loaded default TestExecutionListener class names from location [META-INF/spring.factories]: [org.springframework.boot.test.mock.mockito.MockitoTestExecutionListener, org.springframework.boot.test.mock.mockito.ResetMocksTestExecutionListener, org.springframework.boot.test.autoconfigure.restdocs.RestDocsTestExecutionListener, org.springframework.boot.test.autoconfigure.web.client.MockRestServiceServerResetTestExecutionListener, org.springframework.boot.test.autoconfigure.web.servlet.MockMvcPrintOnlyOnFailureTestExecutionListener, org.springframework.boot.test.autoconfigure.web.servlet.WebDriverTestExecutionListener, org.springframework.test.context.web.ServletTestExecutionListener, org.springframework.test.context.support.DirtiesContextBeforeModesTestExecutionListener, org.springframework.test.context.support.DependencyInjectionTestExecutionListener, org.springframework.test.context.support.DirtiesContextTestExecutionListener, org.springframework.test.context.transaction.TransactionalTestExecutionListener, org.springframework.test.context.jdbc.SqlScriptsTestExecutionListener]
2019-04-17 16:02:23,710 INFO org.springframework.test.context.support.AbstractTestContextBootstrapper [main] Using TestExecutionListeners: [org.springframework.test.context.web.ServletTestExecutionListener@17dad32f, org.springframework.test.context.support.DirtiesContextBeforeModesTestExecutionListener@79696332, org.springframework.boot.test.mock.mockito.MockitoTestExecutionListener@ed2f2f6, org.springframework.boot.test.autoconfigure.SpringBootDependencyInjectionTestExecutionListener@fe87ddd, org.springframework.test.context.support.DirtiesContextTestExecutionListener@4eea94a4, org.springframework.boot.test.mock.mockito.ResetMocksTestExecutionListener@7c281eb8, org.springframework.boot.test.autoconfigure.restdocs.RestDocsTestExecutionListener@65f40689, org.springframework.boot.test.autoconfigure.web.client.MockRestServiceServerResetTestExecutionListener@29be997f, org.springframework.boot.test.autoconfigure.web.servlet.MockMvcPrintOnlyOnFailureTestExecutionListener@33eb6758, org.springframework.boot.test.autoconfigure.web.servlet.WebDriverTestExecutionListener@f8a6243]
2019-04-17 16:02:23,736 INFO org.springframework.boot.StartupInfoLogger [main] Starting TestSessisonManagerConnection on nikos-Lenovo-V310-15IKB with PID 20138 (started by nikos in /home/nikos/NetBeansProjects/ESMO-AP-TEST)
2019-04-17 16:02:23,736 INFO org.springframework.boot.SpringApplication [main] The following profiles are active: test
2019-04-17 16:02:24,003 INFO com.google.code.ssm.config.DefaultAddressProvider [main] Defined values 172.17.0.1:11211 will be used as memcached addresses
2019-04-17 16:02:24,250 INFO org.springframework.scheduling.concurrent.ExecutorConfigurationSupport [main] Initializing ExecutorService 'applicationTaskExecutor'
2019-04-17 16:02:24,479 INFO org.springframework.mock.web.MockServletContext [main] Initializing Spring TestDispatcherServlet ''
2019-04-17 16:02:24,480 INFO org.springframework.web.servlet.FrameworkServlet [main] Initializing Servlet ''
2019-04-17 16:02:24,497 INFO org.springframework.web.servlet.FrameworkServlet [main] Completed initialization in 16 ms
2019-04-17 16:02:24,515 INFO org.springframework.boot.StartupInfoLogger [main] Started TestSessisonManagerConnection in 0.802 seconds (JVM running for 18.054)
2019-04-17 16:02:25,468 INFO org.springframework.scheduling.concurrent.ExecutorConfigurationSupport [Thread-3] Shutting down ExecutorService 'applicationTaskExecutor'
2019-04-17 16:02:25,471 INFO org.springframework.scheduling.concurrent.ExecutorConfigurationSupport [Thread-7] Shutting down ExecutorService 'applicationTaskExecutor'
2019-04-17 16:02:25,471 INFO org.springframework.scheduling.concurrent.ExecutorConfigurationSupport [Thread-11] Shutting down ExecutorService 'applicationTaskExecutor'
