2019-06-24 12:22:02,213 INFO org.springframework.boot.StartupInfoLogger [main] Starting ApmsApplicationTests on nikos-Lenovo-V310-15IKB with PID 10305 (started by nikos in /home/nikos/NetBeansProjects/ESMO-AP-TEST)
2019-06-24 12:22:02,223 INFO org.springframework.boot.SpringApplication [main] The following profiles are active: test
2019-06-24 12:22:07,043 INFO com.google.code.ssm.config.DefaultAddressProvider [main] Defined values 172.17.0.1:11211 will be used as memcached addresses
2019-06-24 12:22:08,439 INFO org.opensaml.saml2.metadata.provider.AbstractReloadingMetadataProvider [main] New metadata succesfully loaded for 'https://idp.aegean.gr/idp/shibboleth'
2019-06-24 12:22:08,456 INFO org.opensaml.saml2.metadata.provider.AbstractReloadingMetadataProvider [main] Next refresh cycle for metadata provider 'https://idp.aegean.gr/idp/shibboleth' will occur on '2019-06-24T12:22:08.020Z' ('2019-06-24T15:22:08.020+03:00' local time)
2019-06-24 12:22:08,545 INFO esmo.test.ap.apms.SamlSecurityConfig [main] Using SAMLContextProviderLB implementation of SAMLContextProvider for context provider bean.
2019-06-24 12:22:08,553 INFO esmo.test.ap.apms.SamlSecurityConfig [main] Setting the load balancer scheme to https
2019-06-24 12:22:08,553 INFO esmo.test.ap.apms.SamlSecurityConfig [main] Setting the load balancer server name to serverName
2019-06-24 12:22:08,554 INFO esmo.test.ap.apms.SamlSecurityConfig [main] Setting the load balancer context path to /grap
2019-06-24 12:22:08,554 INFO esmo.test.ap.apms.SamlSecurityConfig [main] Setting the load balancer port to 443
2019-06-24 12:22:08,555 INFO esmo.test.ap.apms.SamlSecurityConfig [main] Setting whether to include the server port in the request URL to false
2019-06-24 12:22:08,721 INFO org.springframework.security.web.DefaultSecurityFilterChain [main] Creating filter chain: Ant [pattern='/saml/metadata/**'], [org.springframework.security.saml.metadata.MetadataDisplayFilter@48cf8414]
2019-06-24 12:22:08,722 INFO org.springframework.security.web.DefaultSecurityFilterChain [main] Creating filter chain: Ant [pattern='/saml/login/**'], [esmo.test.ap.apms.SamlWithRelayStateEntryPoint@27dbaa33]
2019-06-24 12:22:08,722 INFO org.springframework.security.web.DefaultSecurityFilterChain [main] Creating filter chain: Ant [pattern='/saml/SSO/**'], [org.springframework.security.saml.SAMLProcessingFilter@15d65fcf]
2019-06-24 12:22:08,723 INFO org.springframework.security.web.DefaultSecurityFilterChain [main] Creating filter chain: Ant [pattern='/saml/logout/**'], [org.springframework.security.saml.SAMLLogoutFilter@3b021664]
2019-06-24 12:22:08,723 INFO org.springframework.security.web.DefaultSecurityFilterChain [main] Creating filter chain: Ant [pattern='/saml/SingleLogout/**'], [org.springframework.security.saml.SAMLLogoutProcessingFilter@f59da34]
2019-06-24 12:22:09,120 INFO org.springframework.scheduling.concurrent.ExecutorConfigurationSupport [main] Initializing ExecutorService 'applicationTaskExecutor'
2019-06-24 12:22:09,912 INFO org.springframework.security.web.DefaultSecurityFilterChain [main] Creating filter chain: any request, [org.springframework.security.saml.metadata.MetadataGeneratorFilter@18dac12f, org.springframework.security.web.context.request.async.WebAsyncManagerIntegrationFilter@36cfe107, org.springframework.security.web.context.SecurityContextPersistenceFilter@1ba35152, org.springframework.security.web.header.HeaderWriterFilter@38054d01, org.springframework.security.web.authentication.logout.LogoutFilter@12f8682a, FilterChainProxy[Filter Chains: [[ Ant [pattern='/saml/metadata/**'], [org.springframework.security.saml.metadata.MetadataDisplayFilter@48cf8414]], [ Ant [pattern='/saml/login/**'], [esmo.test.ap.apms.SamlWithRelayStateEntryPoint@27dbaa33]], [ Ant [pattern='/saml/SSO/**'], [org.springframework.security.saml.SAMLProcessingFilter@15d65fcf]], [ Ant [pattern='/saml/logout/**'], [org.springframework.security.saml.SAMLLogoutFilter@3b021664]], [ Ant [pattern='/saml/SingleLogout/**'], [org.springframework.security.saml.SAMLLogoutProcessingFilter@f59da34]]]], org.springframework.security.web.savedrequest.RequestCacheAwareFilter@3ff8a3ad, org.springframework.security.web.servletapi.SecurityContextHolderAwareRequestFilter@31b6b0c7, org.springframework.security.web.authentication.AnonymousAuthenticationFilter@100eeedc, org.springframework.security.web.session.SessionManagementFilter@778113f2, org.springframework.security.web.access.ExceptionTranslationFilter@a0d875d, org.springframework.security.web.access.intercept.FilterSecurityInterceptor@61c87f1b]
2019-06-24 12:22:10,025 INFO org.springframework.boot.StartupInfoLogger [main] Started ApmsApplicationTests in 8.513 seconds (JVM running for 11.19)
2019-06-24 12:22:10,075 INFO org.springframework.test.context.support.AbstractTestContextBootstrapper [main] Neither @ContextConfiguration nor @ContextHierarchy found for test class [esmo.test.ap.apms.integration.TestSessisonManagerConnection], using SpringBootContextLoader
2019-06-24 12:22:10,085 INFO org.springframework.test.context.support.AbstractContextLoader [main] Could not detect default resource locations for test class [esmo.test.ap.apms.integration.TestSessisonManagerConnection]: no resource found for suffixes {-context.xml, Context.groovy}.
2019-06-24 12:22:10,110 INFO org.springframework.test.context.support.AbstractTestContextBootstrapper [main] Loaded default TestExecutionListener class names from location [META-INF/spring.factories]: [org.springframework.boot.test.mock.mockito.MockitoTestExecutionListener, org.springframework.boot.test.mock.mockito.ResetMocksTestExecutionListener, org.springframework.boot.test.autoconfigure.restdocs.RestDocsTestExecutionListener, org.springframework.boot.test.autoconfigure.web.client.MockRestServiceServerResetTestExecutionListener, org.springframework.boot.test.autoconfigure.web.servlet.MockMvcPrintOnlyOnFailureTestExecutionListener, org.springframework.boot.test.autoconfigure.web.servlet.WebDriverTestExecutionListener, org.springframework.test.context.web.ServletTestExecutionListener, org.springframework.test.context.support.DirtiesContextBeforeModesTestExecutionListener, org.springframework.test.context.support.DependencyInjectionTestExecutionListener, org.springframework.test.context.support.DirtiesContextTestExecutionListener, org.springframework.test.context.transaction.TransactionalTestExecutionListener, org.springframework.test.context.jdbc.SqlScriptsTestExecutionListener]
2019-06-24 12:22:10,115 INFO org.springframework.test.context.support.AbstractTestContextBootstrapper [main] Using TestExecutionListeners: [org.springframework.test.context.web.ServletTestExecutionListener@2da5fdc, org.springframework.test.context.support.DirtiesContextBeforeModesTestExecutionListener@23321be7, org.springframework.boot.test.mock.mockito.MockitoTestExecutionListener@61ad30f6, org.springframework.boot.test.autoconfigure.SpringBootDependencyInjectionTestExecutionListener@312f3050, org.springframework.test.context.support.DirtiesContextTestExecutionListener@615bad16, org.springframework.boot.test.mock.mockito.ResetMocksTestExecutionListener@52856ff9, org.springframework.boot.test.autoconfigure.restdocs.RestDocsTestExecutionListener@5aa7cfdf, org.springframework.boot.test.autoconfigure.web.client.MockRestServiceServerResetTestExecutionListener@1242d96b, org.springframework.boot.test.autoconfigure.web.servlet.MockMvcPrintOnlyOnFailureTestExecutionListener@2ecdf528, org.springframework.boot.test.autoconfigure.web.servlet.WebDriverTestExecutionListener@574ebdaf]
2019-06-24 12:22:10,194 INFO org.springframework.boot.StartupInfoLogger [main] Starting TestSessisonManagerConnection on nikos-Lenovo-V310-15IKB with PID 10305 (started by nikos in /home/nikos/NetBeansProjects/ESMO-AP-TEST)
2019-06-24 12:22:10,195 INFO org.springframework.boot.SpringApplication [main] The following profiles are active: test
2019-06-24 12:22:10,844 INFO com.google.code.ssm.config.DefaultAddressProvider [main] Defined values 172.17.0.1:11211 will be used as memcached addresses
2019-06-24 12:22:11,111 INFO org.opensaml.saml2.metadata.provider.AbstractReloadingMetadataProvider [main] New metadata succesfully loaded for 'https://idp.aegean.gr/idp/shibboleth'
2019-06-24 12:22:11,112 INFO org.opensaml.saml2.metadata.provider.AbstractReloadingMetadataProvider [main] Next refresh cycle for metadata provider 'https://idp.aegean.gr/idp/shibboleth' will occur on '2019-06-24T12:22:10.978Z' ('2019-06-24T15:22:10.978+03:00' local time)
2019-06-24 12:22:11,146 INFO esmo.test.ap.apms.SamlSecurityConfig [main] Using SAMLContextProviderLB implementation of SAMLContextProvider for context provider bean.
2019-06-24 12:22:11,146 INFO esmo.test.ap.apms.SamlSecurityConfig [main] Setting the load balancer scheme to https
2019-06-24 12:22:11,147 INFO esmo.test.ap.apms.SamlSecurityConfig [main] Setting the load balancer server name to serverName
2019-06-24 12:22:11,149 INFO esmo.test.ap.apms.SamlSecurityConfig [main] Setting the load balancer context path to /grap
2019-06-24 12:22:11,151 INFO esmo.test.ap.apms.SamlSecurityConfig [main] Setting the load balancer port to 443
2019-06-24 12:22:11,153 INFO esmo.test.ap.apms.SamlSecurityConfig [main] Setting whether to include the server port in the request URL to false
2019-06-24 12:22:11,289 INFO org.springframework.security.web.DefaultSecurityFilterChain [main] Creating filter chain: Ant [pattern='/saml/metadata/**'], [org.springframework.security.saml.metadata.MetadataDisplayFilter@5bf523e3]
2019-06-24 12:22:11,289 INFO org.springframework.security.web.DefaultSecurityFilterChain [main] Creating filter chain: Ant [pattern='/saml/login/**'], [esmo.test.ap.apms.SamlWithRelayStateEntryPoint@8d29719]
2019-06-24 12:22:11,290 INFO org.springframework.security.web.DefaultSecurityFilterChain [main] Creating filter chain: Ant [pattern='/saml/SSO/**'], [org.springframework.security.saml.SAMLProcessingFilter@65259c53]
2019-06-24 12:22:11,291 INFO org.springframework.security.web.DefaultSecurityFilterChain [main] Creating filter chain: Ant [pattern='/saml/logout/**'], [org.springframework.security.saml.SAMLLogoutFilter@4bff28e7]
2019-06-24 12:22:11,299 INFO org.springframework.security.web.DefaultSecurityFilterChain [main] Creating filter chain: Ant [pattern='/saml/SingleLogout/**'], [org.springframework.security.saml.SAMLLogoutProcessingFilter@39e7e040]
2019-06-24 12:22:11,402 INFO org.springframework.scheduling.concurrent.ExecutorConfigurationSupport [main] Initializing ExecutorService 'applicationTaskExecutor'
2019-06-24 12:22:11,504 INFO org.springframework.security.web.DefaultSecurityFilterChain [main] Creating filter chain: any request, [org.springframework.security.saml.metadata.MetadataGeneratorFilter@647ff23e, org.springframework.security.web.context.request.async.WebAsyncManagerIntegrationFilter@6a04d2a4, org.springframework.security.web.context.SecurityContextPersistenceFilter@197d5a87, org.springframework.security.web.header.HeaderWriterFilter@79617c3d, org.springframework.security.web.authentication.logout.LogoutFilter@4f552aa2, FilterChainProxy[Filter Chains: [[ Ant [pattern='/saml/metadata/**'], [org.springframework.security.saml.metadata.MetadataDisplayFilter@5bf523e3]], [ Ant [pattern='/saml/login/**'], [esmo.test.ap.apms.SamlWithRelayStateEntryPoint@8d29719]], [ Ant [pattern='/saml/SSO/**'], [org.springframework.security.saml.SAMLProcessingFilter@65259c53]], [ Ant [pattern='/saml/logout/**'], [org.springframework.security.saml.SAMLLogoutFilter@4bff28e7]], [ Ant [pattern='/saml/SingleLogout/**'], [org.springframework.security.saml.SAMLLogoutProcessingFilter@39e7e040]]]], org.springframework.security.web.savedrequest.RequestCacheAwareFilter@131d977f, org.springframework.security.web.servletapi.SecurityContextHolderAwareRequestFilter@616f81b5, org.springframework.security.web.authentication.AnonymousAuthenticationFilter@35a9e665, org.springframework.security.web.session.SessionManagementFilter@49cceb19, org.springframework.security.web.access.ExceptionTranslationFilter@638d2ce3, org.springframework.security.web.access.intercept.FilterSecurityInterceptor@688d619c]
2019-06-24 12:22:11,574 INFO org.springframework.mock.web.MockServletContext [main] Initializing Spring TestDispatcherServlet ''
2019-06-24 12:22:11,575 INFO org.springframework.web.servlet.FrameworkServlet [main] Initializing Servlet ''
2019-06-24 12:22:11,603 INFO org.springframework.web.servlet.FrameworkServlet [main] Completed initialization in 28 ms
2019-06-24 12:22:11,625 INFO org.springframework.boot.StartupInfoLogger [main] Started TestSessisonManagerConnection in 1.506 seconds (JVM running for 12.79)
2019-06-24 12:22:13,409 INFO org.springframework.scheduling.concurrent.ExecutorConfigurationSupport [Thread-6] Shutting down ExecutorService 'applicationTaskExecutor'
2019-06-24 12:22:13,409 INFO org.springframework.scheduling.concurrent.ExecutorConfigurationSupport [Thread-12] Shutting down ExecutorService 'applicationTaskExecutor'
2019-06-24 15:36:11,396 INFO org.springframework.boot.StartupInfoLogger [main] Starting ApmsApplicationTests on nikos-Lenovo-V310-15IKB with PID 9526 (started by nikos in /home/nikos/NetBeansProjects/ESMO-AP-TEST)
2019-06-24 15:36:11,398 INFO org.springframework.boot.SpringApplication [main] The following profiles are active: test
2019-06-24 15:36:14,315 INFO com.google.code.ssm.config.DefaultAddressProvider [main] Defined values 172.17.0.1:11211 will be used as memcached addresses
2019-06-24 15:36:15,524 INFO org.opensaml.saml2.metadata.provider.AbstractReloadingMetadataProvider [main] New metadata succesfully loaded for 'https://idp.aegean.gr/idp/shibboleth'
2019-06-24 15:36:15,570 INFO org.opensaml.saml2.metadata.provider.AbstractReloadingMetadataProvider [main] Next refresh cycle for metadata provider 'https://idp.aegean.gr/idp/shibboleth' will occur on '2019-06-24T15:36:15.094Z' ('2019-06-24T18:36:15.094+03:00' local time)
2019-06-24 15:36:15,699 INFO esmo.test.ap.apms.SamlSecurityConfig [main] Using SAMLContextProviderLB implementation of SAMLContextProvider for context provider bean.
2019-06-24 15:36:15,704 INFO esmo.test.ap.apms.SamlSecurityConfig [main] Setting the load balancer scheme to https
2019-06-24 15:36:15,704 INFO esmo.test.ap.apms.SamlSecurityConfig [main] Setting the load balancer server name to serverName
2019-06-24 15:36:15,704 INFO esmo.test.ap.apms.SamlSecurityConfig [main] Setting the load balancer context path to /grap
2019-06-24 15:36:15,705 INFO esmo.test.ap.apms.SamlSecurityConfig [main] Setting the load balancer port to 443
2019-06-24 15:36:15,705 INFO esmo.test.ap.apms.SamlSecurityConfig [main] Setting whether to include the server port in the request URL to false
2019-06-24 15:36:15,842 INFO org.springframework.security.web.DefaultSecurityFilterChain [main] Creating filter chain: Ant [pattern='/saml/metadata/**'], [org.springframework.security.saml.metadata.MetadataDisplayFilter@74c7522c]
2019-06-24 15:36:15,843 INFO org.springframework.security.web.DefaultSecurityFilterChain [main] Creating filter chain: Ant [pattern='/saml/login/**'], [esmo.test.ap.apms.SamlWithRelayStateEntryPoint@77c23d90]
2019-06-24 15:36:15,844 INFO org.springframework.security.web.DefaultSecurityFilterChain [main] Creating filter chain: Ant [pattern='/saml/SSO/**'], [org.springframework.security.saml.SAMLProcessingFilter@6d17914a]
2019-06-24 15:36:15,845 INFO org.springframework.security.web.DefaultSecurityFilterChain [main] Creating filter chain: Ant [pattern='/saml/logout/**'], [org.springframework.security.saml.SAMLLogoutFilter@49631cfb]
2019-06-24 15:36:15,847 INFO org.springframework.security.web.DefaultSecurityFilterChain [main] Creating filter chain: Ant [pattern='/saml/SingleLogout/**'], [org.springframework.security.saml.SAMLLogoutProcessingFilter@77b71c9]
2019-06-24 15:36:16,163 INFO org.springframework.scheduling.concurrent.ExecutorConfigurationSupport [main] Initializing ExecutorService 'applicationTaskExecutor'
2019-06-24 15:36:16,740 INFO org.springframework.security.web.DefaultSecurityFilterChain [main] Creating filter chain: any request, [org.springframework.security.saml.metadata.MetadataGeneratorFilter@52f43225, org.springframework.security.web.context.request.async.WebAsyncManagerIntegrationFilter@55d1f065, org.springframework.security.web.context.SecurityContextPersistenceFilter@6851b296, org.springframework.security.web.header.HeaderWriterFilter@6f7a20da, org.springframework.security.web.authentication.logout.LogoutFilter@ff5d4f1, FilterChainProxy[Filter Chains: [[ Ant [pattern='/saml/metadata/**'], [org.springframework.security.saml.metadata.MetadataDisplayFilter@74c7522c]], [ Ant [pattern='/saml/login/**'], [esmo.test.ap.apms.SamlWithRelayStateEntryPoint@77c23d90]], [ Ant [pattern='/saml/SSO/**'], [org.springframework.security.saml.SAMLProcessingFilter@6d17914a]], [ Ant [pattern='/saml/logout/**'], [org.springframework.security.saml.SAMLLogoutFilter@49631cfb]], [ Ant [pattern='/saml/SingleLogout/**'], [org.springframework.security.saml.SAMLLogoutProcessingFilter@77b71c9]]]], org.springframework.security.web.savedrequest.RequestCacheAwareFilter@5368e981, org.springframework.security.web.servletapi.SecurityContextHolderAwareRequestFilter@4e8d9bb6, org.springframework.security.web.authentication.AnonymousAuthenticationFilter@f9a5e3f, org.springframework.security.web.session.SessionManagementFilter@77ba583, org.springframework.security.web.access.ExceptionTranslationFilter@6253e59a, org.springframework.security.web.access.intercept.FilterSecurityInterceptor@6a6e9289]
2019-06-24 15:36:16,836 INFO org.springframework.boot.StartupInfoLogger [main] Started ApmsApplicationTests in 5.813 seconds (JVM running for 7.655)
2019-06-24 15:36:16,867 INFO org.springframework.test.context.support.AbstractTestContextBootstrapper [main] Neither @ContextConfiguration nor @ContextHierarchy found for test class [esmo.test.ap.apms.integration.TestSessisonManagerConnection], using SpringBootContextLoader
2019-06-24 15:36:16,868 INFO org.springframework.test.context.support.AbstractContextLoader [main] Could not detect default resource locations for test class [esmo.test.ap.apms.integration.TestSessisonManagerConnection]: no resource found for suffixes {-context.xml, Context.groovy}.
2019-06-24 15:36:16,886 INFO org.springframework.test.context.support.AbstractTestContextBootstrapper [main] Loaded default TestExecutionListener class names from location [META-INF/spring.factories]: [org.springframework.boot.test.mock.mockito.MockitoTestExecutionListener, org.springframework.boot.test.mock.mockito.ResetMocksTestExecutionListener, org.springframework.boot.test.autoconfigure.restdocs.RestDocsTestExecutionListener, org.springframework.boot.test.autoconfigure.web.client.MockRestServiceServerResetTestExecutionListener, org.springframework.boot.test.autoconfigure.web.servlet.MockMvcPrintOnlyOnFailureTestExecutionListener, org.springframework.boot.test.autoconfigure.web.servlet.WebDriverTestExecutionListener, org.springframework.test.context.web.ServletTestExecutionListener, org.springframework.test.context.support.DirtiesContextBeforeModesTestExecutionListener, org.springframework.test.context.support.DependencyInjectionTestExecutionListener, org.springframework.test.context.support.DirtiesContextTestExecutionListener, org.springframework.test.context.transaction.TransactionalTestExecutionListener, org.springframework.test.context.jdbc.SqlScriptsTestExecutionListener]
2019-06-24 15:36:16,888 INFO org.springframework.test.context.support.AbstractTestContextBootstrapper [main] Using TestExecutionListeners: [org.springframework.test.context.web.ServletTestExecutionListener@7d626f2, org.springframework.test.context.support.DirtiesContextBeforeModesTestExecutionListener@460f1cdb, org.springframework.boot.test.mock.mockito.MockitoTestExecutionListener@31e7afde, org.springframework.boot.test.autoconfigure.SpringBootDependencyInjectionTestExecutionListener@349f3ff7, org.springframework.test.context.support.DirtiesContextTestExecutionListener@2487e20, org.springframework.boot.test.mock.mockito.ResetMocksTestExecutionListener@3c9f4376, org.springframework.boot.test.autoconfigure.restdocs.RestDocsTestExecutionListener@308a9264, org.springframework.boot.test.autoconfigure.web.client.MockRestServiceServerResetTestExecutionListener@7da77305, org.springframework.boot.test.autoconfigure.web.servlet.MockMvcPrintOnlyOnFailureTestExecutionListener@3cdfbbef, org.springframework.boot.test.autoconfigure.web.servlet.WebDriverTestExecutionListener@7a1ddbf1]
2019-06-24 15:36:16,934 INFO org.springframework.boot.StartupInfoLogger [main] Starting TestSessisonManagerConnection on nikos-Lenovo-V310-15IKB with PID 9526 (started by nikos in /home/nikos/NetBeansProjects/ESMO-AP-TEST)
2019-06-24 15:36:16,935 INFO org.springframework.boot.SpringApplication [main] The following profiles are active: test
2019-06-24 15:36:17,411 INFO com.google.code.ssm.config.DefaultAddressProvider [main] Defined values 172.17.0.1:11211 will be used as memcached addresses
2019-06-24 15:36:17,751 INFO org.opensaml.saml2.metadata.provider.AbstractReloadingMetadataProvider [main] New metadata succesfully loaded for 'https://idp.aegean.gr/idp/shibboleth'
2019-06-24 15:36:17,751 INFO org.opensaml.saml2.metadata.provider.AbstractReloadingMetadataProvider [main] Next refresh cycle for metadata provider 'https://idp.aegean.gr/idp/shibboleth' will occur on '2019-06-24T15:36:17.585Z' ('2019-06-24T18:36:17.585+03:00' local time)
2019-06-24 15:36:17,765 INFO esmo.test.ap.apms.SamlSecurityConfig [main] Using SAMLContextProviderLB implementation of SAMLContextProvider for context provider bean.
2019-06-24 15:36:17,765 INFO esmo.test.ap.apms.SamlSecurityConfig [main] Setting the load balancer scheme to https
2019-06-24 15:36:17,766 INFO esmo.test.ap.apms.SamlSecurityConfig [main] Setting the load balancer server name to serverName
2019-06-24 15:36:17,766 INFO esmo.test.ap.apms.SamlSecurityConfig [main] Setting the load balancer context path to /grap
2019-06-24 15:36:17,767 INFO esmo.test.ap.apms.SamlSecurityConfig [main] Setting the load balancer port to 443
2019-06-24 15:36:17,767 INFO esmo.test.ap.apms.SamlSecurityConfig [main] Setting whether to include the server port in the request URL to false
2019-06-24 15:36:17,799 INFO org.springframework.security.web.DefaultSecurityFilterChain [main] Creating filter chain: Ant [pattern='/saml/metadata/**'], [org.springframework.security.saml.metadata.MetadataDisplayFilter@492c8137]
2019-06-24 15:36:17,800 INFO org.springframework.security.web.DefaultSecurityFilterChain [main] Creating filter chain: Ant [pattern='/saml/login/**'], [esmo.test.ap.apms.SamlWithRelayStateEntryPoint@420b55ed]
2019-06-24 15:36:17,800 INFO org.springframework.security.web.DefaultSecurityFilterChain [main] Creating filter chain: Ant [pattern='/saml/SSO/**'], [org.springframework.security.saml.SAMLProcessingFilter@f237ae7]
2019-06-24 15:36:17,801 INFO org.springframework.security.web.DefaultSecurityFilterChain [main] Creating filter chain: Ant [pattern='/saml/logout/**'], [org.springframework.security.saml.SAMLLogoutFilter@42edde25]
2019-06-24 15:36:17,801 INFO org.springframework.security.web.DefaultSecurityFilterChain [main] Creating filter chain: Ant [pattern='/saml/SingleLogout/**'], [org.springframework.security.saml.SAMLLogoutProcessingFilter@6fe5da76]
2019-06-24 15:36:17,902 INFO org.springframework.scheduling.concurrent.ExecutorConfigurationSupport [main] Initializing ExecutorService 'applicationTaskExecutor'
2019-06-24 15:36:17,982 INFO org.springframework.security.web.DefaultSecurityFilterChain [main] Creating filter chain: any request, [org.springframework.security.saml.metadata.MetadataGeneratorFilter@645d4639, org.springframework.security.web.context.request.async.WebAsyncManagerIntegrationFilter@8ee03f5, org.springframework.security.web.context.SecurityContextPersistenceFilter@7c47e077, org.springframework.security.web.header.HeaderWriterFilter@5a2035e1, org.springframework.security.web.authentication.logout.LogoutFilter@6acb45c1, FilterChainProxy[Filter Chains: [[ Ant [pattern='/saml/metadata/**'], [org.springframework.security.saml.metadata.MetadataDisplayFilter@492c8137]], [ Ant [pattern='/saml/login/**'], [esmo.test.ap.apms.SamlWithRelayStateEntryPoint@420b55ed]], [ Ant [pattern='/saml/SSO/**'], [org.springframework.security.saml.SAMLProcessingFilter@f237ae7]], [ Ant [pattern='/saml/logout/**'], [org.springframework.security.saml.SAMLLogoutFilter@42edde25]], [ Ant [pattern='/saml/SingleLogout/**'], [org.springframework.security.saml.SAMLLogoutProcessingFilter@6fe5da76]]]], org.springframework.security.web.savedrequest.RequestCacheAwareFilter@41bd6a0f, org.springframework.security.web.servletapi.SecurityContextHolderAwareRequestFilter@1ae9d0e4, org.springframework.security.web.authentication.AnonymousAuthenticationFilter@5ad40184, org.springframework.security.web.session.SessionManagementFilter@4df7b4ac, org.springframework.security.web.access.ExceptionTranslationFilter@b56c222, org.springframework.security.web.access.intercept.FilterSecurityInterceptor@9cc0505]
2019-06-24 15:36:18,047 INFO org.springframework.mock.web.MockServletContext [main] Initializing Spring TestDispatcherServlet ''
2019-06-24 15:36:18,048 INFO org.springframework.web.servlet.FrameworkServlet [main] Initializing Servlet ''
2019-06-24 15:36:18,069 INFO org.springframework.web.servlet.FrameworkServlet [main] Completed initialization in 15 ms
2019-06-24 15:36:18,085 INFO org.springframework.boot.StartupInfoLogger [main] Started TestSessisonManagerConnection in 1.189 seconds (JVM running for 8.905)
2019-06-24 15:36:19,983 INFO org.springframework.scheduling.concurrent.ExecutorConfigurationSupport [Thread-12] Shutting down ExecutorService 'applicationTaskExecutor'
2019-06-24 15:36:19,986 INFO org.springframework.scheduling.concurrent.ExecutorConfigurationSupport [Thread-6] Shutting down ExecutorService 'applicationTaskExecutor'
2019-06-24 16:27:54,921 INFO org.springframework.boot.StartupInfoLogger [main] Starting ApmsApplicationTests on nikos-Lenovo-V310-15IKB with PID 11887 (started by nikos in /home/nikos/NetBeansProjects/ESMO-AP-TEST)
2019-06-24 16:27:54,923 INFO org.springframework.boot.SpringApplication [main] The following profiles are active: test
2019-06-24 16:27:57,930 INFO com.google.code.ssm.config.DefaultAddressProvider [main] Defined values 172.17.0.1:11211 will be used as memcached addresses
2019-06-24 16:27:59,123 INFO org.opensaml.saml2.metadata.provider.AbstractReloadingMetadataProvider [main] New metadata succesfully loaded for 'https://idp.aegean.gr/idp/shibboleth'
2019-06-24 16:27:59,135 INFO org.opensaml.saml2.metadata.provider.AbstractReloadingMetadataProvider [main] Next refresh cycle for metadata provider 'https://idp.aegean.gr/idp/shibboleth' will occur on '2019-06-24T16:27:58.678Z' ('2019-06-24T19:27:58.678+03:00' local time)
2019-06-24 16:27:59,224 INFO esmo.test.ap.apms.SamlSecurityConfig [main] Using SAMLContextProviderLB implementation of SAMLContextProvider for context provider bean.
2019-06-24 16:27:59,229 INFO esmo.test.ap.apms.SamlSecurityConfig [main] Setting the load balancer scheme to https
2019-06-24 16:27:59,229 INFO esmo.test.ap.apms.SamlSecurityConfig [main] Setting the load balancer server name to serverName
2019-06-24 16:27:59,229 INFO esmo.test.ap.apms.SamlSecurityConfig [main] Setting the load balancer context path to /grap
2019-06-24 16:27:59,230 INFO esmo.test.ap.apms.SamlSecurityConfig [main] Setting the load balancer port to 443
2019-06-24 16:27:59,230 INFO esmo.test.ap.apms.SamlSecurityConfig [main] Setting whether to include the server port in the request URL to false
2019-06-24 16:27:59,350 INFO org.springframework.security.web.DefaultSecurityFilterChain [main] Creating filter chain: Ant [pattern='/saml/metadata/**'], [org.springframework.security.saml.metadata.MetadataDisplayFilter@6d17914a]
2019-06-24 16:27:59,352 INFO org.springframework.security.web.DefaultSecurityFilterChain [main] Creating filter chain: Ant [pattern='/saml/login/**'], [esmo.test.ap.apms.SamlWithRelayStateEntryPoint@49631cfb]
2019-06-24 16:27:59,352 INFO org.springframework.security.web.DefaultSecurityFilterChain [main] Creating filter chain: Ant [pattern='/saml/SSO/**'], [org.springframework.security.saml.SAMLProcessingFilter@77b71c9]
2019-06-24 16:27:59,353 INFO org.springframework.security.web.DefaultSecurityFilterChain [main] Creating filter chain: Ant [pattern='/saml/logout/**'], [org.springframework.security.saml.SAMLLogoutFilter@6133e20b]
2019-06-24 16:27:59,353 INFO org.springframework.security.web.DefaultSecurityFilterChain [main] Creating filter chain: Ant [pattern='/saml/SingleLogout/**'], [org.springframework.security.saml.SAMLLogoutProcessingFilter@30ffb2a6]
2019-06-24 16:27:59,705 INFO org.springframework.scheduling.concurrent.ExecutorConfigurationSupport [main] Initializing ExecutorService 'applicationTaskExecutor'
2019-06-24 16:28:00,255 INFO org.springframework.security.web.DefaultSecurityFilterChain [main] Creating filter chain: any request, [org.springframework.security.saml.metadata.MetadataGeneratorFilter@f9a5e3f, org.springframework.security.web.context.request.async.WebAsyncManagerIntegrationFilter@4aac81ca, org.springframework.security.web.context.SecurityContextPersistenceFilter@5368e981, org.springframework.security.web.header.HeaderWriterFilter@77ba583, org.springframework.security.web.authentication.logout.LogoutFilter@254e9709, FilterChainProxy[Filter Chains: [[ Ant [pattern='/saml/metadata/**'], [org.springframework.security.saml.metadata.MetadataDisplayFilter@6d17914a]], [ Ant [pattern='/saml/login/**'], [esmo.test.ap.apms.SamlWithRelayStateEntryPoint@49631cfb]], [ Ant [pattern='/saml/SSO/**'], [org.springframework.security.saml.SAMLProcessingFilter@77b71c9]], [ Ant [pattern='/saml/logout/**'], [org.springframework.security.saml.SAMLLogoutFilter@6133e20b]], [ Ant [pattern='/saml/SingleLogout/**'], [org.springframework.security.saml.SAMLLogoutProcessingFilter@30ffb2a6]]]], org.springframework.security.web.savedrequest.RequestCacheAwareFilter@79b7c350, org.springframework.security.web.servletapi.SecurityContextHolderAwareRequestFilter@2673487b, org.springframework.security.web.authentication.AnonymousAuthenticationFilter@393ae7a0, org.springframework.security.web.session.SessionManagementFilter@6851b296, org.springframework.security.web.access.ExceptionTranslationFilter@16ccd2bc, org.springframework.security.web.access.intercept.FilterSecurityInterceptor@61554b6b]
2019-06-24 16:28:00,351 INFO org.springframework.boot.StartupInfoLogger [main] Started ApmsApplicationTests in 6.072 seconds (JVM running for 8.138)
2019-06-24 16:28:00,379 INFO org.springframework.test.context.support.AbstractTestContextBootstrapper [main] Neither @ContextConfiguration nor @ContextHierarchy found for test class [esmo.test.ap.apms.integration.TestSessisonManagerConnection], using SpringBootContextLoader
2019-06-24 16:28:00,380 INFO org.springframework.test.context.support.AbstractContextLoader [main] Could not detect default resource locations for test class [esmo.test.ap.apms.integration.TestSessisonManagerConnection]: no resource found for suffixes {-context.xml, Context.groovy}.
2019-06-24 16:28:00,396 INFO org.springframework.test.context.support.AbstractTestContextBootstrapper [main] Loaded default TestExecutionListener class names from location [META-INF/spring.factories]: [org.springframework.boot.test.mock.mockito.MockitoTestExecutionListener, org.springframework.boot.test.mock.mockito.ResetMocksTestExecutionListener, org.springframework.boot.test.autoconfigure.restdocs.RestDocsTestExecutionListener, org.springframework.boot.test.autoconfigure.web.client.MockRestServiceServerResetTestExecutionListener, org.springframework.boot.test.autoconfigure.web.servlet.MockMvcPrintOnlyOnFailureTestExecutionListener, org.springframework.boot.test.autoconfigure.web.servlet.WebDriverTestExecutionListener, org.springframework.test.context.web.ServletTestExecutionListener, org.springframework.test.context.support.DirtiesContextBeforeModesTestExecutionListener, org.springframework.test.context.support.DependencyInjectionTestExecutionListener, org.springframework.test.context.support.DirtiesContextTestExecutionListener, org.springframework.test.context.transaction.TransactionalTestExecutionListener, org.springframework.test.context.jdbc.SqlScriptsTestExecutionListener]
2019-06-24 16:28:00,397 INFO org.springframework.test.context.support.AbstractTestContextBootstrapper [main] Using TestExecutionListeners: [org.springframework.test.context.web.ServletTestExecutionListener@31e7afde, org.springframework.test.context.support.DirtiesContextBeforeModesTestExecutionListener@349f3ff7, org.springframework.boot.test.mock.mockito.MockitoTestExecutionListener@2487e20, org.springframework.boot.test.autoconfigure.SpringBootDependencyInjectionTestExecutionListener@3c9f4376, org.springframework.test.context.support.DirtiesContextTestExecutionListener@308a9264, org.springframework.boot.test.mock.mockito.ResetMocksTestExecutionListener@7da77305, org.springframework.boot.test.autoconfigure.restdocs.RestDocsTestExecutionListener@3cdfbbef, org.springframework.boot.test.autoconfigure.web.client.MockRestServiceServerResetTestExecutionListener@7a1ddbf1, org.springframework.boot.test.autoconfigure.web.servlet.MockMvcPrintOnlyOnFailureTestExecutionListener@1e606f64, org.springframework.boot.test.autoconfigure.web.servlet.WebDriverTestExecutionListener@581918f6]
2019-06-24 16:28:00,423 INFO org.springframework.boot.StartupInfoLogger [main] Starting TestSessisonManagerConnection on nikos-Lenovo-V310-15IKB with PID 11887 (started by nikos in /home/nikos/NetBeansProjects/ESMO-AP-TEST)
2019-06-24 16:28:00,424 INFO org.springframework.boot.SpringApplication [main] The following profiles are active: test
2019-06-24 16:28:00,950 INFO com.google.code.ssm.config.DefaultAddressProvider [main] Defined values 172.17.0.1:11211 will be used as memcached addresses
2019-06-24 16:28:01,271 INFO org.opensaml.saml2.metadata.provider.AbstractReloadingMetadataProvider [main] New metadata succesfully loaded for 'https://idp.aegean.gr/idp/shibboleth'
2019-06-24 16:28:01,272 INFO org.opensaml.saml2.metadata.provider.AbstractReloadingMetadataProvider [main] Next refresh cycle for metadata provider 'https://idp.aegean.gr/idp/shibboleth' will occur on '2019-06-24T16:28:01.088Z' ('2019-06-24T19:28:01.088+03:00' local time)
2019-06-24 16:28:01,283 INFO esmo.test.ap.apms.SamlSecurityConfig [main] Using SAMLContextProviderLB implementation of SAMLContextProvider for context provider bean.
2019-06-24 16:28:01,284 INFO esmo.test.ap.apms.SamlSecurityConfig [main] Setting the load balancer scheme to https
2019-06-24 16:28:01,284 INFO esmo.test.ap.apms.SamlSecurityConfig [main] Setting the load balancer server name to serverName
2019-06-24 16:28:01,285 INFO esmo.test.ap.apms.SamlSecurityConfig [main] Setting the load balancer context path to /grap
2019-06-24 16:28:01,286 INFO esmo.test.ap.apms.SamlSecurityConfig [main] Setting the load balancer port to 443
2019-06-24 16:28:01,287 INFO esmo.test.ap.apms.SamlSecurityConfig [main] Setting whether to include the server port in the request URL to false
2019-06-24 16:28:01,317 INFO org.springframework.security.web.DefaultSecurityFilterChain [main] Creating filter chain: Ant [pattern='/saml/metadata/**'], [org.springframework.security.saml.metadata.MetadataDisplayFilter@f237ae7]
2019-06-24 16:28:01,318 INFO org.springframework.security.web.DefaultSecurityFilterChain [main] Creating filter chain: Ant [pattern='/saml/login/**'], [esmo.test.ap.apms.SamlWithRelayStateEntryPoint@42edde25]
2019-06-24 16:28:01,318 INFO org.springframework.security.web.DefaultSecurityFilterChain [main] Creating filter chain: Ant [pattern='/saml/SSO/**'], [org.springframework.security.saml.SAMLProcessingFilter@6fe5da76]
2019-06-24 16:28:01,319 INFO org.springframework.security.web.DefaultSecurityFilterChain [main] Creating filter chain: Ant [pattern='/saml/logout/**'], [org.springframework.security.saml.SAMLLogoutFilter@77d95e5a]
2019-06-24 16:28:01,319 INFO org.springframework.security.web.DefaultSecurityFilterChain [main] Creating filter chain: Ant [pattern='/saml/SingleLogout/**'], [org.springframework.security.saml.SAMLLogoutProcessingFilter@6339e604]
2019-06-24 16:28:01,386 INFO org.springframework.scheduling.concurrent.ExecutorConfigurationSupport [main] Initializing ExecutorService 'applicationTaskExecutor'
2019-06-24 16:28:01,468 INFO org.springframework.security.web.DefaultSecurityFilterChain [main] Creating filter chain: any request, [org.springframework.security.saml.metadata.MetadataGeneratorFilter@5ad40184, org.springframework.security.web.context.request.async.WebAsyncManagerIntegrationFilter@3359c3f6, org.springframework.security.web.context.SecurityContextPersistenceFilter@1ae9d0e4, org.springframework.security.web.header.HeaderWriterFilter@7c47e077, org.springframework.security.web.authentication.logout.LogoutFilter@30bbe83, FilterChainProxy[Filter Chains: [[ Ant [pattern='/saml/metadata/**'], [org.springframework.security.saml.metadata.MetadataDisplayFilter@f237ae7]], [ Ant [pattern='/saml/login/**'], [esmo.test.ap.apms.SamlWithRelayStateEntryPoint@42edde25]], [ Ant [pattern='/saml/SSO/**'], [org.springframework.security.saml.SAMLProcessingFilter@6fe5da76]], [ Ant [pattern='/saml/logout/**'], [org.springframework.security.saml.SAMLLogoutFilter@77d95e5a]], [ Ant [pattern='/saml/SingleLogout/**'], [org.springframework.security.saml.SAMLLogoutProcessingFilter@6339e604]]]], org.springframework.security.web.savedrequest.RequestCacheAwareFilter@6acb45c1, org.springframework.security.web.servletapi.SecurityContextHolderAwareRequestFilter@294c44b7, org.springframework.security.web.authentication.AnonymousAuthenticationFilter@3d3b272a, org.springframework.security.web.session.SessionManagementFilter@41bd6a0f, org.springframework.security.web.access.ExceptionTranslationFilter@4df7b4ac, org.springframework.security.web.access.intercept.FilterSecurityInterceptor@8ee03f5]
2019-06-24 16:28:01,517 INFO org.springframework.mock.web.MockServletContext [main] Initializing Spring TestDispatcherServlet ''
2019-06-24 16:28:01,518 INFO org.springframework.web.servlet.FrameworkServlet [main] Initializing Servlet ''
2019-06-24 16:28:01,536 INFO org.springframework.web.servlet.FrameworkServlet [main] Completed initialization in 18 ms
2019-06-24 16:28:01,554 INFO org.springframework.boot.StartupInfoLogger [main] Started TestSessisonManagerConnection in 1.155 seconds (JVM running for 9.341)
2019-06-24 16:28:03,497 INFO org.springframework.scheduling.concurrent.ExecutorConfigurationSupport [Thread-6] Shutting down ExecutorService 'applicationTaskExecutor'
2019-06-24 16:28:03,505 INFO org.springframework.scheduling.concurrent.ExecutorConfigurationSupport [Thread-12] Shutting down ExecutorService 'applicationTaskExecutor'
2019-06-24 17:06:19,592 INFO org.springframework.boot.StartupInfoLogger [main] Starting ApmsApplicationTests on nikos-Lenovo-V310-15IKB with PID 13303 (started by nikos in /home/nikos/NetBeansProjects/ESMO-AP-TEST)
2019-06-24 17:06:19,595 INFO org.springframework.boot.SpringApplication [main] The following profiles are active: test
2019-06-24 17:06:22,703 INFO com.google.code.ssm.config.DefaultAddressProvider [main] Defined values 172.17.0.1:11211 will be used as memcached addresses
2019-06-24 17:06:23,988 INFO org.opensaml.saml2.metadata.provider.AbstractReloadingMetadataProvider [main] New metadata succesfully loaded for 'https://idp.aegean.gr/idp/shibboleth'
2019-06-24 17:06:24,003 INFO org.opensaml.saml2.metadata.provider.AbstractReloadingMetadataProvider [main] Next refresh cycle for metadata provider 'https://idp.aegean.gr/idp/shibboleth' will occur on '2019-06-24T17:06:23.434Z' ('2019-06-24T20:06:23.434+03:00' local time)
2019-06-24 17:06:24,112 INFO esmo.test.ap.apms.SamlSecurityConfig [main] Using SAMLContextProviderLB implementation of SAMLContextProvider for context provider bean.
2019-06-24 17:06:24,115 INFO esmo.test.ap.apms.SamlSecurityConfig [main] Setting the load balancer scheme to https
2019-06-24 17:06:24,116 INFO esmo.test.ap.apms.SamlSecurityConfig [main] Setting the load balancer server name to serverName
2019-06-24 17:06:24,116 INFO esmo.test.ap.apms.SamlSecurityConfig [main] Setting the load balancer context path to /grap
2019-06-24 17:06:24,116 INFO esmo.test.ap.apms.SamlSecurityConfig [main] Setting the load balancer port to 443
2019-06-24 17:06:24,117 INFO esmo.test.ap.apms.SamlSecurityConfig [main] Setting whether to include the server port in the request URL to false
2019-06-24 17:06:24,243 INFO org.springframework.security.web.DefaultSecurityFilterChain [main] Creating filter chain: Ant [pattern='/saml/metadata/**'], [org.springframework.security.saml.metadata.MetadataDisplayFilter@49631cfb]
2019-06-24 17:06:24,243 INFO org.springframework.security.web.DefaultSecurityFilterChain [main] Creating filter chain: Ant [pattern='/saml/login/**'], [esmo.test.ap.apms.SamlWithRelayStateEntryPoint@77b71c9]
2019-06-24 17:06:24,244 INFO org.springframework.security.web.DefaultSecurityFilterChain [main] Creating filter chain: Ant [pattern='/saml/SSO/**'], [org.springframework.security.saml.SAMLProcessingFilter@6133e20b]
2019-06-24 17:06:24,244 INFO org.springframework.security.web.DefaultSecurityFilterChain [main] Creating filter chain: Ant [pattern='/saml/logout/**'], [org.springframework.security.saml.SAMLLogoutFilter@30ffb2a6]
2019-06-24 17:06:24,244 INFO org.springframework.security.web.DefaultSecurityFilterChain [main] Creating filter chain: Ant [pattern='/saml/SingleLogout/**'], [org.springframework.security.saml.SAMLLogoutProcessingFilter@612af486]
2019-06-24 17:06:24,560 INFO org.springframework.scheduling.concurrent.ExecutorConfigurationSupport [main] Initializing ExecutorService 'applicationTaskExecutor'
2019-06-24 17:06:25,105 INFO org.springframework.security.web.DefaultSecurityFilterChain [main] Creating filter chain: any request, [org.springframework.security.saml.metadata.MetadataGeneratorFilter@4aac81ca, org.springframework.security.web.context.request.async.WebAsyncManagerIntegrationFilter@393ae7a0, org.springframework.security.web.context.SecurityContextPersistenceFilter@1c171746, org.springframework.security.web.header.HeaderWriterFilter@5613247e, org.springframework.security.web.authentication.logout.LogoutFilter@350f18a6, FilterChainProxy[Filter Chains: [[ Ant [pattern='/saml/metadata/**'], [org.springframework.security.saml.metadata.MetadataDisplayFilter@49631cfb]], [ Ant [pattern='/saml/login/**'], [esmo.test.ap.apms.SamlWithRelayStateEntryPoint@77b71c9]], [ Ant [pattern='/saml/SSO/**'], [org.springframework.security.saml.SAMLProcessingFilter@6133e20b]], [ Ant [pattern='/saml/logout/**'], [org.springframework.security.saml.SAMLLogoutFilter@30ffb2a6]], [ Ant [pattern='/saml/SingleLogout/**'], [org.springframework.security.saml.SAMLLogoutProcessingFilter@612af486]]]], org.springframework.security.web.savedrequest.RequestCacheAwareFilter@586737ff, org.springframework.security.web.servletapi.SecurityContextHolderAwareRequestFilter@2d07aacc, org.springframework.security.web.authentication.AnonymousAuthenticationFilter@63326a3a, org.springframework.security.web.session.SessionManagementFilter@9e50283, org.springframework.security.web.access.ExceptionTranslationFilter@12f8682a, org.springframework.security.web.access.intercept.FilterSecurityInterceptor@761f234c]
2019-06-24 17:06:25,208 INFO org.springframework.boot.StartupInfoLogger [main] Started ApmsApplicationTests in 6.149 seconds (JVM running for 8.025)
2019-06-24 17:06:25,245 INFO org.springframework.test.context.support.AbstractTestContextBootstrapper [main] Neither @ContextConfiguration nor @ContextHierarchy found for test class [esmo.test.ap.apms.integration.TestSessisonManagerConnection], using SpringBootContextLoader
2019-06-24 17:06:25,251 INFO org.springframework.test.context.support.AbstractContextLoader [main] Could not detect default resource locations for test class [esmo.test.ap.apms.integration.TestSessisonManagerConnection]: no resource found for suffixes {-context.xml, Context.groovy}.
2019-06-24 17:06:25,270 INFO org.springframework.test.context.support.AbstractTestContextBootstrapper [main] Loaded default TestExecutionListener class names from location [META-INF/spring.factories]: [org.springframework.boot.test.mock.mockito.MockitoTestExecutionListener, org.springframework.boot.test.mock.mockito.ResetMocksTestExecutionListener, org.springframework.boot.test.autoconfigure.restdocs.RestDocsTestExecutionListener, org.springframework.boot.test.autoconfigure.web.client.MockRestServiceServerResetTestExecutionListener, org.springframework.boot.test.autoconfigure.web.servlet.MockMvcPrintOnlyOnFailureTestExecutionListener, org.springframework.boot.test.autoconfigure.web.servlet.WebDriverTestExecutionListener, org.springframework.test.context.web.ServletTestExecutionListener, org.springframework.test.context.support.DirtiesContextBeforeModesTestExecutionListener, org.springframework.test.context.support.DependencyInjectionTestExecutionListener, org.springframework.test.context.support.DirtiesContextTestExecutionListener, org.springframework.test.context.transaction.TransactionalTestExecutionListener, org.springframework.test.context.jdbc.SqlScriptsTestExecutionListener]
2019-06-24 17:06:25,272 INFO org.springframework.test.context.support.AbstractTestContextBootstrapper [main] Using TestExecutionListeners: [org.springframework.test.context.web.ServletTestExecutionListener@349f3ff7, org.springframework.test.context.support.DirtiesContextBeforeModesTestExecutionListener@2487e20, org.springframework.boot.test.mock.mockito.MockitoTestExecutionListener@3c9f4376, org.springframework.boot.test.autoconfigure.SpringBootDependencyInjectionTestExecutionListener@308a9264, org.springframework.test.context.support.DirtiesContextTestExecutionListener@7da77305, org.springframework.boot.test.mock.mockito.ResetMocksTestExecutionListener@3cdfbbef, org.springframework.boot.test.autoconfigure.restdocs.RestDocsTestExecutionListener@7a1ddbf1, org.springframework.boot.test.autoconfigure.web.client.MockRestServiceServerResetTestExecutionListener@1e606f64, org.springframework.boot.test.autoconfigure.web.servlet.MockMvcPrintOnlyOnFailureTestExecutionListener@581918f6, org.springframework.boot.test.autoconfigure.web.servlet.WebDriverTestExecutionListener@1958c0d9]
2019-06-24 17:06:25,318 INFO org.springframework.boot.StartupInfoLogger [main] Starting TestSessisonManagerConnection on nikos-Lenovo-V310-15IKB with PID 13303 (started by nikos in /home/nikos/NetBeansProjects/ESMO-AP-TEST)
2019-06-24 17:06:25,321 INFO org.springframework.boot.SpringApplication [main] The following profiles are active: test
2019-06-24 17:06:25,796 INFO com.google.code.ssm.config.DefaultAddressProvider [main] Defined values 172.17.0.1:11211 will be used as memcached addresses
2019-06-24 17:06:26,138 INFO org.opensaml.saml2.metadata.provider.AbstractReloadingMetadataProvider [main] New metadata succesfully loaded for 'https://idp.aegean.gr/idp/shibboleth'
2019-06-24 17:06:26,139 INFO org.opensaml.saml2.metadata.provider.AbstractReloadingMetadataProvider [main] Next refresh cycle for metadata provider 'https://idp.aegean.gr/idp/shibboleth' will occur on '2019-06-24T17:06:25.948Z' ('2019-06-24T20:06:25.948+03:00' local time)
2019-06-24 17:06:26,245 INFO esmo.test.ap.apms.SamlSecurityConfig [main] Using SAMLContextProviderLB implementation of SAMLContextProvider for context provider bean.
2019-06-24 17:06:26,249 INFO esmo.test.ap.apms.SamlSecurityConfig [main] Setting the load balancer scheme to https
2019-06-24 17:06:26,250 INFO esmo.test.ap.apms.SamlSecurityConfig [main] Setting the load balancer server name to serverName
2019-06-24 17:06:26,253 INFO esmo.test.ap.apms.SamlSecurityConfig [main] Setting the load balancer context path to /grap
2019-06-24 17:06:26,256 INFO esmo.test.ap.apms.SamlSecurityConfig [main] Setting the load balancer port to 443
2019-06-24 17:06:26,258 INFO esmo.test.ap.apms.SamlSecurityConfig [main] Setting whether to include the server port in the request URL to false
2019-06-24 17:06:26,294 INFO org.springframework.security.web.DefaultSecurityFilterChain [main] Creating filter chain: Ant [pattern='/saml/metadata/**'], [org.springframework.security.saml.metadata.MetadataDisplayFilter@42edde25]
2019-06-24 17:06:26,295 INFO org.springframework.security.web.DefaultSecurityFilterChain [main] Creating filter chain: Ant [pattern='/saml/login/**'], [esmo.test.ap.apms.SamlWithRelayStateEntryPoint@6fe5da76]
2019-06-24 17:06:26,295 INFO org.springframework.security.web.DefaultSecurityFilterChain [main] Creating filter chain: Ant [pattern='/saml/SSO/**'], [org.springframework.security.saml.SAMLProcessingFilter@77d95e5a]
2019-06-24 17:06:26,296 INFO org.springframework.security.web.DefaultSecurityFilterChain [main] Creating filter chain: Ant [pattern='/saml/logout/**'], [org.springframework.security.saml.SAMLLogoutFilter@6339e604]
2019-06-24 17:06:26,296 INFO org.springframework.security.web.DefaultSecurityFilterChain [main] Creating filter chain: Ant [pattern='/saml/SingleLogout/**'], [org.springframework.security.saml.SAMLLogoutProcessingFilter@4f8900b0]
2019-06-24 17:06:26,357 INFO org.springframework.scheduling.concurrent.ExecutorConfigurationSupport [main] Initializing ExecutorService 'applicationTaskExecutor'
2019-06-24 17:06:26,428 INFO org.springframework.security.web.DefaultSecurityFilterChain [main] Creating filter chain: any request, [org.springframework.security.saml.metadata.MetadataGeneratorFilter@3359c3f6, org.springframework.security.web.context.request.async.WebAsyncManagerIntegrationFilter@3d3b272a, org.springframework.security.web.context.SecurityContextPersistenceFilter@6acb45c1, org.springframework.security.web.header.HeaderWriterFilter@41bd6a0f, org.springframework.security.web.authentication.logout.LogoutFilter@57b130f6, FilterChainProxy[Filter Chains: [[ Ant [pattern='/saml/metadata/**'], [org.springframework.security.saml.metadata.MetadataDisplayFilter@42edde25]], [ Ant [pattern='/saml/login/**'], [esmo.test.ap.apms.SamlWithRelayStateEntryPoint@6fe5da76]], [ Ant [pattern='/saml/SSO/**'], [org.springframework.security.saml.SAMLProcessingFilter@77d95e5a]], [ Ant [pattern='/saml/logout/**'], [org.springframework.security.saml.SAMLLogoutFilter@6339e604]], [ Ant [pattern='/saml/SingleLogout/**'], [org.springframework.security.saml.SAMLLogoutProcessingFilter@4f8900b0]]]], org.springframework.security.web.savedrequest.RequestCacheAwareFilter@294c44b7, org.springframework.security.web.servletapi.SecurityContextHolderAwareRequestFilter@30bbe83, org.springframework.security.web.authentication.AnonymousAuthenticationFilter@45b27ad3, org.springframework.security.web.session.SessionManagementFilter@1ae9d0e4, org.springframework.security.web.access.ExceptionTranslationFilter@7c47e077, org.springframework.security.web.access.intercept.FilterSecurityInterceptor@5ad40184]
2019-06-24 17:06:26,476 INFO org.springframework.mock.web.MockServletContext [main] Initializing Spring TestDispatcherServlet ''
2019-06-24 17:06:26,477 INFO org.springframework.web.servlet.FrameworkServlet [main] Initializing Servlet ''
2019-06-24 17:06:26,495 INFO org.springframework.web.servlet.FrameworkServlet [main] Completed initialization in 18 ms
2019-06-24 17:06:26,513 INFO org.springframework.boot.StartupInfoLogger [main] Started TestSessisonManagerConnection in 1.237 seconds (JVM running for 9.33)
2019-06-24 17:06:28,492 INFO org.springframework.scheduling.concurrent.ExecutorConfigurationSupport [Thread-6] Shutting down ExecutorService 'applicationTaskExecutor'
2019-06-24 17:06:28,492 INFO org.springframework.scheduling.concurrent.ExecutorConfigurationSupport [Thread-12] Shutting down ExecutorService 'applicationTaskExecutor'
2019-06-24 19:28:39,202 INFO org.springframework.boot.StartupInfoLogger [main] Starting ApmsApplicationTests on nikos-Lenovo-V310-15IKB with PID 1198 (started by nikos in /home/nikos/NetBeansProjects/ESMO-AP-TEST)
2019-06-24 19:28:39,205 INFO org.springframework.boot.SpringApplication [main] The following profiles are active: test
2019-06-24 19:28:44,841 INFO com.google.code.ssm.config.DefaultAddressProvider [main] Defined values 172.17.0.1:11211 will be used as memcached addresses
2019-06-24 19:28:46,134 INFO org.opensaml.saml2.metadata.provider.AbstractReloadingMetadataProvider [main] New metadata succesfully loaded for 'https://idp.aegean.gr/idp/shibboleth'
2019-06-24 19:28:46,166 INFO org.opensaml.saml2.metadata.provider.AbstractReloadingMetadataProvider [main] Next refresh cycle for metadata provider 'https://idp.aegean.gr/idp/shibboleth' will occur on '2019-06-24T19:28:45.862Z' ('2019-06-24T22:28:45.862+03:00' local time)
2019-06-24 19:28:46,251 INFO esmo.test.ap.apms.SamlSecurityConfig [main] Using SAMLContextProviderLB implementation of SAMLContextProvider for context provider bean.
2019-06-24 19:28:46,257 INFO esmo.test.ap.apms.SamlSecurityConfig [main] Setting the load balancer scheme to https
2019-06-24 19:28:46,257 INFO esmo.test.ap.apms.SamlSecurityConfig [main] Setting the load balancer server name to serverName
2019-06-24 19:28:46,258 INFO esmo.test.ap.apms.SamlSecurityConfig [main] Setting the load balancer context path to /grap
2019-06-24 19:28:46,258 INFO esmo.test.ap.apms.SamlSecurityConfig [main] Setting the load balancer port to 443
2019-06-24 19:28:46,258 INFO esmo.test.ap.apms.SamlSecurityConfig [main] Setting whether to include the server port in the request URL to false
2019-06-24 19:28:46,382 INFO org.springframework.security.web.DefaultSecurityFilterChain [main] Creating filter chain: Ant [pattern='/saml/metadata/**'], [org.springframework.security.saml.metadata.MetadataDisplayFilter@6d17914a]
2019-06-24 19:28:46,382 INFO org.springframework.security.web.DefaultSecurityFilterChain [main] Creating filter chain: Ant [pattern='/saml/login/**'], [esmo.test.ap.apms.SamlWithRelayStateEntryPoint@49631cfb]
2019-06-24 19:28:46,383 INFO org.springframework.security.web.DefaultSecurityFilterChain [main] Creating filter chain: Ant [pattern='/saml/SSO/**'], [org.springframework.security.saml.SAMLProcessingFilter@77b71c9]
2019-06-24 19:28:46,383 INFO org.springframework.security.web.DefaultSecurityFilterChain [main] Creating filter chain: Ant [pattern='/saml/logout/**'], [org.springframework.security.saml.SAMLLogoutFilter@6133e20b]
2019-06-24 19:28:46,384 INFO org.springframework.security.web.DefaultSecurityFilterChain [main] Creating filter chain: Ant [pattern='/saml/SingleLogout/**'], [org.springframework.security.saml.SAMLLogoutProcessingFilter@30ffb2a6]
2019-06-24 19:28:47,028 INFO org.springframework.scheduling.concurrent.ExecutorConfigurationSupport [main] Initializing ExecutorService 'applicationTaskExecutor'
2019-06-24 19:28:47,593 INFO org.springframework.security.web.DefaultSecurityFilterChain [main] Creating filter chain: any request, [org.springframework.security.saml.metadata.MetadataGeneratorFilter@f9a5e3f, org.springframework.security.web.context.request.async.WebAsyncManagerIntegrationFilter@4aac81ca, org.springframework.security.web.context.SecurityContextPersistenceFilter@5368e981, org.springframework.security.web.header.HeaderWriterFilter@77ba583, org.springframework.security.web.authentication.logout.LogoutFilter@254e9709, FilterChainProxy[Filter Chains: [[ Ant [pattern='/saml/metadata/**'], [org.springframework.security.saml.metadata.MetadataDisplayFilter@6d17914a]], [ Ant [pattern='/saml/login/**'], [esmo.test.ap.apms.SamlWithRelayStateEntryPoint@49631cfb]], [ Ant [pattern='/saml/SSO/**'], [org.springframework.security.saml.SAMLProcessingFilter@77b71c9]], [ Ant [pattern='/saml/logout/**'], [org.springframework.security.saml.SAMLLogoutFilter@6133e20b]], [ Ant [pattern='/saml/SingleLogout/**'], [org.springframework.security.saml.SAMLLogoutProcessingFilter@30ffb2a6]]]], org.springframework.security.web.savedrequest.RequestCacheAwareFilter@79b7c350, org.springframework.security.web.servletapi.SecurityContextHolderAwareRequestFilter@2673487b, org.springframework.security.web.authentication.AnonymousAuthenticationFilter@393ae7a0, org.springframework.security.web.session.SessionManagementFilter@6851b296, org.springframework.security.web.access.ExceptionTranslationFilter@16ccd2bc, org.springframework.security.web.access.intercept.FilterSecurityInterceptor@61554b6b]
2019-06-24 19:28:47,685 INFO org.springframework.boot.StartupInfoLogger [main] Started ApmsApplicationTests in 8.984 seconds (JVM running for 11.284)
2019-06-24 19:28:47,709 INFO org.springframework.test.context.support.AbstractTestContextBootstrapper [main] Neither @ContextConfiguration nor @ContextHierarchy found for test class [esmo.test.ap.apms.integration.TestSessisonManagerConnection], using SpringBootContextLoader
2019-06-24 19:28:47,710 INFO org.springframework.test.context.support.AbstractContextLoader [main] Could not detect default resource locations for test class [esmo.test.ap.apms.integration.TestSessisonManagerConnection]: no resource found for suffixes {-context.xml, Context.groovy}.
2019-06-24 19:28:47,734 INFO org.springframework.test.context.support.AbstractTestContextBootstrapper [main] Loaded default TestExecutionListener class names from location [META-INF/spring.factories]: [org.springframework.boot.test.mock.mockito.MockitoTestExecutionListener, org.springframework.boot.test.mock.mockito.ResetMocksTestExecutionListener, org.springframework.boot.test.autoconfigure.restdocs.RestDocsTestExecutionListener, org.springframework.boot.test.autoconfigure.web.client.MockRestServiceServerResetTestExecutionListener, org.springframework.boot.test.autoconfigure.web.servlet.MockMvcPrintOnlyOnFailureTestExecutionListener, org.springframework.boot.test.autoconfigure.web.servlet.WebDriverTestExecutionListener, org.springframework.test.context.web.ServletTestExecutionListener, org.springframework.test.context.support.DirtiesContextBeforeModesTestExecutionListener, org.springframework.test.context.support.DependencyInjectionTestExecutionListener, org.springframework.test.context.support.DirtiesContextTestExecutionListener, org.springframework.test.context.transaction.TransactionalTestExecutionListener, org.springframework.test.context.jdbc.SqlScriptsTestExecutionListener]
2019-06-24 19:28:47,736 INFO org.springframework.test.context.support.AbstractTestContextBootstrapper [main] Using TestExecutionListeners: [org.springframework.test.context.web.ServletTestExecutionListener@31e7afde, org.springframework.test.context.support.DirtiesContextBeforeModesTestExecutionListener@349f3ff7, org.springframework.boot.test.mock.mockito.MockitoTestExecutionListener@2487e20, org.springframework.boot.test.autoconfigure.SpringBootDependencyInjectionTestExecutionListener@3c9f4376, org.springframework.test.context.support.DirtiesContextTestExecutionListener@308a9264, org.springframework.boot.test.mock.mockito.ResetMocksTestExecutionListener@7da77305, org.springframework.boot.test.autoconfigure.restdocs.RestDocsTestExecutionListener@3cdfbbef, org.springframework.boot.test.autoconfigure.web.client.MockRestServiceServerResetTestExecutionListener@7a1ddbf1, org.springframework.boot.test.autoconfigure.web.servlet.MockMvcPrintOnlyOnFailureTestExecutionListener@1e606f64, org.springframework.boot.test.autoconfigure.web.servlet.WebDriverTestExecutionListener@581918f6]
2019-06-24 19:28:47,763 INFO org.springframework.boot.StartupInfoLogger [main] Starting TestSessisonManagerConnection on nikos-Lenovo-V310-15IKB with PID 1198 (started by nikos in /home/nikos/NetBeansProjects/ESMO-AP-TEST)
2019-06-24 19:28:47,764 INFO org.springframework.boot.SpringApplication [main] The following profiles are active: test
2019-06-24 19:28:48,281 INFO com.google.code.ssm.config.DefaultAddressProvider [main] Defined values 172.17.0.1:11211 will be used as memcached addresses
2019-06-24 19:28:48,453 INFO org.opensaml.saml2.metadata.provider.AbstractReloadingMetadataProvider [main] New metadata succesfully loaded for 'https://idp.aegean.gr/idp/shibboleth'
2019-06-24 19:28:48,454 INFO org.opensaml.saml2.metadata.provider.AbstractReloadingMetadataProvider [main] Next refresh cycle for metadata provider 'https://idp.aegean.gr/idp/shibboleth' will occur on '2019-06-24T19:28:48.378Z' ('2019-06-24T22:28:48.378+03:00' local time)
2019-06-24 19:28:48,465 INFO esmo.test.ap.apms.SamlSecurityConfig [main] Using SAMLContextProviderLB implementation of SAMLContextProvider for context provider bean.
2019-06-24 19:28:48,465 INFO esmo.test.ap.apms.SamlSecurityConfig [main] Setting the load balancer scheme to https
2019-06-24 19:28:48,466 INFO esmo.test.ap.apms.SamlSecurityConfig [main] Setting the load balancer server name to serverName
2019-06-24 19:28:48,466 INFO esmo.test.ap.apms.SamlSecurityConfig [main] Setting the load balancer context path to /grap
2019-06-24 19:28:48,467 INFO esmo.test.ap.apms.SamlSecurityConfig [main] Setting the load balancer port to 443
2019-06-24 19:28:48,468 INFO esmo.test.ap.apms.SamlSecurityConfig [main] Setting whether to include the server port in the request URL to false
2019-06-24 19:28:48,504 INFO org.springframework.security.web.DefaultSecurityFilterChain [main] Creating filter chain: Ant [pattern='/saml/metadata/**'], [org.springframework.security.saml.metadata.MetadataDisplayFilter@6fe5da76]
2019-06-24 19:28:48,504 INFO org.springframework.security.web.DefaultSecurityFilterChain [main] Creating filter chain: Ant [pattern='/saml/login/**'], [esmo.test.ap.apms.SamlWithRelayStateEntryPoint@77d95e5a]
2019-06-24 19:28:48,505 INFO org.springframework.security.web.DefaultSecurityFilterChain [main] Creating filter chain: Ant [pattern='/saml/SSO/**'], [org.springframework.security.saml.SAMLProcessingFilter@6339e604]
2019-06-24 19:28:48,505 INFO org.springframework.security.web.DefaultSecurityFilterChain [main] Creating filter chain: Ant [pattern='/saml/logout/**'], [org.springframework.security.saml.SAMLLogoutFilter@4f8900b0]
2019-06-24 19:28:48,506 INFO org.springframework.security.web.DefaultSecurityFilterChain [main] Creating filter chain: Ant [pattern='/saml/SingleLogout/**'], [org.springframework.security.saml.SAMLLogoutProcessingFilter@e7e455d]
2019-06-24 19:28:48,584 INFO org.springframework.scheduling.concurrent.ExecutorConfigurationSupport [main] Initializing ExecutorService 'applicationTaskExecutor'
2019-06-24 19:28:48,722 INFO org.springframework.security.web.DefaultSecurityFilterChain [main] Creating filter chain: any request, [org.springframework.security.saml.metadata.MetadataGeneratorFilter@3d3b272a, org.springframework.security.web.context.request.async.WebAsyncManagerIntegrationFilter@45b27ad3, org.springframework.security.web.context.SecurityContextPersistenceFilter@294c44b7, org.springframework.security.web.header.HeaderWriterFilter@1ae9d0e4, org.springframework.security.web.authentication.logout.LogoutFilter@67e4928c, FilterChainProxy[Filter Chains: [[ Ant [pattern='/saml/metadata/**'], [org.springframework.security.saml.metadata.MetadataDisplayFilter@6fe5da76]], [ Ant [pattern='/saml/login/**'], [esmo.test.ap.apms.SamlWithRelayStateEntryPoint@77d95e5a]], [ Ant [pattern='/saml/SSO/**'], [org.springframework.security.saml.SAMLProcessingFilter@6339e604]], [ Ant [pattern='/saml/logout/**'], [org.springframework.security.saml.SAMLLogoutFilter@4f8900b0]], [ Ant [pattern='/saml/SingleLogout/**'], [org.springframework.security.saml.SAMLLogoutProcessingFilter@e7e455d]]]], org.springframework.security.web.savedrequest.RequestCacheAwareFilter@30bbe83, org.springframework.security.web.servletapi.SecurityContextHolderAwareRequestFilter@57b130f6, org.springframework.security.web.authentication.AnonymousAuthenticationFilter@3f908bc0, org.springframework.security.web.session.SessionManagementFilter@6acb45c1, org.springframework.security.web.access.ExceptionTranslationFilter@41bd6a0f, org.springframework.security.web.access.intercept.FilterSecurityInterceptor@3359c3f6]
2019-06-24 19:28:48,903 INFO org.springframework.mock.web.MockServletContext [main] Initializing Spring TestDispatcherServlet ''
2019-06-24 19:28:48,904 INFO org.springframework.web.servlet.FrameworkServlet [main] Initializing Servlet ''
2019-06-24 19:28:49,157 INFO org.springframework.web.servlet.FrameworkServlet [main] Completed initialization in 253 ms
2019-06-24 19:28:49,175 INFO org.springframework.boot.StartupInfoLogger [main] Started TestSessisonManagerConnection in 1.437 seconds (JVM running for 12.774)
2019-06-24 19:28:50,660 INFO org.springframework.scheduling.concurrent.ExecutorConfigurationSupport [Thread-6] Shutting down ExecutorService 'applicationTaskExecutor'
2019-06-24 19:28:50,663 INFO org.springframework.scheduling.concurrent.ExecutorConfigurationSupport [Thread-12] Shutting down ExecutorService 'applicationTaskExecutor'
2019-06-24 21:39:11,476 INFO org.springframework.boot.StartupInfoLogger [main] Starting ApmsApplicationTests on nikos-Lenovo-V310-15IKB with PID 8119 (started by nikos in /home/nikos/NetBeansProjects/ESMO-AP-TEST)
2019-06-24 21:39:11,479 INFO org.springframework.boot.SpringApplication [main] The following profiles are active: test
2019-06-24 21:39:15,242 INFO com.google.code.ssm.config.DefaultAddressProvider [main] Defined values 172.17.0.1:11211 will be used as memcached addresses
2019-06-24 21:39:16,382 INFO org.opensaml.saml2.metadata.provider.AbstractReloadingMetadataProvider [main] New metadata succesfully loaded for 'https://idp.aegean.gr/idp/shibboleth'
2019-06-24 21:39:16,400 INFO org.opensaml.saml2.metadata.provider.AbstractReloadingMetadataProvider [main] Next refresh cycle for metadata provider 'https://idp.aegean.gr/idp/shibboleth' will occur on '2019-06-24T21:39:15.993Z' ('2019-06-25T00:39:15.993+03:00' local time)
2019-06-24 21:39:16,485 INFO esmo.test.ap.apms.SamlSecurityConfig [main] Using SAMLContextProviderLB implementation of SAMLContextProvider for context provider bean.
2019-06-24 21:39:16,489 INFO esmo.test.ap.apms.SamlSecurityConfig [main] Setting the load balancer scheme to https
2019-06-24 21:39:16,489 INFO esmo.test.ap.apms.SamlSecurityConfig [main] Setting the load balancer server name to serverName
2019-06-24 21:39:16,490 INFO esmo.test.ap.apms.SamlSecurityConfig [main] Setting the load balancer context path to /grap
2019-06-24 21:39:16,490 INFO esmo.test.ap.apms.SamlSecurityConfig [main] Setting the load balancer port to 443
2019-06-24 21:39:16,491 INFO esmo.test.ap.apms.SamlSecurityConfig [main] Setting whether to include the server port in the request URL to false
2019-06-24 21:39:16,609 INFO org.springframework.security.web.DefaultSecurityFilterChain [main] Creating filter chain: Ant [pattern='/saml/metadata/**'], [org.springframework.security.saml.metadata.MetadataDisplayFilter@16e195cf]
2019-06-24 21:39:16,609 INFO org.springframework.security.web.DefaultSecurityFilterChain [main] Creating filter chain: Ant [pattern='/saml/login/**'], [esmo.test.ap.apms.SamlWithRelayStateEntryPoint@3212d853]
2019-06-24 21:39:16,610 INFO org.springframework.security.web.DefaultSecurityFilterChain [main] Creating filter chain: Ant [pattern='/saml/SSO/**'], [org.springframework.security.saml.SAMLProcessingFilter@74c7522c]
2019-06-24 21:39:16,611 INFO org.springframework.security.web.DefaultSecurityFilterChain [main] Creating filter chain: Ant [pattern='/saml/logout/**'], [org.springframework.security.saml.SAMLLogoutFilter@77c23d90]
2019-06-24 21:39:16,611 INFO org.springframework.security.web.DefaultSecurityFilterChain [main] Creating filter chain: Ant [pattern='/saml/SingleLogout/**'], [org.springframework.security.saml.SAMLLogoutProcessingFilter@6d17914a]
2019-06-24 21:39:16,948 INFO org.springframework.scheduling.concurrent.ExecutorConfigurationSupport [main] Initializing ExecutorService 'applicationTaskExecutor'
2019-06-24 21:39:18,118 INFO org.springframework.security.web.DefaultSecurityFilterChain [main] Creating filter chain: any request, [org.springframework.security.saml.metadata.MetadataGeneratorFilter@67b8d45, org.springframework.security.web.context.request.async.WebAsyncManagerIntegrationFilter@365e65bb, org.springframework.security.web.context.SecurityContextPersistenceFilter@77ba583, org.springframework.security.web.header.HeaderWriterFilter@16ccd2bc, org.springframework.security.web.authentication.logout.LogoutFilter@2673487b, FilterChainProxy[Filter Chains: [[ Ant [pattern='/saml/metadata/**'], [org.springframework.security.saml.metadata.MetadataDisplayFilter@16e195cf]], [ Ant [pattern='/saml/login/**'], [esmo.test.ap.apms.SamlWithRelayStateEntryPoint@3212d853]], [ Ant [pattern='/saml/SSO/**'], [org.springframework.security.saml.SAMLProcessingFilter@74c7522c]], [ Ant [pattern='/saml/logout/**'], [org.springframework.security.saml.SAMLLogoutFilter@77c23d90]], [ Ant [pattern='/saml/SingleLogout/**'], [org.springframework.security.saml.SAMLLogoutProcessingFilter@6d17914a]]]], org.springframework.security.web.savedrequest.RequestCacheAwareFilter@6851b296, org.springframework.security.web.servletapi.SecurityContextHolderAwareRequestFilter@685e6a68, org.springframework.security.web.authentication.AnonymousAuthenticationFilter@52f43225, org.springframework.security.web.session.SessionManagementFilter@6f7a20da, org.springframework.security.web.access.ExceptionTranslationFilter@61e14b53, org.springframework.security.web.access.intercept.FilterSecurityInterceptor@53b7bf01]
2019-06-24 21:39:18,206 INFO org.springframework.boot.StartupInfoLogger [main] Started ApmsApplicationTests in 7.407 seconds (JVM running for 9.917)
2019-06-24 21:39:18,245 INFO org.springframework.test.context.support.AbstractTestContextBootstrapper [main] Neither @ContextConfiguration nor @ContextHierarchy found for test class [esmo.test.ap.apms.integration.TestSessisonManagerConnection], using SpringBootContextLoader
2019-06-24 21:39:18,248 INFO org.springframework.test.context.support.AbstractContextLoader [main] Could not detect default resource locations for test class [esmo.test.ap.apms.integration.TestSessisonManagerConnection]: no resource found for suffixes {-context.xml, Context.groovy}.
2019-06-24 21:39:18,273 INFO org.springframework.test.context.support.AbstractTestContextBootstrapper [main] Loaded default TestExecutionListener class names from location [META-INF/spring.factories]: [org.springframework.boot.test.mock.mockito.MockitoTestExecutionListener, org.springframework.boot.test.mock.mockito.ResetMocksTestExecutionListener, org.springframework.boot.test.autoconfigure.restdocs.RestDocsTestExecutionListener, org.springframework.boot.test.autoconfigure.web.client.MockRestServiceServerResetTestExecutionListener, org.springframework.boot.test.autoconfigure.web.servlet.MockMvcPrintOnlyOnFailureTestExecutionListener, org.springframework.boot.test.autoconfigure.web.servlet.WebDriverTestExecutionListener, org.springframework.test.context.web.ServletTestExecutionListener, org.springframework.test.context.support.DirtiesContextBeforeModesTestExecutionListener, org.springframework.test.context.support.DependencyInjectionTestExecutionListener, org.springframework.test.context.support.DirtiesContextTestExecutionListener, org.springframework.test.context.transaction.TransactionalTestExecutionListener, org.springframework.test.context.jdbc.SqlScriptsTestExecutionListener]
2019-06-24 21:39:18,275 INFO org.springframework.test.context.support.AbstractTestContextBootstrapper [main] Using TestExecutionListeners: [org.springframework.test.context.web.ServletTestExecutionListener@123ca460, org.springframework.test.context.support.DirtiesContextBeforeModesTestExecutionListener@11228bee, org.springframework.boot.test.mock.mockito.MockitoTestExecutionListener@7d626f2, org.springframework.boot.test.autoconfigure.SpringBootDependencyInjectionTestExecutionListener@460f1cdb, org.springframework.test.context.support.DirtiesContextTestExecutionListener@31e7afde, org.springframework.boot.test.mock.mockito.ResetMocksTestExecutionListener@349f3ff7, org.springframework.boot.test.autoconfigure.restdocs.RestDocsTestExecutionListener@2487e20, org.springframework.boot.test.autoconfigure.web.client.MockRestServiceServerResetTestExecutionListener@3c9f4376, org.springframework.boot.test.autoconfigure.web.servlet.MockMvcPrintOnlyOnFailureTestExecutionListener@308a9264, org.springframework.boot.test.autoconfigure.web.servlet.WebDriverTestExecutionListener@7da77305]
2019-06-24 21:39:18,322 INFO org.springframework.boot.StartupInfoLogger [main] Starting TestSessisonManagerConnection on nikos-Lenovo-V310-15IKB with PID 8119 (started by nikos in /home/nikos/NetBeansProjects/ESMO-AP-TEST)
2019-06-24 21:39:18,333 INFO org.springframework.boot.SpringApplication [main] The following profiles are active: test
2019-06-24 21:39:19,054 INFO com.google.code.ssm.config.DefaultAddressProvider [main] Defined values 172.17.0.1:11211 will be used as memcached addresses
2019-06-24 21:39:19,284 INFO org.opensaml.saml2.metadata.provider.AbstractReloadingMetadataProvider [main] New metadata succesfully loaded for 'https://idp.aegean.gr/idp/shibboleth'
2019-06-24 21:39:19,285 INFO org.opensaml.saml2.metadata.provider.AbstractReloadingMetadataProvider [main] Next refresh cycle for metadata provider 'https://idp.aegean.gr/idp/shibboleth' will occur on '2019-06-24T21:39:19.210Z' ('2019-06-25T00:39:19.210+03:00' local time)
2019-06-24 21:39:19,345 INFO esmo.test.ap.apms.SamlSecurityConfig [main] Using SAMLContextProviderLB implementation of SAMLContextProvider for context provider bean.
2019-06-24 21:39:19,345 INFO esmo.test.ap.apms.SamlSecurityConfig [main] Setting the load balancer scheme to https
2019-06-24 21:39:19,346 INFO esmo.test.ap.apms.SamlSecurityConfig [main] Setting the load balancer server name to serverName
2019-06-24 21:39:19,348 INFO esmo.test.ap.apms.SamlSecurityConfig [main] Setting the load balancer context path to /grap
2019-06-24 21:39:19,353 INFO esmo.test.ap.apms.SamlSecurityConfig [main] Setting the load balancer port to 443
2019-06-24 21:39:19,356 INFO esmo.test.ap.apms.SamlSecurityConfig [main] Setting whether to include the server port in the request URL to false
2019-06-24 21:39:19,405 INFO org.springframework.security.web.DefaultSecurityFilterChain [main] Creating filter chain: Ant [pattern='/saml/metadata/**'], [org.springframework.security.saml.metadata.MetadataDisplayFilter@45311a99]
2019-06-24 21:39:19,406 INFO org.springframework.security.web.DefaultSecurityFilterChain [main] Creating filter chain: Ant [pattern='/saml/login/**'], [esmo.test.ap.apms.SamlWithRelayStateEntryPoint@7037a680]
2019-06-24 21:39:19,406 INFO org.springframework.security.web.DefaultSecurityFilterChain [main] Creating filter chain: Ant [pattern='/saml/SSO/**'], [org.springframework.security.saml.SAMLProcessingFilter@492c8137]
2019-06-24 21:39:19,408 INFO org.springframework.security.web.DefaultSecurityFilterChain [main] Creating filter chain: Ant [pattern='/saml/logout/**'], [org.springframework.security.saml.SAMLLogoutFilter@420b55ed]
2019-06-24 21:39:19,408 INFO org.springframework.security.web.DefaultSecurityFilterChain [main] Creating filter chain: Ant [pattern='/saml/SingleLogout/**'], [org.springframework.security.saml.SAMLLogoutProcessingFilter@f237ae7]
2019-06-24 21:39:19,519 INFO org.springframework.scheduling.concurrent.ExecutorConfigurationSupport [main] Initializing ExecutorService 'applicationTaskExecutor'
2019-06-24 21:39:19,600 INFO org.springframework.security.web.DefaultSecurityFilterChain [main] Creating filter chain: any request, [org.springframework.security.saml.metadata.MetadataGeneratorFilter@50f05307, org.springframework.security.web.context.request.async.WebAsyncManagerIntegrationFilter@9cc0505, org.springframework.security.web.context.SecurityContextPersistenceFilter@5a2035e1, org.springframework.security.web.header.HeaderWriterFilter@15a484a9, org.springframework.security.web.authentication.logout.LogoutFilter@41bd6a0f, FilterChainProxy[Filter Chains: [[ Ant [pattern='/saml/metadata/**'], [org.springframework.security.saml.metadata.MetadataDisplayFilter@45311a99]], [ Ant [pattern='/saml/login/**'], [esmo.test.ap.apms.SamlWithRelayStateEntryPoint@7037a680]], [ Ant [pattern='/saml/SSO/**'], [org.springframework.security.saml.SAMLProcessingFilter@492c8137]], [ Ant [pattern='/saml/logout/**'], [org.springframework.security.saml.SAMLLogoutFilter@420b55ed]], [ Ant [pattern='/saml/SingleLogout/**'], [org.springframework.security.saml.SAMLLogoutProcessingFilter@f237ae7]]]], org.springframework.security.web.savedrequest.RequestCacheAwareFilter@4df7b4ac, org.springframework.security.web.servletapi.SecurityContextHolderAwareRequestFilter@7c47e077, org.springframework.security.web.authentication.AnonymousAuthenticationFilter@645d4639, org.springframework.security.web.session.SessionManagementFilter@b56c222, org.springframework.security.web.access.ExceptionTranslationFilter@1d2c253, org.springframework.security.web.access.intercept.FilterSecurityInterceptor@42d0e41]
2019-06-24 21:39:19,657 INFO org.springframework.mock.web.MockServletContext [main] Initializing Spring TestDispatcherServlet ''
2019-06-24 21:39:19,657 INFO org.springframework.web.servlet.FrameworkServlet [main] Initializing Servlet ''
2019-06-24 21:39:19,676 INFO org.springframework.web.servlet.FrameworkServlet [main] Completed initialization in 18 ms
2019-06-24 21:39:19,695 INFO org.springframework.boot.StartupInfoLogger [main] Started TestSessisonManagerConnection in 1.416 seconds (JVM running for 11.405)
2019-06-24 21:39:21,624 INFO org.springframework.scheduling.concurrent.ExecutorConfigurationSupport [Thread-6] Shutting down ExecutorService 'applicationTaskExecutor'
2019-06-24 21:39:21,631 INFO org.springframework.scheduling.concurrent.ExecutorConfigurationSupport [Thread-12] Shutting down ExecutorService 'applicationTaskExecutor'
