2020-01-10 14:27:44,866 INFO org.springframework.boot.StartupInfoLogger [main] Starting ApmsApplicationTests on carlos-VirtualBox with PID 5338 (started by carlos in /home/carlos/Documents/prj/seal/GRAPms)
2020-01-10 14:27:44,879 INFO org.springframework.boot.SpringApplication [main] The following profiles are active: test
2020-01-10 14:27:50,735 INFO com.google.code.ssm.config.DefaultAddressProvider [main] Defined values 127.0.0.1:11211 will be used as memcached addresses
2020-01-10 14:27:53,670 INFO org.opensaml.saml2.metadata.provider.AbstractReloadingMetadataProvider [main] New metadata succesfully loaded for 'https://idp.aegean.gr/idp/shibboleth'
2020-01-10 14:27:53,715 INFO org.opensaml.saml2.metadata.provider.AbstractReloadingMetadataProvider [main] Next refresh cycle for metadata provider 'https://idp.aegean.gr/idp/shibboleth' will occur on '2020-01-10T16:27:52.637Z' ('2020-01-10T17:27:52.637+01:00' local time)
2020-01-10 14:27:53,933 INFO esmo.test.ap.apms.SamlSecurityConfig [main] Using SAMLContextProviderLB implementation of SAMLContextProvider for context provider bean.
2020-01-10 14:27:53,942 INFO esmo.test.ap.apms.SamlSecurityConfig [main] Setting the load balancer scheme to https
2020-01-10 14:27:53,943 INFO esmo.test.ap.apms.SamlSecurityConfig [main] Setting the load balancer server name to serverName
2020-01-10 14:27:53,943 INFO esmo.test.ap.apms.SamlSecurityConfig [main] Setting the load balancer context path to /grap
2020-01-10 14:27:53,944 INFO esmo.test.ap.apms.SamlSecurityConfig [main] Setting the load balancer port to 443
2020-01-10 14:27:53,946 INFO esmo.test.ap.apms.SamlSecurityConfig [main] Setting whether to include the server port in the request URL to false
2020-01-10 14:27:54,212 INFO org.springframework.security.web.DefaultSecurityFilterChain [main] Creating filter chain: Ant [pattern='/saml/metadata/**'], [org.springframework.security.saml.metadata.MetadataDisplayFilter@650a1aff]
2020-01-10 14:27:54,214 INFO org.springframework.security.web.DefaultSecurityFilterChain [main] Creating filter chain: Ant [pattern='/saml/login/**'], [esmo.test.ap.apms.SamlWithRelayStateEntryPoint@3babcaed]
2020-01-10 14:27:54,216 INFO org.springframework.security.web.DefaultSecurityFilterChain [main] Creating filter chain: Ant [pattern='/saml/SSO/**'], [org.springframework.security.saml.SAMLProcessingFilter@2b9e69fb]
2020-01-10 14:27:54,217 INFO org.springframework.security.web.DefaultSecurityFilterChain [main] Creating filter chain: Ant [pattern='/saml/logout/**'], [org.springframework.security.saml.SAMLLogoutFilter@19bfbe28]
2020-01-10 14:27:54,220 INFO org.springframework.security.web.DefaultSecurityFilterChain [main] Creating filter chain: Ant [pattern='/saml/SingleLogout/**'], [org.springframework.security.saml.SAMLLogoutProcessingFilter@2c579202]
2020-01-10 14:27:54,951 INFO org.springframework.scheduling.concurrent.ExecutorConfigurationSupport [main] Initializing ExecutorService 'applicationTaskExecutor'
2020-01-10 14:27:56,032 INFO org.springframework.security.web.DefaultSecurityFilterChain [main] Creating filter chain: any request, [org.springframework.security.saml.metadata.MetadataGeneratorFilter@31d4b3e8, org.springframework.security.web.context.request.async.WebAsyncManagerIntegrationFilter@278de2b2, org.springframework.security.web.context.SecurityContextPersistenceFilter@1c92a549, org.springframework.security.web.header.HeaderWriterFilter@3eb9c575, org.springframework.security.web.authentication.logout.LogoutFilter@13e1e816, FilterChainProxy[Filter Chains: [[ Ant [pattern='/saml/metadata/**'], [org.springframework.security.saml.metadata.MetadataDisplayFilter@650a1aff]], [ Ant [pattern='/saml/login/**'], [esmo.test.ap.apms.SamlWithRelayStateEntryPoint@3babcaed]], [ Ant [pattern='/saml/SSO/**'], [org.springframework.security.saml.SAMLProcessingFilter@2b9e69fb]], [ Ant [pattern='/saml/logout/**'], [org.springframework.security.saml.SAMLLogoutFilter@19bfbe28]], [ Ant [pattern='/saml/SingleLogout/**'], [org.springframework.security.saml.SAMLLogoutProcessingFilter@2c579202]]]], org.springframework.security.web.savedrequest.RequestCacheAwareFilter@1716c037, org.springframework.security.web.servletapi.SecurityContextHolderAwareRequestFilter@63262071, org.springframework.security.web.authentication.AnonymousAuthenticationFilter@1fc1c7e, org.springframework.security.web.session.SessionManagementFilter@1e477944, org.springframework.security.web.access.ExceptionTranslationFilter@30af23fd, org.springframework.security.web.access.intercept.FilterSecurityInterceptor@1bfa3893]
2020-01-10 14:27:56,316 INFO org.springframework.boot.StartupInfoLogger [main] Started ApmsApplicationTests in 12.652 seconds (JVM running for 18.348)
2020-01-10 14:27:56,363 INFO org.springframework.test.context.support.AbstractTestContextBootstrapper [main] Neither @ContextConfiguration nor @ContextHierarchy found for test class [esmo.test.ap.apms.integration.TestSessisonManagerConnection], using SpringBootContextLoader
2020-01-10 14:27:56,370 INFO org.springframework.test.context.support.AbstractContextLoader [main] Could not detect default resource locations for test class [esmo.test.ap.apms.integration.TestSessisonManagerConnection]: no resource found for suffixes {-context.xml, Context.groovy}.
2020-01-10 14:27:56,418 INFO org.springframework.test.context.support.AbstractTestContextBootstrapper [main] Loaded default TestExecutionListener class names from location [META-INF/spring.factories]: [org.springframework.boot.test.mock.mockito.MockitoTestExecutionListener, org.springframework.boot.test.mock.mockito.ResetMocksTestExecutionListener, org.springframework.boot.test.autoconfigure.restdocs.RestDocsTestExecutionListener, org.springframework.boot.test.autoconfigure.web.client.MockRestServiceServerResetTestExecutionListener, org.springframework.boot.test.autoconfigure.web.servlet.MockMvcPrintOnlyOnFailureTestExecutionListener, org.springframework.boot.test.autoconfigure.web.servlet.WebDriverTestExecutionListener, org.springframework.test.context.web.ServletTestExecutionListener, org.springframework.test.context.support.DirtiesContextBeforeModesTestExecutionListener, org.springframework.test.context.support.DependencyInjectionTestExecutionListener, org.springframework.test.context.support.DirtiesContextTestExecutionListener, org.springframework.test.context.transaction.TransactionalTestExecutionListener, org.springframework.test.context.jdbc.SqlScriptsTestExecutionListener]
2020-01-10 14:27:56,423 INFO org.springframework.test.context.support.AbstractTestContextBootstrapper [main] Using TestExecutionListeners: [org.springframework.test.context.web.ServletTestExecutionListener@4537880f, org.springframework.test.context.support.DirtiesContextBeforeModesTestExecutionListener@14292d71, org.springframework.boot.test.mock.mockito.MockitoTestExecutionListener@48e74764, org.springframework.boot.test.autoconfigure.SpringBootDependencyInjectionTestExecutionListener@338d47b, org.springframework.test.context.support.DirtiesContextTestExecutionListener@7a3643e3, org.springframework.boot.test.mock.mockito.ResetMocksTestExecutionListener@2729bb71, org.springframework.boot.test.autoconfigure.restdocs.RestDocsTestExecutionListener@55071497, org.springframework.boot.test.autoconfigure.web.client.MockRestServiceServerResetTestExecutionListener@10d98940, org.springframework.boot.test.autoconfigure.web.servlet.MockMvcPrintOnlyOnFailureTestExecutionListener@58b8f9e3, org.springframework.boot.test.autoconfigure.web.servlet.WebDriverTestExecutionListener@32a033b6]
2020-01-10 14:27:56,505 INFO org.springframework.boot.StartupInfoLogger [main] Starting TestSessisonManagerConnection on carlos-VirtualBox with PID 5338 (started by carlos in /home/carlos/Documents/prj/seal/GRAPms)
2020-01-10 14:27:56,507 INFO org.springframework.boot.SpringApplication [main] The following profiles are active: test
2020-01-10 14:27:57,539 INFO com.google.code.ssm.config.DefaultAddressProvider [main] Defined values 127.0.0.1:11211 will be used as memcached addresses
2020-01-10 14:27:58,089 INFO org.opensaml.saml2.metadata.provider.AbstractReloadingMetadataProvider [main] New metadata succesfully loaded for 'https://idp.aegean.gr/idp/shibboleth'
2020-01-10 14:27:58,092 INFO org.opensaml.saml2.metadata.provider.AbstractReloadingMetadataProvider [main] Next refresh cycle for metadata provider 'https://idp.aegean.gr/idp/shibboleth' will occur on '2020-01-10T16:27:57.815Z' ('2020-01-10T17:27:57.815+01:00' local time)
2020-01-10 14:27:58,122 INFO esmo.test.ap.apms.SamlSecurityConfig [main] Using SAMLContextProviderLB implementation of SAMLContextProvider for context provider bean.
2020-01-10 14:27:58,124 INFO esmo.test.ap.apms.SamlSecurityConfig [main] Setting the load balancer scheme to https
2020-01-10 14:27:58,126 INFO esmo.test.ap.apms.SamlSecurityConfig [main] Setting the load balancer server name to serverName
2020-01-10 14:27:58,129 INFO esmo.test.ap.apms.SamlSecurityConfig [main] Setting the load balancer context path to /grap
2020-01-10 14:27:58,135 INFO esmo.test.ap.apms.SamlSecurityConfig [main] Setting the load balancer port to 443
2020-01-10 14:27:58,137 INFO esmo.test.ap.apms.SamlSecurityConfig [main] Setting whether to include the server port in the request URL to false
2020-01-10 14:27:58,209 INFO org.springframework.security.web.DefaultSecurityFilterChain [main] Creating filter chain: Ant [pattern='/saml/metadata/**'], [org.springframework.security.saml.metadata.MetadataDisplayFilter@4e5364a3]
2020-01-10 14:27:58,209 INFO org.springframework.security.web.DefaultSecurityFilterChain [main] Creating filter chain: Ant [pattern='/saml/login/**'], [esmo.test.ap.apms.SamlWithRelayStateEntryPoint@1a336906]
2020-01-10 14:27:58,210 INFO org.springframework.security.web.DefaultSecurityFilterChain [main] Creating filter chain: Ant [pattern='/saml/SSO/**'], [org.springframework.security.saml.SAMLProcessingFilter@62054faf]
2020-01-10 14:27:58,211 INFO org.springframework.security.web.DefaultSecurityFilterChain [main] Creating filter chain: Ant [pattern='/saml/logout/**'], [org.springframework.security.saml.SAMLLogoutFilter@75d539b9]
2020-01-10 14:27:58,212 INFO org.springframework.security.web.DefaultSecurityFilterChain [main] Creating filter chain: Ant [pattern='/saml/SingleLogout/**'], [org.springframework.security.saml.SAMLLogoutProcessingFilter@20f63ddc]
2020-01-10 14:27:58,359 INFO org.springframework.scheduling.concurrent.ExecutorConfigurationSupport [main] Initializing ExecutorService 'applicationTaskExecutor'
2020-01-10 14:27:58,530 INFO org.springframework.security.web.DefaultSecurityFilterChain [main] Creating filter chain: any request, [org.springframework.security.saml.metadata.MetadataGeneratorFilter@49bb808f, org.springframework.security.web.context.request.async.WebAsyncManagerIntegrationFilter@563ada5, org.springframework.security.web.context.SecurityContextPersistenceFilter@6550ce46, org.springframework.security.web.header.HeaderWriterFilter@1dfcf85a, org.springframework.security.web.authentication.logout.LogoutFilter@25589735, FilterChainProxy[Filter Chains: [[ Ant [pattern='/saml/metadata/**'], [org.springframework.security.saml.metadata.MetadataDisplayFilter@4e5364a3]], [ Ant [pattern='/saml/login/**'], [esmo.test.ap.apms.SamlWithRelayStateEntryPoint@1a336906]], [ Ant [pattern='/saml/SSO/**'], [org.springframework.security.saml.SAMLProcessingFilter@62054faf]], [ Ant [pattern='/saml/logout/**'], [org.springframework.security.saml.SAMLLogoutFilter@75d539b9]], [ Ant [pattern='/saml/SingleLogout/**'], [org.springframework.security.saml.SAMLLogoutProcessingFilter@20f63ddc]]]], org.springframework.security.web.savedrequest.RequestCacheAwareFilter@69f69078, org.springframework.security.web.servletapi.SecurityContextHolderAwareRequestFilter@13b29b34, org.springframework.security.web.authentication.AnonymousAuthenticationFilter@12548f9a, org.springframework.security.web.session.SessionManagementFilter@590dea35, org.springframework.security.web.access.ExceptionTranslationFilter@64ed18ec, org.springframework.security.web.access.intercept.FilterSecurityInterceptor@47c81e89]
2020-01-10 14:27:58,658 INFO org.springframework.mock.web.MockServletContext [main] Initializing Spring TestDispatcherServlet ''
2020-01-10 14:27:58,659 INFO org.springframework.web.servlet.FrameworkServlet [main] Initializing Servlet ''
2020-01-10 14:27:58,691 INFO org.springframework.web.servlet.FrameworkServlet [main] Completed initialization in 30 ms
2020-01-10 14:27:58,735 INFO org.springframework.boot.StartupInfoLogger [main] Started TestSessisonManagerConnection in 2.306 seconds (JVM running for 20.766)
2020-01-10 14:28:02,289 INFO esmo.test.ap.apms.service.impl.NetworkServiceImpl [main] request failed will retry
2020-01-10 14:28:03,560 INFO esmo.test.ap.apms.service.impl.NetworkServiceImpl [main] request failed will retry
2020-01-10 14:28:04,861 INFO esmo.test.ap.apms.service.impl.NetworkServiceImpl [main] request failed will retry
2020-01-10 14:28:06,142 INFO esmo.test.ap.apms.service.impl.NetworkServiceImpl [main] request failed will retry
2020-01-10 14:28:06,345 INFO org.springframework.scheduling.concurrent.ExecutorConfigurationSupport [Thread-6] Shutting down ExecutorService 'applicationTaskExecutor'
2020-01-10 14:28:06,360 INFO org.springframework.scheduling.concurrent.ExecutorConfigurationSupport [Thread-12] Shutting down ExecutorService 'applicationTaskExecutor'
