2019-04-24 13:06:56,543 INFO org.springframework.boot.StartupInfoLogger [main] Starting TestMinEduService on nikos-Lenovo-V310-15IKB with PID 26588 (started by nikos in /home/nikos/NetBeansProjects/ESMO-AP-TEST)
2019-04-24 13:06:56,547 INFO org.springframework.boot.SpringApplication [main] No active profile set, falling back to default profiles: default
2019-04-24 13:06:59,360 INFO com.google.code.ssm.config.DefaultAddressProvider [main] Defined values 172.17.0.1:11211 will be used as memcached addresses
2019-04-24 13:07:00,750 INFO org.springframework.scheduling.concurrent.ExecutorConfigurationSupport [main] Initializing ExecutorService 'applicationTaskExecutor'
2019-04-24 13:07:01,555 INFO org.springframework.boot.StartupInfoLogger [main] Started TestMinEduService in 5.522 seconds (JVM running for 6.907)
2019-04-24 13:07:01,888 INFO esmo.test.ap.apms.service.impl.MinEduServiceImpl [main] will get toke from theurl: https://validation.interoperability.gr:9443/OAUTH2Proxy_1.0.0/services/oauthproxy/authorization/token
2019-04-24 13:07:01,889 INFO esmo.test.ap.apms.service.impl.MinEduServiceImpl [main] will get new token 
2019-04-24 13:07:04,756 INFO esmo.test.ap.apms.service.impl.MinEduServiceImpl [main] retrieved token b6519af2-d4f4-39f3-a703-5008a97a570e
2019-04-24 13:07:04,761 INFO esmo.test.ap.apms.service.impl.MinEduServiceImpl [main] querying for academicId 200260674408
2019-04-24 13:07:07,809 INFO esmo.test.ap.apms.service.impl.MinEduServiceImpl [main] MinEduLog {minEduSessionId:7d193ab1-9d5c-4f78-88f9-0ffa6ebce9bf, selectedUniversity:, responseTimeStamp:2019-04-24T13:07:00+03:00, recievedTimeStamp:2019-04-24T13:07:07.809+03:00, esmoSessionId:esmoSession}
2019-04-24 13:07:07,815 INFO esmo.test.ap.apms.service.impl.MinEduServiceImpl [main] will get toke from theurl: https://validation.interoperability.gr:9443/OAUTH2Proxy_1.0.0/services/oauthproxy/authorization/token
2019-04-24 13:07:07,816 INFO esmo.test.ap.apms.service.impl.MinEduServiceImpl [main] MinEdu OAth token still alive b6519af2-d4f4-39f3-a703-5008a97a570e
2019-04-24 13:07:07,820 INFO esmo.test.ap.apms.service.impl.MinEduServiceImpl [main] querying for academicId 200260674408
2019-04-24 13:07:10,191 INFO esmo.test.ap.apms.service.impl.MinEduServiceImpl [main] MinEduLog {minEduSessionId:3067a906-b6ae-42f4-858a-70f2c9f7d522, selectedUniversity:, responseTimeStamp:2019-04-24T13:07:00+03:00, recievedTimeStamp:2019-04-24T13:07:10.191+03:00, esmoSessionId:esmoSession}
2019-04-24 13:07:10,208 INFO esmo.test.ap.apms.service.impl.MinEduServiceImpl [main] will get toke from theurl: https://validation.interoperability.gr:9443/OAUTH2Proxy_1.0.0/services/oauthproxy/authorization/token
2019-04-24 13:07:10,209 INFO esmo.test.ap.apms.service.impl.MinEduServiceImpl [main] will get new token 
2019-04-24 13:07:11,657 INFO esmo.test.ap.apms.service.impl.MinEduServiceImpl [main] retrieved token b6519af2-d4f4-39f3-a703-5008a97a570e
2019-04-24 13:07:11,658 INFO esmo.test.ap.apms.service.impl.MinEduServiceImpl [main] querying for amka 05108304675
2019-04-24 13:07:11,658 INFO esmo.test.ap.apms.service.impl.MinEduServiceImpl [main] will query amka in theurl: https://gateway.interoperability.gr/academicId/1.0.1/student/05108304675?fields=academicID&username=uaegean&password=k6v5sS4l1s!%
2019-04-24 13:07:12,627 INFO esmo.test.ap.apms.service.impl.MinEduServiceImpl [main] result 200260674408
2019-04-24 13:07:12,627 INFO esmo.test.ap.apms.service.impl.MinEduServiceImpl [main] MinEduLog {minEduSessionId:38ac6f57-78f5-4305-b65a-2667eb081a67, selectedUniversity:, responseTimeStamp:2019-04-24T13:07:00+03:00, recievedTimeStamp:2019-04-24T13:07:12.627+03:00, esmoSessionId:esmoSession}
2019-04-24 13:07:12,640 INFO esmo.test.ap.apms.service.impl.MinEduServiceImpl [main] will get toke from theurl: https://validation.interoperability.gr:9443/OAUTH2Proxy_1.0.0/services/oauthproxy/authorization/token
2019-04-24 13:07:12,644 INFO esmo.test.ap.apms.service.impl.MinEduServiceImpl [main] MinEdu OAth token still alive b6519af2-d4f4-39f3-a703-5008a97a570e
2019-04-24 13:07:12,645 INFO esmo.test.ap.apms.service.impl.MinEduServiceImpl [main] querying for amka 05108304675
2019-04-24 13:07:12,645 INFO esmo.test.ap.apms.service.impl.MinEduServiceImpl [main] will query amka in theurl: https://gateway.interoperability.gr/academicId/1.0.1/student/05108304675?fields=academicID&username=uaegean&password=k6v5sS4l1s!%
2019-04-24 13:07:13,550 INFO esmo.test.ap.apms.service.impl.MinEduServiceImpl [main] result 200260674408
2019-04-24 13:07:13,552 INFO esmo.test.ap.apms.service.impl.MinEduServiceImpl [main] MinEduLog {minEduSessionId:f191714c-98ee-4daa-bd18-36987e770a4c, selectedUniversity:, responseTimeStamp:2019-04-24T13:07:00+03:00, recievedTimeStamp:2019-04-24T13:07:13.551+03:00, esmoSessionId:esmoSession}
2019-04-24 13:07:13,601 INFO org.springframework.test.context.support.AbstractTestContextBootstrapper [main] Neither @ContextConfiguration nor @ContextHierarchy found for test class [esmo.test.ap.apms.service.TestUniversityCodesServ], using DelegatingSmartContextLoader
2019-04-24 13:07:13,608 INFO org.springframework.test.context.support.AbstractContextLoader [main] Could not detect default resource locations for test class [esmo.test.ap.apms.service.TestUniversityCodesServ]: no resource found for suffixes {-context.xml}.
2019-04-24 13:07:13,610 INFO org.springframework.test.context.support.AnnotationConfigContextLoaderUtils [main] Could not detect default configuration classes for test class [esmo.test.ap.apms.service.TestUniversityCodesServ]: TestUniversityCodesServ does not declare any static, non-private, non-final, nested classes annotated with @Configuration.
2019-04-24 13:07:13,630 INFO org.springframework.test.context.support.AbstractTestContextBootstrapper [main] Loaded default TestExecutionListener class names from location [META-INF/spring.factories]: [org.springframework.boot.test.mock.mockito.MockitoTestExecutionListener, org.springframework.boot.test.mock.mockito.ResetMocksTestExecutionListener, org.springframework.boot.test.autoconfigure.restdocs.RestDocsTestExecutionListener, org.springframework.boot.test.autoconfigure.web.client.MockRestServiceServerResetTestExecutionListener, org.springframework.boot.test.autoconfigure.web.servlet.MockMvcPrintOnlyOnFailureTestExecutionListener, org.springframework.boot.test.autoconfigure.web.servlet.WebDriverTestExecutionListener, org.springframework.test.context.web.ServletTestExecutionListener, org.springframework.test.context.support.DirtiesContextBeforeModesTestExecutionListener, org.springframework.test.context.support.DependencyInjectionTestExecutionListener, org.springframework.test.context.support.DirtiesContextTestExecutionListener, org.springframework.test.context.transaction.TransactionalTestExecutionListener, org.springframework.test.context.jdbc.SqlScriptsTestExecutionListener]
2019-04-24 13:07:13,637 INFO org.springframework.test.context.support.AbstractTestContextBootstrapper [main] Using TestExecutionListeners: [org.springframework.test.context.web.ServletTestExecutionListener@1dc3502b, org.springframework.test.context.support.DirtiesContextBeforeModesTestExecutionListener@6a1d3225, org.springframework.boot.test.mock.mockito.MockitoTestExecutionListener@67e13bd0, org.springframework.test.context.support.DependencyInjectionTestExecutionListener@50fb33a, org.springframework.test.context.support.DirtiesContextTestExecutionListener@2cae9b8, org.springframework.boot.test.mock.mockito.ResetMocksTestExecutionListener@1457fde, org.springframework.boot.test.autoconfigure.restdocs.RestDocsTestExecutionListener@6f94fb9d, org.springframework.boot.test.autoconfigure.web.client.MockRestServiceServerResetTestExecutionListener@17fa1336, org.springframework.boot.test.autoconfigure.web.servlet.MockMvcPrintOnlyOnFailureTestExecutionListener@4228bf58, org.springframework.boot.test.autoconfigure.web.servlet.WebDriverTestExecutionListener@68b9834c]
2019-04-24 13:07:14,350 INFO org.springframework.test.context.support.AbstractTestContextBootstrapper [main] Neither @ContextConfiguration nor @ContextHierarchy found for test class [esmo.test.ap.apms.ApmsApplicationTests], using SpringBootContextLoader
2019-04-24 13:07:14,354 INFO org.springframework.test.context.support.AbstractContextLoader [main] Could not detect default resource locations for test class [esmo.test.ap.apms.ApmsApplicationTests]: no resource found for suffixes {-context.xml, Context.groovy}.
2019-04-24 13:07:14,356 INFO org.springframework.test.context.support.AnnotationConfigContextLoaderUtils [main] Could not detect default configuration classes for test class [esmo.test.ap.apms.ApmsApplicationTests]: ApmsApplicationTests does not declare any static, non-private, non-final, nested classes annotated with @Configuration.
2019-04-24 13:07:14,414 INFO org.springframework.boot.test.context.SpringBootTestContextBootstrapper [main] Found @SpringBootConfiguration esmo.test.ap.apms.ApmsApplication for test class esmo.test.ap.apms.ApmsApplicationTests
2019-04-24 13:07:14,418 INFO org.springframework.test.context.support.AbstractTestContextBootstrapper [main] Loaded default TestExecutionListener class names from location [META-INF/spring.factories]: [org.springframework.boot.test.mock.mockito.MockitoTestExecutionListener, org.springframework.boot.test.mock.mockito.ResetMocksTestExecutionListener, org.springframework.boot.test.autoconfigure.restdocs.RestDocsTestExecutionListener, org.springframework.boot.test.autoconfigure.web.client.MockRestServiceServerResetTestExecutionListener, org.springframework.boot.test.autoconfigure.web.servlet.MockMvcPrintOnlyOnFailureTestExecutionListener, org.springframework.boot.test.autoconfigure.web.servlet.WebDriverTestExecutionListener, org.springframework.test.context.web.ServletTestExecutionListener, org.springframework.test.context.support.DirtiesContextBeforeModesTestExecutionListener, org.springframework.test.context.support.DependencyInjectionTestExecutionListener, org.springframework.test.context.support.DirtiesContextTestExecutionListener, org.springframework.test.context.transaction.TransactionalTestExecutionListener, org.springframework.test.context.jdbc.SqlScriptsTestExecutionListener]
2019-04-24 13:07:14,422 INFO org.springframework.test.context.support.AbstractTestContextBootstrapper [main] Using TestExecutionListeners: [org.springframework.test.context.web.ServletTestExecutionListener@443faa85, org.springframework.test.context.support.DirtiesContextBeforeModesTestExecutionListener@1ee47d9e, org.springframework.boot.test.mock.mockito.MockitoTestExecutionListener@41da3aee, org.springframework.boot.test.autoconfigure.SpringBootDependencyInjectionTestExecutionListener@5dc0ff7d, org.springframework.test.context.support.DirtiesContextTestExecutionListener@64920dc2, org.springframework.boot.test.mock.mockito.ResetMocksTestExecutionListener@59a79443, org.springframework.boot.test.autoconfigure.restdocs.RestDocsTestExecutionListener@493ac8d3, org.springframework.boot.test.autoconfigure.web.client.MockRestServiceServerResetTestExecutionListener@13dbed9e, org.springframework.boot.test.autoconfigure.web.servlet.MockMvcPrintOnlyOnFailureTestExecutionListener@67531e3a, org.springframework.boot.test.autoconfigure.web.servlet.WebDriverTestExecutionListener@2b38b1f]
2019-04-24 13:07:14,563 INFO org.springframework.boot.StartupInfoLogger [main] Starting ApmsApplicationTests on nikos-Lenovo-V310-15IKB with PID 26588 (started by nikos in /home/nikos/NetBeansProjects/ESMO-AP-TEST)
2019-04-24 13:07:14,566 INFO org.springframework.boot.SpringApplication [main] The following profiles are active: test
2019-04-24 13:07:15,340 INFO com.google.code.ssm.config.DefaultAddressProvider [main] Defined values 172.17.0.1:11211 will be used as memcached addresses
2019-04-24 13:07:16,020 INFO org.springframework.scheduling.concurrent.ExecutorConfigurationSupport [main] Initializing ExecutorService 'applicationTaskExecutor'
2019-04-24 13:07:16,392 INFO org.springframework.boot.StartupInfoLogger [main] Started ApmsApplicationTests in 1.962 seconds (JVM running for 21.744)
2019-04-24 13:07:16,409 INFO org.springframework.test.context.support.AbstractTestContextBootstrapper [main] Neither @ContextConfiguration nor @ContextHierarchy found for test class [esmo.test.ap.apms.integration.TestSessisonManagerConnection], using SpringBootContextLoader
2019-04-24 13:07:16,410 INFO org.springframework.test.context.support.AbstractContextLoader [main] Could not detect default resource locations for test class [esmo.test.ap.apms.integration.TestSessisonManagerConnection]: no resource found for suffixes {-context.xml, Context.groovy}.
2019-04-24 13:07:16,454 INFO org.springframework.test.context.support.AbstractTestContextBootstrapper [main] Loaded default TestExecutionListener class names from location [META-INF/spring.factories]: [org.springframework.boot.test.mock.mockito.MockitoTestExecutionListener, org.springframework.boot.test.mock.mockito.ResetMocksTestExecutionListener, org.springframework.boot.test.autoconfigure.restdocs.RestDocsTestExecutionListener, org.springframework.boot.test.autoconfigure.web.client.MockRestServiceServerResetTestExecutionListener, org.springframework.boot.test.autoconfigure.web.servlet.MockMvcPrintOnlyOnFailureTestExecutionListener, org.springframework.boot.test.autoconfigure.web.servlet.WebDriverTestExecutionListener, org.springframework.test.context.web.ServletTestExecutionListener, org.springframework.test.context.support.DirtiesContextBeforeModesTestExecutionListener, org.springframework.test.context.support.DependencyInjectionTestExecutionListener, org.springframework.test.context.support.DirtiesContextTestExecutionListener, org.springframework.test.context.transaction.TransactionalTestExecutionListener, org.springframework.test.context.jdbc.SqlScriptsTestExecutionListener]
2019-04-24 13:07:16,456 INFO org.springframework.test.context.support.AbstractTestContextBootstrapper [main] Using TestExecutionListeners: [org.springframework.test.context.web.ServletTestExecutionListener@4dac121d, org.springframework.test.context.support.DirtiesContextBeforeModesTestExecutionListener@568750b7, org.springframework.boot.test.mock.mockito.MockitoTestExecutionListener@3e28fee1, org.springframework.boot.test.autoconfigure.SpringBootDependencyInjectionTestExecutionListener@16a2ed51, org.springframework.test.context.support.DirtiesContextTestExecutionListener@3b332962, org.springframework.boot.test.mock.mockito.ResetMocksTestExecutionListener@57ddd45b, org.springframework.boot.test.autoconfigure.restdocs.RestDocsTestExecutionListener@2e7bf7b7, org.springframework.boot.test.autoconfigure.web.client.MockRestServiceServerResetTestExecutionListener@2fb25f4c, org.springframework.boot.test.autoconfigure.web.servlet.MockMvcPrintOnlyOnFailureTestExecutionListener@de81be1, org.springframework.boot.test.autoconfigure.web.servlet.WebDriverTestExecutionListener@342e690b]
2019-04-24 13:07:16,499 INFO org.springframework.boot.StartupInfoLogger [main] Starting TestSessisonManagerConnection on nikos-Lenovo-V310-15IKB with PID 26588 (started by nikos in /home/nikos/NetBeansProjects/ESMO-AP-TEST)
2019-04-24 13:07:16,501 INFO org.springframework.boot.SpringApplication [main] The following profiles are active: test
2019-04-24 13:07:17,154 INFO com.google.code.ssm.config.DefaultAddressProvider [main] Defined values 172.17.0.1:11211 will be used as memcached addresses
2019-04-24 13:07:17,745 INFO org.springframework.scheduling.concurrent.ExecutorConfigurationSupport [main] Initializing ExecutorService 'applicationTaskExecutor'
2019-04-24 13:07:18,103 INFO org.springframework.mock.web.MockServletContext [main] Initializing Spring TestDispatcherServlet ''
2019-04-24 13:07:18,103 INFO org.springframework.web.servlet.FrameworkServlet [main] Initializing Servlet ''
2019-04-24 13:07:18,143 INFO org.springframework.web.servlet.FrameworkServlet [main] Completed initialization in 39 ms
2019-04-24 13:07:18,171 INFO org.springframework.boot.StartupInfoLogger [main] Started TestSessisonManagerConnection in 1.712 seconds (JVM running for 23.523)
2019-04-24 13:07:19,795 INFO org.springframework.scheduling.concurrent.ExecutorConfigurationSupport [Thread-3] Shutting down ExecutorService 'applicationTaskExecutor'
2019-04-24 13:07:19,827 INFO org.springframework.scheduling.concurrent.ExecutorConfigurationSupport [Thread-7] Shutting down ExecutorService 'applicationTaskExecutor'
2019-04-24 13:07:19,831 INFO org.springframework.scheduling.concurrent.ExecutorConfigurationSupport [Thread-11] Shutting down ExecutorService 'applicationTaskExecutor'
2019-04-24 13:19:45,861 INFO org.springframework.boot.StartupInfoLogger [main] Starting TestMinEduService on nikos-Lenovo-V310-15IKB with PID 27406 (started by nikos in /home/nikos/NetBeansProjects/ESMO-AP-TEST)
2019-04-24 13:19:45,865 INFO org.springframework.boot.SpringApplication [main] No active profile set, falling back to default profiles: default
2019-04-24 13:19:48,121 INFO com.google.code.ssm.config.DefaultAddressProvider [main] Defined values 172.17.0.1:11211 will be used as memcached addresses
2019-04-24 13:19:49,419 INFO org.springframework.scheduling.concurrent.ExecutorConfigurationSupport [main] Initializing ExecutorService 'applicationTaskExecutor'
2019-04-24 13:19:50,109 INFO org.springframework.boot.StartupInfoLogger [main] Started TestMinEduService in 4.951 seconds (JVM running for 6.188)
2019-04-24 13:19:50,515 INFO esmo.test.ap.apms.service.impl.MinEduServiceImpl [main] will get toke from theurl: https://validation.interoperability.gr:9443/OAUTH2Proxy_1.0.0/services/oauthproxy/authorization/token
2019-04-24 13:19:50,516 INFO esmo.test.ap.apms.service.impl.MinEduServiceImpl [main] will get new token 
2019-04-24 13:19:52,757 INFO esmo.test.ap.apms.service.impl.MinEduServiceImpl [main] retrieved token b6519af2-d4f4-39f3-a703-5008a97a570e
2019-04-24 13:19:52,764 INFO esmo.test.ap.apms.service.impl.MinEduServiceImpl [main] querying for academicId 200260674408
2019-04-24 13:19:54,097 INFO esmo.test.ap.apms.service.impl.MinEduServiceImpl [main] MinEduLog {minEduSessionId:056af457-c6f4-4fa7-9d4e-d3c24d497e42, selectedUniversity:, responseTimeStamp:2019-04-24T13:19:00+03:00, recievedTimeStamp:2019-04-24T13:19:54.096+03:00, esmoSessionId:esmoSession}
2019-04-24 13:19:54,101 INFO esmo.test.ap.apms.service.impl.MinEduServiceImpl [main] will get toke from theurl: https://validation.interoperability.gr:9443/OAUTH2Proxy_1.0.0/services/oauthproxy/authorization/token
2019-04-24 13:19:54,102 INFO esmo.test.ap.apms.service.impl.MinEduServiceImpl [main] MinEdu OAth token still alive b6519af2-d4f4-39f3-a703-5008a97a570e
2019-04-24 13:19:54,106 INFO esmo.test.ap.apms.service.impl.MinEduServiceImpl [main] querying for academicId 200260674408
2019-04-24 13:19:54,827 INFO esmo.test.ap.apms.service.impl.MinEduServiceImpl [main] MinEduLog {minEduSessionId:942b622f-f450-49ec-9141-e2c5164b5e94, selectedUniversity:, responseTimeStamp:2019-04-24T13:19:00+03:00, recievedTimeStamp:2019-04-24T13:19:54.826+03:00, esmoSessionId:esmoSession}
2019-04-24 13:19:54,836 INFO esmo.test.ap.apms.service.impl.MinEduServiceImpl [main] will get toke from theurl: https://validation.interoperability.gr:9443/OAUTH2Proxy_1.0.0/services/oauthproxy/authorization/token
2019-04-24 13:19:54,836 INFO esmo.test.ap.apms.service.impl.MinEduServiceImpl [main] will get new token 
2019-04-24 13:19:56,220 INFO esmo.test.ap.apms.service.impl.MinEduServiceImpl [main] retrieved token b6519af2-d4f4-39f3-a703-5008a97a570e
2019-04-24 13:19:56,220 INFO esmo.test.ap.apms.service.impl.MinEduServiceImpl [main] querying for amka 05108304675
2019-04-24 13:19:56,220 INFO esmo.test.ap.apms.service.impl.MinEduServiceImpl [main] will query amka in theurl: https://gateway.interoperability.gr/academicId/1.0.1/student/05108304675?fields=academicID&username=uaegean&password=k6v5sS4l1s!%
2019-04-24 13:19:56,932 INFO esmo.test.ap.apms.service.impl.MinEduServiceImpl [main] result 200260674408
2019-04-24 13:19:56,933 INFO esmo.test.ap.apms.service.impl.MinEduServiceImpl [main] MinEduLog {minEduSessionId:020d8530-abb9-4d75-93b0-b3838b40aa0e, selectedUniversity:, responseTimeStamp:2019-04-24T13:19:00+03:00, recievedTimeStamp:2019-04-24T13:19:56.933+03:00, esmoSessionId:esmoSession}
2019-04-24 13:19:56,937 INFO esmo.test.ap.apms.service.impl.MinEduServiceImpl [main] will get toke from theurl: https://validation.interoperability.gr:9443/OAUTH2Proxy_1.0.0/services/oauthproxy/authorization/token
2019-04-24 13:19:56,938 INFO esmo.test.ap.apms.service.impl.MinEduServiceImpl [main] MinEdu OAth token still alive b6519af2-d4f4-39f3-a703-5008a97a570e
2019-04-24 13:19:56,938 INFO esmo.test.ap.apms.service.impl.MinEduServiceImpl [main] querying for amka 05108304675
2019-04-24 13:19:56,939 INFO esmo.test.ap.apms.service.impl.MinEduServiceImpl [main] will query amka in theurl: https://gateway.interoperability.gr/academicId/1.0.1/student/05108304675?fields=academicID&username=uaegean&password=k6v5sS4l1s!%
2019-04-24 13:19:57,646 INFO esmo.test.ap.apms.service.impl.MinEduServiceImpl [main] result 200260674408
2019-04-24 13:19:57,647 INFO esmo.test.ap.apms.service.impl.MinEduServiceImpl [main] MinEduLog {minEduSessionId:8acfefe9-dbaa-4fa8-9124-ac4fd8846d47, selectedUniversity:, responseTimeStamp:2019-04-24T13:19:00+03:00, recievedTimeStamp:2019-04-24T13:19:57.647+03:00, esmoSessionId:esmoSession}
2019-04-24 13:19:57,657 INFO org.springframework.test.context.support.AbstractTestContextBootstrapper [main] Neither @ContextConfiguration nor @ContextHierarchy found for test class [esmo.test.ap.apms.service.TestUniversityCodesServ], using DelegatingSmartContextLoader
2019-04-24 13:19:57,658 INFO org.springframework.test.context.support.AbstractContextLoader [main] Could not detect default resource locations for test class [esmo.test.ap.apms.service.TestUniversityCodesServ]: no resource found for suffixes {-context.xml}.
2019-04-24 13:19:57,659 INFO org.springframework.test.context.support.AnnotationConfigContextLoaderUtils [main] Could not detect default configuration classes for test class [esmo.test.ap.apms.service.TestUniversityCodesServ]: TestUniversityCodesServ does not declare any static, non-private, non-final, nested classes annotated with @Configuration.
2019-04-24 13:19:57,668 INFO org.springframework.test.context.support.AbstractTestContextBootstrapper [main] Loaded default TestExecutionListener class names from location [META-INF/spring.factories]: [org.springframework.boot.test.mock.mockito.MockitoTestExecutionListener, org.springframework.boot.test.mock.mockito.ResetMocksTestExecutionListener, org.springframework.boot.test.autoconfigure.restdocs.RestDocsTestExecutionListener, org.springframework.boot.test.autoconfigure.web.client.MockRestServiceServerResetTestExecutionListener, org.springframework.boot.test.autoconfigure.web.servlet.MockMvcPrintOnlyOnFailureTestExecutionListener, org.springframework.boot.test.autoconfigure.web.servlet.WebDriverTestExecutionListener, org.springframework.test.context.web.ServletTestExecutionListener, org.springframework.test.context.support.DirtiesContextBeforeModesTestExecutionListener, org.springframework.test.context.support.DependencyInjectionTestExecutionListener, org.springframework.test.context.support.DirtiesContextTestExecutionListener, org.springframework.test.context.transaction.TransactionalTestExecutionListener, org.springframework.test.context.jdbc.SqlScriptsTestExecutionListener]
2019-04-24 13:19:57,669 INFO org.springframework.test.context.support.AbstractTestContextBootstrapper [main] Using TestExecutionListeners: [org.springframework.test.context.web.ServletTestExecutionListener@67e13bd0, org.springframework.test.context.support.DirtiesContextBeforeModesTestExecutionListener@50fb33a, org.springframework.boot.test.mock.mockito.MockitoTestExecutionListener@2cae9b8, org.springframework.test.context.support.DependencyInjectionTestExecutionListener@1457fde, org.springframework.test.context.support.DirtiesContextTestExecutionListener@6f94fb9d, org.springframework.boot.test.mock.mockito.ResetMocksTestExecutionListener@17fa1336, org.springframework.boot.test.autoconfigure.restdocs.RestDocsTestExecutionListener@4228bf58, org.springframework.boot.test.autoconfigure.web.client.MockRestServiceServerResetTestExecutionListener@68b9834c, org.springframework.boot.test.autoconfigure.web.servlet.MockMvcPrintOnlyOnFailureTestExecutionListener@20b9d5d5, org.springframework.boot.test.autoconfigure.web.servlet.WebDriverTestExecutionListener@671d1157]
2019-04-24 13:19:58,021 INFO org.springframework.test.context.support.AbstractTestContextBootstrapper [main] Neither @ContextConfiguration nor @ContextHierarchy found for test class [esmo.test.ap.apms.ApmsApplicationTests], using SpringBootContextLoader
2019-04-24 13:19:58,022 INFO org.springframework.test.context.support.AbstractContextLoader [main] Could not detect default resource locations for test class [esmo.test.ap.apms.ApmsApplicationTests]: no resource found for suffixes {-context.xml, Context.groovy}.
2019-04-24 13:19:58,023 INFO org.springframework.test.context.support.AnnotationConfigContextLoaderUtils [main] Could not detect default configuration classes for test class [esmo.test.ap.apms.ApmsApplicationTests]: ApmsApplicationTests does not declare any static, non-private, non-final, nested classes annotated with @Configuration.
2019-04-24 13:19:58,046 INFO org.springframework.boot.test.context.SpringBootTestContextBootstrapper [main] Found @SpringBootConfiguration esmo.test.ap.apms.ApmsApplication for test class esmo.test.ap.apms.ApmsApplicationTests
2019-04-24 13:19:58,049 INFO org.springframework.test.context.support.AbstractTestContextBootstrapper [main] Loaded default TestExecutionListener class names from location [META-INF/spring.factories]: [org.springframework.boot.test.mock.mockito.MockitoTestExecutionListener, org.springframework.boot.test.mock.mockito.ResetMocksTestExecutionListener, org.springframework.boot.test.autoconfigure.restdocs.RestDocsTestExecutionListener, org.springframework.boot.test.autoconfigure.web.client.MockRestServiceServerResetTestExecutionListener, org.springframework.boot.test.autoconfigure.web.servlet.MockMvcPrintOnlyOnFailureTestExecutionListener, org.springframework.boot.test.autoconfigure.web.servlet.WebDriverTestExecutionListener, org.springframework.test.context.web.ServletTestExecutionListener, org.springframework.test.context.support.DirtiesContextBeforeModesTestExecutionListener, org.springframework.test.context.support.DependencyInjectionTestExecutionListener, org.springframework.test.context.support.DirtiesContextTestExecutionListener, org.springframework.test.context.transaction.TransactionalTestExecutionListener, org.springframework.test.context.jdbc.SqlScriptsTestExecutionListener]
2019-04-24 13:19:58,051 INFO org.springframework.test.context.support.AbstractTestContextBootstrapper [main] Using TestExecutionListeners: [org.springframework.test.context.web.ServletTestExecutionListener@41da3aee, org.springframework.test.context.support.DirtiesContextBeforeModesTestExecutionListener@5dc0ff7d, org.springframework.boot.test.mock.mockito.MockitoTestExecutionListener@64920dc2, org.springframework.boot.test.autoconfigure.SpringBootDependencyInjectionTestExecutionListener@59a79443, org.springframework.test.context.support.DirtiesContextTestExecutionListener@493ac8d3, org.springframework.boot.test.mock.mockito.ResetMocksTestExecutionListener@13dbed9e, org.springframework.boot.test.autoconfigure.restdocs.RestDocsTestExecutionListener@67531e3a, org.springframework.boot.test.autoconfigure.web.client.MockRestServiceServerResetTestExecutionListener@2b38b1f, org.springframework.boot.test.autoconfigure.web.servlet.MockMvcPrintOnlyOnFailureTestExecutionListener@1d50a7ca, org.springframework.boot.test.autoconfigure.web.servlet.WebDriverTestExecutionListener@51ab1ee3]
2019-04-24 13:19:58,096 INFO org.springframework.boot.StartupInfoLogger [main] Starting ApmsApplicationTests on nikos-Lenovo-V310-15IKB with PID 27406 (started by nikos in /home/nikos/NetBeansProjects/ESMO-AP-TEST)
2019-04-24 13:19:58,096 INFO org.springframework.boot.SpringApplication [main] The following profiles are active: test
2019-04-24 13:19:58,516 INFO com.google.code.ssm.config.DefaultAddressProvider [main] Defined values 172.17.0.1:11211 will be used as memcached addresses
2019-04-24 13:19:59,059 INFO org.springframework.scheduling.concurrent.ExecutorConfigurationSupport [main] Initializing ExecutorService 'applicationTaskExecutor'
2019-04-24 13:19:59,351 INFO org.springframework.boot.StartupInfoLogger [main] Started ApmsApplicationTests in 1.294 seconds (JVM running for 15.43)
2019-04-24 13:19:59,365 INFO org.springframework.test.context.support.AbstractTestContextBootstrapper [main] Neither @ContextConfiguration nor @ContextHierarchy found for test class [esmo.test.ap.apms.integration.TestSessisonManagerConnection], using SpringBootContextLoader
2019-04-24 13:19:59,367 INFO org.springframework.test.context.support.AbstractContextLoader [main] Could not detect default resource locations for test class [esmo.test.ap.apms.integration.TestSessisonManagerConnection]: no resource found for suffixes {-context.xml, Context.groovy}.
2019-04-24 13:19:59,393 INFO org.springframework.test.context.support.AbstractTestContextBootstrapper [main] Loaded default TestExecutionListener class names from location [META-INF/spring.factories]: [org.springframework.boot.test.mock.mockito.MockitoTestExecutionListener, org.springframework.boot.test.mock.mockito.ResetMocksTestExecutionListener, org.springframework.boot.test.autoconfigure.restdocs.RestDocsTestExecutionListener, org.springframework.boot.test.autoconfigure.web.client.MockRestServiceServerResetTestExecutionListener, org.springframework.boot.test.autoconfigure.web.servlet.MockMvcPrintOnlyOnFailureTestExecutionListener, org.springframework.boot.test.autoconfigure.web.servlet.WebDriverTestExecutionListener, org.springframework.test.context.web.ServletTestExecutionListener, org.springframework.test.context.support.DirtiesContextBeforeModesTestExecutionListener, org.springframework.test.context.support.DependencyInjectionTestExecutionListener, org.springframework.test.context.support.DirtiesContextTestExecutionListener, org.springframework.test.context.transaction.TransactionalTestExecutionListener, org.springframework.test.context.jdbc.SqlScriptsTestExecutionListener]
2019-04-24 13:19:59,404 INFO org.springframework.test.context.support.AbstractTestContextBootstrapper [main] Using TestExecutionListeners: [org.springframework.test.context.web.ServletTestExecutionListener@3e28fee1, org.springframework.test.context.support.DirtiesContextBeforeModesTestExecutionListener@16a2ed51, org.springframework.boot.test.mock.mockito.MockitoTestExecutionListener@3b332962, org.springframework.boot.test.autoconfigure.SpringBootDependencyInjectionTestExecutionListener@57ddd45b, org.springframework.test.context.support.DirtiesContextTestExecutionListener@2e7bf7b7, org.springframework.boot.test.mock.mockito.ResetMocksTestExecutionListener@2fb25f4c, org.springframework.boot.test.autoconfigure.restdocs.RestDocsTestExecutionListener@de81be1, org.springframework.boot.test.autoconfigure.web.client.MockRestServiceServerResetTestExecutionListener@342e690b, org.springframework.boot.test.autoconfigure.web.servlet.MockMvcPrintOnlyOnFailureTestExecutionListener@4519f676, org.springframework.boot.test.autoconfigure.web.servlet.WebDriverTestExecutionListener@78ec89a6]
2019-04-24 13:19:59,460 INFO org.springframework.boot.StartupInfoLogger [main] Starting TestSessisonManagerConnection on nikos-Lenovo-V310-15IKB with PID 27406 (started by nikos in /home/nikos/NetBeansProjects/ESMO-AP-TEST)
2019-04-24 13:19:59,460 INFO org.springframework.boot.SpringApplication [main] The following profiles are active: test
2019-04-24 13:19:59,895 INFO com.google.code.ssm.config.DefaultAddressProvider [main] Defined values 172.17.0.1:11211 will be used as memcached addresses
2019-04-24 13:20:00,351 INFO org.springframework.scheduling.concurrent.ExecutorConfigurationSupport [main] Initializing ExecutorService 'applicationTaskExecutor'
2019-04-24 13:20:00,640 INFO org.springframework.mock.web.MockServletContext [main] Initializing Spring TestDispatcherServlet ''
2019-04-24 13:20:00,642 INFO org.springframework.web.servlet.FrameworkServlet [main] Initializing Servlet ''
2019-04-24 13:20:00,662 INFO org.springframework.web.servlet.FrameworkServlet [main] Completed initialization in 20 ms
2019-04-24 13:20:00,686 INFO org.springframework.boot.StartupInfoLogger [main] Started TestSessisonManagerConnection in 1.279 seconds (JVM running for 16.766)
2019-04-24 13:20:02,270 INFO org.springframework.scheduling.concurrent.ExecutorConfigurationSupport [Thread-3] Shutting down ExecutorService 'applicationTaskExecutor'
2019-04-24 13:20:02,280 INFO org.springframework.scheduling.concurrent.ExecutorConfigurationSupport [Thread-7] Shutting down ExecutorService 'applicationTaskExecutor'
2019-04-24 13:20:02,281 INFO org.springframework.scheduling.concurrent.ExecutorConfigurationSupport [Thread-11] Shutting down ExecutorService 'applicationTaskExecutor'
2019-04-24 13:50:12,819 INFO org.springframework.boot.StartupInfoLogger [main] Starting TestMinEduService on nikos-Lenovo-V310-15IKB with PID 32545 (started by nikos in /home/nikos/NetBeansProjects/ESMO-AP-TEST)
2019-04-24 13:50:12,825 INFO org.springframework.boot.SpringApplication [main] No active profile set, falling back to default profiles: default
2019-04-24 13:50:15,464 INFO com.google.code.ssm.config.DefaultAddressProvider [main] Defined values 172.17.0.1:11211 will be used as memcached addresses
2019-04-24 13:50:16,845 INFO org.springframework.scheduling.concurrent.ExecutorConfigurationSupport [main] Initializing ExecutorService 'applicationTaskExecutor'
2019-04-24 13:50:17,529 INFO org.springframework.boot.StartupInfoLogger [main] Started TestMinEduService in 5.357 seconds (JVM running for 6.516)
2019-04-24 13:50:17,905 INFO esmo.test.ap.apms.service.impl.MinEduServiceImpl [main] will get toke from theurl: https://validation.interoperability.gr:9443/OAUTH2Proxy_1.0.0/services/oauthproxy/authorization/token
2019-04-24 13:50:17,906 INFO esmo.test.ap.apms.service.impl.MinEduServiceImpl [main] will get new token 
2019-04-24 13:50:20,474 INFO esmo.test.ap.apms.service.impl.MinEduServiceImpl [main] retrieved token b6519af2-d4f4-39f3-a703-5008a97a570e
2019-04-24 13:50:20,483 INFO esmo.test.ap.apms.service.impl.MinEduServiceImpl [main] querying for academicId 200260674408
2019-04-24 13:50:21,811 INFO esmo.test.ap.apms.service.impl.MinEduServiceImpl [main] MinEduLog {minEduSessionId:ea78afd9-d0af-4324-bdf1-d1669ab40b2a, selectedUniversity:, responseTimeStamp:2019-04-24T13:50:00+03:00, recievedTimeStamp:2019-04-24T13:50:21.810+03:00, esmoSessionId:esmoSession}
2019-04-24 13:50:21,816 INFO esmo.test.ap.apms.service.impl.MinEduServiceImpl [main] will get toke from theurl: https://validation.interoperability.gr:9443/OAUTH2Proxy_1.0.0/services/oauthproxy/authorization/token
2019-04-24 13:50:21,816 INFO esmo.test.ap.apms.service.impl.MinEduServiceImpl [main] MinEdu OAth token still alive b6519af2-d4f4-39f3-a703-5008a97a570e
2019-04-24 13:50:21,820 INFO esmo.test.ap.apms.service.impl.MinEduServiceImpl [main] querying for academicId 200260674408
2019-04-24 13:50:22,829 INFO esmo.test.ap.apms.service.impl.MinEduServiceImpl [main] MinEduLog {minEduSessionId:5fdc54f5-37a7-4509-b5f1-a042018a2dc7, selectedUniversity:, responseTimeStamp:2019-04-24T13:50:00+03:00, recievedTimeStamp:2019-04-24T13:50:22.829+03:00, esmoSessionId:esmoSession}
2019-04-24 13:50:22,838 INFO esmo.test.ap.apms.service.impl.MinEduServiceImpl [main] will get toke from theurl: https://validation.interoperability.gr:9443/OAUTH2Proxy_1.0.0/services/oauthproxy/authorization/token
2019-04-24 13:50:22,839 INFO esmo.test.ap.apms.service.impl.MinEduServiceImpl [main] will get new token 
2019-04-24 13:50:24,565 INFO esmo.test.ap.apms.service.impl.MinEduServiceImpl [main] retrieved token b6519af2-d4f4-39f3-a703-5008a97a570e
2019-04-24 13:50:24,566 INFO esmo.test.ap.apms.service.impl.MinEduServiceImpl [main] querying for amka 05108304675
2019-04-24 13:50:24,567 INFO esmo.test.ap.apms.service.impl.MinEduServiceImpl [main] will query amka in theurl: https://gateway.interoperability.gr/academicId/1.0.1/student/05108304675?fields=academicID&username=uaegean&password=k6v5sS4l1s!%
2019-04-24 13:50:26,000 INFO esmo.test.ap.apms.service.impl.MinEduServiceImpl [main] result 200260674408
2019-04-24 13:50:26,001 INFO esmo.test.ap.apms.service.impl.MinEduServiceImpl [main] MinEduLog {minEduSessionId:96a0a98b-77ba-4864-86eb-8c2df3739a4f, selectedUniversity:, responseTimeStamp:2019-04-24T13:50:00+03:00, recievedTimeStamp:2019-04-24T13:50:26.001+03:00, esmoSessionId:esmoSession}
2019-04-24 13:50:26,004 INFO esmo.test.ap.apms.service.impl.MinEduServiceImpl [main] will get toke from theurl: https://validation.interoperability.gr:9443/OAUTH2Proxy_1.0.0/services/oauthproxy/authorization/token
2019-04-24 13:50:26,005 INFO esmo.test.ap.apms.service.impl.MinEduServiceImpl [main] MinEdu OAth token still alive b6519af2-d4f4-39f3-a703-5008a97a570e
2019-04-24 13:50:26,006 INFO esmo.test.ap.apms.service.impl.MinEduServiceImpl [main] querying for amka 05108304675
2019-04-24 13:50:26,006 INFO esmo.test.ap.apms.service.impl.MinEduServiceImpl [main] will query amka in theurl: https://gateway.interoperability.gr/academicId/1.0.1/student/05108304675?fields=academicID&username=uaegean&password=k6v5sS4l1s!%
2019-04-24 13:50:26,624 INFO esmo.test.ap.apms.service.impl.MinEduServiceImpl [main] result 200260674408
2019-04-24 13:50:26,624 INFO esmo.test.ap.apms.service.impl.MinEduServiceImpl [main] MinEduLog {minEduSessionId:bc4a77f9-da78-4037-a603-d00d34122946, selectedUniversity:, responseTimeStamp:2019-04-24T13:50:00+03:00, recievedTimeStamp:2019-04-24T13:50:26.624+03:00, esmoSessionId:esmoSession}
2019-04-24 13:50:26,632 INFO org.springframework.test.context.support.AbstractTestContextBootstrapper [main] Neither @ContextConfiguration nor @ContextHierarchy found for test class [esmo.test.ap.apms.service.TestUniversityCodesServ], using DelegatingSmartContextLoader
2019-04-24 13:50:26,634 INFO org.springframework.test.context.support.AbstractContextLoader [main] Could not detect default resource locations for test class [esmo.test.ap.apms.service.TestUniversityCodesServ]: no resource found for suffixes {-context.xml}.
2019-04-24 13:50:26,635 INFO org.springframework.test.context.support.AnnotationConfigContextLoaderUtils [main] Could not detect default configuration classes for test class [esmo.test.ap.apms.service.TestUniversityCodesServ]: TestUniversityCodesServ does not declare any static, non-private, non-final, nested classes annotated with @Configuration.
2019-04-24 13:50:26,639 INFO org.springframework.test.context.support.AbstractTestContextBootstrapper [main] Loaded default TestExecutionListener class names from location [META-INF/spring.factories]: [org.springframework.boot.test.mock.mockito.MockitoTestExecutionListener, org.springframework.boot.test.mock.mockito.ResetMocksTestExecutionListener, org.springframework.boot.test.autoconfigure.restdocs.RestDocsTestExecutionListener, org.springframework.boot.test.autoconfigure.web.client.MockRestServiceServerResetTestExecutionListener, org.springframework.boot.test.autoconfigure.web.servlet.MockMvcPrintOnlyOnFailureTestExecutionListener, org.springframework.boot.test.autoconfigure.web.servlet.WebDriverTestExecutionListener, org.springframework.test.context.web.ServletTestExecutionListener, org.springframework.test.context.support.DirtiesContextBeforeModesTestExecutionListener, org.springframework.test.context.support.DependencyInjectionTestExecutionListener, org.springframework.test.context.support.DirtiesContextTestExecutionListener, org.springframework.test.context.transaction.TransactionalTestExecutionListener, org.springframework.test.context.jdbc.SqlScriptsTestExecutionListener]
2019-04-24 13:50:26,640 INFO org.springframework.test.context.support.AbstractTestContextBootstrapper [main] Using TestExecutionListeners: [org.springframework.test.context.web.ServletTestExecutionListener@22eaa86e, org.springframework.test.context.support.DirtiesContextBeforeModesTestExecutionListener@561b7d53, org.springframework.boot.test.mock.mockito.MockitoTestExecutionListener@1cc680e, org.springframework.test.context.support.DependencyInjectionTestExecutionListener@1dc3502b, org.springframework.test.context.support.DirtiesContextTestExecutionListener@6a1d3225, org.springframework.boot.test.mock.mockito.ResetMocksTestExecutionListener@67e13bd0, org.springframework.boot.test.autoconfigure.restdocs.RestDocsTestExecutionListener@50fb33a, org.springframework.boot.test.autoconfigure.web.client.MockRestServiceServerResetTestExecutionListener@2cae9b8, org.springframework.boot.test.autoconfigure.web.servlet.MockMvcPrintOnlyOnFailureTestExecutionListener@1457fde, org.springframework.boot.test.autoconfigure.web.servlet.WebDriverTestExecutionListener@6f94fb9d]
2019-04-24 13:50:27,002 INFO org.springframework.test.context.support.AbstractTestContextBootstrapper [main] Neither @ContextConfiguration nor @ContextHierarchy found for test class [esmo.test.ap.apms.ApmsApplicationTests], using SpringBootContextLoader
2019-04-24 13:50:27,003 INFO org.springframework.test.context.support.AbstractContextLoader [main] Could not detect default resource locations for test class [esmo.test.ap.apms.ApmsApplicationTests]: no resource found for suffixes {-context.xml, Context.groovy}.
2019-04-24 13:50:27,004 INFO org.springframework.test.context.support.AnnotationConfigContextLoaderUtils [main] Could not detect default configuration classes for test class [esmo.test.ap.apms.ApmsApplicationTests]: ApmsApplicationTests does not declare any static, non-private, non-final, nested classes annotated with @Configuration.
2019-04-24 13:50:27,026 INFO org.springframework.boot.test.context.SpringBootTestContextBootstrapper [main] Found @SpringBootConfiguration esmo.test.ap.apms.ApmsApplication for test class esmo.test.ap.apms.ApmsApplicationTests
2019-04-24 13:50:27,031 INFO org.springframework.test.context.support.AbstractTestContextBootstrapper [main] Loaded default TestExecutionListener class names from location [META-INF/spring.factories]: [org.springframework.boot.test.mock.mockito.MockitoTestExecutionListener, org.springframework.boot.test.mock.mockito.ResetMocksTestExecutionListener, org.springframework.boot.test.autoconfigure.restdocs.RestDocsTestExecutionListener, org.springframework.boot.test.autoconfigure.web.client.MockRestServiceServerResetTestExecutionListener, org.springframework.boot.test.autoconfigure.web.servlet.MockMvcPrintOnlyOnFailureTestExecutionListener, org.springframework.boot.test.autoconfigure.web.servlet.WebDriverTestExecutionListener, org.springframework.test.context.web.ServletTestExecutionListener, org.springframework.test.context.support.DirtiesContextBeforeModesTestExecutionListener, org.springframework.test.context.support.DependencyInjectionTestExecutionListener, org.springframework.test.context.support.DirtiesContextTestExecutionListener, org.springframework.test.context.transaction.TransactionalTestExecutionListener, org.springframework.test.context.jdbc.SqlScriptsTestExecutionListener]
2019-04-24 13:50:27,032 INFO org.springframework.test.context.support.AbstractTestContextBootstrapper [main] Using TestExecutionListeners: [org.springframework.test.context.web.ServletTestExecutionListener@40f35e52, org.springframework.test.context.support.DirtiesContextBeforeModesTestExecutionListener@340d6d89, org.springframework.boot.test.mock.mockito.MockitoTestExecutionListener@561953e3, org.springframework.boot.test.autoconfigure.SpringBootDependencyInjectionTestExecutionListener@443faa85, org.springframework.test.context.support.DirtiesContextTestExecutionListener@1ee47d9e, org.springframework.boot.test.mock.mockito.ResetMocksTestExecutionListener@41da3aee, org.springframework.boot.test.autoconfigure.restdocs.RestDocsTestExecutionListener@5dc0ff7d, org.springframework.boot.test.autoconfigure.web.client.MockRestServiceServerResetTestExecutionListener@64920dc2, org.springframework.boot.test.autoconfigure.web.servlet.MockMvcPrintOnlyOnFailureTestExecutionListener@59a79443, org.springframework.boot.test.autoconfigure.web.servlet.WebDriverTestExecutionListener@493ac8d3]
2019-04-24 13:50:27,072 INFO org.springframework.boot.StartupInfoLogger [main] Starting ApmsApplicationTests on nikos-Lenovo-V310-15IKB with PID 32545 (started by nikos in /home/nikos/NetBeansProjects/ESMO-AP-TEST)
2019-04-24 13:50:27,073 INFO org.springframework.boot.SpringApplication [main] The following profiles are active: test
2019-04-24 13:50:27,479 INFO com.google.code.ssm.config.DefaultAddressProvider [main] Defined values 172.17.0.1:11211 will be used as memcached addresses
2019-04-24 13:50:27,882 INFO org.springframework.scheduling.concurrent.ExecutorConfigurationSupport [main] Initializing ExecutorService 'applicationTaskExecutor'
2019-04-24 13:50:28,187 INFO org.springframework.boot.StartupInfoLogger [main] Started ApmsApplicationTests in 1.149 seconds (JVM running for 17.173)
2019-04-24 13:50:28,201 INFO org.springframework.test.context.support.AbstractTestContextBootstrapper [main] Neither @ContextConfiguration nor @ContextHierarchy found for test class [esmo.test.ap.apms.integration.TestSessisonManagerConnection], using SpringBootContextLoader
2019-04-24 13:50:28,202 INFO org.springframework.test.context.support.AbstractContextLoader [main] Could not detect default resource locations for test class [esmo.test.ap.apms.integration.TestSessisonManagerConnection]: no resource found for suffixes {-context.xml, Context.groovy}.
2019-04-24 13:50:28,217 INFO org.springframework.test.context.support.AbstractTestContextBootstrapper [main] Loaded default TestExecutionListener class names from location [META-INF/spring.factories]: [org.springframework.boot.test.mock.mockito.MockitoTestExecutionListener, org.springframework.boot.test.mock.mockito.ResetMocksTestExecutionListener, org.springframework.boot.test.autoconfigure.restdocs.RestDocsTestExecutionListener, org.springframework.boot.test.autoconfigure.web.client.MockRestServiceServerResetTestExecutionListener, org.springframework.boot.test.autoconfigure.web.servlet.MockMvcPrintOnlyOnFailureTestExecutionListener, org.springframework.boot.test.autoconfigure.web.servlet.WebDriverTestExecutionListener, org.springframework.test.context.web.ServletTestExecutionListener, org.springframework.test.context.support.DirtiesContextBeforeModesTestExecutionListener, org.springframework.test.context.support.DependencyInjectionTestExecutionListener, org.springframework.test.context.support.DirtiesContextTestExecutionListener, org.springframework.test.context.transaction.TransactionalTestExecutionListener, org.springframework.test.context.jdbc.SqlScriptsTestExecutionListener]
2019-04-24 13:50:28,219 INFO org.springframework.test.context.support.AbstractTestContextBootstrapper [main] Using TestExecutionListeners: [org.springframework.test.context.web.ServletTestExecutionListener@456bcb74, org.springframework.test.context.support.DirtiesContextBeforeModesTestExecutionListener@a9c5b75, org.springframework.boot.test.mock.mockito.MockitoTestExecutionListener@dd4aec3, org.springframework.boot.test.autoconfigure.SpringBootDependencyInjectionTestExecutionListener@4dac121d, org.springframework.test.context.support.DirtiesContextTestExecutionListener@568750b7, org.springframework.boot.test.mock.mockito.ResetMocksTestExecutionListener@3e28fee1, org.springframework.boot.test.autoconfigure.restdocs.RestDocsTestExecutionListener@16a2ed51, org.springframework.boot.test.autoconfigure.web.client.MockRestServiceServerResetTestExecutionListener@3b332962, org.springframework.boot.test.autoconfigure.web.servlet.MockMvcPrintOnlyOnFailureTestExecutionListener@57ddd45b, org.springframework.boot.test.autoconfigure.web.servlet.WebDriverTestExecutionListener@2e7bf7b7]
2019-04-24 13:50:28,246 INFO org.springframework.boot.StartupInfoLogger [main] Starting TestSessisonManagerConnection on nikos-Lenovo-V310-15IKB with PID 32545 (started by nikos in /home/nikos/NetBeansProjects/ESMO-AP-TEST)
2019-04-24 13:50:28,247 INFO org.springframework.boot.SpringApplication [main] The following profiles are active: test
2019-04-24 13:50:28,727 INFO com.google.code.ssm.config.DefaultAddressProvider [main] Defined values 172.17.0.1:11211 will be used as memcached addresses
2019-04-24 13:50:29,145 INFO org.springframework.scheduling.concurrent.ExecutorConfigurationSupport [main] Initializing ExecutorService 'applicationTaskExecutor'
2019-04-24 13:50:29,514 INFO org.springframework.mock.web.MockServletContext [main] Initializing Spring TestDispatcherServlet ''
2019-04-24 13:50:29,515 INFO org.springframework.web.servlet.FrameworkServlet [main] Initializing Servlet ''
2019-04-24 13:50:29,534 INFO org.springframework.web.servlet.FrameworkServlet [main] Completed initialization in 18 ms
2019-04-24 13:50:29,549 INFO org.springframework.boot.StartupInfoLogger [main] Started TestSessisonManagerConnection in 1.328 seconds (JVM running for 18.536)
2019-04-24 13:50:31,254 INFO org.springframework.scheduling.concurrent.ExecutorConfigurationSupport [Thread-11] Shutting down ExecutorService 'applicationTaskExecutor'
2019-04-24 13:50:31,258 INFO org.springframework.scheduling.concurrent.ExecutorConfigurationSupport [Thread-7] Shutting down ExecutorService 'applicationTaskExecutor'
2019-04-24 13:50:31,271 INFO org.springframework.scheduling.concurrent.ExecutorConfigurationSupport [Thread-3] Shutting down ExecutorService 'applicationTaskExecutor'
2019-04-24 13:51:21,792 INFO org.springframework.boot.StartupInfoLogger [main] Starting TestMinEduService on nikos-Lenovo-V310-15IKB with PID 32723 (started by nikos in /home/nikos/NetBeansProjects/ESMO-AP-TEST)
2019-04-24 13:51:21,801 INFO org.springframework.boot.SpringApplication [main] No active profile set, falling back to default profiles: default
2019-04-24 13:51:24,160 INFO com.google.code.ssm.config.DefaultAddressProvider [main] Defined values 172.17.0.1:11211 will be used as memcached addresses
2019-04-24 13:51:25,476 INFO org.springframework.scheduling.concurrent.ExecutorConfigurationSupport [main] Initializing ExecutorService 'applicationTaskExecutor'
2019-04-24 13:51:26,257 INFO org.springframework.boot.StartupInfoLogger [main] Started TestMinEduService in 5.139 seconds (JVM running for 6.32)
2019-04-24 13:51:26,575 INFO esmo.test.ap.apms.service.impl.MinEduServiceImpl [main] will get toke from theurl: https://validation.interoperability.gr:9443/OAUTH2Proxy_1.0.0/services/oauthproxy/authorization/token
2019-04-24 13:51:26,576 INFO esmo.test.ap.apms.service.impl.MinEduServiceImpl [main] will get new token 
2019-04-24 13:51:28,820 INFO esmo.test.ap.apms.service.impl.MinEduServiceImpl [main] retrieved token b6519af2-d4f4-39f3-a703-5008a97a570e
2019-04-24 13:51:28,823 INFO esmo.test.ap.apms.service.impl.MinEduServiceImpl [main] querying for academicId 200260674408
2019-04-24 13:51:31,496 INFO esmo.test.ap.apms.service.impl.MinEduServiceImpl [main] MinEduLog {minEduSessionId:caffd5ae-3884-45b6-b00e-6233d8cafad2, selectedUniversity:, responseTimeStamp:2019-04-24T13:51:00+03:00, recievedTimeStamp:2019-04-24T13:51:31.495+03:00, esmoSessionId:esmoSession}
2019-04-24 13:51:31,502 INFO esmo.test.ap.apms.service.impl.MinEduServiceImpl [main] will get toke from theurl: https://validation.interoperability.gr:9443/OAUTH2Proxy_1.0.0/services/oauthproxy/authorization/token
2019-04-24 13:51:31,504 INFO esmo.test.ap.apms.service.impl.MinEduServiceImpl [main] MinEdu OAth token still alive b6519af2-d4f4-39f3-a703-5008a97a570e
2019-04-24 13:51:31,507 INFO esmo.test.ap.apms.service.impl.MinEduServiceImpl [main] querying for academicId 200260674408
2019-04-24 13:51:32,257 INFO esmo.test.ap.apms.service.impl.MinEduServiceImpl [main] MinEduLog {minEduSessionId:53cadfd3-9cf4-4e0f-bf11-b3ddbc27678a, selectedUniversity:, responseTimeStamp:2019-04-24T13:51:00+03:00, recievedTimeStamp:2019-04-24T13:51:32.256+03:00, esmoSessionId:esmoSession}
2019-04-24 13:51:32,266 INFO esmo.test.ap.apms.service.impl.MinEduServiceImpl [main] will get toke from theurl: https://validation.interoperability.gr:9443/OAUTH2Proxy_1.0.0/services/oauthproxy/authorization/token
2019-04-24 13:51:32,267 INFO esmo.test.ap.apms.service.impl.MinEduServiceImpl [main] will get new token 
2019-04-24 13:51:33,614 INFO esmo.test.ap.apms.service.impl.MinEduServiceImpl [main] retrieved token b6519af2-d4f4-39f3-a703-5008a97a570e
2019-04-24 13:51:33,615 INFO esmo.test.ap.apms.service.impl.MinEduServiceImpl [main] querying for amka 05108304675
2019-04-24 13:51:33,615 INFO esmo.test.ap.apms.service.impl.MinEduServiceImpl [main] will query amka in theurl: https://gateway.interoperability.gr/academicId/1.0.1/student/05108304675?fields=academicID&username=uaegean&password=k6v5sS4l1s!%
2019-04-24 13:51:34,300 INFO esmo.test.ap.apms.service.impl.MinEduServiceImpl [main] result 200260674408
2019-04-24 13:51:34,301 INFO esmo.test.ap.apms.service.impl.MinEduServiceImpl [main] MinEduLog {minEduSessionId:08e5a042-1388-49ce-a79f-d4988f40f38d, selectedUniversity:, responseTimeStamp:2019-04-24T13:51:00+03:00, recievedTimeStamp:2019-04-24T13:51:34.300+03:00, esmoSessionId:esmoSession}
2019-04-24 13:51:34,305 INFO esmo.test.ap.apms.service.impl.MinEduServiceImpl [main] will get toke from theurl: https://validation.interoperability.gr:9443/OAUTH2Proxy_1.0.0/services/oauthproxy/authorization/token
2019-04-24 13:51:34,307 INFO esmo.test.ap.apms.service.impl.MinEduServiceImpl [main] MinEdu OAth token still alive b6519af2-d4f4-39f3-a703-5008a97a570e
2019-04-24 13:51:34,307 INFO esmo.test.ap.apms.service.impl.MinEduServiceImpl [main] querying for amka 05108304675
2019-04-24 13:51:34,307 INFO esmo.test.ap.apms.service.impl.MinEduServiceImpl [main] will query amka in theurl: https://gateway.interoperability.gr/academicId/1.0.1/student/05108304675?fields=academicID&username=uaegean&password=k6v5sS4l1s!%
2019-04-24 13:51:34,907 INFO esmo.test.ap.apms.service.impl.MinEduServiceImpl [main] result 200260674408
2019-04-24 13:51:34,908 INFO esmo.test.ap.apms.service.impl.MinEduServiceImpl [main] MinEduLog {minEduSessionId:708c61fb-3c4a-4ab9-9e7d-ad3b4c2b45a7, selectedUniversity:, responseTimeStamp:2019-04-24T13:51:00+03:00, recievedTimeStamp:2019-04-24T13:51:34.907+03:00, esmoSessionId:esmoSession}
2019-04-24 13:51:34,924 INFO org.springframework.test.context.support.AbstractTestContextBootstrapper [main] Neither @ContextConfiguration nor @ContextHierarchy found for test class [esmo.test.ap.apms.service.TestUniversityCodesServ], using DelegatingSmartContextLoader
2019-04-24 13:51:34,926 INFO org.springframework.test.context.support.AbstractContextLoader [main] Could not detect default resource locations for test class [esmo.test.ap.apms.service.TestUniversityCodesServ]: no resource found for suffixes {-context.xml}.
2019-04-24 13:51:34,927 INFO org.springframework.test.context.support.AnnotationConfigContextLoaderUtils [main] Could not detect default configuration classes for test class [esmo.test.ap.apms.service.TestUniversityCodesServ]: TestUniversityCodesServ does not declare any static, non-private, non-final, nested classes annotated with @Configuration.
2019-04-24 13:51:34,939 INFO org.springframework.test.context.support.AbstractTestContextBootstrapper [main] Loaded default TestExecutionListener class names from location [META-INF/spring.factories]: [org.springframework.boot.test.mock.mockito.MockitoTestExecutionListener, org.springframework.boot.test.mock.mockito.ResetMocksTestExecutionListener, org.springframework.boot.test.autoconfigure.restdocs.RestDocsTestExecutionListener, org.springframework.boot.test.autoconfigure.web.client.MockRestServiceServerResetTestExecutionListener, org.springframework.boot.test.autoconfigure.web.servlet.MockMvcPrintOnlyOnFailureTestExecutionListener, org.springframework.boot.test.autoconfigure.web.servlet.WebDriverTestExecutionListener, org.springframework.test.context.web.ServletTestExecutionListener, org.springframework.test.context.support.DirtiesContextBeforeModesTestExecutionListener, org.springframework.test.context.support.DependencyInjectionTestExecutionListener, org.springframework.test.context.support.DirtiesContextTestExecutionListener, org.springframework.test.context.transaction.TransactionalTestExecutionListener, org.springframework.test.context.jdbc.SqlScriptsTestExecutionListener]
2019-04-24 13:51:34,942 INFO org.springframework.test.context.support.AbstractTestContextBootstrapper [main] Using TestExecutionListeners: [org.springframework.test.context.web.ServletTestExecutionListener@6f94fb9d, org.springframework.test.context.support.DirtiesContextBeforeModesTestExecutionListener@17fa1336, org.springframework.boot.test.mock.mockito.MockitoTestExecutionListener@4228bf58, org.springframework.test.context.support.DependencyInjectionTestExecutionListener@68b9834c, org.springframework.test.context.support.DirtiesContextTestExecutionListener@20b9d5d5, org.springframework.boot.test.mock.mockito.ResetMocksTestExecutionListener@671d1157, org.springframework.boot.test.autoconfigure.restdocs.RestDocsTestExecutionListener@60c8a093, org.springframework.boot.test.autoconfigure.web.client.MockRestServiceServerResetTestExecutionListener@44cffc25, org.springframework.boot.test.autoconfigure.web.servlet.MockMvcPrintOnlyOnFailureTestExecutionListener@2a369e14, org.springframework.boot.test.autoconfigure.web.servlet.WebDriverTestExecutionListener@25aeb5ac]
2019-04-24 13:51:35,335 INFO org.springframework.test.context.support.AbstractTestContextBootstrapper [main] Neither @ContextConfiguration nor @ContextHierarchy found for test class [esmo.test.ap.apms.ApmsApplicationTests], using SpringBootContextLoader
2019-04-24 13:51:35,336 INFO org.springframework.test.context.support.AbstractContextLoader [main] Could not detect default resource locations for test class [esmo.test.ap.apms.ApmsApplicationTests]: no resource found for suffixes {-context.xml, Context.groovy}.
2019-04-24 13:51:35,337 INFO org.springframework.test.context.support.AnnotationConfigContextLoaderUtils [main] Could not detect default configuration classes for test class [esmo.test.ap.apms.ApmsApplicationTests]: ApmsApplicationTests does not declare any static, non-private, non-final, nested classes annotated with @Configuration.
2019-04-24 13:51:35,363 INFO org.springframework.boot.test.context.SpringBootTestContextBootstrapper [main] Found @SpringBootConfiguration esmo.test.ap.apms.ApmsApplication for test class esmo.test.ap.apms.ApmsApplicationTests
2019-04-24 13:51:35,365 INFO org.springframework.test.context.support.AbstractTestContextBootstrapper [main] Loaded default TestExecutionListener class names from location [META-INF/spring.factories]: [org.springframework.boot.test.mock.mockito.MockitoTestExecutionListener, org.springframework.boot.test.mock.mockito.ResetMocksTestExecutionListener, org.springframework.boot.test.autoconfigure.restdocs.RestDocsTestExecutionListener, org.springframework.boot.test.autoconfigure.web.client.MockRestServiceServerResetTestExecutionListener, org.springframework.boot.test.autoconfigure.web.servlet.MockMvcPrintOnlyOnFailureTestExecutionListener, org.springframework.boot.test.autoconfigure.web.servlet.WebDriverTestExecutionListener, org.springframework.test.context.web.ServletTestExecutionListener, org.springframework.test.context.support.DirtiesContextBeforeModesTestExecutionListener, org.springframework.test.context.support.DependencyInjectionTestExecutionListener, org.springframework.test.context.support.DirtiesContextTestExecutionListener, org.springframework.test.context.transaction.TransactionalTestExecutionListener, org.springframework.test.context.jdbc.SqlScriptsTestExecutionListener]
2019-04-24 13:51:35,367 INFO org.springframework.test.context.support.AbstractTestContextBootstrapper [main] Using TestExecutionListeners: [org.springframework.test.context.web.ServletTestExecutionListener@493ac8d3, org.springframework.test.context.support.DirtiesContextBeforeModesTestExecutionListener@13dbed9e, org.springframework.boot.test.mock.mockito.MockitoTestExecutionListener@67531e3a, org.springframework.boot.test.autoconfigure.SpringBootDependencyInjectionTestExecutionListener@2b38b1f, org.springframework.test.context.support.DirtiesContextTestExecutionListener@1d50a7ca, org.springframework.boot.test.mock.mockito.ResetMocksTestExecutionListener@51ab1ee3, org.springframework.boot.test.autoconfigure.restdocs.RestDocsTestExecutionListener@2e766822, org.springframework.boot.test.autoconfigure.web.client.MockRestServiceServerResetTestExecutionListener@3003e580, org.springframework.boot.test.autoconfigure.web.servlet.MockMvcPrintOnlyOnFailureTestExecutionListener@28757abd, org.springframework.boot.test.autoconfigure.web.servlet.WebDriverTestExecutionListener@21a02556]
2019-04-24 13:51:35,418 INFO org.springframework.boot.StartupInfoLogger [main] Starting ApmsApplicationTests on nikos-Lenovo-V310-15IKB with PID 32723 (started by nikos in /home/nikos/NetBeansProjects/ESMO-AP-TEST)
2019-04-24 13:51:35,419 INFO org.springframework.boot.SpringApplication [main] The following profiles are active: test
2019-04-24 13:51:35,960 INFO com.google.code.ssm.config.DefaultAddressProvider [main] Defined values 172.17.0.1:11211 will be used as memcached addresses
2019-04-24 13:51:36,555 INFO org.springframework.scheduling.concurrent.ExecutorConfigurationSupport [main] Initializing ExecutorService 'applicationTaskExecutor'
2019-04-24 13:51:36,913 INFO org.springframework.boot.StartupInfoLogger [main] Started ApmsApplicationTests in 1.539 seconds (JVM running for 16.976)
2019-04-24 13:51:36,926 INFO org.springframework.test.context.support.AbstractTestContextBootstrapper [main] Neither @ContextConfiguration nor @ContextHierarchy found for test class [esmo.test.ap.apms.integration.TestSessisonManagerConnection], using SpringBootContextLoader
2019-04-24 13:51:36,927 INFO org.springframework.test.context.support.AbstractContextLoader [main] Could not detect default resource locations for test class [esmo.test.ap.apms.integration.TestSessisonManagerConnection]: no resource found for suffixes {-context.xml, Context.groovy}.
2019-04-24 13:51:36,944 INFO org.springframework.test.context.support.AbstractTestContextBootstrapper [main] Loaded default TestExecutionListener class names from location [META-INF/spring.factories]: [org.springframework.boot.test.mock.mockito.MockitoTestExecutionListener, org.springframework.boot.test.mock.mockito.ResetMocksTestExecutionListener, org.springframework.boot.test.autoconfigure.restdocs.RestDocsTestExecutionListener, org.springframework.boot.test.autoconfigure.web.client.MockRestServiceServerResetTestExecutionListener, org.springframework.boot.test.autoconfigure.web.servlet.MockMvcPrintOnlyOnFailureTestExecutionListener, org.springframework.boot.test.autoconfigure.web.servlet.WebDriverTestExecutionListener, org.springframework.test.context.web.ServletTestExecutionListener, org.springframework.test.context.support.DirtiesContextBeforeModesTestExecutionListener, org.springframework.test.context.support.DependencyInjectionTestExecutionListener, org.springframework.test.context.support.DirtiesContextTestExecutionListener, org.springframework.test.context.transaction.TransactionalTestExecutionListener, org.springframework.test.context.jdbc.SqlScriptsTestExecutionListener]
2019-04-24 13:51:36,946 INFO org.springframework.test.context.support.AbstractTestContextBootstrapper [main] Using TestExecutionListeners: [org.springframework.test.context.web.ServletTestExecutionListener@2e7bf7b7, org.springframework.test.context.support.DirtiesContextBeforeModesTestExecutionListener@2fb25f4c, org.springframework.boot.test.mock.mockito.MockitoTestExecutionListener@de81be1, org.springframework.boot.test.autoconfigure.SpringBootDependencyInjectionTestExecutionListener@342e690b, org.springframework.test.context.support.DirtiesContextTestExecutionListener@4519f676, org.springframework.boot.test.mock.mockito.ResetMocksTestExecutionListener@78ec89a6, org.springframework.boot.test.autoconfigure.restdocs.RestDocsTestExecutionListener@3596b249, org.springframework.boot.test.autoconfigure.web.client.MockRestServiceServerResetTestExecutionListener@7237f3c1, org.springframework.boot.test.autoconfigure.web.servlet.MockMvcPrintOnlyOnFailureTestExecutionListener@781711b7, org.springframework.boot.test.autoconfigure.web.servlet.WebDriverTestExecutionListener@642a16aa]
2019-04-24 13:51:36,991 INFO org.springframework.boot.StartupInfoLogger [main] Starting TestSessisonManagerConnection on nikos-Lenovo-V310-15IKB with PID 32723 (started by nikos in /home/nikos/NetBeansProjects/ESMO-AP-TEST)
2019-04-24 13:51:36,993 INFO org.springframework.boot.SpringApplication [main] The following profiles are active: test
2019-04-24 13:51:37,469 INFO com.google.code.ssm.config.DefaultAddressProvider [main] Defined values 172.17.0.1:11211 will be used as memcached addresses
2019-04-24 13:51:37,965 INFO org.springframework.scheduling.concurrent.ExecutorConfigurationSupport [main] Initializing ExecutorService 'applicationTaskExecutor'
2019-04-24 13:51:38,280 INFO org.springframework.mock.web.MockServletContext [main] Initializing Spring TestDispatcherServlet ''
2019-04-24 13:51:38,281 INFO org.springframework.web.servlet.FrameworkServlet [main] Initializing Servlet ''
2019-04-24 13:51:38,300 INFO org.springframework.web.servlet.FrameworkServlet [main] Completed initialization in 19 ms
2019-04-24 13:51:38,319 INFO org.springframework.boot.StartupInfoLogger [main] Started TestSessisonManagerConnection in 1.368 seconds (JVM running for 18.382)
2019-04-24 13:51:39,826 INFO org.springframework.scheduling.concurrent.ExecutorConfigurationSupport [Thread-3] Shutting down ExecutorService 'applicationTaskExecutor'
2019-04-24 13:51:39,838 INFO org.springframework.scheduling.concurrent.ExecutorConfigurationSupport [Thread-7] Shutting down ExecutorService 'applicationTaskExecutor'
2019-04-24 13:51:39,848 INFO org.springframework.scheduling.concurrent.ExecutorConfigurationSupport [Thread-11] Shutting down ExecutorService 'applicationTaskExecutor'
