2019-06-07 10:29:46,250 INFO org.springframework.boot.StartupInfoLogger [main] Starting ApmsApplicationTests on nikos-Lenovo-V310-15IKB with PID 15741 (started by nikos in /home/nikos/NetBeansProjects/ESMO-AP-TEST)
2019-06-07 10:29:46,263 INFO org.springframework.boot.SpringApplication [main] The following profiles are active: test
2019-06-07 10:29:51,806 INFO com.google.code.ssm.config.DefaultAddressProvider [main] Defined values 172.17.0.1:11211 will be used as memcached addresses
2019-06-07 10:29:56,704 INFO org.opensaml.saml2.metadata.provider.AbstractReloadingMetadataProvider [main] New metadata succesfully loaded for 'https://idp.aegean.gr/idp/shibboleth'
2019-06-07 10:29:56,730 INFO org.opensaml.saml2.metadata.provider.AbstractReloadingMetadataProvider [main] Next refresh cycle for metadata provider 'https://idp.aegean.gr/idp/shibboleth' will occur on '2019-06-07T10:29:55.763Z' ('2019-06-07T13:29:55.763+03:00' local time)
2019-06-07 10:29:56,897 INFO esmo.test.ap.apms.SamlSecurityConfig [main] Using SAMLContextProviderLB implementation of SAMLContextProvider for context provider bean.
2019-06-07 10:29:56,919 INFO esmo.test.ap.apms.SamlSecurityConfig [main] Setting the load balancer scheme to https
2019-06-07 10:29:56,920 INFO esmo.test.ap.apms.SamlSecurityConfig [main] Setting the load balancer server name to serverName
2019-06-07 10:29:56,921 INFO esmo.test.ap.apms.SamlSecurityConfig [main] Setting the load balancer context path to /grap
2019-06-07 10:29:56,921 INFO esmo.test.ap.apms.SamlSecurityConfig [main] Setting the load balancer port to 443
2019-06-07 10:29:56,922 INFO esmo.test.ap.apms.SamlSecurityConfig [main] Setting whether to include the server port in the request URL to false
2019-06-07 10:29:57,305 INFO org.springframework.security.web.DefaultSecurityFilterChain [main] Creating filter chain: Ant [pattern='/saml/metadata/**'], [org.springframework.security.saml.metadata.MetadataDisplayFilter@6d17914a]
2019-06-07 10:29:57,306 INFO org.springframework.security.web.DefaultSecurityFilterChain [main] Creating filter chain: Ant [pattern='/saml/login/**'], [esmo.test.ap.apms.SamlWithRelayStateEntryPoint@49631cfb]
2019-06-07 10:29:57,307 INFO org.springframework.security.web.DefaultSecurityFilterChain [main] Creating filter chain: Ant [pattern='/saml/SSO/**'], [org.springframework.security.saml.SAMLProcessingFilter@77b71c9]
2019-06-07 10:29:57,307 INFO org.springframework.security.web.DefaultSecurityFilterChain [main] Creating filter chain: Ant [pattern='/saml/logout/**'], [org.springframework.security.saml.SAMLLogoutFilter@6133e20b]
2019-06-07 10:29:57,308 INFO org.springframework.security.web.DefaultSecurityFilterChain [main] Creating filter chain: Ant [pattern='/saml/SingleLogout/**'], [org.springframework.security.saml.SAMLLogoutProcessingFilter@30ffb2a6]
2019-06-07 10:29:58,426 INFO org.springframework.scheduling.concurrent.ExecutorConfigurationSupport [main] Initializing ExecutorService 'applicationTaskExecutor'
2019-06-07 10:29:59,305 INFO org.springframework.security.web.DefaultSecurityFilterChain [main] Creating filter chain: any request, [org.springframework.security.saml.metadata.MetadataGeneratorFilter@f9a5e3f, org.springframework.security.web.context.request.async.WebAsyncManagerIntegrationFilter@4aac81ca, org.springframework.security.web.context.SecurityContextPersistenceFilter@5368e981, org.springframework.security.web.header.HeaderWriterFilter@77ba583, org.springframework.security.web.authentication.logout.LogoutFilter@254e9709, FilterChainProxy[Filter Chains: [[ Ant [pattern='/saml/metadata/**'], [org.springframework.security.saml.metadata.MetadataDisplayFilter@6d17914a]], [ Ant [pattern='/saml/login/**'], [esmo.test.ap.apms.SamlWithRelayStateEntryPoint@49631cfb]], [ Ant [pattern='/saml/SSO/**'], [org.springframework.security.saml.SAMLProcessingFilter@77b71c9]], [ Ant [pattern='/saml/logout/**'], [org.springframework.security.saml.SAMLLogoutFilter@6133e20b]], [ Ant [pattern='/saml/SingleLogout/**'], [org.springframework.security.saml.SAMLLogoutProcessingFilter@30ffb2a6]]]], org.springframework.security.web.savedrequest.RequestCacheAwareFilter@79b7c350, org.springframework.security.web.servletapi.SecurityContextHolderAwareRequestFilter@2673487b, org.springframework.security.web.authentication.AnonymousAuthenticationFilter@393ae7a0, org.springframework.security.web.session.SessionManagementFilter@6851b296, org.springframework.security.web.access.ExceptionTranslationFilter@16ccd2bc, org.springframework.security.web.access.intercept.FilterSecurityInterceptor@61554b6b]
2019-06-07 10:29:59,465 INFO org.springframework.boot.StartupInfoLogger [main] Started ApmsApplicationTests in 13.713 seconds (JVM running for 15.719)
2019-06-07 10:29:59,493 INFO org.springframework.test.context.support.AbstractTestContextBootstrapper [main] Neither @ContextConfiguration nor @ContextHierarchy found for test class [esmo.test.ap.apms.integration.TestSessisonManagerConnection], using SpringBootContextLoader
2019-06-07 10:29:59,503 INFO org.springframework.test.context.support.AbstractContextLoader [main] Could not detect default resource locations for test class [esmo.test.ap.apms.integration.TestSessisonManagerConnection]: no resource found for suffixes {-context.xml, Context.groovy}.
2019-06-07 10:29:59,550 INFO org.springframework.test.context.support.AbstractTestContextBootstrapper [main] Loaded default TestExecutionListener class names from location [META-INF/spring.factories]: [org.springframework.boot.test.mock.mockito.MockitoTestExecutionListener, org.springframework.boot.test.mock.mockito.ResetMocksTestExecutionListener, org.springframework.boot.test.autoconfigure.restdocs.RestDocsTestExecutionListener, org.springframework.boot.test.autoconfigure.web.client.MockRestServiceServerResetTestExecutionListener, org.springframework.boot.test.autoconfigure.web.servlet.MockMvcPrintOnlyOnFailureTestExecutionListener, org.springframework.boot.test.autoconfigure.web.servlet.WebDriverTestExecutionListener, org.springframework.test.context.web.ServletTestExecutionListener, org.springframework.test.context.support.DirtiesContextBeforeModesTestExecutionListener, org.springframework.test.context.support.DependencyInjectionTestExecutionListener, org.springframework.test.context.support.DirtiesContextTestExecutionListener, org.springframework.test.context.transaction.TransactionalTestExecutionListener, org.springframework.test.context.jdbc.SqlScriptsTestExecutionListener]
2019-06-07 10:29:59,552 INFO org.springframework.test.context.support.AbstractTestContextBootstrapper [main] Using TestExecutionListeners: [org.springframework.test.context.web.ServletTestExecutionListener@31e7afde, org.springframework.test.context.support.DirtiesContextBeforeModesTestExecutionListener@349f3ff7, org.springframework.boot.test.mock.mockito.MockitoTestExecutionListener@2487e20, org.springframework.boot.test.autoconfigure.SpringBootDependencyInjectionTestExecutionListener@3c9f4376, org.springframework.test.context.support.DirtiesContextTestExecutionListener@308a9264, org.springframework.boot.test.mock.mockito.ResetMocksTestExecutionListener@7da77305, org.springframework.boot.test.autoconfigure.restdocs.RestDocsTestExecutionListener@3cdfbbef, org.springframework.boot.test.autoconfigure.web.client.MockRestServiceServerResetTestExecutionListener@7a1ddbf1, org.springframework.boot.test.autoconfigure.web.servlet.MockMvcPrintOnlyOnFailureTestExecutionListener@1e606f64, org.springframework.boot.test.autoconfigure.web.servlet.WebDriverTestExecutionListener@581918f6]
2019-06-07 10:29:59,610 INFO org.springframework.boot.StartupInfoLogger [main] Starting TestSessisonManagerConnection on nikos-Lenovo-V310-15IKB with PID 15741 (started by nikos in /home/nikos/NetBeansProjects/ESMO-AP-TEST)
2019-06-07 10:29:59,611 INFO org.springframework.boot.SpringApplication [main] The following profiles are active: test
2019-06-07 10:30:00,410 INFO com.google.code.ssm.config.DefaultAddressProvider [main] Defined values 172.17.0.1:11211 will be used as memcached addresses
2019-06-07 10:30:00,756 INFO org.opensaml.saml2.metadata.provider.AbstractReloadingMetadataProvider [main] New metadata succesfully loaded for 'https://idp.aegean.gr/idp/shibboleth'
2019-06-07 10:30:00,757 INFO org.opensaml.saml2.metadata.provider.AbstractReloadingMetadataProvider [main] Next refresh cycle for metadata provider 'https://idp.aegean.gr/idp/shibboleth' will occur on '2019-06-07T10:30:00.549Z' ('2019-06-07T13:30:00.549+03:00' local time)
2019-06-07 10:30:00,768 INFO esmo.test.ap.apms.SamlSecurityConfig [main] Using SAMLContextProviderLB implementation of SAMLContextProvider for context provider bean.
2019-06-07 10:30:00,768 INFO esmo.test.ap.apms.SamlSecurityConfig [main] Setting the load balancer scheme to https
2019-06-07 10:30:00,769 INFO esmo.test.ap.apms.SamlSecurityConfig [main] Setting the load balancer server name to serverName
2019-06-07 10:30:00,769 INFO esmo.test.ap.apms.SamlSecurityConfig [main] Setting the load balancer context path to /grap
2019-06-07 10:30:00,770 INFO esmo.test.ap.apms.SamlSecurityConfig [main] Setting the load balancer port to 443
2019-06-07 10:30:00,770 INFO esmo.test.ap.apms.SamlSecurityConfig [main] Setting whether to include the server port in the request URL to false
2019-06-07 10:30:00,800 INFO org.springframework.security.web.DefaultSecurityFilterChain [main] Creating filter chain: Ant [pattern='/saml/metadata/**'], [org.springframework.security.saml.metadata.MetadataDisplayFilter@f237ae7]
2019-06-07 10:30:00,801 INFO org.springframework.security.web.DefaultSecurityFilterChain [main] Creating filter chain: Ant [pattern='/saml/login/**'], [esmo.test.ap.apms.SamlWithRelayStateEntryPoint@42edde25]
2019-06-07 10:30:00,802 INFO org.springframework.security.web.DefaultSecurityFilterChain [main] Creating filter chain: Ant [pattern='/saml/SSO/**'], [org.springframework.security.saml.SAMLProcessingFilter@6fe5da76]
2019-06-07 10:30:00,802 INFO org.springframework.security.web.DefaultSecurityFilterChain [main] Creating filter chain: Ant [pattern='/saml/logout/**'], [org.springframework.security.saml.SAMLLogoutFilter@77d95e5a]
2019-06-07 10:30:00,803 INFO org.springframework.security.web.DefaultSecurityFilterChain [main] Creating filter chain: Ant [pattern='/saml/SingleLogout/**'], [org.springframework.security.saml.SAMLLogoutProcessingFilter@6339e604]
2019-06-07 10:30:00,867 INFO org.springframework.scheduling.concurrent.ExecutorConfigurationSupport [main] Initializing ExecutorService 'applicationTaskExecutor'
2019-06-07 10:30:00,938 INFO org.springframework.security.web.DefaultSecurityFilterChain [main] Creating filter chain: any request, [org.springframework.security.saml.metadata.MetadataGeneratorFilter@5ad40184, org.springframework.security.web.context.request.async.WebAsyncManagerIntegrationFilter@3359c3f6, org.springframework.security.web.context.SecurityContextPersistenceFilter@1ae9d0e4, org.springframework.security.web.header.HeaderWriterFilter@7c47e077, org.springframework.security.web.authentication.logout.LogoutFilter@30bbe83, FilterChainProxy[Filter Chains: [[ Ant [pattern='/saml/metadata/**'], [org.springframework.security.saml.metadata.MetadataDisplayFilter@f237ae7]], [ Ant [pattern='/saml/login/**'], [esmo.test.ap.apms.SamlWithRelayStateEntryPoint@42edde25]], [ Ant [pattern='/saml/SSO/**'], [org.springframework.security.saml.SAMLProcessingFilter@6fe5da76]], [ Ant [pattern='/saml/logout/**'], [org.springframework.security.saml.SAMLLogoutFilter@77d95e5a]], [ Ant [pattern='/saml/SingleLogout/**'], [org.springframework.security.saml.SAMLLogoutProcessingFilter@6339e604]]]], org.springframework.security.web.savedrequest.RequestCacheAwareFilter@6acb45c1, org.springframework.security.web.servletapi.SecurityContextHolderAwareRequestFilter@294c44b7, org.springframework.security.web.authentication.AnonymousAuthenticationFilter@3d3b272a, org.springframework.security.web.session.SessionManagementFilter@41bd6a0f, org.springframework.security.web.access.ExceptionTranslationFilter@4df7b4ac, org.springframework.security.web.access.intercept.FilterSecurityInterceptor@8ee03f5]
2019-06-07 10:30:00,992 INFO org.springframework.mock.web.MockServletContext [main] Initializing Spring TestDispatcherServlet ''
2019-06-07 10:30:00,992 INFO org.springframework.web.servlet.FrameworkServlet [main] Initializing Servlet ''
2019-06-07 10:30:01,012 INFO org.springframework.web.servlet.FrameworkServlet [main] Completed initialization in 19 ms
2019-06-07 10:30:01,042 INFO org.springframework.boot.StartupInfoLogger [main] Started TestSessisonManagerConnection in 1.486 seconds (JVM running for 17.296)
2019-06-07 10:30:03,231 INFO org.springframework.scheduling.concurrent.ExecutorConfigurationSupport [Thread-6] Shutting down ExecutorService 'applicationTaskExecutor'
2019-06-07 10:30:03,231 INFO org.springframework.scheduling.concurrent.ExecutorConfigurationSupport [Thread-12] Shutting down ExecutorService 'applicationTaskExecutor'
