2019-06-27 09:52:31,607 INFO org.springframework.boot.StartupInfoLogger [main] Starting ApmsApplicationTests on nikos-Lenovo-V310-15IKB with PID 1149 (started by nikos in /home/nikos/NetBeansProjects/ESMO-AP-TEST)
2019-06-27 09:52:31,614 INFO org.springframework.boot.SpringApplication [main] The following profiles are active: test
2019-06-27 09:52:37,759 INFO com.google.code.ssm.config.DefaultAddressProvider [main] Defined values 172.17.0.1:11211 will be used as memcached addresses
2019-06-27 09:52:39,672 INFO org.opensaml.saml2.metadata.provider.AbstractReloadingMetadataProvider [main] New metadata succesfully loaded for 'https://idp.aegean.gr/idp/shibboleth'
2019-06-27 09:52:39,689 INFO org.opensaml.saml2.metadata.provider.AbstractReloadingMetadataProvider [main] Next refresh cycle for metadata provider 'https://idp.aegean.gr/idp/shibboleth' will occur on '2019-06-27T09:52:39.086Z' ('2019-06-27T12:52:39.086+03:00' local time)
2019-06-27 09:52:39,773 INFO esmo.test.ap.apms.SamlSecurityConfig [main] Using SAMLContextProviderLB implementation of SAMLContextProvider for context provider bean.
2019-06-27 09:52:39,778 INFO esmo.test.ap.apms.SamlSecurityConfig [main] Setting the load balancer scheme to https
2019-06-27 09:52:39,778 INFO esmo.test.ap.apms.SamlSecurityConfig [main] Setting the load balancer server name to serverName
2019-06-27 09:52:39,778 INFO esmo.test.ap.apms.SamlSecurityConfig [main] Setting the load balancer context path to /grap
2019-06-27 09:52:39,779 INFO esmo.test.ap.apms.SamlSecurityConfig [main] Setting the load balancer port to 443
2019-06-27 09:52:39,779 INFO esmo.test.ap.apms.SamlSecurityConfig [main] Setting whether to include the server port in the request URL to false
2019-06-27 09:52:39,928 INFO org.springframework.security.web.DefaultSecurityFilterChain [main] Creating filter chain: Ant [pattern='/saml/metadata/**'], [org.springframework.security.saml.metadata.MetadataDisplayFilter@6903ed0e]
2019-06-27 09:52:39,929 INFO org.springframework.security.web.DefaultSecurityFilterChain [main] Creating filter chain: Ant [pattern='/saml/login/**'], [esmo.test.ap.apms.SamlWithRelayStateEntryPoint@e154848]
2019-06-27 09:52:39,930 INFO org.springframework.security.web.DefaultSecurityFilterChain [main] Creating filter chain: Ant [pattern='/saml/SSO/**'], [org.springframework.security.saml.SAMLProcessingFilter@16ea0f22]
2019-06-27 09:52:39,930 INFO org.springframework.security.web.DefaultSecurityFilterChain [main] Creating filter chain: Ant [pattern='/saml/logout/**'], [org.springframework.security.saml.SAMLLogoutFilter@60fc7f43]
2019-06-27 09:52:39,931 INFO org.springframework.security.web.DefaultSecurityFilterChain [main] Creating filter chain: Ant [pattern='/saml/SingleLogout/**'], [org.springframework.security.saml.SAMLLogoutProcessingFilter@16e195cf]
2019-06-27 09:52:40,351 INFO org.springframework.scheduling.concurrent.ExecutorConfigurationSupport [main] Initializing ExecutorService 'applicationTaskExecutor'
2019-06-27 09:52:41,129 INFO org.springframework.security.web.DefaultSecurityFilterChain [main] Creating filter chain: any request, [org.springframework.security.saml.metadata.MetadataGeneratorFilter@761f234c, org.springframework.security.web.context.request.async.WebAsyncManagerIntegrationFilter@687b0ddc, org.springframework.security.web.context.SecurityContextPersistenceFilter@16ccd2bc, org.springframework.security.web.header.HeaderWriterFilter@61e14b53, org.springframework.security.web.authentication.logout.LogoutFilter@685e6a68, FilterChainProxy[Filter Chains: [[ Ant [pattern='/saml/metadata/**'], [org.springframework.security.saml.metadata.MetadataDisplayFilter@6903ed0e]], [ Ant [pattern='/saml/login/**'], [esmo.test.ap.apms.SamlWithRelayStateEntryPoint@e154848]], [ Ant [pattern='/saml/SSO/**'], [org.springframework.security.saml.SAMLProcessingFilter@16ea0f22]], [ Ant [pattern='/saml/logout/**'], [org.springframework.security.saml.SAMLLogoutFilter@60fc7f43]], [ Ant [pattern='/saml/SingleLogout/**'], [org.springframework.security.saml.SAMLLogoutProcessingFilter@16e195cf]]]], org.springframework.security.web.savedrequest.RequestCacheAwareFilter@6f7a20da, org.springframework.security.web.servletapi.SecurityContextHolderAwareRequestFilter@1c171746, org.springframework.security.web.authentication.AnonymousAuthenticationFilter@42b4df5a, org.springframework.security.web.session.SessionManagementFilter@6253e59a, org.springframework.security.web.access.ExceptionTranslationFilter@54275b5d, org.springframework.security.web.access.intercept.FilterSecurityInterceptor@56266bda]
2019-06-27 09:52:41,247 INFO org.springframework.boot.StartupInfoLogger [main] Started ApmsApplicationTests in 10.236 seconds (JVM running for 12.494)
2019-06-27 09:52:41,276 INFO org.springframework.test.context.support.AbstractTestContextBootstrapper [main] Neither @ContextConfiguration nor @ContextHierarchy found for test class [esmo.test.ap.apms.integration.TestSessisonManagerConnection], using SpringBootContextLoader
2019-06-27 09:52:41,277 INFO org.springframework.test.context.support.AbstractContextLoader [main] Could not detect default resource locations for test class [esmo.test.ap.apms.integration.TestSessisonManagerConnection]: no resource found for suffixes {-context.xml, Context.groovy}.
2019-06-27 09:52:41,290 INFO org.springframework.test.context.support.AbstractTestContextBootstrapper [main] Loaded default TestExecutionListener class names from location [META-INF/spring.factories]: [org.springframework.boot.test.mock.mockito.MockitoTestExecutionListener, org.springframework.boot.test.mock.mockito.ResetMocksTestExecutionListener, org.springframework.boot.test.autoconfigure.restdocs.RestDocsTestExecutionListener, org.springframework.boot.test.autoconfigure.web.client.MockRestServiceServerResetTestExecutionListener, org.springframework.boot.test.autoconfigure.web.servlet.MockMvcPrintOnlyOnFailureTestExecutionListener, org.springframework.boot.test.autoconfigure.web.servlet.WebDriverTestExecutionListener, org.springframework.test.context.web.ServletTestExecutionListener, org.springframework.test.context.support.DirtiesContextBeforeModesTestExecutionListener, org.springframework.test.context.support.DependencyInjectionTestExecutionListener, org.springframework.test.context.support.DirtiesContextTestExecutionListener, org.springframework.test.context.transaction.TransactionalTestExecutionListener, org.springframework.test.context.jdbc.SqlScriptsTestExecutionListener]
2019-06-27 09:52:41,292 INFO org.springframework.test.context.support.AbstractTestContextBootstrapper [main] Using TestExecutionListeners: [org.springframework.test.context.web.ServletTestExecutionListener@76db9048, org.springframework.test.context.support.DirtiesContextBeforeModesTestExecutionListener@54daf8f9, org.springframework.boot.test.mock.mockito.MockitoTestExecutionListener@7d4d65f5, org.springframework.boot.test.autoconfigure.SpringBootDependencyInjectionTestExecutionListener@38cf3ae1, org.springframework.test.context.support.DirtiesContextTestExecutionListener@123ca460, org.springframework.boot.test.mock.mockito.ResetMocksTestExecutionListener@11228bee, org.springframework.boot.test.autoconfigure.restdocs.RestDocsTestExecutionListener@7d626f2, org.springframework.boot.test.autoconfigure.web.client.MockRestServiceServerResetTestExecutionListener@460f1cdb, org.springframework.boot.test.autoconfigure.web.servlet.MockMvcPrintOnlyOnFailureTestExecutionListener@31e7afde, org.springframework.boot.test.autoconfigure.web.servlet.WebDriverTestExecutionListener@349f3ff7]
2019-06-27 09:52:41,327 INFO org.springframework.boot.StartupInfoLogger [main] Starting TestSessisonManagerConnection on nikos-Lenovo-V310-15IKB with PID 1149 (started by nikos in /home/nikos/NetBeansProjects/ESMO-AP-TEST)
2019-06-27 09:52:41,328 INFO org.springframework.boot.SpringApplication [main] The following profiles are active: test
2019-06-27 09:52:41,881 INFO com.google.code.ssm.config.DefaultAddressProvider [main] Defined values 172.17.0.1:11211 will be used as memcached addresses
2019-06-27 09:52:42,225 INFO org.opensaml.saml2.metadata.provider.AbstractReloadingMetadataProvider [main] New metadata succesfully loaded for 'https://idp.aegean.gr/idp/shibboleth'
2019-06-27 09:52:42,225 INFO org.opensaml.saml2.metadata.provider.AbstractReloadingMetadataProvider [main] Next refresh cycle for metadata provider 'https://idp.aegean.gr/idp/shibboleth' will occur on '2019-06-27T09:52:42.063Z' ('2019-06-27T12:52:42.063+03:00' local time)
2019-06-27 09:52:42,236 INFO esmo.test.ap.apms.SamlSecurityConfig [main] Using SAMLContextProviderLB implementation of SAMLContextProvider for context provider bean.
2019-06-27 09:52:42,236 INFO esmo.test.ap.apms.SamlSecurityConfig [main] Setting the load balancer scheme to https
2019-06-27 09:52:42,237 INFO esmo.test.ap.apms.SamlSecurityConfig [main] Setting the load balancer server name to serverName
2019-06-27 09:52:42,237 INFO esmo.test.ap.apms.SamlSecurityConfig [main] Setting the load balancer context path to /grap
2019-06-27 09:52:42,237 INFO esmo.test.ap.apms.SamlSecurityConfig [main] Setting the load balancer port to 443
2019-06-27 09:52:42,238 INFO esmo.test.ap.apms.SamlSecurityConfig [main] Setting whether to include the server port in the request URL to false
2019-06-27 09:52:42,265 INFO org.springframework.security.web.DefaultSecurityFilterChain [main] Creating filter chain: Ant [pattern='/saml/metadata/**'], [org.springframework.security.saml.metadata.MetadataDisplayFilter@7976e536]
2019-06-27 09:52:42,265 INFO org.springframework.security.web.DefaultSecurityFilterChain [main] Creating filter chain: Ant [pattern='/saml/login/**'], [esmo.test.ap.apms.SamlWithRelayStateEntryPoint@670a4738]
2019-06-27 09:52:42,266 INFO org.springframework.security.web.DefaultSecurityFilterChain [main] Creating filter chain: Ant [pattern='/saml/SSO/**'], [org.springframework.security.saml.SAMLProcessingFilter@47ffdbba]
2019-06-27 09:52:42,266 INFO org.springframework.security.web.DefaultSecurityFilterChain [main] Creating filter chain: Ant [pattern='/saml/logout/**'], [org.springframework.security.saml.SAMLLogoutFilter@ba0018e]
2019-06-27 09:52:42,266 INFO org.springframework.security.web.DefaultSecurityFilterChain [main] Creating filter chain: Ant [pattern='/saml/SingleLogout/**'], [org.springframework.security.saml.SAMLLogoutProcessingFilter@45311a99]
2019-06-27 09:52:42,583 INFO org.springframework.scheduling.concurrent.ExecutorConfigurationSupport [main] Initializing ExecutorService 'applicationTaskExecutor'
2019-06-27 09:52:42,666 INFO org.springframework.security.web.DefaultSecurityFilterChain [main] Creating filter chain: any request, [org.springframework.security.saml.metadata.MetadataGeneratorFilter@1b69fc07, org.springframework.security.web.context.request.async.WebAsyncManagerIntegrationFilter@19e801b5, org.springframework.security.web.context.SecurityContextPersistenceFilter@152891f8, org.springframework.security.web.header.HeaderWriterFilter@1c411474, org.springframework.security.web.authentication.logout.LogoutFilter@b56c222, FilterChainProxy[Filter Chains: [[ Ant [pattern='/saml/metadata/**'], [org.springframework.security.saml.metadata.MetadataDisplayFilter@7976e536]], [ Ant [pattern='/saml/login/**'], [esmo.test.ap.apms.SamlWithRelayStateEntryPoint@670a4738]], [ Ant [pattern='/saml/SSO/**'], [org.springframework.security.saml.SAMLProcessingFilter@47ffdbba]], [ Ant [pattern='/saml/logout/**'], [org.springframework.security.saml.SAMLLogoutFilter@ba0018e]], [ Ant [pattern='/saml/SingleLogout/**'], [org.springframework.security.saml.SAMLLogoutProcessingFilter@45311a99]]]], org.springframework.security.web.savedrequest.RequestCacheAwareFilter@1d2c253, org.springframework.security.web.servletapi.SecurityContextHolderAwareRequestFilter@15a484a9, org.springframework.security.web.authentication.AnonymousAuthenticationFilter@24de63b, org.springframework.security.web.session.SessionManagementFilter@5e681097, org.springframework.security.web.access.ExceptionTranslationFilter@9d3a7a1, org.springframework.security.web.access.intercept.FilterSecurityInterceptor@19d3f6ad]
2019-06-27 09:52:42,716 INFO org.springframework.mock.web.MockServletContext [main] Initializing Spring TestDispatcherServlet ''
2019-06-27 09:52:42,717 INFO org.springframework.web.servlet.FrameworkServlet [main] Initializing Servlet ''
2019-06-27 09:52:42,744 INFO org.springframework.web.servlet.FrameworkServlet [main] Completed initialization in 27 ms
2019-06-27 09:52:42,760 INFO org.springframework.boot.StartupInfoLogger [main] Started TestSessisonManagerConnection in 1.465 seconds (JVM running for 14.006)
2019-06-27 09:52:44,819 INFO org.springframework.scheduling.concurrent.ExecutorConfigurationSupport [Thread-6] Shutting down ExecutorService 'applicationTaskExecutor'
2019-06-27 09:52:44,821 INFO org.springframework.scheduling.concurrent.ExecutorConfigurationSupport [Thread-12] Shutting down ExecutorService 'applicationTaskExecutor'
2019-06-27 11:48:38,623 INFO org.springframework.boot.StartupInfoLogger [main] Starting ApmsApplicationTests on nikos-Lenovo-V310-15IKB with PID 6510 (started by nikos in /home/nikos/NetBeansProjects/ESMO-AP-TEST)
2019-06-27 11:48:38,625 INFO org.springframework.boot.SpringApplication [main] The following profiles are active: test
2019-06-27 11:48:41,966 INFO com.google.code.ssm.config.DefaultAddressProvider [main] Defined values 172.17.0.1:11211 will be used as memcached addresses
2019-06-27 11:48:44,532 INFO org.opensaml.saml2.metadata.provider.AbstractReloadingMetadataProvider [main] New metadata succesfully loaded for 'https://idp.aegean.gr/idp/shibboleth'
2019-06-27 11:48:44,573 INFO org.opensaml.saml2.metadata.provider.AbstractReloadingMetadataProvider [main] Next refresh cycle for metadata provider 'https://idp.aegean.gr/idp/shibboleth' will occur on '2019-06-27T11:48:43.473Z' ('2019-06-27T14:48:43.473+03:00' local time)
2019-06-27 11:48:44,720 INFO esmo.test.ap.apms.SamlSecurityConfig [main] Using SAMLContextProviderLB implementation of SAMLContextProvider for context provider bean.
2019-06-27 11:48:44,724 INFO esmo.test.ap.apms.SamlSecurityConfig [main] Setting the load balancer scheme to https
2019-06-27 11:48:44,725 INFO esmo.test.ap.apms.SamlSecurityConfig [main] Setting the load balancer server name to serverName
2019-06-27 11:48:44,726 INFO esmo.test.ap.apms.SamlSecurityConfig [main] Setting the load balancer context path to /grap
2019-06-27 11:48:44,727 INFO esmo.test.ap.apms.SamlSecurityConfig [main] Setting the load balancer port to 443
2019-06-27 11:48:44,727 INFO esmo.test.ap.apms.SamlSecurityConfig [main] Setting whether to include the server port in the request URL to false
2019-06-27 11:48:44,867 INFO org.springframework.security.web.DefaultSecurityFilterChain [main] Creating filter chain: Ant [pattern='/saml/metadata/**'], [org.springframework.security.saml.metadata.MetadataDisplayFilter@16e195cf]
2019-06-27 11:48:44,867 INFO org.springframework.security.web.DefaultSecurityFilterChain [main] Creating filter chain: Ant [pattern='/saml/login/**'], [esmo.test.ap.apms.SamlWithRelayStateEntryPoint@3212d853]
2019-06-27 11:48:44,868 INFO org.springframework.security.web.DefaultSecurityFilterChain [main] Creating filter chain: Ant [pattern='/saml/SSO/**'], [org.springframework.security.saml.SAMLProcessingFilter@74c7522c]
2019-06-27 11:48:44,868 INFO org.springframework.security.web.DefaultSecurityFilterChain [main] Creating filter chain: Ant [pattern='/saml/logout/**'], [org.springframework.security.saml.SAMLLogoutFilter@77c23d90]
2019-06-27 11:48:44,869 INFO org.springframework.security.web.DefaultSecurityFilterChain [main] Creating filter chain: Ant [pattern='/saml/SingleLogout/**'], [org.springframework.security.saml.SAMLLogoutProcessingFilter@6d17914a]
2019-06-27 11:48:45,237 INFO org.springframework.scheduling.concurrent.ExecutorConfigurationSupport [main] Initializing ExecutorService 'applicationTaskExecutor'
2019-06-27 11:48:46,037 INFO org.springframework.security.web.DefaultSecurityFilterChain [main] Creating filter chain: any request, [org.springframework.security.saml.metadata.MetadataGeneratorFilter@67b8d45, org.springframework.security.web.context.request.async.WebAsyncManagerIntegrationFilter@365e65bb, org.springframework.security.web.context.SecurityContextPersistenceFilter@77ba583, org.springframework.security.web.header.HeaderWriterFilter@16ccd2bc, org.springframework.security.web.authentication.logout.LogoutFilter@2673487b, FilterChainProxy[Filter Chains: [[ Ant [pattern='/saml/metadata/**'], [org.springframework.security.saml.metadata.MetadataDisplayFilter@16e195cf]], [ Ant [pattern='/saml/login/**'], [esmo.test.ap.apms.SamlWithRelayStateEntryPoint@3212d853]], [ Ant [pattern='/saml/SSO/**'], [org.springframework.security.saml.SAMLProcessingFilter@74c7522c]], [ Ant [pattern='/saml/logout/**'], [org.springframework.security.saml.SAMLLogoutFilter@77c23d90]], [ Ant [pattern='/saml/SingleLogout/**'], [org.springframework.security.saml.SAMLLogoutProcessingFilter@6d17914a]]]], org.springframework.security.web.savedrequest.RequestCacheAwareFilter@6851b296, org.springframework.security.web.servletapi.SecurityContextHolderAwareRequestFilter@685e6a68, org.springframework.security.web.authentication.AnonymousAuthenticationFilter@52f43225, org.springframework.security.web.session.SessionManagementFilter@6f7a20da, org.springframework.security.web.access.ExceptionTranslationFilter@61e14b53, org.springframework.security.web.access.intercept.FilterSecurityInterceptor@53b7bf01]
2019-06-27 11:48:46,225 INFO org.springframework.boot.StartupInfoLogger [main] Started ApmsApplicationTests in 8.088 seconds (JVM running for 10.856)
2019-06-27 11:48:46,295 INFO org.springframework.test.context.support.AbstractTestContextBootstrapper [main] Neither @ContextConfiguration nor @ContextHierarchy found for test class [esmo.test.ap.apms.integration.TestSessisonManagerConnection], using SpringBootContextLoader
2019-06-27 11:48:46,300 INFO org.springframework.test.context.support.AbstractContextLoader [main] Could not detect default resource locations for test class [esmo.test.ap.apms.integration.TestSessisonManagerConnection]: no resource found for suffixes {-context.xml, Context.groovy}.
2019-06-27 11:48:46,320 INFO org.springframework.test.context.support.AbstractTestContextBootstrapper [main] Loaded default TestExecutionListener class names from location [META-INF/spring.factories]: [org.springframework.boot.test.mock.mockito.MockitoTestExecutionListener, org.springframework.boot.test.mock.mockito.ResetMocksTestExecutionListener, org.springframework.boot.test.autoconfigure.restdocs.RestDocsTestExecutionListener, org.springframework.boot.test.autoconfigure.web.client.MockRestServiceServerResetTestExecutionListener, org.springframework.boot.test.autoconfigure.web.servlet.MockMvcPrintOnlyOnFailureTestExecutionListener, org.springframework.boot.test.autoconfigure.web.servlet.WebDriverTestExecutionListener, org.springframework.test.context.web.ServletTestExecutionListener, org.springframework.test.context.support.DirtiesContextBeforeModesTestExecutionListener, org.springframework.test.context.support.DependencyInjectionTestExecutionListener, org.springframework.test.context.support.DirtiesContextTestExecutionListener, org.springframework.test.context.transaction.TransactionalTestExecutionListener, org.springframework.test.context.jdbc.SqlScriptsTestExecutionListener]
2019-06-27 11:48:46,323 INFO org.springframework.test.context.support.AbstractTestContextBootstrapper [main] Using TestExecutionListeners: [org.springframework.test.context.web.ServletTestExecutionListener@123ca460, org.springframework.test.context.support.DirtiesContextBeforeModesTestExecutionListener@11228bee, org.springframework.boot.test.mock.mockito.MockitoTestExecutionListener@7d626f2, org.springframework.boot.test.autoconfigure.SpringBootDependencyInjectionTestExecutionListener@460f1cdb, org.springframework.test.context.support.DirtiesContextTestExecutionListener@31e7afde, org.springframework.boot.test.mock.mockito.ResetMocksTestExecutionListener@349f3ff7, org.springframework.boot.test.autoconfigure.restdocs.RestDocsTestExecutionListener@2487e20, org.springframework.boot.test.autoconfigure.web.client.MockRestServiceServerResetTestExecutionListener@3c9f4376, org.springframework.boot.test.autoconfigure.web.servlet.MockMvcPrintOnlyOnFailureTestExecutionListener@308a9264, org.springframework.boot.test.autoconfigure.web.servlet.WebDriverTestExecutionListener@7da77305]
2019-06-27 11:48:46,366 INFO org.springframework.boot.StartupInfoLogger [main] Starting TestSessisonManagerConnection on nikos-Lenovo-V310-15IKB with PID 6510 (started by nikos in /home/nikos/NetBeansProjects/ESMO-AP-TEST)
2019-06-27 11:48:46,367 INFO org.springframework.boot.SpringApplication [main] The following profiles are active: test
2019-06-27 11:48:47,139 INFO com.google.code.ssm.config.DefaultAddressProvider [main] Defined values 172.17.0.1:11211 will be used as memcached addresses
2019-06-27 11:48:47,515 INFO org.opensaml.saml2.metadata.provider.AbstractReloadingMetadataProvider [main] New metadata succesfully loaded for 'https://idp.aegean.gr/idp/shibboleth'
2019-06-27 11:48:47,517 INFO org.opensaml.saml2.metadata.provider.AbstractReloadingMetadataProvider [main] Next refresh cycle for metadata provider 'https://idp.aegean.gr/idp/shibboleth' will occur on '2019-06-27T11:48:47.336Z' ('2019-06-27T14:48:47.336+03:00' local time)
2019-06-27 11:48:47,545 INFO esmo.test.ap.apms.SamlSecurityConfig [main] Using SAMLContextProviderLB implementation of SAMLContextProvider for context provider bean.
2019-06-27 11:48:47,580 INFO esmo.test.ap.apms.SamlSecurityConfig [main] Setting the load balancer scheme to https
2019-06-27 11:48:47,581 INFO esmo.test.ap.apms.SamlSecurityConfig [main] Setting the load balancer server name to serverName
2019-06-27 11:48:47,581 INFO esmo.test.ap.apms.SamlSecurityConfig [main] Setting the load balancer context path to /grap
2019-06-27 11:48:47,582 INFO esmo.test.ap.apms.SamlSecurityConfig [main] Setting the load balancer port to 443
2019-06-27 11:48:47,592 INFO esmo.test.ap.apms.SamlSecurityConfig [main] Setting whether to include the server port in the request URL to false
2019-06-27 11:48:47,651 INFO org.springframework.security.web.DefaultSecurityFilterChain [main] Creating filter chain: Ant [pattern='/saml/metadata/**'], [org.springframework.security.saml.metadata.MetadataDisplayFilter@45311a99]
2019-06-27 11:48:47,652 INFO org.springframework.security.web.DefaultSecurityFilterChain [main] Creating filter chain: Ant [pattern='/saml/login/**'], [esmo.test.ap.apms.SamlWithRelayStateEntryPoint@7037a680]
2019-06-27 11:48:47,654 INFO org.springframework.security.web.DefaultSecurityFilterChain [main] Creating filter chain: Ant [pattern='/saml/SSO/**'], [org.springframework.security.saml.SAMLProcessingFilter@492c8137]
2019-06-27 11:48:47,657 INFO org.springframework.security.web.DefaultSecurityFilterChain [main] Creating filter chain: Ant [pattern='/saml/logout/**'], [org.springframework.security.saml.SAMLLogoutFilter@420b55ed]
2019-06-27 11:48:47,659 INFO org.springframework.security.web.DefaultSecurityFilterChain [main] Creating filter chain: Ant [pattern='/saml/SingleLogout/**'], [org.springframework.security.saml.SAMLLogoutProcessingFilter@f237ae7]
2019-06-27 11:48:47,764 INFO org.springframework.scheduling.concurrent.ExecutorConfigurationSupport [main] Initializing ExecutorService 'applicationTaskExecutor'
2019-06-27 11:48:47,985 INFO org.springframework.security.web.DefaultSecurityFilterChain [main] Creating filter chain: any request, [org.springframework.security.saml.metadata.MetadataGeneratorFilter@50f05307, org.springframework.security.web.context.request.async.WebAsyncManagerIntegrationFilter@9cc0505, org.springframework.security.web.context.SecurityContextPersistenceFilter@5a2035e1, org.springframework.security.web.header.HeaderWriterFilter@15a484a9, org.springframework.security.web.authentication.logout.LogoutFilter@41bd6a0f, FilterChainProxy[Filter Chains: [[ Ant [pattern='/saml/metadata/**'], [org.springframework.security.saml.metadata.MetadataDisplayFilter@45311a99]], [ Ant [pattern='/saml/login/**'], [esmo.test.ap.apms.SamlWithRelayStateEntryPoint@7037a680]], [ Ant [pattern='/saml/SSO/**'], [org.springframework.security.saml.SAMLProcessingFilter@492c8137]], [ Ant [pattern='/saml/logout/**'], [org.springframework.security.saml.SAMLLogoutFilter@420b55ed]], [ Ant [pattern='/saml/SingleLogout/**'], [org.springframework.security.saml.SAMLLogoutProcessingFilter@f237ae7]]]], org.springframework.security.web.savedrequest.RequestCacheAwareFilter@4df7b4ac, org.springframework.security.web.servletapi.SecurityContextHolderAwareRequestFilter@7c47e077, org.springframework.security.web.authentication.AnonymousAuthenticationFilter@645d4639, org.springframework.security.web.session.SessionManagementFilter@b56c222, org.springframework.security.web.access.ExceptionTranslationFilter@1d2c253, org.springframework.security.web.access.intercept.FilterSecurityInterceptor@42d0e41]
2019-06-27 11:48:48,046 INFO org.springframework.mock.web.MockServletContext [main] Initializing Spring TestDispatcherServlet ''
2019-06-27 11:48:48,046 INFO org.springframework.web.servlet.FrameworkServlet [main] Initializing Servlet ''
2019-06-27 11:48:48,065 INFO org.springframework.web.servlet.FrameworkServlet [main] Completed initialization in 19 ms
2019-06-27 11:48:48,088 INFO org.springframework.boot.StartupInfoLogger [main] Started TestSessisonManagerConnection in 1.761 seconds (JVM running for 12.719)
2019-06-27 11:48:51,079 INFO org.springframework.scheduling.concurrent.ExecutorConfigurationSupport [Thread-12] Shutting down ExecutorService 'applicationTaskExecutor'
2019-06-27 11:48:51,080 INFO org.springframework.scheduling.concurrent.ExecutorConfigurationSupport [Thread-6] Shutting down ExecutorService 'applicationTaskExecutor'
2019-11-25 10:42:51,765 INFO org.springframework.boot.StartupInfoLogger [main] Starting ApmsApplicationTests on carlos-VirtualBox with PID 9033 (started by carlos in /home/carlos/Documents/prj/seal/GRAPms)
2019-11-25 10:42:51,779 INFO org.springframework.boot.SpringApplication [main] The following profiles are active: test
2019-11-25 10:42:57,399 INFO com.google.code.ssm.config.DefaultAddressProvider [main] Defined values 172.17.0.1:11211 will be used as memcached addresses
2019-11-25 10:43:00,187 INFO org.opensaml.saml2.metadata.provider.AbstractReloadingMetadataProvider [main] New metadata succesfully loaded for 'https://idp.aegean.gr/idp/shibboleth'
2019-11-25 10:43:00,219 INFO org.opensaml.saml2.metadata.provider.AbstractReloadingMetadataProvider [main] Next refresh cycle for metadata provider 'https://idp.aegean.gr/idp/shibboleth' will occur on '2019-11-25T12:42:59.238Z' ('2019-11-25T13:42:59.238+01:00' local time)
2019-11-25 10:43:00,479 INFO esmo.test.ap.apms.SamlSecurityConfig [main] Using SAMLContextProviderLB implementation of SAMLContextProvider for context provider bean.
2019-11-25 10:43:00,486 INFO esmo.test.ap.apms.SamlSecurityConfig [main] Setting the load balancer scheme to https
2019-11-25 10:43:00,487 INFO esmo.test.ap.apms.SamlSecurityConfig [main] Setting the load balancer server name to serverName
2019-11-25 10:43:00,488 INFO esmo.test.ap.apms.SamlSecurityConfig [main] Setting the load balancer context path to /grap
2019-11-25 10:43:00,489 INFO esmo.test.ap.apms.SamlSecurityConfig [main] Setting the load balancer port to 443
2019-11-25 10:43:00,490 INFO esmo.test.ap.apms.SamlSecurityConfig [main] Setting whether to include the server port in the request URL to false
2019-11-25 10:43:00,729 INFO org.springframework.security.web.DefaultSecurityFilterChain [main] Creating filter chain: Ant [pattern='/saml/metadata/**'], [org.springframework.security.saml.metadata.MetadataDisplayFilter@4899799b]
2019-11-25 10:43:00,729 INFO org.springframework.security.web.DefaultSecurityFilterChain [main] Creating filter chain: Ant [pattern='/saml/login/**'], [esmo.test.ap.apms.SamlWithRelayStateEntryPoint@3dea226b]
2019-11-25 10:43:00,730 INFO org.springframework.security.web.DefaultSecurityFilterChain [main] Creating filter chain: Ant [pattern='/saml/SSO/**'], [org.springframework.security.saml.SAMLProcessingFilter@74500e4f]
2019-11-25 10:43:00,731 INFO org.springframework.security.web.DefaultSecurityFilterChain [main] Creating filter chain: Ant [pattern='/saml/logout/**'], [org.springframework.security.saml.SAMLLogoutFilter@7c91fe86]
2019-11-25 10:43:00,731 INFO org.springframework.security.web.DefaultSecurityFilterChain [main] Creating filter chain: Ant [pattern='/saml/SingleLogout/**'], [org.springframework.security.saml.SAMLLogoutProcessingFilter@7fc7152e]
2019-11-25 10:43:01,318 INFO org.springframework.scheduling.concurrent.ExecutorConfigurationSupport [main] Initializing ExecutorService 'applicationTaskExecutor'
2019-11-25 10:43:02,167 INFO org.springframework.security.web.DefaultSecurityFilterChain [main] Creating filter chain: any request, [org.springframework.security.saml.metadata.MetadataGeneratorFilter@40bf0e15, org.springframework.security.web.context.request.async.WebAsyncManagerIntegrationFilter@2c77344f, org.springframework.security.web.context.SecurityContextPersistenceFilter@38022758, org.springframework.security.web.header.HeaderWriterFilter@395281c2, org.springframework.security.web.authentication.logout.LogoutFilter@782cc5fa, FilterChainProxy[Filter Chains: [[ Ant [pattern='/saml/metadata/**'], [org.springframework.security.saml.metadata.MetadataDisplayFilter@4899799b]], [ Ant [pattern='/saml/login/**'], [esmo.test.ap.apms.SamlWithRelayStateEntryPoint@3dea226b]], [ Ant [pattern='/saml/SSO/**'], [org.springframework.security.saml.SAMLProcessingFilter@74500e4f]], [ Ant [pattern='/saml/logout/**'], [org.springframework.security.saml.SAMLLogoutFilter@7c91fe86]], [ Ant [pattern='/saml/SingleLogout/**'], [org.springframework.security.saml.SAMLLogoutProcessingFilter@7fc7152e]]]], org.springframework.security.web.savedrequest.RequestCacheAwareFilter@7e8f23ad, org.springframework.security.web.servletapi.SecurityContextHolderAwareRequestFilter@78eafad, org.springframework.security.web.authentication.AnonymousAuthenticationFilter@121ddca4, org.springframework.security.web.session.SessionManagementFilter@3e753289, org.springframework.security.web.access.ExceptionTranslationFilter@247bbfba, org.springframework.security.web.access.intercept.FilterSecurityInterceptor@30798137]
2019-11-25 10:43:02,503 INFO org.springframework.boot.StartupInfoLogger [main] Started ApmsApplicationTests in 11.925 seconds (JVM running for 16.273)
2019-11-25 10:43:02,594 INFO org.springframework.test.context.support.AbstractTestContextBootstrapper [main] Neither @ContextConfiguration nor @ContextHierarchy found for test class [esmo.test.ap.apms.integration.TestSessisonManagerConnection], using SpringBootContextLoader
2019-11-25 10:43:02,604 INFO org.springframework.test.context.support.AbstractContextLoader [main] Could not detect default resource locations for test class [esmo.test.ap.apms.integration.TestSessisonManagerConnection]: no resource found for suffixes {-context.xml, Context.groovy}.
2019-11-25 10:43:02,660 INFO org.springframework.test.context.support.AbstractTestContextBootstrapper [main] Loaded default TestExecutionListener class names from location [META-INF/spring.factories]: [org.springframework.boot.test.mock.mockito.MockitoTestExecutionListener, org.springframework.boot.test.mock.mockito.ResetMocksTestExecutionListener, org.springframework.boot.test.autoconfigure.restdocs.RestDocsTestExecutionListener, org.springframework.boot.test.autoconfigure.web.client.MockRestServiceServerResetTestExecutionListener, org.springframework.boot.test.autoconfigure.web.servlet.MockMvcPrintOnlyOnFailureTestExecutionListener, org.springframework.boot.test.autoconfigure.web.servlet.WebDriverTestExecutionListener, org.springframework.test.context.web.ServletTestExecutionListener, org.springframework.test.context.support.DirtiesContextBeforeModesTestExecutionListener, org.springframework.test.context.support.DependencyInjectionTestExecutionListener, org.springframework.test.context.support.DirtiesContextTestExecutionListener, org.springframework.test.context.transaction.TransactionalTestExecutionListener, org.springframework.test.context.jdbc.SqlScriptsTestExecutionListener]
2019-11-25 10:43:02,676 INFO org.springframework.test.context.support.AbstractTestContextBootstrapper [main] Using TestExecutionListeners: [org.springframework.test.context.web.ServletTestExecutionListener@c6a692e, org.springframework.test.context.support.DirtiesContextBeforeModesTestExecutionListener@27502e5c, org.springframework.boot.test.mock.mockito.MockitoTestExecutionListener@4b343b6d, org.springframework.boot.test.autoconfigure.SpringBootDependencyInjectionTestExecutionListener@17d2b646, org.springframework.test.context.support.DirtiesContextTestExecutionListener@48ae9e8b, org.springframework.boot.test.mock.mockito.ResetMocksTestExecutionListener@6eaa6b0c, org.springframework.boot.test.autoconfigure.restdocs.RestDocsTestExecutionListener@4afcae7, org.springframework.boot.test.autoconfigure.web.client.MockRestServiceServerResetTestExecutionListener@6cd2cb2, org.springframework.boot.test.autoconfigure.web.servlet.MockMvcPrintOnlyOnFailureTestExecutionListener@3a2bb026, org.springframework.boot.test.autoconfigure.web.servlet.WebDriverTestExecutionListener@7645e64]
2019-11-25 10:43:02,874 INFO org.springframework.boot.StartupInfoLogger [main] Starting TestSessisonManagerConnection on carlos-VirtualBox with PID 9033 (started by carlos in /home/carlos/Documents/prj/seal/GRAPms)
2019-11-25 10:43:02,875 INFO org.springframework.boot.SpringApplication [main] The following profiles are active: test
2019-11-25 10:43:03,873 INFO com.google.code.ssm.config.DefaultAddressProvider [main] Defined values 172.17.0.1:11211 will be used as memcached addresses
2019-11-25 10:43:04,437 INFO org.opensaml.saml2.metadata.provider.AbstractReloadingMetadataProvider [main] New metadata succesfully loaded for 'https://idp.aegean.gr/idp/shibboleth'
2019-11-25 10:43:04,438 INFO org.opensaml.saml2.metadata.provider.AbstractReloadingMetadataProvider [main] Next refresh cycle for metadata provider 'https://idp.aegean.gr/idp/shibboleth' will occur on '2019-11-25T12:43:04.182Z' ('2019-11-25T13:43:04.182+01:00' local time)
2019-11-25 10:43:04,455 INFO esmo.test.ap.apms.SamlSecurityConfig [main] Using SAMLContextProviderLB implementation of SAMLContextProvider for context provider bean.
2019-11-25 10:43:04,456 INFO esmo.test.ap.apms.SamlSecurityConfig [main] Setting the load balancer scheme to https
2019-11-25 10:43:04,457 INFO esmo.test.ap.apms.SamlSecurityConfig [main] Setting the load balancer server name to serverName
2019-11-25 10:43:04,458 INFO esmo.test.ap.apms.SamlSecurityConfig [main] Setting the load balancer context path to /grap
2019-11-25 10:43:04,459 INFO esmo.test.ap.apms.SamlSecurityConfig [main] Setting the load balancer port to 443
2019-11-25 10:43:04,461 INFO esmo.test.ap.apms.SamlSecurityConfig [main] Setting whether to include the server port in the request URL to false
2019-11-25 10:43:04,602 INFO org.springframework.security.web.DefaultSecurityFilterChain [main] Creating filter chain: Ant [pattern='/saml/metadata/**'], [org.springframework.security.saml.metadata.MetadataDisplayFilter@13d984ee]
2019-11-25 10:43:04,604 INFO org.springframework.security.web.DefaultSecurityFilterChain [main] Creating filter chain: Ant [pattern='/saml/login/**'], [esmo.test.ap.apms.SamlWithRelayStateEntryPoint@4fedf908]
2019-11-25 10:43:04,606 INFO org.springframework.security.web.DefaultSecurityFilterChain [main] Creating filter chain: Ant [pattern='/saml/SSO/**'], [org.springframework.security.saml.SAMLProcessingFilter@5341641d]
2019-11-25 10:43:04,619 INFO org.springframework.security.web.DefaultSecurityFilterChain [main] Creating filter chain: Ant [pattern='/saml/logout/**'], [org.springframework.security.saml.SAMLLogoutFilter@241d1052]
2019-11-25 10:43:04,620 INFO org.springframework.security.web.DefaultSecurityFilterChain [main] Creating filter chain: Ant [pattern='/saml/SingleLogout/**'], [org.springframework.security.saml.SAMLLogoutProcessingFilter@7b3c0ecb]
2019-11-25 10:43:04,760 INFO org.springframework.scheduling.concurrent.ExecutorConfigurationSupport [main] Initializing ExecutorService 'applicationTaskExecutor'
2019-11-25 10:43:04,936 INFO org.springframework.security.web.DefaultSecurityFilterChain [main] Creating filter chain: any request, [org.springframework.security.saml.metadata.MetadataGeneratorFilter@77eb607e, org.springframework.security.web.context.request.async.WebAsyncManagerIntegrationFilter@1f1fbc9f, org.springframework.security.web.context.SecurityContextPersistenceFilter@37c87fcc, org.springframework.security.web.header.HeaderWriterFilter@1f5d7fd5, org.springframework.security.web.authentication.logout.LogoutFilter@70697478, FilterChainProxy[Filter Chains: [[ Ant [pattern='/saml/metadata/**'], [org.springframework.security.saml.metadata.MetadataDisplayFilter@13d984ee]], [ Ant [pattern='/saml/login/**'], [esmo.test.ap.apms.SamlWithRelayStateEntryPoint@4fedf908]], [ Ant [pattern='/saml/SSO/**'], [org.springframework.security.saml.SAMLProcessingFilter@5341641d]], [ Ant [pattern='/saml/logout/**'], [org.springframework.security.saml.SAMLLogoutFilter@241d1052]], [ Ant [pattern='/saml/SingleLogout/**'], [org.springframework.security.saml.SAMLLogoutProcessingFilter@7b3c0ecb]]]], org.springframework.security.web.savedrequest.RequestCacheAwareFilter@ca2be53, org.springframework.security.web.servletapi.SecurityContextHolderAwareRequestFilter@78f5cbc5, org.springframework.security.web.authentication.AnonymousAuthenticationFilter@10d4b573, org.springframework.security.web.session.SessionManagementFilter@cf08c97, org.springframework.security.web.access.ExceptionTranslationFilter@be616f0, org.springframework.security.web.access.intercept.FilterSecurityInterceptor@1e8bccfb]
2019-11-25 10:43:05,098 INFO org.springframework.mock.web.MockServletContext [main] Initializing Spring TestDispatcherServlet ''
2019-11-25 10:43:05,099 INFO org.springframework.web.servlet.FrameworkServlet [main] Initializing Servlet ''
2019-11-25 10:43:05,138 INFO org.springframework.web.servlet.FrameworkServlet [main] Completed initialization in 38 ms
2019-11-25 10:43:05,167 INFO org.springframework.boot.StartupInfoLogger [main] Started TestSessisonManagerConnection in 2.47 seconds (JVM running for 18.937)
2019-11-25 10:43:25,553 INFO esmo.test.ap.apms.service.impl.NetworkServiceImpl [main] request failed will retry
2019-11-25 10:43:25,582 INFO esmo.test.ap.apms.service.impl.NetworkServiceImpl [main] request failed will retry
2019-11-25 10:43:25,676 INFO esmo.test.ap.apms.service.impl.NetworkServiceImpl [main] request failed will retry
2019-11-25 10:43:25,719 INFO esmo.test.ap.apms.service.impl.NetworkServiceImpl [main] request failed will retry
2019-11-25 10:43:26,249 INFO org.springframework.scheduling.concurrent.ExecutorConfigurationSupport [Thread-12] Shutting down ExecutorService 'applicationTaskExecutor'
2019-11-25 10:43:26,254 INFO org.springframework.scheduling.concurrent.ExecutorConfigurationSupport [Thread-6] Shutting down ExecutorService 'applicationTaskExecutor'
