2019-06-25 00:01:38,040 INFO org.springframework.boot.StartupInfoLogger [main] Starting ApmsApplicationTests on nikos-Lenovo-V310-15IKB with PID 22428 (started by nikos in /home/nikos/NetBeansProjects/ESMO-AP-TEST)
2019-06-25 00:01:38,043 INFO org.springframework.boot.SpringApplication [main] The following profiles are active: test
2019-06-25 00:01:41,322 INFO com.google.code.ssm.config.DefaultAddressProvider [main] Defined values 172.17.0.1:11211 will be used as memcached addresses
2019-06-25 00:01:43,459 INFO org.opensaml.saml2.metadata.provider.AbstractReloadingMetadataProvider [main] New metadata succesfully loaded for 'https://idp.aegean.gr/idp/shibboleth'
2019-06-25 00:01:43,483 INFO org.opensaml.saml2.metadata.provider.AbstractReloadingMetadataProvider [main] Next refresh cycle for metadata provider 'https://idp.aegean.gr/idp/shibboleth' will occur on '2019-06-25T00:01:42.401Z' ('2019-06-25T03:01:42.401+03:00' local time)
2019-06-25 00:01:43,590 INFO esmo.test.ap.apms.SamlSecurityConfig [main] Using SAMLContextProviderLB implementation of SAMLContextProvider for context provider bean.
2019-06-25 00:01:43,595 INFO esmo.test.ap.apms.SamlSecurityConfig [main] Setting the load balancer scheme to https
2019-06-25 00:01:43,596 INFO esmo.test.ap.apms.SamlSecurityConfig [main] Setting the load balancer server name to serverName
2019-06-25 00:01:43,596 INFO esmo.test.ap.apms.SamlSecurityConfig [main] Setting the load balancer context path to /grap
2019-06-25 00:01:43,596 INFO esmo.test.ap.apms.SamlSecurityConfig [main] Setting the load balancer port to 443
2019-06-25 00:01:43,597 INFO esmo.test.ap.apms.SamlSecurityConfig [main] Setting whether to include the server port in the request URL to false
2019-06-25 00:01:43,726 INFO org.springframework.security.web.DefaultSecurityFilterChain [main] Creating filter chain: Ant [pattern='/saml/metadata/**'], [org.springframework.security.saml.metadata.MetadataDisplayFilter@6d17914a]
2019-06-25 00:01:43,726 INFO org.springframework.security.web.DefaultSecurityFilterChain [main] Creating filter chain: Ant [pattern='/saml/login/**'], [esmo.test.ap.apms.SamlWithRelayStateEntryPoint@49631cfb]
2019-06-25 00:01:43,727 INFO org.springframework.security.web.DefaultSecurityFilterChain [main] Creating filter chain: Ant [pattern='/saml/SSO/**'], [org.springframework.security.saml.SAMLProcessingFilter@77b71c9]
2019-06-25 00:01:43,728 INFO org.springframework.security.web.DefaultSecurityFilterChain [main] Creating filter chain: Ant [pattern='/saml/logout/**'], [org.springframework.security.saml.SAMLLogoutFilter@6133e20b]
2019-06-25 00:01:43,729 INFO org.springframework.security.web.DefaultSecurityFilterChain [main] Creating filter chain: Ant [pattern='/saml/SingleLogout/**'], [org.springframework.security.saml.SAMLLogoutProcessingFilter@30ffb2a6]
2019-06-25 00:01:44,080 INFO org.springframework.scheduling.concurrent.ExecutorConfigurationSupport [main] Initializing ExecutorService 'applicationTaskExecutor'
2019-06-25 00:01:44,615 INFO org.springframework.security.web.DefaultSecurityFilterChain [main] Creating filter chain: any request, [org.springframework.security.saml.metadata.MetadataGeneratorFilter@f9a5e3f, org.springframework.security.web.context.request.async.WebAsyncManagerIntegrationFilter@4aac81ca, org.springframework.security.web.context.SecurityContextPersistenceFilter@5368e981, org.springframework.security.web.header.HeaderWriterFilter@77ba583, org.springframework.security.web.authentication.logout.LogoutFilter@254e9709, FilterChainProxy[Filter Chains: [[ Ant [pattern='/saml/metadata/**'], [org.springframework.security.saml.metadata.MetadataDisplayFilter@6d17914a]], [ Ant [pattern='/saml/login/**'], [esmo.test.ap.apms.SamlWithRelayStateEntryPoint@49631cfb]], [ Ant [pattern='/saml/SSO/**'], [org.springframework.security.saml.SAMLProcessingFilter@77b71c9]], [ Ant [pattern='/saml/logout/**'], [org.springframework.security.saml.SAMLLogoutFilter@6133e20b]], [ Ant [pattern='/saml/SingleLogout/**'], [org.springframework.security.saml.SAMLLogoutProcessingFilter@30ffb2a6]]]], org.springframework.security.web.savedrequest.RequestCacheAwareFilter@79b7c350, org.springframework.security.web.servletapi.SecurityContextHolderAwareRequestFilter@2673487b, org.springframework.security.web.authentication.AnonymousAuthenticationFilter@393ae7a0, org.springframework.security.web.session.SessionManagementFilter@6851b296, org.springframework.security.web.access.ExceptionTranslationFilter@16ccd2bc, org.springframework.security.web.access.intercept.FilterSecurityInterceptor@61554b6b]
2019-06-25 00:01:44,733 INFO org.springframework.boot.StartupInfoLogger [main] Started ApmsApplicationTests in 7.22 seconds (JVM running for 9.306)
2019-06-25 00:01:44,763 INFO org.springframework.test.context.support.AbstractTestContextBootstrapper [main] Neither @ContextConfiguration nor @ContextHierarchy found for test class [esmo.test.ap.apms.integration.TestSessisonManagerConnection], using SpringBootContextLoader
2019-06-25 00:01:44,764 INFO org.springframework.test.context.support.AbstractContextLoader [main] Could not detect default resource locations for test class [esmo.test.ap.apms.integration.TestSessisonManagerConnection]: no resource found for suffixes {-context.xml, Context.groovy}.
2019-06-25 00:01:44,792 INFO org.springframework.test.context.support.AbstractTestContextBootstrapper [main] Loaded default TestExecutionListener class names from location [META-INF/spring.factories]: [org.springframework.boot.test.mock.mockito.MockitoTestExecutionListener, org.springframework.boot.test.mock.mockito.ResetMocksTestExecutionListener, org.springframework.boot.test.autoconfigure.restdocs.RestDocsTestExecutionListener, org.springframework.boot.test.autoconfigure.web.client.MockRestServiceServerResetTestExecutionListener, org.springframework.boot.test.autoconfigure.web.servlet.MockMvcPrintOnlyOnFailureTestExecutionListener, org.springframework.boot.test.autoconfigure.web.servlet.WebDriverTestExecutionListener, org.springframework.test.context.web.ServletTestExecutionListener, org.springframework.test.context.support.DirtiesContextBeforeModesTestExecutionListener, org.springframework.test.context.support.DependencyInjectionTestExecutionListener, org.springframework.test.context.support.DirtiesContextTestExecutionListener, org.springframework.test.context.transaction.TransactionalTestExecutionListener, org.springframework.test.context.jdbc.SqlScriptsTestExecutionListener]
2019-06-25 00:01:44,794 INFO org.springframework.test.context.support.AbstractTestContextBootstrapper [main] Using TestExecutionListeners: [org.springframework.test.context.web.ServletTestExecutionListener@31e7afde, org.springframework.test.context.support.DirtiesContextBeforeModesTestExecutionListener@349f3ff7, org.springframework.boot.test.mock.mockito.MockitoTestExecutionListener@2487e20, org.springframework.boot.test.autoconfigure.SpringBootDependencyInjectionTestExecutionListener@3c9f4376, org.springframework.test.context.support.DirtiesContextTestExecutionListener@308a9264, org.springframework.boot.test.mock.mockito.ResetMocksTestExecutionListener@7da77305, org.springframework.boot.test.autoconfigure.restdocs.RestDocsTestExecutionListener@3cdfbbef, org.springframework.boot.test.autoconfigure.web.client.MockRestServiceServerResetTestExecutionListener@7a1ddbf1, org.springframework.boot.test.autoconfigure.web.servlet.MockMvcPrintOnlyOnFailureTestExecutionListener@1e606f64, org.springframework.boot.test.autoconfigure.web.servlet.WebDriverTestExecutionListener@581918f6]
2019-06-25 00:01:44,861 INFO org.springframework.boot.StartupInfoLogger [main] Starting TestSessisonManagerConnection on nikos-Lenovo-V310-15IKB with PID 22428 (started by nikos in /home/nikos/NetBeansProjects/ESMO-AP-TEST)
2019-06-25 00:01:44,862 INFO org.springframework.boot.SpringApplication [main] The following profiles are active: test
2019-06-25 00:01:45,610 INFO com.google.code.ssm.config.DefaultAddressProvider [main] Defined values 172.17.0.1:11211 will be used as memcached addresses
2019-06-25 00:01:45,957 INFO org.opensaml.saml2.metadata.provider.AbstractReloadingMetadataProvider [main] New metadata succesfully loaded for 'https://idp.aegean.gr/idp/shibboleth'
2019-06-25 00:01:45,959 INFO org.opensaml.saml2.metadata.provider.AbstractReloadingMetadataProvider [main] Next refresh cycle for metadata provider 'https://idp.aegean.gr/idp/shibboleth' will occur on '2019-06-25T00:01:45.761Z' ('2019-06-25T03:01:45.761+03:00' local time)
2019-06-25 00:01:45,991 INFO esmo.test.ap.apms.SamlSecurityConfig [main] Using SAMLContextProviderLB implementation of SAMLContextProvider for context provider bean.
2019-06-25 00:01:45,993 INFO esmo.test.ap.apms.SamlSecurityConfig [main] Setting the load balancer scheme to https
2019-06-25 00:01:45,994 INFO esmo.test.ap.apms.SamlSecurityConfig [main] Setting the load balancer server name to serverName
2019-06-25 00:01:45,996 INFO esmo.test.ap.apms.SamlSecurityConfig [main] Setting the load balancer context path to /grap
2019-06-25 00:01:45,997 INFO esmo.test.ap.apms.SamlSecurityConfig [main] Setting the load balancer port to 443
2019-06-25 00:01:46,004 INFO esmo.test.ap.apms.SamlSecurityConfig [main] Setting whether to include the server port in the request URL to false
2019-06-25 00:01:46,084 INFO org.springframework.security.web.DefaultSecurityFilterChain [main] Creating filter chain: Ant [pattern='/saml/metadata/**'], [org.springframework.security.saml.metadata.MetadataDisplayFilter@6fe5da76]
2019-06-25 00:01:46,084 INFO org.springframework.security.web.DefaultSecurityFilterChain [main] Creating filter chain: Ant [pattern='/saml/login/**'], [esmo.test.ap.apms.SamlWithRelayStateEntryPoint@77d95e5a]
2019-06-25 00:01:46,085 INFO org.springframework.security.web.DefaultSecurityFilterChain [main] Creating filter chain: Ant [pattern='/saml/SSO/**'], [org.springframework.security.saml.SAMLProcessingFilter@6339e604]
2019-06-25 00:01:46,086 INFO org.springframework.security.web.DefaultSecurityFilterChain [main] Creating filter chain: Ant [pattern='/saml/logout/**'], [org.springframework.security.saml.SAMLLogoutFilter@4f8900b0]
2019-06-25 00:01:46,087 INFO org.springframework.security.web.DefaultSecurityFilterChain [main] Creating filter chain: Ant [pattern='/saml/SingleLogout/**'], [org.springframework.security.saml.SAMLLogoutProcessingFilter@e7e455d]
2019-06-25 00:01:46,164 INFO org.springframework.scheduling.concurrent.ExecutorConfigurationSupport [main] Initializing ExecutorService 'applicationTaskExecutor'
2019-06-25 00:01:46,254 INFO org.springframework.security.web.DefaultSecurityFilterChain [main] Creating filter chain: any request, [org.springframework.security.saml.metadata.MetadataGeneratorFilter@3d3b272a, org.springframework.security.web.context.request.async.WebAsyncManagerIntegrationFilter@45b27ad3, org.springframework.security.web.context.SecurityContextPersistenceFilter@294c44b7, org.springframework.security.web.header.HeaderWriterFilter@1ae9d0e4, org.springframework.security.web.authentication.logout.LogoutFilter@67e4928c, FilterChainProxy[Filter Chains: [[ Ant [pattern='/saml/metadata/**'], [org.springframework.security.saml.metadata.MetadataDisplayFilter@6fe5da76]], [ Ant [pattern='/saml/login/**'], [esmo.test.ap.apms.SamlWithRelayStateEntryPoint@77d95e5a]], [ Ant [pattern='/saml/SSO/**'], [org.springframework.security.saml.SAMLProcessingFilter@6339e604]], [ Ant [pattern='/saml/logout/**'], [org.springframework.security.saml.SAMLLogoutFilter@4f8900b0]], [ Ant [pattern='/saml/SingleLogout/**'], [org.springframework.security.saml.SAMLLogoutProcessingFilter@e7e455d]]]], org.springframework.security.web.savedrequest.RequestCacheAwareFilter@30bbe83, org.springframework.security.web.servletapi.SecurityContextHolderAwareRequestFilter@57b130f6, org.springframework.security.web.authentication.AnonymousAuthenticationFilter@3f908bc0, org.springframework.security.web.session.SessionManagementFilter@6acb45c1, org.springframework.security.web.access.ExceptionTranslationFilter@41bd6a0f, org.springframework.security.web.access.intercept.FilterSecurityInterceptor@3359c3f6]
2019-06-25 00:01:46,303 INFO org.springframework.mock.web.MockServletContext [main] Initializing Spring TestDispatcherServlet ''
2019-06-25 00:01:46,303 INFO org.springframework.web.servlet.FrameworkServlet [main] Initializing Servlet ''
2019-06-25 00:01:46,352 INFO org.springframework.web.servlet.FrameworkServlet [main] Completed initialization in 48 ms
2019-06-25 00:01:46,376 INFO org.springframework.boot.StartupInfoLogger [main] Started TestSessisonManagerConnection in 1.58 seconds (JVM running for 10.949)
2019-06-25 00:01:48,324 INFO org.springframework.scheduling.concurrent.ExecutorConfigurationSupport [Thread-12] Shutting down ExecutorService 'applicationTaskExecutor'
2019-06-25 00:01:48,324 INFO org.springframework.scheduling.concurrent.ExecutorConfigurationSupport [Thread-6] Shutting down ExecutorService 'applicationTaskExecutor'
2019-06-25 13:55:37,821 INFO org.springframework.boot.StartupInfoLogger [main] Starting ApmsApplicationTests on nikos-Lenovo-V310-15IKB with PID 4348 (started by nikos in /home/nikos/NetBeansProjects/ESMO-AP-TEST)
2019-06-25 13:55:37,827 INFO org.springframework.boot.SpringApplication [main] The following profiles are active: test
2019-06-25 13:55:44,566 INFO com.google.code.ssm.config.DefaultAddressProvider [main] Defined values 172.17.0.1:11211 will be used as memcached addresses
2019-06-25 13:55:46,931 INFO org.opensaml.saml2.metadata.provider.AbstractReloadingMetadataProvider [main] New metadata succesfully loaded for 'https://idp.aegean.gr/idp/shibboleth'
2019-06-25 13:55:47,001 INFO org.opensaml.saml2.metadata.provider.AbstractReloadingMetadataProvider [main] Next refresh cycle for metadata provider 'https://idp.aegean.gr/idp/shibboleth' will occur on '2019-06-25T13:55:46.199Z' ('2019-06-25T16:55:46.199+03:00' local time)
2019-06-25 13:55:47,273 INFO esmo.test.ap.apms.SamlSecurityConfig [main] Using SAMLContextProviderLB implementation of SAMLContextProvider for context provider bean.
2019-06-25 13:55:47,279 INFO esmo.test.ap.apms.SamlSecurityConfig [main] Setting the load balancer scheme to https
2019-06-25 13:55:47,281 INFO esmo.test.ap.apms.SamlSecurityConfig [main] Setting the load balancer server name to serverName
2019-06-25 13:55:47,282 INFO esmo.test.ap.apms.SamlSecurityConfig [main] Setting the load balancer context path to /grap
2019-06-25 13:55:47,283 INFO esmo.test.ap.apms.SamlSecurityConfig [main] Setting the load balancer port to 443
2019-06-25 13:55:47,285 INFO esmo.test.ap.apms.SamlSecurityConfig [main] Setting whether to include the server port in the request URL to false
2019-06-25 13:55:47,789 INFO org.springframework.security.web.DefaultSecurityFilterChain [main] Creating filter chain: Ant [pattern='/saml/metadata/**'], [org.springframework.security.saml.metadata.MetadataDisplayFilter@6d17914a]
2019-06-25 13:55:47,790 INFO org.springframework.security.web.DefaultSecurityFilterChain [main] Creating filter chain: Ant [pattern='/saml/login/**'], [esmo.test.ap.apms.SamlWithRelayStateEntryPoint@49631cfb]
2019-06-25 13:55:47,793 INFO org.springframework.security.web.DefaultSecurityFilterChain [main] Creating filter chain: Ant [pattern='/saml/SSO/**'], [org.springframework.security.saml.SAMLProcessingFilter@77b71c9]
2019-06-25 13:55:47,801 INFO org.springframework.security.web.DefaultSecurityFilterChain [main] Creating filter chain: Ant [pattern='/saml/logout/**'], [org.springframework.security.saml.SAMLLogoutFilter@6133e20b]
2019-06-25 13:55:47,804 INFO org.springframework.security.web.DefaultSecurityFilterChain [main] Creating filter chain: Ant [pattern='/saml/SingleLogout/**'], [org.springframework.security.saml.SAMLLogoutProcessingFilter@30ffb2a6]
2019-06-25 13:55:48,379 INFO org.springframework.scheduling.concurrent.ExecutorConfigurationSupport [main] Initializing ExecutorService 'applicationTaskExecutor'
2019-06-25 13:55:49,085 INFO org.springframework.security.web.DefaultSecurityFilterChain [main] Creating filter chain: any request, [org.springframework.security.saml.metadata.MetadataGeneratorFilter@f9a5e3f, org.springframework.security.web.context.request.async.WebAsyncManagerIntegrationFilter@4aac81ca, org.springframework.security.web.context.SecurityContextPersistenceFilter@5368e981, org.springframework.security.web.header.HeaderWriterFilter@77ba583, org.springframework.security.web.authentication.logout.LogoutFilter@254e9709, FilterChainProxy[Filter Chains: [[ Ant [pattern='/saml/metadata/**'], [org.springframework.security.saml.metadata.MetadataDisplayFilter@6d17914a]], [ Ant [pattern='/saml/login/**'], [esmo.test.ap.apms.SamlWithRelayStateEntryPoint@49631cfb]], [ Ant [pattern='/saml/SSO/**'], [org.springframework.security.saml.SAMLProcessingFilter@77b71c9]], [ Ant [pattern='/saml/logout/**'], [org.springframework.security.saml.SAMLLogoutFilter@6133e20b]], [ Ant [pattern='/saml/SingleLogout/**'], [org.springframework.security.saml.SAMLLogoutProcessingFilter@30ffb2a6]]]], org.springframework.security.web.savedrequest.RequestCacheAwareFilter@79b7c350, org.springframework.security.web.servletapi.SecurityContextHolderAwareRequestFilter@2673487b, org.springframework.security.web.authentication.AnonymousAuthenticationFilter@393ae7a0, org.springframework.security.web.session.SessionManagementFilter@6851b296, org.springframework.security.web.access.ExceptionTranslationFilter@16ccd2bc, org.springframework.security.web.access.intercept.FilterSecurityInterceptor@61554b6b]
2019-06-25 13:55:49,241 INFO org.springframework.boot.StartupInfoLogger [main] Started ApmsApplicationTests in 12.269 seconds (JVM running for 15.926)
2019-06-25 13:55:49,284 INFO org.springframework.test.context.support.AbstractTestContextBootstrapper [main] Neither @ContextConfiguration nor @ContextHierarchy found for test class [esmo.test.ap.apms.integration.TestSessisonManagerConnection], using SpringBootContextLoader
2019-06-25 13:55:49,285 INFO org.springframework.test.context.support.AbstractContextLoader [main] Could not detect default resource locations for test class [esmo.test.ap.apms.integration.TestSessisonManagerConnection]: no resource found for suffixes {-context.xml, Context.groovy}.
2019-06-25 13:55:49,298 INFO org.springframework.test.context.support.AbstractTestContextBootstrapper [main] Loaded default TestExecutionListener class names from location [META-INF/spring.factories]: [org.springframework.boot.test.mock.mockito.MockitoTestExecutionListener, org.springframework.boot.test.mock.mockito.ResetMocksTestExecutionListener, org.springframework.boot.test.autoconfigure.restdocs.RestDocsTestExecutionListener, org.springframework.boot.test.autoconfigure.web.client.MockRestServiceServerResetTestExecutionListener, org.springframework.boot.test.autoconfigure.web.servlet.MockMvcPrintOnlyOnFailureTestExecutionListener, org.springframework.boot.test.autoconfigure.web.servlet.WebDriverTestExecutionListener, org.springframework.test.context.web.ServletTestExecutionListener, org.springframework.test.context.support.DirtiesContextBeforeModesTestExecutionListener, org.springframework.test.context.support.DependencyInjectionTestExecutionListener, org.springframework.test.context.support.DirtiesContextTestExecutionListener, org.springframework.test.context.transaction.TransactionalTestExecutionListener, org.springframework.test.context.jdbc.SqlScriptsTestExecutionListener]
2019-06-25 13:55:49,307 INFO org.springframework.test.context.support.AbstractTestContextBootstrapper [main] Using TestExecutionListeners: [org.springframework.test.context.web.ServletTestExecutionListener@31e7afde, org.springframework.test.context.support.DirtiesContextBeforeModesTestExecutionListener@349f3ff7, org.springframework.boot.test.mock.mockito.MockitoTestExecutionListener@2487e20, org.springframework.boot.test.autoconfigure.SpringBootDependencyInjectionTestExecutionListener@3c9f4376, org.springframework.test.context.support.DirtiesContextTestExecutionListener@308a9264, org.springframework.boot.test.mock.mockito.ResetMocksTestExecutionListener@7da77305, org.springframework.boot.test.autoconfigure.restdocs.RestDocsTestExecutionListener@3cdfbbef, org.springframework.boot.test.autoconfigure.web.client.MockRestServiceServerResetTestExecutionListener@7a1ddbf1, org.springframework.boot.test.autoconfigure.web.servlet.MockMvcPrintOnlyOnFailureTestExecutionListener@1e606f64, org.springframework.boot.test.autoconfigure.web.servlet.WebDriverTestExecutionListener@581918f6]
2019-06-25 13:55:49,353 INFO org.springframework.boot.StartupInfoLogger [main] Starting TestSessisonManagerConnection on nikos-Lenovo-V310-15IKB with PID 4348 (started by nikos in /home/nikos/NetBeansProjects/ESMO-AP-TEST)
2019-06-25 13:55:49,354 INFO org.springframework.boot.SpringApplication [main] The following profiles are active: test
2019-06-25 13:55:50,023 INFO com.google.code.ssm.config.DefaultAddressProvider [main] Defined values 172.17.0.1:11211 will be used as memcached addresses
2019-06-25 13:55:50,362 INFO org.opensaml.saml2.metadata.provider.AbstractReloadingMetadataProvider [main] New metadata succesfully loaded for 'https://idp.aegean.gr/idp/shibboleth'
2019-06-25 13:55:50,363 INFO org.opensaml.saml2.metadata.provider.AbstractReloadingMetadataProvider [main] Next refresh cycle for metadata provider 'https://idp.aegean.gr/idp/shibboleth' will occur on '2019-06-25T13:55:50.195Z' ('2019-06-25T16:55:50.195+03:00' local time)
2019-06-25 13:55:50,395 INFO esmo.test.ap.apms.SamlSecurityConfig [main] Using SAMLContextProviderLB implementation of SAMLContextProvider for context provider bean.
2019-06-25 13:55:50,396 INFO esmo.test.ap.apms.SamlSecurityConfig [main] Setting the load balancer scheme to https
2019-06-25 13:55:50,397 INFO esmo.test.ap.apms.SamlSecurityConfig [main] Setting the load balancer server name to serverName
2019-06-25 13:55:50,397 INFO esmo.test.ap.apms.SamlSecurityConfig [main] Setting the load balancer context path to /grap
2019-06-25 13:55:50,399 INFO esmo.test.ap.apms.SamlSecurityConfig [main] Setting the load balancer port to 443
2019-06-25 13:55:50,402 INFO esmo.test.ap.apms.SamlSecurityConfig [main] Setting whether to include the server port in the request URL to false
2019-06-25 13:55:50,608 INFO org.springframework.security.web.DefaultSecurityFilterChain [main] Creating filter chain: Ant [pattern='/saml/metadata/**'], [org.springframework.security.saml.metadata.MetadataDisplayFilter@f237ae7]
2019-06-25 13:55:50,609 INFO org.springframework.security.web.DefaultSecurityFilterChain [main] Creating filter chain: Ant [pattern='/saml/login/**'], [esmo.test.ap.apms.SamlWithRelayStateEntryPoint@42edde25]
2019-06-25 13:55:50,621 INFO org.springframework.security.web.DefaultSecurityFilterChain [main] Creating filter chain: Ant [pattern='/saml/SSO/**'], [org.springframework.security.saml.SAMLProcessingFilter@6fe5da76]
2019-06-25 13:55:50,632 INFO org.springframework.security.web.DefaultSecurityFilterChain [main] Creating filter chain: Ant [pattern='/saml/logout/**'], [org.springframework.security.saml.SAMLLogoutFilter@77d95e5a]
2019-06-25 13:55:50,634 INFO org.springframework.security.web.DefaultSecurityFilterChain [main] Creating filter chain: Ant [pattern='/saml/SingleLogout/**'], [org.springframework.security.saml.SAMLLogoutProcessingFilter@6339e604]
2019-06-25 13:55:50,772 INFO org.springframework.scheduling.concurrent.ExecutorConfigurationSupport [main] Initializing ExecutorService 'applicationTaskExecutor'
2019-06-25 13:55:50,906 INFO org.springframework.security.web.DefaultSecurityFilterChain [main] Creating filter chain: any request, [org.springframework.security.saml.metadata.MetadataGeneratorFilter@5ad40184, org.springframework.security.web.context.request.async.WebAsyncManagerIntegrationFilter@3359c3f6, org.springframework.security.web.context.SecurityContextPersistenceFilter@1ae9d0e4, org.springframework.security.web.header.HeaderWriterFilter@7c47e077, org.springframework.security.web.authentication.logout.LogoutFilter@30bbe83, FilterChainProxy[Filter Chains: [[ Ant [pattern='/saml/metadata/**'], [org.springframework.security.saml.metadata.MetadataDisplayFilter@f237ae7]], [ Ant [pattern='/saml/login/**'], [esmo.test.ap.apms.SamlWithRelayStateEntryPoint@42edde25]], [ Ant [pattern='/saml/SSO/**'], [org.springframework.security.saml.SAMLProcessingFilter@6fe5da76]], [ Ant [pattern='/saml/logout/**'], [org.springframework.security.saml.SAMLLogoutFilter@77d95e5a]], [ Ant [pattern='/saml/SingleLogout/**'], [org.springframework.security.saml.SAMLLogoutProcessingFilter@6339e604]]]], org.springframework.security.web.savedrequest.RequestCacheAwareFilter@6acb45c1, org.springframework.security.web.servletapi.SecurityContextHolderAwareRequestFilter@294c44b7, org.springframework.security.web.authentication.AnonymousAuthenticationFilter@3d3b272a, org.springframework.security.web.session.SessionManagementFilter@41bd6a0f, org.springframework.security.web.access.ExceptionTranslationFilter@4df7b4ac, org.springframework.security.web.access.intercept.FilterSecurityInterceptor@8ee03f5]
2019-06-25 13:55:50,964 INFO org.springframework.mock.web.MockServletContext [main] Initializing Spring TestDispatcherServlet ''
2019-06-25 13:55:50,965 INFO org.springframework.web.servlet.FrameworkServlet [main] Initializing Servlet ''
2019-06-25 13:55:51,008 INFO org.springframework.web.servlet.FrameworkServlet [main] Completed initialization in 42 ms
2019-06-25 13:55:51,030 INFO org.springframework.boot.StartupInfoLogger [main] Started TestSessisonManagerConnection in 1.715 seconds (JVM running for 17.715)
2019-06-25 13:55:53,046 INFO org.springframework.scheduling.concurrent.ExecutorConfigurationSupport [Thread-12] Shutting down ExecutorService 'applicationTaskExecutor'
2019-06-25 13:55:53,053 INFO org.springframework.scheduling.concurrent.ExecutorConfigurationSupport [Thread-6] Shutting down ExecutorService 'applicationTaskExecutor'
2019-06-25 14:19:06,525 INFO org.springframework.boot.StartupInfoLogger [main] Starting ApmsApplicationTests on nikos-Lenovo-V310-15IKB with PID 5626 (started by nikos in /home/nikos/NetBeansProjects/ESMO-AP-TEST)
2019-06-25 14:19:06,544 INFO org.springframework.boot.SpringApplication [main] The following profiles are active: test
2019-06-25 14:19:13,444 INFO com.google.code.ssm.config.DefaultAddressProvider [main] Defined values 172.17.0.1:11211 will be used as memcached addresses
2019-06-25 14:19:15,055 INFO org.opensaml.saml2.metadata.provider.AbstractReloadingMetadataProvider [main] New metadata succesfully loaded for 'https://idp.aegean.gr/idp/shibboleth'
2019-06-25 14:19:15,068 INFO org.opensaml.saml2.metadata.provider.AbstractReloadingMetadataProvider [main] Next refresh cycle for metadata provider 'https://idp.aegean.gr/idp/shibboleth' will occur on '2019-06-25T14:19:14.613Z' ('2019-06-25T17:19:14.613+03:00' local time)
2019-06-25 14:19:15,076 INFO esmo.test.ap.apms.SamlSecurityConfig [main] Using SAMLContextProviderLB implementation of SAMLContextProvider for context provider bean.
2019-06-25 14:19:15,080 INFO esmo.test.ap.apms.SamlSecurityConfig [main] Setting the load balancer scheme to https
2019-06-25 14:19:15,080 INFO esmo.test.ap.apms.SamlSecurityConfig [main] Setting the load balancer server name to serverName
2019-06-25 14:19:15,081 INFO esmo.test.ap.apms.SamlSecurityConfig [main] Setting the load balancer context path to /grap
2019-06-25 14:19:15,081 INFO esmo.test.ap.apms.SamlSecurityConfig [main] Setting the load balancer port to 443
2019-06-25 14:19:15,082 INFO esmo.test.ap.apms.SamlSecurityConfig [main] Setting whether to include the server port in the request URL to false
2019-06-25 14:19:15,253 INFO org.springframework.security.web.DefaultSecurityFilterChain [main] Creating filter chain: Ant [pattern='/saml/metadata/**'], [org.springframework.security.saml.metadata.MetadataDisplayFilter@77c23d90]
2019-06-25 14:19:15,254 INFO org.springframework.security.web.DefaultSecurityFilterChain [main] Creating filter chain: Ant [pattern='/saml/login/**'], [esmo.test.ap.apms.SamlWithRelayStateEntryPoint@6d17914a]
2019-06-25 14:19:15,254 INFO org.springframework.security.web.DefaultSecurityFilterChain [main] Creating filter chain: Ant [pattern='/saml/SSO/**'], [org.springframework.security.saml.SAMLProcessingFilter@49631cfb]
2019-06-25 14:19:15,255 INFO org.springframework.security.web.DefaultSecurityFilterChain [main] Creating filter chain: Ant [pattern='/saml/logout/**'], [org.springframework.security.saml.SAMLLogoutFilter@77b71c9]
2019-06-25 14:19:15,255 INFO org.springframework.security.web.DefaultSecurityFilterChain [main] Creating filter chain: Ant [pattern='/saml/SingleLogout/**'], [org.springframework.security.saml.SAMLLogoutProcessingFilter@6133e20b]
2019-06-25 14:19:15,876 INFO org.springframework.scheduling.concurrent.ExecutorConfigurationSupport [main] Initializing ExecutorService 'applicationTaskExecutor'
2019-06-25 14:19:16,765 INFO org.springframework.security.web.DefaultSecurityFilterChain [main] Creating filter chain: any request, [org.springframework.security.saml.metadata.MetadataGeneratorFilter@55d1f065, org.springframework.security.web.context.request.async.WebAsyncManagerIntegrationFilter@f9a5e3f, org.springframework.security.web.context.SecurityContextPersistenceFilter@9e50283, org.springframework.security.web.header.HeaderWriterFilter@7752c0e7, org.springframework.security.web.authentication.logout.LogoutFilter@194224ca, FilterChainProxy[Filter Chains: [[ Ant [pattern='/saml/metadata/**'], [org.springframework.security.saml.metadata.MetadataDisplayFilter@77c23d90]], [ Ant [pattern='/saml/login/**'], [esmo.test.ap.apms.SamlWithRelayStateEntryPoint@6d17914a]], [ Ant [pattern='/saml/SSO/**'], [org.springframework.security.saml.SAMLProcessingFilter@49631cfb]], [ Ant [pattern='/saml/logout/**'], [org.springframework.security.saml.SAMLLogoutFilter@77b71c9]], [ Ant [pattern='/saml/SingleLogout/**'], [org.springframework.security.saml.SAMLLogoutProcessingFilter@6133e20b]]]], org.springframework.security.web.savedrequest.RequestCacheAwareFilter@1c171746, org.springframework.security.web.servletapi.SecurityContextHolderAwareRequestFilter@3de56885, org.springframework.security.web.authentication.AnonymousAuthenticationFilter@4aac81ca, org.springframework.security.web.session.SessionManagementFilter@5613247e, org.springframework.security.web.access.ExceptionTranslationFilter@7d1cb59f, org.springframework.security.web.access.intercept.FilterSecurityInterceptor@ff4b223]
2019-06-25 14:19:16,874 INFO org.springframework.boot.StartupInfoLogger [main] Started ApmsApplicationTests in 11.358 seconds (JVM running for 14.657)
2019-06-25 14:19:16,900 INFO org.springframework.test.context.support.AbstractTestContextBootstrapper [main] Neither @ContextConfiguration nor @ContextHierarchy found for test class [esmo.test.ap.apms.integration.TestSessisonManagerConnection], using SpringBootContextLoader
2019-06-25 14:19:16,901 INFO org.springframework.test.context.support.AbstractContextLoader [main] Could not detect default resource locations for test class [esmo.test.ap.apms.integration.TestSessisonManagerConnection]: no resource found for suffixes {-context.xml, Context.groovy}.
2019-06-25 14:19:16,917 INFO org.springframework.test.context.support.AbstractTestContextBootstrapper [main] Loaded default TestExecutionListener class names from location [META-INF/spring.factories]: [org.springframework.boot.test.mock.mockito.MockitoTestExecutionListener, org.springframework.boot.test.mock.mockito.ResetMocksTestExecutionListener, org.springframework.boot.test.autoconfigure.restdocs.RestDocsTestExecutionListener, org.springframework.boot.test.autoconfigure.web.client.MockRestServiceServerResetTestExecutionListener, org.springframework.boot.test.autoconfigure.web.servlet.MockMvcPrintOnlyOnFailureTestExecutionListener, org.springframework.boot.test.autoconfigure.web.servlet.WebDriverTestExecutionListener, org.springframework.test.context.web.ServletTestExecutionListener, org.springframework.test.context.support.DirtiesContextBeforeModesTestExecutionListener, org.springframework.test.context.support.DependencyInjectionTestExecutionListener, org.springframework.test.context.support.DirtiesContextTestExecutionListener, org.springframework.test.context.transaction.TransactionalTestExecutionListener, org.springframework.test.context.jdbc.SqlScriptsTestExecutionListener]
2019-06-25 14:19:16,918 INFO org.springframework.test.context.support.AbstractTestContextBootstrapper [main] Using TestExecutionListeners: [org.springframework.test.context.web.ServletTestExecutionListener@460f1cdb, org.springframework.test.context.support.DirtiesContextBeforeModesTestExecutionListener@31e7afde, org.springframework.boot.test.mock.mockito.MockitoTestExecutionListener@349f3ff7, org.springframework.boot.test.autoconfigure.SpringBootDependencyInjectionTestExecutionListener@2487e20, org.springframework.test.context.support.DirtiesContextTestExecutionListener@3c9f4376, org.springframework.boot.test.mock.mockito.ResetMocksTestExecutionListener@308a9264, org.springframework.boot.test.autoconfigure.restdocs.RestDocsTestExecutionListener@7da77305, org.springframework.boot.test.autoconfigure.web.client.MockRestServiceServerResetTestExecutionListener@3cdfbbef, org.springframework.boot.test.autoconfigure.web.servlet.MockMvcPrintOnlyOnFailureTestExecutionListener@7a1ddbf1, org.springframework.boot.test.autoconfigure.web.servlet.WebDriverTestExecutionListener@1e606f64]
2019-06-25 14:19:16,985 INFO org.springframework.boot.StartupInfoLogger [main] Starting TestSessisonManagerConnection on nikos-Lenovo-V310-15IKB with PID 5626 (started by nikos in /home/nikos/NetBeansProjects/ESMO-AP-TEST)
2019-06-25 14:19:16,986 INFO org.springframework.boot.SpringApplication [main] The following profiles are active: test
2019-06-25 14:19:17,778 INFO com.google.code.ssm.config.DefaultAddressProvider [main] Defined values 172.17.0.1:11211 will be used as memcached addresses
2019-06-25 14:19:18,032 INFO org.opensaml.saml2.metadata.provider.AbstractReloadingMetadataProvider [main] New metadata succesfully loaded for 'https://idp.aegean.gr/idp/shibboleth'
2019-06-25 14:19:18,032 INFO org.opensaml.saml2.metadata.provider.AbstractReloadingMetadataProvider [main] Next refresh cycle for metadata provider 'https://idp.aegean.gr/idp/shibboleth' will occur on '2019-06-25T14:19:17.913Z' ('2019-06-25T17:19:17.913+03:00' local time)
2019-06-25 14:19:18,040 INFO esmo.test.ap.apms.SamlSecurityConfig [main] Using SAMLContextProviderLB implementation of SAMLContextProvider for context provider bean.
2019-06-25 14:19:18,040 INFO esmo.test.ap.apms.SamlSecurityConfig [main] Setting the load balancer scheme to https
2019-06-25 14:19:18,041 INFO esmo.test.ap.apms.SamlSecurityConfig [main] Setting the load balancer server name to serverName
2019-06-25 14:19:18,041 INFO esmo.test.ap.apms.SamlSecurityConfig [main] Setting the load balancer context path to /grap
2019-06-25 14:19:18,041 INFO esmo.test.ap.apms.SamlSecurityConfig [main] Setting the load balancer port to 443
2019-06-25 14:19:18,042 INFO esmo.test.ap.apms.SamlSecurityConfig [main] Setting whether to include the server port in the request URL to false
2019-06-25 14:19:18,108 INFO org.springframework.security.web.DefaultSecurityFilterChain [main] Creating filter chain: Ant [pattern='/saml/metadata/**'], [org.springframework.security.saml.metadata.MetadataDisplayFilter@420b55ed]
2019-06-25 14:19:18,108 INFO org.springframework.security.web.DefaultSecurityFilterChain [main] Creating filter chain: Ant [pattern='/saml/login/**'], [esmo.test.ap.apms.SamlWithRelayStateEntryPoint@f237ae7]
2019-06-25 14:19:18,109 INFO org.springframework.security.web.DefaultSecurityFilterChain [main] Creating filter chain: Ant [pattern='/saml/SSO/**'], [org.springframework.security.saml.SAMLProcessingFilter@42edde25]
2019-06-25 14:19:18,110 INFO org.springframework.security.web.DefaultSecurityFilterChain [main] Creating filter chain: Ant [pattern='/saml/logout/**'], [org.springframework.security.saml.SAMLLogoutFilter@6fe5da76]
2019-06-25 14:19:18,111 INFO org.springframework.security.web.DefaultSecurityFilterChain [main] Creating filter chain: Ant [pattern='/saml/SingleLogout/**'], [org.springframework.security.saml.SAMLLogoutProcessingFilter@77d95e5a]
2019-06-25 14:19:18,304 INFO org.springframework.scheduling.concurrent.ExecutorConfigurationSupport [main] Initializing ExecutorService 'applicationTaskExecutor'
2019-06-25 14:19:18,460 INFO org.springframework.security.web.DefaultSecurityFilterChain [main] Creating filter chain: any request, [org.springframework.security.saml.metadata.MetadataGeneratorFilter@8ee03f5, org.springframework.security.web.context.request.async.WebAsyncManagerIntegrationFilter@5ad40184, org.springframework.security.web.context.SecurityContextPersistenceFilter@41bd6a0f, org.springframework.security.web.header.HeaderWriterFilter@4df7b4ac, org.springframework.security.web.authentication.logout.LogoutFilter@294c44b7, FilterChainProxy[Filter Chains: [[ Ant [pattern='/saml/metadata/**'], [org.springframework.security.saml.metadata.MetadataDisplayFilter@420b55ed]], [ Ant [pattern='/saml/login/**'], [esmo.test.ap.apms.SamlWithRelayStateEntryPoint@f237ae7]], [ Ant [pattern='/saml/SSO/**'], [org.springframework.security.saml.SAMLProcessingFilter@42edde25]], [ Ant [pattern='/saml/logout/**'], [org.springframework.security.saml.SAMLLogoutFilter@6fe5da76]], [ Ant [pattern='/saml/SingleLogout/**'], [org.springframework.security.saml.SAMLLogoutProcessingFilter@77d95e5a]]]], org.springframework.security.web.savedrequest.RequestCacheAwareFilter@1ae9d0e4, org.springframework.security.web.servletapi.SecurityContextHolderAwareRequestFilter@6acb45c1, org.springframework.security.web.authentication.AnonymousAuthenticationFilter@3359c3f6, org.springframework.security.web.session.SessionManagementFilter@7c47e077, org.springframework.security.web.access.ExceptionTranslationFilter@5a2035e1, org.springframework.security.web.access.intercept.FilterSecurityInterceptor@645d4639]
2019-06-25 14:19:18,557 INFO org.springframework.mock.web.MockServletContext [main] Initializing Spring TestDispatcherServlet ''
2019-06-25 14:19:18,558 INFO org.springframework.web.servlet.FrameworkServlet [main] Initializing Servlet ''
2019-06-25 14:19:18,574 INFO org.springframework.web.servlet.FrameworkServlet [main] Completed initialization in 16 ms
2019-06-25 14:19:18,628 INFO org.springframework.boot.StartupInfoLogger [main] Started TestSessisonManagerConnection in 1.707 seconds (JVM running for 16.411)
2019-06-25 14:19:20,809 INFO org.springframework.scheduling.concurrent.ExecutorConfigurationSupport [Thread-6] Shutting down ExecutorService 'applicationTaskExecutor'
2019-06-25 14:19:20,809 INFO org.springframework.scheduling.concurrent.ExecutorConfigurationSupport [Thread-12] Shutting down ExecutorService 'applicationTaskExecutor'
