2019-12-13 12:05:16,602 INFO org.springframework.boot.StartupInfoLogger [main] Starting ApmsApplicationTests on carlos-VirtualBox with PID 10059 (started by carlos in /home/carlos/Documents/prj/seal/GRAPms)
2019-12-13 12:05:16,610 INFO org.springframework.boot.SpringApplication [main] The following profiles are active: test
2019-12-13 12:05:23,083 INFO com.google.code.ssm.config.DefaultAddressProvider [main] Defined values 172.17.0.1:11211 will be used as memcached addresses
2019-12-13 12:05:25,830 INFO org.opensaml.saml2.metadata.provider.AbstractReloadingMetadataProvider [main] New metadata succesfully loaded for 'https://idp.aegean.gr/idp/shibboleth'
2019-12-13 12:05:25,855 INFO org.opensaml.saml2.metadata.provider.AbstractReloadingMetadataProvider [main] Next refresh cycle for metadata provider 'https://idp.aegean.gr/idp/shibboleth' will occur on '2019-12-13T14:05:24.857Z' ('2019-12-13T15:05:24.857+01:00' local time)
2019-12-13 12:05:26,155 INFO esmo.test.ap.apms.SamlSecurityConfig [main] Using SAMLContextProviderLB implementation of SAMLContextProvider for context provider bean.
2019-12-13 12:05:26,161 INFO esmo.test.ap.apms.SamlSecurityConfig [main] Setting the load balancer scheme to https
2019-12-13 12:05:26,162 INFO esmo.test.ap.apms.SamlSecurityConfig [main] Setting the load balancer server name to serverName
2019-12-13 12:05:26,165 INFO esmo.test.ap.apms.SamlSecurityConfig [main] Setting the load balancer context path to /grap
2019-12-13 12:05:26,178 INFO esmo.test.ap.apms.SamlSecurityConfig [main] Setting the load balancer port to 443
2019-12-13 12:05:26,187 INFO esmo.test.ap.apms.SamlSecurityConfig [main] Setting whether to include the server port in the request URL to false
2019-12-13 12:05:26,456 INFO org.springframework.security.web.DefaultSecurityFilterChain [main] Creating filter chain: Ant [pattern='/saml/metadata/**'], [org.springframework.security.saml.metadata.MetadataDisplayFilter@4899799b]
2019-12-13 12:05:26,458 INFO org.springframework.security.web.DefaultSecurityFilterChain [main] Creating filter chain: Ant [pattern='/saml/login/**'], [esmo.test.ap.apms.SamlWithRelayStateEntryPoint@3dea226b]
2019-12-13 12:05:26,459 INFO org.springframework.security.web.DefaultSecurityFilterChain [main] Creating filter chain: Ant [pattern='/saml/SSO/**'], [org.springframework.security.saml.SAMLProcessingFilter@74500e4f]
2019-12-13 12:05:26,460 INFO org.springframework.security.web.DefaultSecurityFilterChain [main] Creating filter chain: Ant [pattern='/saml/logout/**'], [org.springframework.security.saml.SAMLLogoutFilter@7c91fe86]
2019-12-13 12:05:26,461 INFO org.springframework.security.web.DefaultSecurityFilterChain [main] Creating filter chain: Ant [pattern='/saml/SingleLogout/**'], [org.springframework.security.saml.SAMLLogoutProcessingFilter@7fc7152e]
2019-12-13 12:05:27,538 INFO org.springframework.scheduling.concurrent.ExecutorConfigurationSupport [main] Initializing ExecutorService 'applicationTaskExecutor'
2019-12-13 12:05:28,385 INFO org.springframework.security.web.DefaultSecurityFilterChain [main] Creating filter chain: any request, [org.springframework.security.saml.metadata.MetadataGeneratorFilter@40bf0e15, org.springframework.security.web.context.request.async.WebAsyncManagerIntegrationFilter@2c77344f, org.springframework.security.web.context.SecurityContextPersistenceFilter@38022758, org.springframework.security.web.header.HeaderWriterFilter@395281c2, org.springframework.security.web.authentication.logout.LogoutFilter@782cc5fa, FilterChainProxy[Filter Chains: [[ Ant [pattern='/saml/metadata/**'], [org.springframework.security.saml.metadata.MetadataDisplayFilter@4899799b]], [ Ant [pattern='/saml/login/**'], [esmo.test.ap.apms.SamlWithRelayStateEntryPoint@3dea226b]], [ Ant [pattern='/saml/SSO/**'], [org.springframework.security.saml.SAMLProcessingFilter@74500e4f]], [ Ant [pattern='/saml/logout/**'], [org.springframework.security.saml.SAMLLogoutFilter@7c91fe86]], [ Ant [pattern='/saml/SingleLogout/**'], [org.springframework.security.saml.SAMLLogoutProcessingFilter@7fc7152e]]]], org.springframework.security.web.savedrequest.RequestCacheAwareFilter@7e8f23ad, org.springframework.security.web.servletapi.SecurityContextHolderAwareRequestFilter@78eafad, org.springframework.security.web.authentication.AnonymousAuthenticationFilter@121ddca4, org.springframework.security.web.session.SessionManagementFilter@3e753289, org.springframework.security.web.access.ExceptionTranslationFilter@247bbfba, org.springframework.security.web.access.intercept.FilterSecurityInterceptor@30798137]
2019-12-13 12:05:28,620 INFO org.springframework.boot.StartupInfoLogger [main] Started ApmsApplicationTests in 13.108 seconds (JVM running for 18.354)
2019-12-13 12:05:28,718 INFO org.springframework.test.context.support.AbstractTestContextBootstrapper [main] Neither @ContextConfiguration nor @ContextHierarchy found for test class [esmo.test.ap.apms.integration.TestSessisonManagerConnection], using SpringBootContextLoader
2019-12-13 12:05:28,722 INFO org.springframework.test.context.support.AbstractContextLoader [main] Could not detect default resource locations for test class [esmo.test.ap.apms.integration.TestSessisonManagerConnection]: no resource found for suffixes {-context.xml, Context.groovy}.
2019-12-13 12:05:28,758 INFO org.springframework.test.context.support.AbstractTestContextBootstrapper [main] Loaded default TestExecutionListener class names from location [META-INF/spring.factories]: [org.springframework.boot.test.mock.mockito.MockitoTestExecutionListener, org.springframework.boot.test.mock.mockito.ResetMocksTestExecutionListener, org.springframework.boot.test.autoconfigure.restdocs.RestDocsTestExecutionListener, org.springframework.boot.test.autoconfigure.web.client.MockRestServiceServerResetTestExecutionListener, org.springframework.boot.test.autoconfigure.web.servlet.MockMvcPrintOnlyOnFailureTestExecutionListener, org.springframework.boot.test.autoconfigure.web.servlet.WebDriverTestExecutionListener, org.springframework.test.context.web.ServletTestExecutionListener, org.springframework.test.context.support.DirtiesContextBeforeModesTestExecutionListener, org.springframework.test.context.support.DependencyInjectionTestExecutionListener, org.springframework.test.context.support.DirtiesContextTestExecutionListener, org.springframework.test.context.transaction.TransactionalTestExecutionListener, org.springframework.test.context.jdbc.SqlScriptsTestExecutionListener]
2019-12-13 12:05:28,761 INFO org.springframework.test.context.support.AbstractTestContextBootstrapper [main] Using TestExecutionListeners: [org.springframework.test.context.web.ServletTestExecutionListener@c6a692e, org.springframework.test.context.support.DirtiesContextBeforeModesTestExecutionListener@27502e5c, org.springframework.boot.test.mock.mockito.MockitoTestExecutionListener@4b343b6d, org.springframework.boot.test.autoconfigure.SpringBootDependencyInjectionTestExecutionListener@17d2b646, org.springframework.test.context.support.DirtiesContextTestExecutionListener@48ae9e8b, org.springframework.boot.test.mock.mockito.ResetMocksTestExecutionListener@6eaa6b0c, org.springframework.boot.test.autoconfigure.restdocs.RestDocsTestExecutionListener@4afcae7, org.springframework.boot.test.autoconfigure.web.client.MockRestServiceServerResetTestExecutionListener@6cd2cb2, org.springframework.boot.test.autoconfigure.web.servlet.MockMvcPrintOnlyOnFailureTestExecutionListener@3a2bb026, org.springframework.boot.test.autoconfigure.web.servlet.WebDriverTestExecutionListener@7645e64]
2019-12-13 12:05:28,803 INFO org.springframework.boot.StartupInfoLogger [main] Starting TestSessisonManagerConnection on carlos-VirtualBox with PID 10059 (started by carlos in /home/carlos/Documents/prj/seal/GRAPms)
2019-12-13 12:05:28,803 INFO org.springframework.boot.SpringApplication [main] The following profiles are active: test
2019-12-13 12:05:29,699 INFO com.google.code.ssm.config.DefaultAddressProvider [main] Defined values 172.17.0.1:11211 will be used as memcached addresses
2019-12-13 12:05:30,273 INFO org.opensaml.saml2.metadata.provider.AbstractReloadingMetadataProvider [main] New metadata succesfully loaded for 'https://idp.aegean.gr/idp/shibboleth'
2019-12-13 12:05:30,274 INFO org.opensaml.saml2.metadata.provider.AbstractReloadingMetadataProvider [main] Next refresh cycle for metadata provider 'https://idp.aegean.gr/idp/shibboleth' will occur on '2019-12-13T14:05:29.959Z' ('2019-12-13T15:05:29.959+01:00' local time)
2019-12-13 12:05:30,312 INFO esmo.test.ap.apms.SamlSecurityConfig [main] Using SAMLContextProviderLB implementation of SAMLContextProvider for context provider bean.
2019-12-13 12:05:30,313 INFO esmo.test.ap.apms.SamlSecurityConfig [main] Setting the load balancer scheme to https
2019-12-13 12:05:30,314 INFO esmo.test.ap.apms.SamlSecurityConfig [main] Setting the load balancer server name to serverName
2019-12-13 12:05:30,323 INFO esmo.test.ap.apms.SamlSecurityConfig [main] Setting the load balancer context path to /grap
2019-12-13 12:05:30,324 INFO esmo.test.ap.apms.SamlSecurityConfig [main] Setting the load balancer port to 443
2019-12-13 12:05:30,326 INFO esmo.test.ap.apms.SamlSecurityConfig [main] Setting whether to include the server port in the request URL to false
2019-12-13 12:05:30,416 INFO org.springframework.security.web.DefaultSecurityFilterChain [main] Creating filter chain: Ant [pattern='/saml/metadata/**'], [org.springframework.security.saml.metadata.MetadataDisplayFilter@13d984ee]
2019-12-13 12:05:30,417 INFO org.springframework.security.web.DefaultSecurityFilterChain [main] Creating filter chain: Ant [pattern='/saml/login/**'], [esmo.test.ap.apms.SamlWithRelayStateEntryPoint@4fedf908]
2019-12-13 12:05:30,420 INFO org.springframework.security.web.DefaultSecurityFilterChain [main] Creating filter chain: Ant [pattern='/saml/SSO/**'], [org.springframework.security.saml.SAMLProcessingFilter@5341641d]
2019-12-13 12:05:30,425 INFO org.springframework.security.web.DefaultSecurityFilterChain [main] Creating filter chain: Ant [pattern='/saml/logout/**'], [org.springframework.security.saml.SAMLLogoutFilter@241d1052]
2019-12-13 12:05:30,427 INFO org.springframework.security.web.DefaultSecurityFilterChain [main] Creating filter chain: Ant [pattern='/saml/SingleLogout/**'], [org.springframework.security.saml.SAMLLogoutProcessingFilter@7b3c0ecb]
2019-12-13 12:05:30,668 INFO org.springframework.scheduling.concurrent.ExecutorConfigurationSupport [main] Initializing ExecutorService 'applicationTaskExecutor'
2019-12-13 12:05:30,908 INFO org.springframework.security.web.DefaultSecurityFilterChain [main] Creating filter chain: any request, [org.springframework.security.saml.metadata.MetadataGeneratorFilter@77eb607e, org.springframework.security.web.context.request.async.WebAsyncManagerIntegrationFilter@1f1fbc9f, org.springframework.security.web.context.SecurityContextPersistenceFilter@37c87fcc, org.springframework.security.web.header.HeaderWriterFilter@1f5d7fd5, org.springframework.security.web.authentication.logout.LogoutFilter@70697478, FilterChainProxy[Filter Chains: [[ Ant [pattern='/saml/metadata/**'], [org.springframework.security.saml.metadata.MetadataDisplayFilter@13d984ee]], [ Ant [pattern='/saml/login/**'], [esmo.test.ap.apms.SamlWithRelayStateEntryPoint@4fedf908]], [ Ant [pattern='/saml/SSO/**'], [org.springframework.security.saml.SAMLProcessingFilter@5341641d]], [ Ant [pattern='/saml/logout/**'], [org.springframework.security.saml.SAMLLogoutFilter@241d1052]], [ Ant [pattern='/saml/SingleLogout/**'], [org.springframework.security.saml.SAMLLogoutProcessingFilter@7b3c0ecb]]]], org.springframework.security.web.savedrequest.RequestCacheAwareFilter@ca2be53, org.springframework.security.web.servletapi.SecurityContextHolderAwareRequestFilter@78f5cbc5, org.springframework.security.web.authentication.AnonymousAuthenticationFilter@10d4b573, org.springframework.security.web.session.SessionManagementFilter@cf08c97, org.springframework.security.web.access.ExceptionTranslationFilter@be616f0, org.springframework.security.web.access.intercept.FilterSecurityInterceptor@1e8bccfb]
2019-12-13 12:05:30,989 INFO org.springframework.mock.web.MockServletContext [main] Initializing Spring TestDispatcherServlet ''
2019-12-13 12:05:30,992 INFO org.springframework.web.servlet.FrameworkServlet [main] Initializing Servlet ''
2019-12-13 12:05:31,045 INFO org.springframework.web.servlet.FrameworkServlet [main] Completed initialization in 51 ms
2019-12-13 12:05:31,120 INFO org.springframework.boot.StartupInfoLogger [main] Started TestSessisonManagerConnection in 2.354 seconds (JVM running for 20.854)
2019-12-13 12:05:33,132 INFO esmo.test.ap.apms.service.impl.NetworkServiceImpl [main] request failed will retry
2019-12-13 12:05:34,429 INFO esmo.test.ap.apms.service.impl.NetworkServiceImpl [main] request failed will retry
2019-12-13 12:05:35,745 INFO esmo.test.ap.apms.service.impl.NetworkServiceImpl [main] request failed will retry
2019-12-13 12:05:37,042 INFO esmo.test.ap.apms.service.impl.NetworkServiceImpl [main] request failed will retry
2019-12-13 12:05:37,283 INFO org.springframework.scheduling.concurrent.ExecutorConfigurationSupport [Thread-12] Shutting down ExecutorService 'applicationTaskExecutor'
2019-12-13 12:05:37,275 INFO org.springframework.scheduling.concurrent.ExecutorConfigurationSupport [Thread-6] Shutting down ExecutorService 'applicationTaskExecutor'
2019-12-13 12:37:03,810 INFO org.springframework.boot.StartupInfoLogger [main] Starting ApmsApplicationTests on carlos-VirtualBox with PID 10327 (started by carlos in /home/carlos/Documents/prj/seal/GRAPms)
2019-12-13 12:37:03,817 INFO org.springframework.boot.SpringApplication [main] The following profiles are active: test
2019-12-13 12:37:10,427 INFO com.google.code.ssm.config.DefaultAddressProvider [main] Defined values 172.17.0.1:11211 will be used as memcached addresses
2019-12-13 12:37:13,416 INFO org.opensaml.saml2.metadata.provider.AbstractReloadingMetadataProvider [main] New metadata succesfully loaded for 'https://idp.aegean.gr/idp/shibboleth'
2019-12-13 12:37:13,458 INFO org.opensaml.saml2.metadata.provider.AbstractReloadingMetadataProvider [main] Next refresh cycle for metadata provider 'https://idp.aegean.gr/idp/shibboleth' will occur on '2019-12-13T14:37:12.226Z' ('2019-12-13T15:37:12.226+01:00' local time)
2019-12-13 12:37:13,795 INFO esmo.test.ap.apms.SamlSecurityConfig [main] Using SAMLContextProviderLB implementation of SAMLContextProvider for context provider bean.
2019-12-13 12:37:13,801 INFO esmo.test.ap.apms.SamlSecurityConfig [main] Setting the load balancer scheme to https
2019-12-13 12:37:13,802 INFO esmo.test.ap.apms.SamlSecurityConfig [main] Setting the load balancer server name to serverName
2019-12-13 12:37:13,803 INFO esmo.test.ap.apms.SamlSecurityConfig [main] Setting the load balancer context path to /grap
2019-12-13 12:37:13,804 INFO esmo.test.ap.apms.SamlSecurityConfig [main] Setting the load balancer port to 443
2019-12-13 12:37:13,805 INFO esmo.test.ap.apms.SamlSecurityConfig [main] Setting whether to include the server port in the request URL to false
2019-12-13 12:37:14,246 INFO org.springframework.security.web.DefaultSecurityFilterChain [main] Creating filter chain: Ant [pattern='/saml/metadata/**'], [org.springframework.security.saml.metadata.MetadataDisplayFilter@4899799b]
2019-12-13 12:37:14,247 INFO org.springframework.security.web.DefaultSecurityFilterChain [main] Creating filter chain: Ant [pattern='/saml/login/**'], [esmo.test.ap.apms.SamlWithRelayStateEntryPoint@3dea226b]
2019-12-13 12:37:14,249 INFO org.springframework.security.web.DefaultSecurityFilterChain [main] Creating filter chain: Ant [pattern='/saml/SSO/**'], [org.springframework.security.saml.SAMLProcessingFilter@74500e4f]
2019-12-13 12:37:14,250 INFO org.springframework.security.web.DefaultSecurityFilterChain [main] Creating filter chain: Ant [pattern='/saml/logout/**'], [org.springframework.security.saml.SAMLLogoutFilter@7c91fe86]
2019-12-13 12:37:14,254 INFO org.springframework.security.web.DefaultSecurityFilterChain [main] Creating filter chain: Ant [pattern='/saml/SingleLogout/**'], [org.springframework.security.saml.SAMLLogoutProcessingFilter@7fc7152e]
2019-12-13 12:37:15,134 INFO org.springframework.scheduling.concurrent.ExecutorConfigurationSupport [main] Initializing ExecutorService 'applicationTaskExecutor'
2019-12-13 12:37:16,659 INFO org.springframework.security.web.DefaultSecurityFilterChain [main] Creating filter chain: any request, [org.springframework.security.saml.metadata.MetadataGeneratorFilter@40bf0e15, org.springframework.security.web.context.request.async.WebAsyncManagerIntegrationFilter@2c77344f, org.springframework.security.web.context.SecurityContextPersistenceFilter@38022758, org.springframework.security.web.header.HeaderWriterFilter@395281c2, org.springframework.security.web.authentication.logout.LogoutFilter@782cc5fa, FilterChainProxy[Filter Chains: [[ Ant [pattern='/saml/metadata/**'], [org.springframework.security.saml.metadata.MetadataDisplayFilter@4899799b]], [ Ant [pattern='/saml/login/**'], [esmo.test.ap.apms.SamlWithRelayStateEntryPoint@3dea226b]], [ Ant [pattern='/saml/SSO/**'], [org.springframework.security.saml.SAMLProcessingFilter@74500e4f]], [ Ant [pattern='/saml/logout/**'], [org.springframework.security.saml.SAMLLogoutFilter@7c91fe86]], [ Ant [pattern='/saml/SingleLogout/**'], [org.springframework.security.saml.SAMLLogoutProcessingFilter@7fc7152e]]]], org.springframework.security.web.savedrequest.RequestCacheAwareFilter@7e8f23ad, org.springframework.security.web.servletapi.SecurityContextHolderAwareRequestFilter@78eafad, org.springframework.security.web.authentication.AnonymousAuthenticationFilter@121ddca4, org.springframework.security.web.session.SessionManagementFilter@3e753289, org.springframework.security.web.access.ExceptionTranslationFilter@247bbfba, org.springframework.security.web.access.intercept.FilterSecurityInterceptor@30798137]
2019-12-13 12:37:17,008 INFO org.springframework.boot.StartupInfoLogger [main] Started ApmsApplicationTests in 14.567 seconds (JVM running for 20.849)
2019-12-13 12:37:17,125 INFO org.springframework.test.context.support.AbstractTestContextBootstrapper [main] Neither @ContextConfiguration nor @ContextHierarchy found for test class [esmo.test.ap.apms.integration.TestSessisonManagerConnection], using SpringBootContextLoader
2019-12-13 12:37:17,127 INFO org.springframework.test.context.support.AbstractContextLoader [main] Could not detect default resource locations for test class [esmo.test.ap.apms.integration.TestSessisonManagerConnection]: no resource found for suffixes {-context.xml, Context.groovy}.
2019-12-13 12:37:17,203 INFO org.springframework.test.context.support.AbstractTestContextBootstrapper [main] Loaded default TestExecutionListener class names from location [META-INF/spring.factories]: [org.springframework.boot.test.mock.mockito.MockitoTestExecutionListener, org.springframework.boot.test.mock.mockito.ResetMocksTestExecutionListener, org.springframework.boot.test.autoconfigure.restdocs.RestDocsTestExecutionListener, org.springframework.boot.test.autoconfigure.web.client.MockRestServiceServerResetTestExecutionListener, org.springframework.boot.test.autoconfigure.web.servlet.MockMvcPrintOnlyOnFailureTestExecutionListener, org.springframework.boot.test.autoconfigure.web.servlet.WebDriverTestExecutionListener, org.springframework.test.context.web.ServletTestExecutionListener, org.springframework.test.context.support.DirtiesContextBeforeModesTestExecutionListener, org.springframework.test.context.support.DependencyInjectionTestExecutionListener, org.springframework.test.context.support.DirtiesContextTestExecutionListener, org.springframework.test.context.transaction.TransactionalTestExecutionListener, org.springframework.test.context.jdbc.SqlScriptsTestExecutionListener]
2019-12-13 12:37:17,223 INFO org.springframework.test.context.support.AbstractTestContextBootstrapper [main] Using TestExecutionListeners: [org.springframework.test.context.web.ServletTestExecutionListener@c6a692e, org.springframework.test.context.support.DirtiesContextBeforeModesTestExecutionListener@27502e5c, org.springframework.boot.test.mock.mockito.MockitoTestExecutionListener@4b343b6d, org.springframework.boot.test.autoconfigure.SpringBootDependencyInjectionTestExecutionListener@17d2b646, org.springframework.test.context.support.DirtiesContextTestExecutionListener@48ae9e8b, org.springframework.boot.test.mock.mockito.ResetMocksTestExecutionListener@6eaa6b0c, org.springframework.boot.test.autoconfigure.restdocs.RestDocsTestExecutionListener@4afcae7, org.springframework.boot.test.autoconfigure.web.client.MockRestServiceServerResetTestExecutionListener@6cd2cb2, org.springframework.boot.test.autoconfigure.web.servlet.MockMvcPrintOnlyOnFailureTestExecutionListener@3a2bb026, org.springframework.boot.test.autoconfigure.web.servlet.WebDriverTestExecutionListener@7645e64]
2019-12-13 12:37:17,427 INFO org.springframework.boot.StartupInfoLogger [main] Starting TestSessisonManagerConnection on carlos-VirtualBox with PID 10327 (started by carlos in /home/carlos/Documents/prj/seal/GRAPms)
2019-12-13 12:37:17,432 INFO org.springframework.boot.SpringApplication [main] The following profiles are active: test
2019-12-13 12:37:18,990 INFO com.google.code.ssm.config.DefaultAddressProvider [main] Defined values 172.17.0.1:11211 will be used as memcached addresses
2019-12-13 12:37:19,668 INFO org.opensaml.saml2.metadata.provider.AbstractReloadingMetadataProvider [main] New metadata succesfully loaded for 'https://idp.aegean.gr/idp/shibboleth'
2019-12-13 12:37:19,670 INFO org.opensaml.saml2.metadata.provider.AbstractReloadingMetadataProvider [main] Next refresh cycle for metadata provider 'https://idp.aegean.gr/idp/shibboleth' will occur on '2019-12-13T14:37:19.377Z' ('2019-12-13T15:37:19.377+01:00' local time)
2019-12-13 12:37:19,724 INFO esmo.test.ap.apms.SamlSecurityConfig [main] Using SAMLContextProviderLB implementation of SAMLContextProvider for context provider bean.
2019-12-13 12:37:19,731 INFO esmo.test.ap.apms.SamlSecurityConfig [main] Setting the load balancer scheme to https
2019-12-13 12:37:19,732 INFO esmo.test.ap.apms.SamlSecurityConfig [main] Setting the load balancer server name to serverName
2019-12-13 12:37:19,734 INFO esmo.test.ap.apms.SamlSecurityConfig [main] Setting the load balancer context path to /grap
2019-12-13 12:37:19,737 INFO esmo.test.ap.apms.SamlSecurityConfig [main] Setting the load balancer port to 443
2019-12-13 12:37:19,744 INFO esmo.test.ap.apms.SamlSecurityConfig [main] Setting whether to include the server port in the request URL to false
2019-12-13 12:37:19,857 INFO org.springframework.security.web.DefaultSecurityFilterChain [main] Creating filter chain: Ant [pattern='/saml/metadata/**'], [org.springframework.security.saml.metadata.MetadataDisplayFilter@13d984ee]
2019-12-13 12:37:19,860 INFO org.springframework.security.web.DefaultSecurityFilterChain [main] Creating filter chain: Ant [pattern='/saml/login/**'], [esmo.test.ap.apms.SamlWithRelayStateEntryPoint@4fedf908]
2019-12-13 12:37:19,862 INFO org.springframework.security.web.DefaultSecurityFilterChain [main] Creating filter chain: Ant [pattern='/saml/SSO/**'], [org.springframework.security.saml.SAMLProcessingFilter@5341641d]
2019-12-13 12:37:19,891 INFO org.springframework.security.web.DefaultSecurityFilterChain [main] Creating filter chain: Ant [pattern='/saml/logout/**'], [org.springframework.security.saml.SAMLLogoutFilter@241d1052]
2019-12-13 12:37:19,894 INFO org.springframework.security.web.DefaultSecurityFilterChain [main] Creating filter chain: Ant [pattern='/saml/SingleLogout/**'], [org.springframework.security.saml.SAMLLogoutProcessingFilter@7b3c0ecb]
2019-12-13 12:37:20,146 INFO org.springframework.scheduling.concurrent.ExecutorConfigurationSupport [main] Initializing ExecutorService 'applicationTaskExecutor'
2019-12-13 12:37:20,491 INFO org.springframework.security.web.DefaultSecurityFilterChain [main] Creating filter chain: any request, [org.springframework.security.saml.metadata.MetadataGeneratorFilter@77eb607e, org.springframework.security.web.context.request.async.WebAsyncManagerIntegrationFilter@1f1fbc9f, org.springframework.security.web.context.SecurityContextPersistenceFilter@37c87fcc, org.springframework.security.web.header.HeaderWriterFilter@1f5d7fd5, org.springframework.security.web.authentication.logout.LogoutFilter@70697478, FilterChainProxy[Filter Chains: [[ Ant [pattern='/saml/metadata/**'], [org.springframework.security.saml.metadata.MetadataDisplayFilter@13d984ee]], [ Ant [pattern='/saml/login/**'], [esmo.test.ap.apms.SamlWithRelayStateEntryPoint@4fedf908]], [ Ant [pattern='/saml/SSO/**'], [org.springframework.security.saml.SAMLProcessingFilter@5341641d]], [ Ant [pattern='/saml/logout/**'], [org.springframework.security.saml.SAMLLogoutFilter@241d1052]], [ Ant [pattern='/saml/SingleLogout/**'], [org.springframework.security.saml.SAMLLogoutProcessingFilter@7b3c0ecb]]]], org.springframework.security.web.savedrequest.RequestCacheAwareFilter@ca2be53, org.springframework.security.web.servletapi.SecurityContextHolderAwareRequestFilter@78f5cbc5, org.springframework.security.web.authentication.AnonymousAuthenticationFilter@10d4b573, org.springframework.security.web.session.SessionManagementFilter@cf08c97, org.springframework.security.web.access.ExceptionTranslationFilter@be616f0, org.springframework.security.web.access.intercept.FilterSecurityInterceptor@1e8bccfb]
2019-12-13 12:37:20,620 INFO org.springframework.mock.web.MockServletContext [main] Initializing Spring TestDispatcherServlet ''
2019-12-13 12:37:20,624 INFO org.springframework.web.servlet.FrameworkServlet [main] Initializing Servlet ''
2019-12-13 12:37:20,685 INFO org.springframework.web.servlet.FrameworkServlet [main] Completed initialization in 61 ms
2019-12-13 12:37:20,771 INFO org.springframework.boot.StartupInfoLogger [main] Started TestSessisonManagerConnection in 3.521 seconds (JVM running for 24.612)
2019-12-13 12:37:22,978 INFO esmo.test.ap.apms.service.impl.NetworkServiceImpl [main] request failed will retry
2019-12-13 12:37:24,302 INFO esmo.test.ap.apms.service.impl.NetworkServiceImpl [main] request failed will retry
2019-12-13 12:37:25,614 INFO esmo.test.ap.apms.service.impl.NetworkServiceImpl [main] request failed will retry
2019-12-13 12:37:26,900 INFO esmo.test.ap.apms.service.impl.NetworkServiceImpl [main] request failed will retry
2019-12-13 12:37:27,137 INFO org.springframework.scheduling.concurrent.ExecutorConfigurationSupport [Thread-6] Shutting down ExecutorService 'applicationTaskExecutor'
2019-12-13 12:37:27,151 INFO org.springframework.scheduling.concurrent.ExecutorConfigurationSupport [Thread-12] Shutting down ExecutorService 'applicationTaskExecutor'
2019-12-13 12:42:22,496 INFO org.springframework.boot.StartupInfoLogger [main] Starting ApmsApplicationTests on carlos-VirtualBox with PID 10505 (started by carlos in /home/carlos/Documents/prj/seal/GRAPms)
2019-12-13 12:42:22,509 INFO org.springframework.boot.SpringApplication [main] The following profiles are active: test
2019-12-13 12:42:27,761 INFO com.google.code.ssm.config.DefaultAddressProvider [main] Defined values 172.17.0.1:11211 will be used as memcached addresses
2019-12-13 12:43:22,592 INFO org.springframework.boot.StartupInfoLogger [main] Starting ApmsApplicationTests on carlos-VirtualBox with PID 10631 (started by carlos in /home/carlos/Documents/prj/seal/GRAPms)
2019-12-13 12:43:22,610 INFO org.springframework.boot.SpringApplication [main] The following profiles are active: test
2019-12-13 12:44:43,952 INFO org.springframework.boot.StartupInfoLogger [main] Starting ApmsApplicationTests on carlos-VirtualBox with PID 10745 (started by carlos in /home/carlos/Documents/prj/seal/GRAPms)
2019-12-13 12:44:43,979 INFO org.springframework.boot.SpringApplication [main] The following profiles are active: test
2019-12-13 12:44:52,942 INFO com.google.code.ssm.config.DefaultAddressProvider [main] Defined values 172.17.0.1:11211 will be used as memcached addresses
2019-12-13 12:44:55,808 INFO org.opensaml.saml2.metadata.provider.AbstractReloadingMetadataProvider [main] New metadata succesfully loaded for 'https://idp.aegean.gr/idp/shibboleth'
2019-12-13 12:44:55,832 INFO org.opensaml.saml2.metadata.provider.AbstractReloadingMetadataProvider [main] Next refresh cycle for metadata provider 'https://idp.aegean.gr/idp/shibboleth' will occur on '2019-12-13T14:44:55.024Z' ('2019-12-13T15:44:55.024+01:00' local time)
2019-12-13 12:44:56,239 INFO esmo.test.ap.apms.SamlSecurityConfig [main] Using SAMLContextProviderLB implementation of SAMLContextProvider for context provider bean.
2019-12-13 12:44:56,252 INFO esmo.test.ap.apms.SamlSecurityConfig [main] Setting the load balancer scheme to https
2019-12-13 12:44:56,255 INFO esmo.test.ap.apms.SamlSecurityConfig [main] Setting the load balancer server name to serverName
2019-12-13 12:44:56,256 INFO esmo.test.ap.apms.SamlSecurityConfig [main] Setting the load balancer context path to /grap
2019-12-13 12:44:56,262 INFO esmo.test.ap.apms.SamlSecurityConfig [main] Setting the load balancer port to 443
2019-12-13 12:44:56,263 INFO esmo.test.ap.apms.SamlSecurityConfig [main] Setting whether to include the server port in the request URL to false
2019-12-13 12:44:56,806 INFO org.springframework.security.web.DefaultSecurityFilterChain [main] Creating filter chain: Ant [pattern='/saml/metadata/**'], [org.springframework.security.saml.metadata.MetadataDisplayFilter@6734ff92]
2019-12-13 12:44:56,807 INFO org.springframework.security.web.DefaultSecurityFilterChain [main] Creating filter chain: Ant [pattern='/saml/login/**'], [esmo.test.ap.apms.SamlWithRelayStateEntryPoint@51eb0e84]
2019-12-13 12:44:56,808 INFO org.springframework.security.web.DefaultSecurityFilterChain [main] Creating filter chain: Ant [pattern='/saml/SSO/**'], [org.springframework.security.saml.SAMLProcessingFilter@4ce267cc]
2019-12-13 12:44:56,813 INFO org.springframework.security.web.DefaultSecurityFilterChain [main] Creating filter chain: Ant [pattern='/saml/logout/**'], [org.springframework.security.saml.SAMLLogoutFilter@2eebce87]
2019-12-13 12:44:56,814 INFO org.springframework.security.web.DefaultSecurityFilterChain [main] Creating filter chain: Ant [pattern='/saml/SingleLogout/**'], [org.springframework.security.saml.SAMLLogoutProcessingFilter@6ee37ca7]
2019-12-13 12:44:57,541 INFO org.springframework.scheduling.concurrent.ExecutorConfigurationSupport [main] Initializing ExecutorService 'applicationTaskExecutor'
2019-12-13 12:44:59,289 INFO org.springframework.security.web.DefaultSecurityFilterChain [main] Creating filter chain: any request, [org.springframework.security.saml.metadata.MetadataGeneratorFilter@60652518, org.springframework.security.web.context.request.async.WebAsyncManagerIntegrationFilter@438aaa9f, org.springframework.security.web.context.SecurityContextPersistenceFilter@5834198f, org.springframework.security.web.header.HeaderWriterFilter@efe49ab, org.springframework.security.web.authentication.logout.LogoutFilter@7ec13984, FilterChainProxy[Filter Chains: [[ Ant [pattern='/saml/metadata/**'], [org.springframework.security.saml.metadata.MetadataDisplayFilter@6734ff92]], [ Ant [pattern='/saml/login/**'], [esmo.test.ap.apms.SamlWithRelayStateEntryPoint@51eb0e84]], [ Ant [pattern='/saml/SSO/**'], [org.springframework.security.saml.SAMLProcessingFilter@4ce267cc]], [ Ant [pattern='/saml/logout/**'], [org.springframework.security.saml.SAMLLogoutFilter@2eebce87]], [ Ant [pattern='/saml/SingleLogout/**'], [org.springframework.security.saml.SAMLLogoutProcessingFilter@6ee37ca7]]]], org.springframework.security.web.savedrequest.RequestCacheAwareFilter@402d6012, org.springframework.security.web.servletapi.SecurityContextHolderAwareRequestFilter@7e8f23ad, org.springframework.security.web.authentication.AnonymousAuthenticationFilter@3f06ebe0, org.springframework.security.web.session.SessionManagementFilter@53dba9cd, org.springframework.security.web.access.ExceptionTranslationFilter@2086d469, org.springframework.security.web.access.intercept.FilterSecurityInterceptor@4dd1548e]
2019-12-13 12:44:59,565 INFO org.springframework.boot.StartupInfoLogger [main] Started ApmsApplicationTests in 16.741 seconds (JVM running for 22.902)
2019-12-13 12:44:59,617 INFO org.springframework.test.context.support.AbstractTestContextBootstrapper [main] Neither @ContextConfiguration nor @ContextHierarchy found for test class [esmo.test.ap.apms.integration.TestSessisonManagerConnection], using SpringBootContextLoader
2019-12-13 12:44:59,619 INFO org.springframework.test.context.support.AbstractContextLoader [main] Could not detect default resource locations for test class [esmo.test.ap.apms.integration.TestSessisonManagerConnection]: no resource found for suffixes {-context.xml, Context.groovy}.
2019-12-13 12:44:59,687 INFO org.springframework.test.context.support.AbstractTestContextBootstrapper [main] Loaded default TestExecutionListener class names from location [META-INF/spring.factories]: [org.springframework.boot.test.mock.mockito.MockitoTestExecutionListener, org.springframework.boot.test.mock.mockito.ResetMocksTestExecutionListener, org.springframework.boot.test.autoconfigure.restdocs.RestDocsTestExecutionListener, org.springframework.boot.test.autoconfigure.web.client.MockRestServiceServerResetTestExecutionListener, org.springframework.boot.test.autoconfigure.web.servlet.MockMvcPrintOnlyOnFailureTestExecutionListener, org.springframework.boot.test.autoconfigure.web.servlet.WebDriverTestExecutionListener, org.springframework.test.context.web.ServletTestExecutionListener, org.springframework.test.context.support.DirtiesContextBeforeModesTestExecutionListener, org.springframework.test.context.support.DependencyInjectionTestExecutionListener, org.springframework.test.context.support.DirtiesContextTestExecutionListener, org.springframework.test.context.transaction.TransactionalTestExecutionListener, org.springframework.test.context.jdbc.SqlScriptsTestExecutionListener]
2019-12-13 12:44:59,698 INFO org.springframework.test.context.support.AbstractTestContextBootstrapper [main] Using TestExecutionListeners: [org.springframework.test.context.web.ServletTestExecutionListener@3f0c6b3c, org.springframework.test.context.support.DirtiesContextBeforeModesTestExecutionListener@416a4275, org.springframework.boot.test.mock.mockito.MockitoTestExecutionListener@7bf65e0f, org.springframework.boot.test.autoconfigure.SpringBootDependencyInjectionTestExecutionListener@33215ffb, org.springframework.test.context.support.DirtiesContextTestExecutionListener@6f289728, org.springframework.boot.test.mock.mockito.ResetMocksTestExecutionListener@7c421952, org.springframework.boot.test.autoconfigure.restdocs.RestDocsTestExecutionListener@350d26f3, org.springframework.boot.test.autoconfigure.web.client.MockRestServiceServerResetTestExecutionListener@c6a692e, org.springframework.boot.test.autoconfigure.web.servlet.MockMvcPrintOnlyOnFailureTestExecutionListener@27502e5c, org.springframework.boot.test.autoconfigure.web.servlet.WebDriverTestExecutionListener@4b343b6d]
2019-12-13 12:44:59,818 INFO org.springframework.boot.StartupInfoLogger [main] Starting TestSessisonManagerConnection on carlos-VirtualBox with PID 10745 (started by carlos in /home/carlos/Documents/prj/seal/GRAPms)
2019-12-13 12:44:59,818 INFO org.springframework.boot.SpringApplication [main] The following profiles are active: test
2019-12-13 12:45:00,868 INFO com.google.code.ssm.config.DefaultAddressProvider [main] Defined values 172.17.0.1:11211 will be used as memcached addresses
2019-12-13 12:45:01,386 INFO org.opensaml.saml2.metadata.provider.AbstractReloadingMetadataProvider [main] New metadata succesfully loaded for 'https://idp.aegean.gr/idp/shibboleth'
2019-12-13 12:45:01,387 INFO org.opensaml.saml2.metadata.provider.AbstractReloadingMetadataProvider [main] Next refresh cycle for metadata provider 'https://idp.aegean.gr/idp/shibboleth' will occur on '2019-12-13T14:45:01.114Z' ('2019-12-13T15:45:01.114+01:00' local time)
2019-12-13 12:45:01,407 INFO esmo.test.ap.apms.SamlSecurityConfig [main] Using SAMLContextProviderLB implementation of SAMLContextProvider for context provider bean.
2019-12-13 12:45:01,408 INFO esmo.test.ap.apms.SamlSecurityConfig [main] Setting the load balancer scheme to https
2019-12-13 12:45:01,411 INFO esmo.test.ap.apms.SamlSecurityConfig [main] Setting the load balancer server name to serverName
2019-12-13 12:45:01,413 INFO esmo.test.ap.apms.SamlSecurityConfig [main] Setting the load balancer context path to /grap
2019-12-13 12:45:01,415 INFO esmo.test.ap.apms.SamlSecurityConfig [main] Setting the load balancer port to 443
2019-12-13 12:45:01,416 INFO esmo.test.ap.apms.SamlSecurityConfig [main] Setting whether to include the server port in the request URL to false
2019-12-13 12:45:01,502 INFO org.springframework.security.web.DefaultSecurityFilterChain [main] Creating filter chain: Ant [pattern='/saml/metadata/**'], [org.springframework.security.saml.metadata.MetadataDisplayFilter@6de33fde]
2019-12-13 12:45:01,510 INFO org.springframework.security.web.DefaultSecurityFilterChain [main] Creating filter chain: Ant [pattern='/saml/login/**'], [esmo.test.ap.apms.SamlWithRelayStateEntryPoint@69c33ea2]
2019-12-13 12:45:01,513 INFO org.springframework.security.web.DefaultSecurityFilterChain [main] Creating filter chain: Ant [pattern='/saml/SSO/**'], [org.springframework.security.saml.SAMLProcessingFilter@59e0d521]
2019-12-13 12:45:01,528 INFO org.springframework.security.web.DefaultSecurityFilterChain [main] Creating filter chain: Ant [pattern='/saml/logout/**'], [org.springframework.security.saml.SAMLLogoutFilter@2e3900dc]
2019-12-13 12:45:01,530 INFO org.springframework.security.web.DefaultSecurityFilterChain [main] Creating filter chain: Ant [pattern='/saml/SingleLogout/**'], [org.springframework.security.saml.SAMLLogoutProcessingFilter@5ad0c70a]
2019-12-13 12:45:01,734 INFO org.springframework.scheduling.concurrent.ExecutorConfigurationSupport [main] Initializing ExecutorService 'applicationTaskExecutor'
2019-12-13 12:45:01,985 INFO org.springframework.security.web.DefaultSecurityFilterChain [main] Creating filter chain: any request, [org.springframework.security.saml.metadata.MetadataGeneratorFilter@713e7d9a, org.springframework.security.web.context.request.async.WebAsyncManagerIntegrationFilter@681d704e, org.springframework.security.web.context.SecurityContextPersistenceFilter@35ceec81, org.springframework.security.web.header.HeaderWriterFilter@51141f64, org.springframework.security.web.authentication.logout.LogoutFilter@498e41a4, FilterChainProxy[Filter Chains: [[ Ant [pattern='/saml/metadata/**'], [org.springframework.security.saml.metadata.MetadataDisplayFilter@6de33fde]], [ Ant [pattern='/saml/login/**'], [esmo.test.ap.apms.SamlWithRelayStateEntryPoint@69c33ea2]], [ Ant [pattern='/saml/SSO/**'], [org.springframework.security.saml.SAMLProcessingFilter@59e0d521]], [ Ant [pattern='/saml/logout/**'], [org.springframework.security.saml.SAMLLogoutFilter@2e3900dc]], [ Ant [pattern='/saml/SingleLogout/**'], [org.springframework.security.saml.SAMLLogoutProcessingFilter@5ad0c70a]]]], org.springframework.security.web.savedrequest.RequestCacheAwareFilter@d13379e, org.springframework.security.web.servletapi.SecurityContextHolderAwareRequestFilter@7c8df667, org.springframework.security.web.authentication.AnonymousAuthenticationFilter@846b47, org.springframework.security.web.session.SessionManagementFilter@32c0fecc, org.springframework.security.web.access.ExceptionTranslationFilter@3221588e, org.springframework.security.web.access.intercept.FilterSecurityInterceptor@70f98f7a]
2019-12-13 12:45:02,142 INFO org.springframework.mock.web.MockServletContext [main] Initializing Spring TestDispatcherServlet ''
2019-12-13 12:45:02,143 INFO org.springframework.web.servlet.FrameworkServlet [main] Initializing Servlet ''
2019-12-13 12:45:02,191 INFO org.springframework.web.servlet.FrameworkServlet [main] Completed initialization in 46 ms
2019-12-13 12:45:02,267 INFO org.springframework.boot.StartupInfoLogger [main] Started TestSessisonManagerConnection in 2.559 seconds (JVM running for 25.603)
2019-12-13 12:45:04,182 INFO esmo.test.ap.apms.service.impl.NetworkServiceImpl [main] request failed will retry
2019-12-13 12:45:05,457 INFO esmo.test.ap.apms.service.impl.NetworkServiceImpl [main] request failed will retry
2019-12-13 12:45:06,764 INFO esmo.test.ap.apms.service.impl.NetworkServiceImpl [main] request failed will retry
2019-12-13 12:45:08,045 INFO esmo.test.ap.apms.service.impl.NetworkServiceImpl [main] request failed will retry
2019-12-13 12:45:08,350 INFO org.springframework.scheduling.concurrent.ExecutorConfigurationSupport [Thread-6] Shutting down ExecutorService 'applicationTaskExecutor'
2019-12-13 12:45:08,356 INFO org.springframework.scheduling.concurrent.ExecutorConfigurationSupport [Thread-12] Shutting down ExecutorService 'applicationTaskExecutor'
2019-12-13 13:07:53,921 INFO org.springframework.boot.StartupInfoLogger [main] Starting ApmsApplicationTests on carlos-VirtualBox with PID 11001 (started by carlos in /home/carlos/Documents/prj/seal/GRAPms)
2019-12-13 13:07:53,924 INFO org.springframework.boot.SpringApplication [main] The following profiles are active: test
2019-12-13 13:08:04,946 INFO com.google.code.ssm.config.DefaultAddressProvider [main] Defined values 172.17.0.1:11211 will be used as memcached addresses
2019-12-13 13:08:09,783 INFO org.opensaml.saml2.metadata.provider.AbstractReloadingMetadataProvider [main] New metadata succesfully loaded for 'https://idp.aegean.gr/idp/shibboleth'
2019-12-13 13:08:09,849 INFO org.opensaml.saml2.metadata.provider.AbstractReloadingMetadataProvider [main] Next refresh cycle for metadata provider 'https://idp.aegean.gr/idp/shibboleth' will occur on '2019-12-13T15:08:08.198Z' ('2019-12-13T16:08:08.198+01:00' local time)
2019-12-13 13:08:10,332 INFO esmo.test.ap.apms.SamlSecurityConfig [main] Using SAMLContextProviderLB implementation of SAMLContextProvider for context provider bean.
2019-12-13 13:08:10,373 INFO esmo.test.ap.apms.SamlSecurityConfig [main] Setting the load balancer scheme to https
2019-12-13 13:08:10,374 INFO esmo.test.ap.apms.SamlSecurityConfig [main] Setting the load balancer server name to serverName
2019-12-13 13:08:10,376 INFO esmo.test.ap.apms.SamlSecurityConfig [main] Setting the load balancer context path to /grap
2019-12-13 13:08:10,377 INFO esmo.test.ap.apms.SamlSecurityConfig [main] Setting the load balancer port to 443
2019-12-13 13:08:10,378 INFO esmo.test.ap.apms.SamlSecurityConfig [main] Setting whether to include the server port in the request URL to false
2019-12-13 13:08:11,599 INFO org.springframework.security.web.DefaultSecurityFilterChain [main] Creating filter chain: Ant [pattern='/saml/metadata/**'], [org.springframework.security.saml.metadata.MetadataDisplayFilter@74500e4f]
2019-12-13 13:08:11,601 INFO org.springframework.security.web.DefaultSecurityFilterChain [main] Creating filter chain: Ant [pattern='/saml/login/**'], [esmo.test.ap.apms.SamlWithRelayStateEntryPoint@7c91fe86]
2019-12-13 13:08:11,602 INFO org.springframework.security.web.DefaultSecurityFilterChain [main] Creating filter chain: Ant [pattern='/saml/SSO/**'], [org.springframework.security.saml.SAMLProcessingFilter@7fc7152e]
2019-12-13 13:08:11,604 INFO org.springframework.security.web.DefaultSecurityFilterChain [main] Creating filter chain: Ant [pattern='/saml/logout/**'], [org.springframework.security.saml.SAMLLogoutFilter@13d289c7]
2019-12-13 13:08:11,604 INFO org.springframework.security.web.DefaultSecurityFilterChain [main] Creating filter chain: Ant [pattern='/saml/SingleLogout/**'], [org.springframework.security.saml.SAMLLogoutProcessingFilter@6704df84]
2019-12-13 13:08:13,017 INFO org.springframework.scheduling.concurrent.ExecutorConfigurationSupport [main] Initializing ExecutorService 'applicationTaskExecutor'
2019-12-13 13:08:14,722 INFO org.springframework.security.web.DefaultSecurityFilterChain [main] Creating filter chain: any request, [org.springframework.security.saml.metadata.MetadataGeneratorFilter@121ddca4, org.springframework.security.web.context.request.async.WebAsyncManagerIntegrationFilter@297bd171, org.springframework.security.web.context.SecurityContextPersistenceFilter@7e8f23ad, org.springframework.security.web.header.HeaderWriterFilter@3e753289, org.springframework.security.web.authentication.logout.LogoutFilter@ae3c140, FilterChainProxy[Filter Chains: [[ Ant [pattern='/saml/metadata/**'], [org.springframework.security.saml.metadata.MetadataDisplayFilter@74500e4f]], [ Ant [pattern='/saml/login/**'], [esmo.test.ap.apms.SamlWithRelayStateEntryPoint@7c91fe86]], [ Ant [pattern='/saml/SSO/**'], [org.springframework.security.saml.SAMLProcessingFilter@7fc7152e]], [ Ant [pattern='/saml/logout/**'], [org.springframework.security.saml.SAMLLogoutFilter@13d289c7]], [ Ant [pattern='/saml/SingleLogout/**'], [org.springframework.security.saml.SAMLLogoutProcessingFilter@6704df84]]]], org.springframework.security.web.savedrequest.RequestCacheAwareFilter@5d221b20, org.springframework.security.web.servletapi.SecurityContextHolderAwareRequestFilter@26d028f7, org.springframework.security.web.authentication.AnonymousAuthenticationFilter@118cbded, org.springframework.security.web.session.SessionManagementFilter@38022758, org.springframework.security.web.access.ExceptionTranslationFilter@4eb63dc8, org.springframework.security.web.access.intercept.FilterSecurityInterceptor@60652518]
2019-12-13 13:08:15,066 INFO org.springframework.boot.StartupInfoLogger [main] Started ApmsApplicationTests in 22.368 seconds (JVM running for 28.247)
2019-12-13 13:08:15,162 INFO org.springframework.test.context.support.AbstractTestContextBootstrapper [main] Neither @ContextConfiguration nor @ContextHierarchy found for test class [esmo.test.ap.apms.integration.TestSessisonManagerConnection], using SpringBootContextLoader
2019-12-13 13:08:15,165 INFO org.springframework.test.context.support.AbstractContextLoader [main] Could not detect default resource locations for test class [esmo.test.ap.apms.integration.TestSessisonManagerConnection]: no resource found for suffixes {-context.xml, Context.groovy}.
2019-12-13 13:08:15,241 INFO org.springframework.test.context.support.AbstractTestContextBootstrapper [main] Loaded default TestExecutionListener class names from location [META-INF/spring.factories]: [org.springframework.boot.test.mock.mockito.MockitoTestExecutionListener, org.springframework.boot.test.mock.mockito.ResetMocksTestExecutionListener, org.springframework.boot.test.autoconfigure.restdocs.RestDocsTestExecutionListener, org.springframework.boot.test.autoconfigure.web.client.MockRestServiceServerResetTestExecutionListener, org.springframework.boot.test.autoconfigure.web.servlet.MockMvcPrintOnlyOnFailureTestExecutionListener, org.springframework.boot.test.autoconfigure.web.servlet.WebDriverTestExecutionListener, org.springframework.test.context.web.ServletTestExecutionListener, org.springframework.test.context.support.DirtiesContextBeforeModesTestExecutionListener, org.springframework.test.context.support.DependencyInjectionTestExecutionListener, org.springframework.test.context.support.DirtiesContextTestExecutionListener, org.springframework.test.context.transaction.TransactionalTestExecutionListener, org.springframework.test.context.jdbc.SqlScriptsTestExecutionListener]
2019-12-13 13:08:15,257 INFO org.springframework.test.context.support.AbstractTestContextBootstrapper [main] Using TestExecutionListeners: [org.springframework.test.context.web.ServletTestExecutionListener@4b343b6d, org.springframework.test.context.support.DirtiesContextBeforeModesTestExecutionListener@17d2b646, org.springframework.boot.test.mock.mockito.MockitoTestExecutionListener@48ae9e8b, org.springframework.boot.test.autoconfigure.SpringBootDependencyInjectionTestExecutionListener@6eaa6b0c, org.springframework.test.context.support.DirtiesContextTestExecutionListener@4afcae7, org.springframework.boot.test.mock.mockito.ResetMocksTestExecutionListener@6cd2cb2, org.springframework.boot.test.autoconfigure.restdocs.RestDocsTestExecutionListener@3a2bb026, org.springframework.boot.test.autoconfigure.web.client.MockRestServiceServerResetTestExecutionListener@7645e64, org.springframework.boot.test.autoconfigure.web.servlet.MockMvcPrintOnlyOnFailureTestExecutionListener@7de6549d, org.springframework.boot.test.autoconfigure.web.servlet.WebDriverTestExecutionListener@12214f2f]
2019-12-13 13:08:15,419 INFO org.springframework.boot.StartupInfoLogger [main] Starting TestSessisonManagerConnection on carlos-VirtualBox with PID 11001 (started by carlos in /home/carlos/Documents/prj/seal/GRAPms)
2019-12-13 13:08:15,432 INFO org.springframework.boot.SpringApplication [main] The following profiles are active: test
2019-12-13 13:08:16,877 INFO com.google.code.ssm.config.DefaultAddressProvider [main] Defined values 172.17.0.1:11211 will be used as memcached addresses
2019-12-13 13:08:17,437 INFO org.opensaml.saml2.metadata.provider.AbstractReloadingMetadataProvider [main] New metadata succesfully loaded for 'https://idp.aegean.gr/idp/shibboleth'
2019-12-13 13:08:17,438 INFO org.opensaml.saml2.metadata.provider.AbstractReloadingMetadataProvider [main] Next refresh cycle for metadata provider 'https://idp.aegean.gr/idp/shibboleth' will occur on '2019-12-13T15:08:17.173Z' ('2019-12-13T16:08:17.173+01:00' local time)
2019-12-13 13:08:17,472 INFO esmo.test.ap.apms.SamlSecurityConfig [main] Using SAMLContextProviderLB implementation of SAMLContextProvider for context provider bean.
2019-12-13 13:08:17,487 INFO esmo.test.ap.apms.SamlSecurityConfig [main] Setting the load balancer scheme to https
2019-12-13 13:08:17,488 INFO esmo.test.ap.apms.SamlSecurityConfig [main] Setting the load balancer server name to serverName
2019-12-13 13:08:17,498 INFO esmo.test.ap.apms.SamlSecurityConfig [main] Setting the load balancer context path to /grap
2019-12-13 13:08:17,500 INFO esmo.test.ap.apms.SamlSecurityConfig [main] Setting the load balancer port to 443
2019-12-13 13:08:17,501 INFO esmo.test.ap.apms.SamlSecurityConfig [main] Setting whether to include the server port in the request URL to false
2019-12-13 13:08:17,646 INFO org.springframework.security.web.DefaultSecurityFilterChain [main] Creating filter chain: Ant [pattern='/saml/metadata/**'], [org.springframework.security.saml.metadata.MetadataDisplayFilter@5341641d]
2019-12-13 13:08:17,650 INFO org.springframework.security.web.DefaultSecurityFilterChain [main] Creating filter chain: Ant [pattern='/saml/login/**'], [esmo.test.ap.apms.SamlWithRelayStateEntryPoint@241d1052]
2019-12-13 13:08:17,653 INFO org.springframework.security.web.DefaultSecurityFilterChain [main] Creating filter chain: Ant [pattern='/saml/SSO/**'], [org.springframework.security.saml.SAMLProcessingFilter@7b3c0ecb]
2019-12-13 13:08:17,655 INFO org.springframework.security.web.DefaultSecurityFilterChain [main] Creating filter chain: Ant [pattern='/saml/logout/**'], [org.springframework.security.saml.SAMLLogoutFilter@5bb99d1d]
2019-12-13 13:08:17,658 INFO org.springframework.security.web.DefaultSecurityFilterChain [main] Creating filter chain: Ant [pattern='/saml/SingleLogout/**'], [org.springframework.security.saml.SAMLLogoutProcessingFilter@3006bfb]
2019-12-13 13:08:17,887 INFO org.springframework.scheduling.concurrent.ExecutorConfigurationSupport [main] Initializing ExecutorService 'applicationTaskExecutor'
2019-12-13 13:08:18,151 INFO org.springframework.security.web.DefaultSecurityFilterChain [main] Creating filter chain: any request, [org.springframework.security.saml.metadata.MetadataGeneratorFilter@10d4b573, org.springframework.security.web.context.request.async.WebAsyncManagerIntegrationFilter@50785f86, org.springframework.security.web.context.SecurityContextPersistenceFilter@78f5cbc5, org.springframework.security.web.header.HeaderWriterFilter@37c87fcc, org.springframework.security.web.authentication.logout.LogoutFilter@1d622556, FilterChainProxy[Filter Chains: [[ Ant [pattern='/saml/metadata/**'], [org.springframework.security.saml.metadata.MetadataDisplayFilter@5341641d]], [ Ant [pattern='/saml/login/**'], [esmo.test.ap.apms.SamlWithRelayStateEntryPoint@241d1052]], [ Ant [pattern='/saml/SSO/**'], [org.springframework.security.saml.SAMLProcessingFilter@7b3c0ecb]], [ Ant [pattern='/saml/logout/**'], [org.springframework.security.saml.SAMLLogoutFilter@5bb99d1d]], [ Ant [pattern='/saml/SingleLogout/**'], [org.springframework.security.saml.SAMLLogoutProcessingFilter@3006bfb]]]], org.springframework.security.web.savedrequest.RequestCacheAwareFilter@70697478, org.springframework.security.web.servletapi.SecurityContextHolderAwareRequestFilter@42b43a6, org.springframework.security.web.authentication.AnonymousAuthenticationFilter@7c3c3d67, org.springframework.security.web.session.SessionManagementFilter@ca2be53, org.springframework.security.web.access.ExceptionTranslationFilter@cf08c97, org.springframework.security.web.access.intercept.FilterSecurityInterceptor@1f1fbc9f]
2019-12-13 13:08:18,304 INFO org.springframework.mock.web.MockServletContext [main] Initializing Spring TestDispatcherServlet ''
2019-12-13 13:08:18,305 INFO org.springframework.web.servlet.FrameworkServlet [main] Initializing Servlet ''
2019-12-13 13:08:18,335 INFO org.springframework.web.servlet.FrameworkServlet [main] Completed initialization in 28 ms
2019-12-13 13:08:18,366 INFO org.springframework.boot.StartupInfoLogger [main] Started TestSessisonManagerConnection in 3.097 seconds (JVM running for 31.547)
2019-12-13 13:08:20,354 INFO esmo.test.ap.apms.service.impl.NetworkServiceImpl [main] request failed will retry
2019-12-13 13:08:21,649 INFO esmo.test.ap.apms.service.impl.NetworkServiceImpl [main] request failed will retry
2019-12-13 13:08:22,939 INFO esmo.test.ap.apms.service.impl.NetworkServiceImpl [main] request failed will retry
2019-12-13 13:08:24,242 INFO esmo.test.ap.apms.service.impl.NetworkServiceImpl [main] request failed will retry
2019-12-13 13:08:24,604 INFO org.springframework.scheduling.concurrent.ExecutorConfigurationSupport [Thread-12] Shutting down ExecutorService 'applicationTaskExecutor'
2019-12-13 13:08:24,609 INFO org.springframework.scheduling.concurrent.ExecutorConfigurationSupport [Thread-6] Shutting down ExecutorService 'applicationTaskExecutor'
