2019-06-15 09:36:30,854 INFO org.springframework.boot.StartupInfoLogger [main] Starting ApmsApplicationTests on nikos-Lenovo-V310-15IKB with PID 15121 (started by nikos in /home/nikos/NetBeansProjects/ESMO-AP-TEST)
2019-06-15 09:36:30,856 INFO org.springframework.boot.SpringApplication [main] The following profiles are active: test
2019-06-15 09:36:33,773 INFO com.google.code.ssm.config.DefaultAddressProvider [main] Defined values 172.17.0.1:11211 will be used as memcached addresses
2019-06-15 09:36:34,982 INFO org.opensaml.saml2.metadata.provider.AbstractReloadingMetadataProvider [main] New metadata succesfully loaded for 'https://idp.aegean.gr/idp/shibboleth'
2019-06-15 09:36:35,003 INFO org.opensaml.saml2.metadata.provider.AbstractReloadingMetadataProvider [main] Next refresh cycle for metadata provider 'https://idp.aegean.gr/idp/shibboleth' will occur on '2019-06-15T09:36:34.497Z' ('2019-06-15T12:36:34.497+03:00' local time)
2019-06-15 09:36:35,117 INFO esmo.test.ap.apms.SamlSecurityConfig [main] Using SAMLContextProviderLB implementation of SAMLContextProvider for context provider bean.
2019-06-15 09:36:35,122 INFO esmo.test.ap.apms.SamlSecurityConfig [main] Setting the load balancer scheme to https
2019-06-15 09:36:35,123 INFO esmo.test.ap.apms.SamlSecurityConfig [main] Setting the load balancer server name to serverName
2019-06-15 09:36:35,124 INFO esmo.test.ap.apms.SamlSecurityConfig [main] Setting the load balancer context path to /grap
2019-06-15 09:36:35,124 INFO esmo.test.ap.apms.SamlSecurityConfig [main] Setting the load balancer port to 443
2019-06-15 09:36:35,125 INFO esmo.test.ap.apms.SamlSecurityConfig [main] Setting whether to include the server port in the request URL to false
2019-06-15 09:36:35,272 INFO org.springframework.security.web.DefaultSecurityFilterChain [main] Creating filter chain: Ant [pattern='/saml/metadata/**'], [org.springframework.security.saml.metadata.MetadataDisplayFilter@6903ed0e]
2019-06-15 09:36:35,272 INFO org.springframework.security.web.DefaultSecurityFilterChain [main] Creating filter chain: Ant [pattern='/saml/login/**'], [esmo.test.ap.apms.SamlWithRelayStateEntryPoint@e154848]
2019-06-15 09:36:35,273 INFO org.springframework.security.web.DefaultSecurityFilterChain [main] Creating filter chain: Ant [pattern='/saml/SSO/**'], [org.springframework.security.saml.SAMLProcessingFilter@16ea0f22]
2019-06-15 09:36:35,273 INFO org.springframework.security.web.DefaultSecurityFilterChain [main] Creating filter chain: Ant [pattern='/saml/logout/**'], [org.springframework.security.saml.SAMLLogoutFilter@60fc7f43]
2019-06-15 09:36:35,274 INFO org.springframework.security.web.DefaultSecurityFilterChain [main] Creating filter chain: Ant [pattern='/saml/SingleLogout/**'], [org.springframework.security.saml.SAMLLogoutProcessingFilter@16e195cf]
2019-06-15 09:36:35,582 INFO org.springframework.scheduling.concurrent.ExecutorConfigurationSupport [main] Initializing ExecutorService 'applicationTaskExecutor'
2019-06-15 09:36:36,022 INFO org.springframework.security.web.DefaultSecurityFilterChain [main] Creating filter chain: any request, [org.springframework.security.saml.metadata.MetadataGeneratorFilter@761f234c, org.springframework.security.web.context.request.async.WebAsyncManagerIntegrationFilter@687b0ddc, org.springframework.security.web.context.SecurityContextPersistenceFilter@16ccd2bc, org.springframework.security.web.header.HeaderWriterFilter@61e14b53, org.springframework.security.web.authentication.logout.LogoutFilter@685e6a68, FilterChainProxy[Filter Chains: [[ Ant [pattern='/saml/metadata/**'], [org.springframework.security.saml.metadata.MetadataDisplayFilter@6903ed0e]], [ Ant [pattern='/saml/login/**'], [esmo.test.ap.apms.SamlWithRelayStateEntryPoint@e154848]], [ Ant [pattern='/saml/SSO/**'], [org.springframework.security.saml.SAMLProcessingFilter@16ea0f22]], [ Ant [pattern='/saml/logout/**'], [org.springframework.security.saml.SAMLLogoutFilter@60fc7f43]], [ Ant [pattern='/saml/SingleLogout/**'], [org.springframework.security.saml.SAMLLogoutProcessingFilter@16e195cf]]]], org.springframework.security.web.savedrequest.RequestCacheAwareFilter@6f7a20da, org.springframework.security.web.servletapi.SecurityContextHolderAwareRequestFilter@1c171746, org.springframework.security.web.authentication.AnonymousAuthenticationFilter@42b4df5a, org.springframework.security.web.session.SessionManagementFilter@6253e59a, org.springframework.security.web.access.ExceptionTranslationFilter@54275b5d, org.springframework.security.web.access.intercept.FilterSecurityInterceptor@56266bda]
2019-06-15 09:36:36,116 INFO org.springframework.boot.StartupInfoLogger [main] Started ApmsApplicationTests in 5.684 seconds (JVM running for 7.571)
2019-06-15 09:36:36,134 INFO org.springframework.test.context.support.AbstractTestContextBootstrapper [main] Neither @ContextConfiguration nor @ContextHierarchy found for test class [esmo.test.ap.apms.integration.TestSessisonManagerConnection], using SpringBootContextLoader
2019-06-15 09:36:36,135 INFO org.springframework.test.context.support.AbstractContextLoader [main] Could not detect default resource locations for test class [esmo.test.ap.apms.integration.TestSessisonManagerConnection]: no resource found for suffixes {-context.xml, Context.groovy}.
2019-06-15 09:36:36,148 INFO org.springframework.test.context.support.AbstractTestContextBootstrapper [main] Loaded default TestExecutionListener class names from location [META-INF/spring.factories]: [org.springframework.boot.test.mock.mockito.MockitoTestExecutionListener, org.springframework.boot.test.mock.mockito.ResetMocksTestExecutionListener, org.springframework.boot.test.autoconfigure.restdocs.RestDocsTestExecutionListener, org.springframework.boot.test.autoconfigure.web.client.MockRestServiceServerResetTestExecutionListener, org.springframework.boot.test.autoconfigure.web.servlet.MockMvcPrintOnlyOnFailureTestExecutionListener, org.springframework.boot.test.autoconfigure.web.servlet.WebDriverTestExecutionListener, org.springframework.test.context.web.ServletTestExecutionListener, org.springframework.test.context.support.DirtiesContextBeforeModesTestExecutionListener, org.springframework.test.context.support.DependencyInjectionTestExecutionListener, org.springframework.test.context.support.DirtiesContextTestExecutionListener, org.springframework.test.context.transaction.TransactionalTestExecutionListener, org.springframework.test.context.jdbc.SqlScriptsTestExecutionListener]
2019-06-15 09:36:36,149 INFO org.springframework.test.context.support.AbstractTestContextBootstrapper [main] Using TestExecutionListeners: [org.springframework.test.context.web.ServletTestExecutionListener@76db9048, org.springframework.test.context.support.DirtiesContextBeforeModesTestExecutionListener@54daf8f9, org.springframework.boot.test.mock.mockito.MockitoTestExecutionListener@7d4d65f5, org.springframework.boot.test.autoconfigure.SpringBootDependencyInjectionTestExecutionListener@38cf3ae1, org.springframework.test.context.support.DirtiesContextTestExecutionListener@123ca460, org.springframework.boot.test.mock.mockito.ResetMocksTestExecutionListener@11228bee, org.springframework.boot.test.autoconfigure.restdocs.RestDocsTestExecutionListener@7d626f2, org.springframework.boot.test.autoconfigure.web.client.MockRestServiceServerResetTestExecutionListener@460f1cdb, org.springframework.boot.test.autoconfigure.web.servlet.MockMvcPrintOnlyOnFailureTestExecutionListener@31e7afde, org.springframework.boot.test.autoconfigure.web.servlet.WebDriverTestExecutionListener@349f3ff7]
2019-06-15 09:36:36,185 INFO org.springframework.boot.StartupInfoLogger [main] Starting TestSessisonManagerConnection on nikos-Lenovo-V310-15IKB with PID 15121 (started by nikos in /home/nikos/NetBeansProjects/ESMO-AP-TEST)
2019-06-15 09:36:36,186 INFO org.springframework.boot.SpringApplication [main] The following profiles are active: test
2019-06-15 09:36:36,688 INFO com.google.code.ssm.config.DefaultAddressProvider [main] Defined values 172.17.0.1:11211 will be used as memcached addresses
2019-06-15 09:36:36,998 INFO org.opensaml.saml2.metadata.provider.AbstractReloadingMetadataProvider [main] New metadata succesfully loaded for 'https://idp.aegean.gr/idp/shibboleth'
2019-06-15 09:36:36,999 INFO org.opensaml.saml2.metadata.provider.AbstractReloadingMetadataProvider [main] Next refresh cycle for metadata provider 'https://idp.aegean.gr/idp/shibboleth' will occur on '2019-06-15T09:36:36.831Z' ('2019-06-15T12:36:36.831+03:00' local time)
2019-06-15 09:36:37,010 INFO esmo.test.ap.apms.SamlSecurityConfig [main] Using SAMLContextProviderLB implementation of SAMLContextProvider for context provider bean.
2019-06-15 09:36:37,010 INFO esmo.test.ap.apms.SamlSecurityConfig [main] Setting the load balancer scheme to https
2019-06-15 09:36:37,011 INFO esmo.test.ap.apms.SamlSecurityConfig [main] Setting the load balancer server name to serverName
2019-06-15 09:36:37,011 INFO esmo.test.ap.apms.SamlSecurityConfig [main] Setting the load balancer context path to /grap
2019-06-15 09:36:37,012 INFO esmo.test.ap.apms.SamlSecurityConfig [main] Setting the load balancer port to 443
2019-06-15 09:36:37,012 INFO esmo.test.ap.apms.SamlSecurityConfig [main] Setting whether to include the server port in the request URL to false
2019-06-15 09:36:37,042 INFO org.springframework.security.web.DefaultSecurityFilterChain [main] Creating filter chain: Ant [pattern='/saml/metadata/**'], [org.springframework.security.saml.metadata.MetadataDisplayFilter@7976e536]
2019-06-15 09:36:37,043 INFO org.springframework.security.web.DefaultSecurityFilterChain [main] Creating filter chain: Ant [pattern='/saml/login/**'], [esmo.test.ap.apms.SamlWithRelayStateEntryPoint@670a4738]
2019-06-15 09:36:37,043 INFO org.springframework.security.web.DefaultSecurityFilterChain [main] Creating filter chain: Ant [pattern='/saml/SSO/**'], [org.springframework.security.saml.SAMLProcessingFilter@47ffdbba]
2019-06-15 09:36:37,044 INFO org.springframework.security.web.DefaultSecurityFilterChain [main] Creating filter chain: Ant [pattern='/saml/logout/**'], [org.springframework.security.saml.SAMLLogoutFilter@ba0018e]
2019-06-15 09:36:37,045 INFO org.springframework.security.web.DefaultSecurityFilterChain [main] Creating filter chain: Ant [pattern='/saml/SingleLogout/**'], [org.springframework.security.saml.SAMLLogoutProcessingFilter@45311a99]
2019-06-15 09:36:37,117 INFO org.springframework.scheduling.concurrent.ExecutorConfigurationSupport [main] Initializing ExecutorService 'applicationTaskExecutor'
2019-06-15 09:36:37,218 INFO org.springframework.security.web.DefaultSecurityFilterChain [main] Creating filter chain: any request, [org.springframework.security.saml.metadata.MetadataGeneratorFilter@1b69fc07, org.springframework.security.web.context.request.async.WebAsyncManagerIntegrationFilter@19e801b5, org.springframework.security.web.context.SecurityContextPersistenceFilter@152891f8, org.springframework.security.web.header.HeaderWriterFilter@1c411474, org.springframework.security.web.authentication.logout.LogoutFilter@b56c222, FilterChainProxy[Filter Chains: [[ Ant [pattern='/saml/metadata/**'], [org.springframework.security.saml.metadata.MetadataDisplayFilter@7976e536]], [ Ant [pattern='/saml/login/**'], [esmo.test.ap.apms.SamlWithRelayStateEntryPoint@670a4738]], [ Ant [pattern='/saml/SSO/**'], [org.springframework.security.saml.SAMLProcessingFilter@47ffdbba]], [ Ant [pattern='/saml/logout/**'], [org.springframework.security.saml.SAMLLogoutFilter@ba0018e]], [ Ant [pattern='/saml/SingleLogout/**'], [org.springframework.security.saml.SAMLLogoutProcessingFilter@45311a99]]]], org.springframework.security.web.savedrequest.RequestCacheAwareFilter@1d2c253, org.springframework.security.web.servletapi.SecurityContextHolderAwareRequestFilter@15a484a9, org.springframework.security.web.authentication.AnonymousAuthenticationFilter@24de63b, org.springframework.security.web.session.SessionManagementFilter@5e681097, org.springframework.security.web.access.ExceptionTranslationFilter@9d3a7a1, org.springframework.security.web.access.intercept.FilterSecurityInterceptor@19d3f6ad]
2019-06-15 09:36:37,279 INFO org.springframework.mock.web.MockServletContext [main] Initializing Spring TestDispatcherServlet ''
2019-06-15 09:36:37,279 INFO org.springframework.web.servlet.FrameworkServlet [main] Initializing Servlet ''
2019-06-15 09:36:37,300 INFO org.springframework.web.servlet.FrameworkServlet [main] Completed initialization in 20 ms
2019-06-15 09:36:37,322 INFO org.springframework.boot.StartupInfoLogger [main] Started TestSessisonManagerConnection in 1.17 seconds (JVM running for 8.778)
2019-06-15 09:36:39,241 INFO org.springframework.scheduling.concurrent.ExecutorConfigurationSupport [Thread-6] Shutting down ExecutorService 'applicationTaskExecutor'
2019-06-15 09:36:39,246 INFO org.springframework.scheduling.concurrent.ExecutorConfigurationSupport [Thread-12] Shutting down ExecutorService 'applicationTaskExecutor'
