2019-06-13 17:25:37,727 INFO org.springframework.boot.StartupInfoLogger [main] Starting ApmsApplicationTests on nikos-Lenovo-V310-15IKB with PID 19311 (started by nikos in /home/nikos/NetBeansProjects/ESMO-AP-TEST)
2019-06-13 17:25:37,730 INFO org.springframework.boot.SpringApplication [main] The following profiles are active: test
2019-06-13 17:25:41,544 INFO com.google.code.ssm.config.DefaultAddressProvider [main] Defined values 172.17.0.1:11211 will be used as memcached addresses
2019-06-13 17:25:42,785 INFO org.opensaml.saml2.metadata.provider.AbstractReloadingMetadataProvider [main] New metadata succesfully loaded for 'https://idp.aegean.gr/idp/shibboleth'
2019-06-13 17:25:42,796 INFO org.opensaml.saml2.metadata.provider.AbstractReloadingMetadataProvider [main] Next refresh cycle for metadata provider 'https://idp.aegean.gr/idp/shibboleth' will occur on '2019-06-13T17:25:42.303Z' ('2019-06-13T20:25:42.303+03:00' local time)
2019-06-13 17:25:42,874 INFO esmo.test.ap.apms.SamlSecurityConfig [main] Using SAMLContextProviderLB implementation of SAMLContextProvider for context provider bean.
2019-06-13 17:25:42,878 INFO esmo.test.ap.apms.SamlSecurityConfig [main] Setting the load balancer scheme to https
2019-06-13 17:25:42,878 INFO esmo.test.ap.apms.SamlSecurityConfig [main] Setting the load balancer server name to serverName
2019-06-13 17:25:42,878 INFO esmo.test.ap.apms.SamlSecurityConfig [main] Setting the load balancer context path to /grap
2019-06-13 17:25:42,879 INFO esmo.test.ap.apms.SamlSecurityConfig [main] Setting the load balancer port to 443
2019-06-13 17:25:42,879 INFO esmo.test.ap.apms.SamlSecurityConfig [main] Setting whether to include the server port in the request URL to false
2019-06-13 17:25:43,018 INFO org.springframework.security.web.DefaultSecurityFilterChain [main] Creating filter chain: Ant [pattern='/saml/metadata/**'], [org.springframework.security.saml.metadata.MetadataDisplayFilter@16ea0f22]
2019-06-13 17:25:43,019 INFO org.springframework.security.web.DefaultSecurityFilterChain [main] Creating filter chain: Ant [pattern='/saml/login/**'], [esmo.test.ap.apms.SamlWithRelayStateEntryPoint@60fc7f43]
2019-06-13 17:25:43,019 INFO org.springframework.security.web.DefaultSecurityFilterChain [main] Creating filter chain: Ant [pattern='/saml/SSO/**'], [org.springframework.security.saml.SAMLProcessingFilter@16e195cf]
2019-06-13 17:25:43,020 INFO org.springframework.security.web.DefaultSecurityFilterChain [main] Creating filter chain: Ant [pattern='/saml/logout/**'], [org.springframework.security.saml.SAMLLogoutFilter@3212d853]
2019-06-13 17:25:43,020 INFO org.springframework.security.web.DefaultSecurityFilterChain [main] Creating filter chain: Ant [pattern='/saml/SingleLogout/**'], [org.springframework.security.saml.SAMLLogoutProcessingFilter@74c7522c]
2019-06-13 17:25:43,358 INFO org.springframework.scheduling.concurrent.ExecutorConfigurationSupport [main] Initializing ExecutorService 'applicationTaskExecutor'
2019-06-13 17:25:43,944 INFO org.springframework.security.web.DefaultSecurityFilterChain [main] Creating filter chain: any request, [org.springframework.security.saml.metadata.MetadataGeneratorFilter@42b4df5a, org.springframework.security.web.context.request.async.WebAsyncManagerIntegrationFilter@9f1ca74, org.springframework.security.web.context.SecurityContextPersistenceFilter@6f7a20da, org.springframework.security.web.header.HeaderWriterFilter@6253e59a, org.springframework.security.web.authentication.logout.LogoutFilter@4e8d9bb6, FilterChainProxy[Filter Chains: [[ Ant [pattern='/saml/metadata/**'], [org.springframework.security.saml.metadata.MetadataDisplayFilter@16ea0f22]], [ Ant [pattern='/saml/login/**'], [esmo.test.ap.apms.SamlWithRelayStateEntryPoint@60fc7f43]], [ Ant [pattern='/saml/SSO/**'], [org.springframework.security.saml.SAMLProcessingFilter@16e195cf]], [ Ant [pattern='/saml/logout/**'], [org.springframework.security.saml.SAMLLogoutFilter@3212d853]], [ Ant [pattern='/saml/SingleLogout/**'], [org.springframework.security.saml.SAMLLogoutProcessingFilter@74c7522c]]]], org.springframework.security.web.savedrequest.RequestCacheAwareFilter@77ba583, org.springframework.security.web.servletapi.SecurityContextHolderAwareRequestFilter@586737ff, org.springframework.security.web.authentication.AnonymousAuthenticationFilter@67b8d45, org.springframework.security.web.session.SessionManagementFilter@16ccd2bc, org.springframework.security.web.access.ExceptionTranslationFilter@271e851e, org.springframework.security.web.access.intercept.FilterSecurityInterceptor@51b51641]
2019-06-13 17:25:44,032 INFO org.springframework.boot.StartupInfoLogger [main] Started ApmsApplicationTests in 7.017 seconds (JVM running for 8.997)
2019-06-13 17:25:44,052 INFO org.springframework.test.context.support.AbstractTestContextBootstrapper [main] Neither @ContextConfiguration nor @ContextHierarchy found for test class [esmo.test.ap.apms.integration.TestSessisonManagerConnection], using SpringBootContextLoader
2019-06-13 17:25:44,053 INFO org.springframework.test.context.support.AbstractContextLoader [main] Could not detect default resource locations for test class [esmo.test.ap.apms.integration.TestSessisonManagerConnection]: no resource found for suffixes {-context.xml, Context.groovy}.
2019-06-13 17:25:44,064 INFO org.springframework.test.context.support.AbstractTestContextBootstrapper [main] Loaded default TestExecutionListener class names from location [META-INF/spring.factories]: [org.springframework.boot.test.mock.mockito.MockitoTestExecutionListener, org.springframework.boot.test.mock.mockito.ResetMocksTestExecutionListener, org.springframework.boot.test.autoconfigure.restdocs.RestDocsTestExecutionListener, org.springframework.boot.test.autoconfigure.web.client.MockRestServiceServerResetTestExecutionListener, org.springframework.boot.test.autoconfigure.web.servlet.MockMvcPrintOnlyOnFailureTestExecutionListener, org.springframework.boot.test.autoconfigure.web.servlet.WebDriverTestExecutionListener, org.springframework.test.context.web.ServletTestExecutionListener, org.springframework.test.context.support.DirtiesContextBeforeModesTestExecutionListener, org.springframework.test.context.support.DependencyInjectionTestExecutionListener, org.springframework.test.context.support.DirtiesContextTestExecutionListener, org.springframework.test.context.transaction.TransactionalTestExecutionListener, org.springframework.test.context.jdbc.SqlScriptsTestExecutionListener]
2019-06-13 17:25:44,066 INFO org.springframework.test.context.support.AbstractTestContextBootstrapper [main] Using TestExecutionListeners: [org.springframework.test.context.web.ServletTestExecutionListener@7d4d65f5, org.springframework.test.context.support.DirtiesContextBeforeModesTestExecutionListener@38cf3ae1, org.springframework.boot.test.mock.mockito.MockitoTestExecutionListener@123ca460, org.springframework.boot.test.autoconfigure.SpringBootDependencyInjectionTestExecutionListener@11228bee, org.springframework.test.context.support.DirtiesContextTestExecutionListener@7d626f2, org.springframework.boot.test.mock.mockito.ResetMocksTestExecutionListener@460f1cdb, org.springframework.boot.test.autoconfigure.restdocs.RestDocsTestExecutionListener@31e7afde, org.springframework.boot.test.autoconfigure.web.client.MockRestServiceServerResetTestExecutionListener@349f3ff7, org.springframework.boot.test.autoconfigure.web.servlet.MockMvcPrintOnlyOnFailureTestExecutionListener@2487e20, org.springframework.boot.test.autoconfigure.web.servlet.WebDriverTestExecutionListener@3c9f4376]
2019-06-13 17:25:44,093 INFO org.springframework.boot.StartupInfoLogger [main] Starting TestSessisonManagerConnection on nikos-Lenovo-V310-15IKB with PID 19311 (started by nikos in /home/nikos/NetBeansProjects/ESMO-AP-TEST)
2019-06-13 17:25:44,093 INFO org.springframework.boot.SpringApplication [main] The following profiles are active: test
2019-06-13 17:25:44,557 INFO com.google.code.ssm.config.DefaultAddressProvider [main] Defined values 172.17.0.1:11211 will be used as memcached addresses
2019-06-13 17:25:44,884 INFO org.opensaml.saml2.metadata.provider.AbstractReloadingMetadataProvider [main] New metadata succesfully loaded for 'https://idp.aegean.gr/idp/shibboleth'
2019-06-13 17:25:44,885 INFO org.opensaml.saml2.metadata.provider.AbstractReloadingMetadataProvider [main] Next refresh cycle for metadata provider 'https://idp.aegean.gr/idp/shibboleth' will occur on '2019-06-13T17:25:44.695Z' ('2019-06-13T20:25:44.695+03:00' local time)
2019-06-13 17:25:44,900 INFO esmo.test.ap.apms.SamlSecurityConfig [main] Using SAMLContextProviderLB implementation of SAMLContextProvider for context provider bean.
2019-06-13 17:25:44,901 INFO esmo.test.ap.apms.SamlSecurityConfig [main] Setting the load balancer scheme to https
2019-06-13 17:25:44,901 INFO esmo.test.ap.apms.SamlSecurityConfig [main] Setting the load balancer server name to serverName
2019-06-13 17:25:44,902 INFO esmo.test.ap.apms.SamlSecurityConfig [main] Setting the load balancer context path to /grap
2019-06-13 17:25:44,904 INFO esmo.test.ap.apms.SamlSecurityConfig [main] Setting the load balancer port to 443
2019-06-13 17:25:44,904 INFO esmo.test.ap.apms.SamlSecurityConfig [main] Setting whether to include the server port in the request URL to false
2019-06-13 17:25:44,930 INFO org.springframework.security.web.DefaultSecurityFilterChain [main] Creating filter chain: Ant [pattern='/saml/metadata/**'], [org.springframework.security.saml.metadata.MetadataDisplayFilter@47ffdbba]
2019-06-13 17:25:44,931 INFO org.springframework.security.web.DefaultSecurityFilterChain [main] Creating filter chain: Ant [pattern='/saml/login/**'], [esmo.test.ap.apms.SamlWithRelayStateEntryPoint@ba0018e]
2019-06-13 17:25:44,931 INFO org.springframework.security.web.DefaultSecurityFilterChain [main] Creating filter chain: Ant [pattern='/saml/SSO/**'], [org.springframework.security.saml.SAMLProcessingFilter@45311a99]
2019-06-13 17:25:44,932 INFO org.springframework.security.web.DefaultSecurityFilterChain [main] Creating filter chain: Ant [pattern='/saml/logout/**'], [org.springframework.security.saml.SAMLLogoutFilter@7037a680]
2019-06-13 17:25:44,932 INFO org.springframework.security.web.DefaultSecurityFilterChain [main] Creating filter chain: Ant [pattern='/saml/SingleLogout/**'], [org.springframework.security.saml.SAMLLogoutProcessingFilter@492c8137]
2019-06-13 17:25:44,996 INFO org.springframework.scheduling.concurrent.ExecutorConfigurationSupport [main] Initializing ExecutorService 'applicationTaskExecutor'
2019-06-13 17:25:45,079 INFO org.springframework.security.web.DefaultSecurityFilterChain [main] Creating filter chain: any request, [org.springframework.security.saml.metadata.MetadataGeneratorFilter@24de63b, org.springframework.security.web.context.request.async.WebAsyncManagerIntegrationFilter@42d0e41, org.springframework.security.web.context.SecurityContextPersistenceFilter@15a484a9, org.springframework.security.web.header.HeaderWriterFilter@152891f8, org.springframework.security.web.authentication.logout.LogoutFilter@4df7b4ac, FilterChainProxy[Filter Chains: [[ Ant [pattern='/saml/metadata/**'], [org.springframework.security.saml.metadata.MetadataDisplayFilter@47ffdbba]], [ Ant [pattern='/saml/login/**'], [esmo.test.ap.apms.SamlWithRelayStateEntryPoint@ba0018e]], [ Ant [pattern='/saml/SSO/**'], [org.springframework.security.saml.SAMLProcessingFilter@45311a99]], [ Ant [pattern='/saml/logout/**'], [org.springframework.security.saml.SAMLLogoutFilter@7037a680]], [ Ant [pattern='/saml/SingleLogout/**'], [org.springframework.security.saml.SAMLLogoutProcessingFilter@492c8137]]]], org.springframework.security.web.savedrequest.RequestCacheAwareFilter@b56c222, org.springframework.security.web.servletapi.SecurityContextHolderAwareRequestFilter@5a2035e1, org.springframework.security.web.authentication.AnonymousAuthenticationFilter@50f05307, org.springframework.security.web.session.SessionManagementFilter@1d2c253, org.springframework.security.web.access.ExceptionTranslationFilter@5e681097, org.springframework.security.web.access.intercept.FilterSecurityInterceptor@19e801b5]
2019-06-13 17:25:45,138 INFO org.springframework.mock.web.MockServletContext [main] Initializing Spring TestDispatcherServlet ''
2019-06-13 17:25:45,139 INFO org.springframework.web.servlet.FrameworkServlet [main] Initializing Servlet ''
2019-06-13 17:25:45,161 INFO org.springframework.web.servlet.FrameworkServlet [main] Completed initialization in 20 ms
2019-06-13 17:25:45,185 INFO org.springframework.boot.StartupInfoLogger [main] Started TestSessisonManagerConnection in 1.117 seconds (JVM running for 10.15)
2019-06-13 17:25:47,186 INFO org.springframework.scheduling.concurrent.ExecutorConfigurationSupport [Thread-6] Shutting down ExecutorService 'applicationTaskExecutor'
2019-06-13 17:25:47,186 INFO org.springframework.scheduling.concurrent.ExecutorConfigurationSupport [Thread-12] Shutting down ExecutorService 'applicationTaskExecutor'
2019-06-13 17:39:05,587 INFO org.springframework.boot.StartupInfoLogger [main] Starting ApmsApplicationTests on nikos-Lenovo-V310-15IKB with PID 19944 (started by nikos in /home/nikos/NetBeansProjects/ESMO-AP-TEST)
2019-06-13 17:39:05,590 INFO org.springframework.boot.SpringApplication [main] The following profiles are active: test
2019-06-13 17:39:08,828 INFO com.google.code.ssm.config.DefaultAddressProvider [main] Defined values 172.17.0.1:11211 will be used as memcached addresses
2019-06-13 17:39:11,034 INFO org.opensaml.saml2.metadata.provider.AbstractReloadingMetadataProvider [main] New metadata succesfully loaded for 'https://idp.aegean.gr/idp/shibboleth'
2019-06-13 17:39:11,046 INFO org.opensaml.saml2.metadata.provider.AbstractReloadingMetadataProvider [main] Next refresh cycle for metadata provider 'https://idp.aegean.gr/idp/shibboleth' will occur on '2019-06-13T17:39:10.375Z' ('2019-06-13T20:39:10.375+03:00' local time)
2019-06-13 17:39:11,123 INFO esmo.test.ap.apms.SamlSecurityConfig [main] Using SAMLContextProviderLB implementation of SAMLContextProvider for context provider bean.
2019-06-13 17:39:11,127 INFO esmo.test.ap.apms.SamlSecurityConfig [main] Setting the load balancer scheme to https
2019-06-13 17:39:11,127 INFO esmo.test.ap.apms.SamlSecurityConfig [main] Setting the load balancer server name to serverName
2019-06-13 17:39:11,128 INFO esmo.test.ap.apms.SamlSecurityConfig [main] Setting the load balancer context path to /grap
2019-06-13 17:39:11,128 INFO esmo.test.ap.apms.SamlSecurityConfig [main] Setting the load balancer port to 443
2019-06-13 17:39:11,129 INFO esmo.test.ap.apms.SamlSecurityConfig [main] Setting whether to include the server port in the request URL to false
2019-06-13 17:39:11,267 INFO org.springframework.security.web.DefaultSecurityFilterChain [main] Creating filter chain: Ant [pattern='/saml/metadata/**'], [org.springframework.security.saml.metadata.MetadataDisplayFilter@6d17914a]
2019-06-13 17:39:11,267 INFO org.springframework.security.web.DefaultSecurityFilterChain [main] Creating filter chain: Ant [pattern='/saml/login/**'], [esmo.test.ap.apms.SamlWithRelayStateEntryPoint@49631cfb]
2019-06-13 17:39:11,268 INFO org.springframework.security.web.DefaultSecurityFilterChain [main] Creating filter chain: Ant [pattern='/saml/SSO/**'], [org.springframework.security.saml.SAMLProcessingFilter@77b71c9]
2019-06-13 17:39:11,268 INFO org.springframework.security.web.DefaultSecurityFilterChain [main] Creating filter chain: Ant [pattern='/saml/logout/**'], [org.springframework.security.saml.SAMLLogoutFilter@6133e20b]
2019-06-13 17:39:11,269 INFO org.springframework.security.web.DefaultSecurityFilterChain [main] Creating filter chain: Ant [pattern='/saml/SingleLogout/**'], [org.springframework.security.saml.SAMLLogoutProcessingFilter@30ffb2a6]
2019-06-13 17:39:11,627 INFO org.springframework.scheduling.concurrent.ExecutorConfigurationSupport [main] Initializing ExecutorService 'applicationTaskExecutor'
2019-06-13 17:39:12,257 INFO org.springframework.security.web.DefaultSecurityFilterChain [main] Creating filter chain: any request, [org.springframework.security.saml.metadata.MetadataGeneratorFilter@f9a5e3f, org.springframework.security.web.context.request.async.WebAsyncManagerIntegrationFilter@4aac81ca, org.springframework.security.web.context.SecurityContextPersistenceFilter@5368e981, org.springframework.security.web.header.HeaderWriterFilter@77ba583, org.springframework.security.web.authentication.logout.LogoutFilter@254e9709, FilterChainProxy[Filter Chains: [[ Ant [pattern='/saml/metadata/**'], [org.springframework.security.saml.metadata.MetadataDisplayFilter@6d17914a]], [ Ant [pattern='/saml/login/**'], [esmo.test.ap.apms.SamlWithRelayStateEntryPoint@49631cfb]], [ Ant [pattern='/saml/SSO/**'], [org.springframework.security.saml.SAMLProcessingFilter@77b71c9]], [ Ant [pattern='/saml/logout/**'], [org.springframework.security.saml.SAMLLogoutFilter@6133e20b]], [ Ant [pattern='/saml/SingleLogout/**'], [org.springframework.security.saml.SAMLLogoutProcessingFilter@30ffb2a6]]]], org.springframework.security.web.savedrequest.RequestCacheAwareFilter@79b7c350, org.springframework.security.web.servletapi.SecurityContextHolderAwareRequestFilter@2673487b, org.springframework.security.web.authentication.AnonymousAuthenticationFilter@393ae7a0, org.springframework.security.web.session.SessionManagementFilter@6851b296, org.springframework.security.web.access.ExceptionTranslationFilter@16ccd2bc, org.springframework.security.web.access.intercept.FilterSecurityInterceptor@61554b6b]
2019-06-13 17:39:12,368 INFO org.springframework.boot.StartupInfoLogger [main] Started ApmsApplicationTests in 7.321 seconds (JVM running for 9.409)
2019-06-13 17:39:12,404 INFO org.springframework.test.context.support.AbstractTestContextBootstrapper [main] Neither @ContextConfiguration nor @ContextHierarchy found for test class [esmo.test.ap.apms.integration.TestSessisonManagerConnection], using SpringBootContextLoader
2019-06-13 17:39:12,405 INFO org.springframework.test.context.support.AbstractContextLoader [main] Could not detect default resource locations for test class [esmo.test.ap.apms.integration.TestSessisonManagerConnection]: no resource found for suffixes {-context.xml, Context.groovy}.
2019-06-13 17:39:12,430 INFO org.springframework.test.context.support.AbstractTestContextBootstrapper [main] Loaded default TestExecutionListener class names from location [META-INF/spring.factories]: [org.springframework.boot.test.mock.mockito.MockitoTestExecutionListener, org.springframework.boot.test.mock.mockito.ResetMocksTestExecutionListener, org.springframework.boot.test.autoconfigure.restdocs.RestDocsTestExecutionListener, org.springframework.boot.test.autoconfigure.web.client.MockRestServiceServerResetTestExecutionListener, org.springframework.boot.test.autoconfigure.web.servlet.MockMvcPrintOnlyOnFailureTestExecutionListener, org.springframework.boot.test.autoconfigure.web.servlet.WebDriverTestExecutionListener, org.springframework.test.context.web.ServletTestExecutionListener, org.springframework.test.context.support.DirtiesContextBeforeModesTestExecutionListener, org.springframework.test.context.support.DependencyInjectionTestExecutionListener, org.springframework.test.context.support.DirtiesContextTestExecutionListener, org.springframework.test.context.transaction.TransactionalTestExecutionListener, org.springframework.test.context.jdbc.SqlScriptsTestExecutionListener]
2019-06-13 17:39:12,431 INFO org.springframework.test.context.support.AbstractTestContextBootstrapper [main] Using TestExecutionListeners: [org.springframework.test.context.web.ServletTestExecutionListener@31e7afde, org.springframework.test.context.support.DirtiesContextBeforeModesTestExecutionListener@349f3ff7, org.springframework.boot.test.mock.mockito.MockitoTestExecutionListener@2487e20, org.springframework.boot.test.autoconfigure.SpringBootDependencyInjectionTestExecutionListener@3c9f4376, org.springframework.test.context.support.DirtiesContextTestExecutionListener@308a9264, org.springframework.boot.test.mock.mockito.ResetMocksTestExecutionListener@7da77305, org.springframework.boot.test.autoconfigure.restdocs.RestDocsTestExecutionListener@3cdfbbef, org.springframework.boot.test.autoconfigure.web.client.MockRestServiceServerResetTestExecutionListener@7a1ddbf1, org.springframework.boot.test.autoconfigure.web.servlet.MockMvcPrintOnlyOnFailureTestExecutionListener@1e606f64, org.springframework.boot.test.autoconfigure.web.servlet.WebDriverTestExecutionListener@581918f6]
2019-06-13 17:39:12,464 INFO org.springframework.boot.StartupInfoLogger [main] Starting TestSessisonManagerConnection on nikos-Lenovo-V310-15IKB with PID 19944 (started by nikos in /home/nikos/NetBeansProjects/ESMO-AP-TEST)
2019-06-13 17:39:12,465 INFO org.springframework.boot.SpringApplication [main] The following profiles are active: test
2019-06-13 17:39:13,122 INFO com.google.code.ssm.config.DefaultAddressProvider [main] Defined values 172.17.0.1:11211 will be used as memcached addresses
2019-06-13 17:39:13,524 INFO org.opensaml.saml2.metadata.provider.AbstractReloadingMetadataProvider [main] New metadata succesfully loaded for 'https://idp.aegean.gr/idp/shibboleth'
2019-06-13 17:39:13,525 INFO org.opensaml.saml2.metadata.provider.AbstractReloadingMetadataProvider [main] Next refresh cycle for metadata provider 'https://idp.aegean.gr/idp/shibboleth' will occur on '2019-06-13T17:39:13.335Z' ('2019-06-13T20:39:13.335+03:00' local time)
2019-06-13 17:39:13,539 INFO esmo.test.ap.apms.SamlSecurityConfig [main] Using SAMLContextProviderLB implementation of SAMLContextProvider for context provider bean.
2019-06-13 17:39:13,540 INFO esmo.test.ap.apms.SamlSecurityConfig [main] Setting the load balancer scheme to https
2019-06-13 17:39:13,541 INFO esmo.test.ap.apms.SamlSecurityConfig [main] Setting the load balancer server name to serverName
2019-06-13 17:39:13,541 INFO esmo.test.ap.apms.SamlSecurityConfig [main] Setting the load balancer context path to /grap
2019-06-13 17:39:13,542 INFO esmo.test.ap.apms.SamlSecurityConfig [main] Setting the load balancer port to 443
2019-06-13 17:39:13,546 INFO esmo.test.ap.apms.SamlSecurityConfig [main] Setting whether to include the server port in the request URL to false
2019-06-13 17:39:13,581 INFO org.springframework.security.web.DefaultSecurityFilterChain [main] Creating filter chain: Ant [pattern='/saml/metadata/**'], [org.springframework.security.saml.metadata.MetadataDisplayFilter@f237ae7]
2019-06-13 17:39:13,581 INFO org.springframework.security.web.DefaultSecurityFilterChain [main] Creating filter chain: Ant [pattern='/saml/login/**'], [esmo.test.ap.apms.SamlWithRelayStateEntryPoint@42edde25]
2019-06-13 17:39:13,582 INFO org.springframework.security.web.DefaultSecurityFilterChain [main] Creating filter chain: Ant [pattern='/saml/SSO/**'], [org.springframework.security.saml.SAMLProcessingFilter@6fe5da76]
2019-06-13 17:39:13,583 INFO org.springframework.security.web.DefaultSecurityFilterChain [main] Creating filter chain: Ant [pattern='/saml/logout/**'], [org.springframework.security.saml.SAMLLogoutFilter@77d95e5a]
2019-06-13 17:39:13,583 INFO org.springframework.security.web.DefaultSecurityFilterChain [main] Creating filter chain: Ant [pattern='/saml/SingleLogout/**'], [org.springframework.security.saml.SAMLLogoutProcessingFilter@6339e604]
2019-06-13 17:39:13,699 INFO org.springframework.scheduling.concurrent.ExecutorConfigurationSupport [main] Initializing ExecutorService 'applicationTaskExecutor'
2019-06-13 17:39:13,854 INFO org.springframework.security.web.DefaultSecurityFilterChain [main] Creating filter chain: any request, [org.springframework.security.saml.metadata.MetadataGeneratorFilter@5ad40184, org.springframework.security.web.context.request.async.WebAsyncManagerIntegrationFilter@3359c3f6, org.springframework.security.web.context.SecurityContextPersistenceFilter@1ae9d0e4, org.springframework.security.web.header.HeaderWriterFilter@7c47e077, org.springframework.security.web.authentication.logout.LogoutFilter@30bbe83, FilterChainProxy[Filter Chains: [[ Ant [pattern='/saml/metadata/**'], [org.springframework.security.saml.metadata.MetadataDisplayFilter@f237ae7]], [ Ant [pattern='/saml/login/**'], [esmo.test.ap.apms.SamlWithRelayStateEntryPoint@42edde25]], [ Ant [pattern='/saml/SSO/**'], [org.springframework.security.saml.SAMLProcessingFilter@6fe5da76]], [ Ant [pattern='/saml/logout/**'], [org.springframework.security.saml.SAMLLogoutFilter@77d95e5a]], [ Ant [pattern='/saml/SingleLogout/**'], [org.springframework.security.saml.SAMLLogoutProcessingFilter@6339e604]]]], org.springframework.security.web.savedrequest.RequestCacheAwareFilter@6acb45c1, org.springframework.security.web.servletapi.SecurityContextHolderAwareRequestFilter@294c44b7, org.springframework.security.web.authentication.AnonymousAuthenticationFilter@3d3b272a, org.springframework.security.web.session.SessionManagementFilter@41bd6a0f, org.springframework.security.web.access.ExceptionTranslationFilter@4df7b4ac, org.springframework.security.web.access.intercept.FilterSecurityInterceptor@8ee03f5]
2019-06-13 17:39:14,223 INFO org.springframework.mock.web.MockServletContext [main] Initializing Spring TestDispatcherServlet ''
2019-06-13 17:39:14,224 INFO org.springframework.web.servlet.FrameworkServlet [main] Initializing Servlet ''
2019-06-13 17:39:14,273 INFO org.springframework.web.servlet.FrameworkServlet [main] Completed initialization in 48 ms
2019-06-13 17:39:14,299 INFO org.springframework.boot.StartupInfoLogger [main] Started TestSessisonManagerConnection in 1.865 seconds (JVM running for 11.34)
2019-06-13 17:39:16,189 INFO org.springframework.scheduling.concurrent.ExecutorConfigurationSupport [Thread-6] Shutting down ExecutorService 'applicationTaskExecutor'
2019-06-13 17:39:16,192 INFO org.springframework.scheduling.concurrent.ExecutorConfigurationSupport [Thread-12] Shutting down ExecutorService 'applicationTaskExecutor'
