2019-04-23 16:20:00,541 INFO org.springframework.boot.StartupInfoLogger [main] Starting TestMinEduService on nikos-Lenovo-V310-15IKB with PID 4938 (started by nikos in /home/nikos/NetBeansProjects/ESMO-AP-TEST)
2019-04-23 16:20:00,544 INFO org.springframework.boot.SpringApplication [main] No active profile set, falling back to default profiles: default
2019-04-23 16:20:02,233 INFO com.google.code.ssm.config.DefaultAddressProvider [main] Defined values 172.17.0.1:11211 will be used as memcached addresses
2019-04-23 16:20:03,182 INFO org.springframework.scheduling.concurrent.ExecutorConfigurationSupport [main] Initializing ExecutorService 'applicationTaskExecutor'
2019-04-23 16:20:03,588 INFO org.springframework.boot.StartupInfoLogger [main] Started TestMinEduService in 3.448 seconds (JVM running for 4.325)
2019-04-23 16:20:03,803 INFO esmo.test.ap.apms.service.impl.MinEduServiceImpl [main] will get toke from theurl: https://validation.interoperability.gr:9443/OAUTH2Proxy_1.0.0/services/oauthproxy/authorization/token
2019-04-23 16:20:03,804 INFO esmo.test.ap.apms.service.impl.MinEduServiceImpl [main] will get new token 
2019-04-23 16:20:07,683 INFO esmo.test.ap.apms.service.impl.MinEduServiceImpl [main] retrieved token 262bee22-fbc9-3bb6-a1ca-230d8619df74
2019-04-23 16:20:07,688 INFO esmo.test.ap.apms.service.impl.MinEduServiceImpl [main] querying for academicId 200260674408
2019-04-23 16:20:11,164 INFO esmo.test.ap.apms.service.impl.MinEduServiceImpl [main] MinEduLog {minEduSessionId:2de28417-517c-48e6-85f5-86b972b14d8e, selectedUniversity:, responseTimeStamp:2019-04-23T16:20:00+03:00, recievedTimeStamp:2019-04-23T16:20:11.161+03:00, esmoSessionId:esmoSession}
2019-04-23 16:20:11,172 INFO esmo.test.ap.apms.service.impl.MinEduServiceImpl [main] will get toke from theurl: https://validation.interoperability.gr:9443/OAUTH2Proxy_1.0.0/services/oauthproxy/authorization/token
2019-04-23 16:20:11,173 INFO esmo.test.ap.apms.service.impl.MinEduServiceImpl [main] MinEdu OAth token still alive 262bee22-fbc9-3bb6-a1ca-230d8619df74
2019-04-23 16:20:11,178 INFO esmo.test.ap.apms.service.impl.MinEduServiceImpl [main] querying for academicId 200260674408
2019-04-23 16:20:12,058 INFO esmo.test.ap.apms.service.impl.MinEduServiceImpl [main] MinEduLog {minEduSessionId:35466c08-f2f3-4541-bb7b-22b60fa42795, selectedUniversity:, responseTimeStamp:2019-04-23T16:20:00+03:00, recievedTimeStamp:2019-04-23T16:20:12.057+03:00, esmoSessionId:esmoSession}
2019-04-23 16:20:12,069 INFO esmo.test.ap.apms.service.impl.MinEduServiceImpl [main] will get toke from theurl: https://validation.interoperability.gr:9443/OAUTH2Proxy_1.0.0/services/oauthproxy/authorization/token
2019-04-23 16:20:12,069 INFO esmo.test.ap.apms.service.impl.MinEduServiceImpl [main] will get new token 
2019-04-23 16:20:13,488 INFO esmo.test.ap.apms.service.impl.MinEduServiceImpl [main] retrieved token 262bee22-fbc9-3bb6-a1ca-230d8619df74
2019-04-23 16:20:13,489 INFO esmo.test.ap.apms.service.impl.MinEduServiceImpl [main] querying for amka 05108304675
2019-04-23 16:20:13,490 INFO esmo.test.ap.apms.service.impl.MinEduServiceImpl [main] will query amka in theurl: https://gateway.interoperability.gr/academicId/1.0.1/student/05108304675?fields=academicID&username=uaegean&password=k6v5sS4l1s!%
2019-04-23 16:20:15,123 INFO esmo.test.ap.apms.service.impl.MinEduServiceImpl [main] result 200260674408
2019-04-23 16:20:15,125 INFO esmo.test.ap.apms.service.impl.MinEduServiceImpl [main] MinEduLog {minEduSessionId:2ffd1329-58f5-4f99-a4ee-f4561476232e, selectedUniversity:, responseTimeStamp:2019-04-23T16:20:00+03:00, recievedTimeStamp:2019-04-23T16:20:15.124+03:00, esmoSessionId:esmoSession}
2019-04-23 16:20:15,132 INFO esmo.test.ap.apms.service.impl.MinEduServiceImpl [main] will get toke from theurl: https://validation.interoperability.gr:9443/OAUTH2Proxy_1.0.0/services/oauthproxy/authorization/token
2019-04-23 16:20:15,134 INFO esmo.test.ap.apms.service.impl.MinEduServiceImpl [main] MinEdu OAth token still alive 262bee22-fbc9-3bb6-a1ca-230d8619df74
2019-04-23 16:20:15,135 INFO esmo.test.ap.apms.service.impl.MinEduServiceImpl [main] querying for amka 05108304675
2019-04-23 16:20:15,136 INFO esmo.test.ap.apms.service.impl.MinEduServiceImpl [main] will query amka in theurl: https://gateway.interoperability.gr/academicId/1.0.1/student/05108304675?fields=academicID&username=uaegean&password=k6v5sS4l1s!%
2019-04-23 16:20:15,889 INFO esmo.test.ap.apms.service.impl.MinEduServiceImpl [main] result 200260674408
2019-04-23 16:20:15,891 INFO esmo.test.ap.apms.service.impl.MinEduServiceImpl [main] MinEduLog {minEduSessionId:6e4bf650-34c4-4d0d-b154-2b39e4cf7f03, selectedUniversity:, responseTimeStamp:2019-04-23T16:20:00+03:00, recievedTimeStamp:2019-04-23T16:20:15.890+03:00, esmoSessionId:esmoSession}
2019-04-23 16:20:15,913 INFO org.springframework.test.context.support.AbstractTestContextBootstrapper [main] Neither @ContextConfiguration nor @ContextHierarchy found for test class [esmo.test.ap.apms.service.TestUniversityCodesServ], using DelegatingSmartContextLoader
2019-04-23 16:20:15,916 INFO org.springframework.test.context.support.AbstractContextLoader [main] Could not detect default resource locations for test class [esmo.test.ap.apms.service.TestUniversityCodesServ]: no resource found for suffixes {-context.xml}.
2019-04-23 16:20:15,919 INFO org.springframework.test.context.support.AnnotationConfigContextLoaderUtils [main] Could not detect default configuration classes for test class [esmo.test.ap.apms.service.TestUniversityCodesServ]: TestUniversityCodesServ does not declare any static, non-private, non-final, nested classes annotated with @Configuration.
2019-04-23 16:20:15,926 INFO org.springframework.test.context.support.AbstractTestContextBootstrapper [main] Loaded default TestExecutionListener class names from location [META-INF/spring.factories]: [org.springframework.boot.test.mock.mockito.MockitoTestExecutionListener, org.springframework.boot.test.mock.mockito.ResetMocksTestExecutionListener, org.springframework.boot.test.autoconfigure.restdocs.RestDocsTestExecutionListener, org.springframework.boot.test.autoconfigure.web.client.MockRestServiceServerResetTestExecutionListener, org.springframework.boot.test.autoconfigure.web.servlet.MockMvcPrintOnlyOnFailureTestExecutionListener, org.springframework.boot.test.autoconfigure.web.servlet.WebDriverTestExecutionListener, org.springframework.test.context.web.ServletTestExecutionListener, org.springframework.test.context.support.DirtiesContextBeforeModesTestExecutionListener, org.springframework.test.context.support.DependencyInjectionTestExecutionListener, org.springframework.test.context.support.DirtiesContextTestExecutionListener, org.springframework.test.context.transaction.TransactionalTestExecutionListener, org.springframework.test.context.jdbc.SqlScriptsTestExecutionListener]
2019-04-23 16:20:15,929 INFO org.springframework.test.context.support.AbstractTestContextBootstrapper [main] Using TestExecutionListeners: [org.springframework.test.context.web.ServletTestExecutionListener@77a074b4, org.springframework.test.context.support.DirtiesContextBeforeModesTestExecutionListener@333c8791, org.springframework.boot.test.mock.mockito.MockitoTestExecutionListener@6c0e13b7, org.springframework.test.context.support.DependencyInjectionTestExecutionListener@22eaa86e, org.springframework.test.context.support.DirtiesContextTestExecutionListener@561b7d53, org.springframework.boot.test.mock.mockito.ResetMocksTestExecutionListener@1cc680e, org.springframework.boot.test.autoconfigure.restdocs.RestDocsTestExecutionListener@1dc3502b, org.springframework.boot.test.autoconfigure.web.client.MockRestServiceServerResetTestExecutionListener@6a1d3225, org.springframework.boot.test.autoconfigure.web.servlet.MockMvcPrintOnlyOnFailureTestExecutionListener@67e13bd0, org.springframework.boot.test.autoconfigure.web.servlet.WebDriverTestExecutionListener@50fb33a]
2019-04-23 16:20:16,230 INFO org.springframework.test.context.support.AbstractTestContextBootstrapper [main] Neither @ContextConfiguration nor @ContextHierarchy found for test class [esmo.test.ap.apms.ApmsApplicationTests], using SpringBootContextLoader
2019-04-23 16:20:16,231 INFO org.springframework.test.context.support.AbstractContextLoader [main] Could not detect default resource locations for test class [esmo.test.ap.apms.ApmsApplicationTests]: no resource found for suffixes {-context.xml, Context.groovy}.
2019-04-23 16:20:16,232 INFO org.springframework.test.context.support.AnnotationConfigContextLoaderUtils [main] Could not detect default configuration classes for test class [esmo.test.ap.apms.ApmsApplicationTests]: ApmsApplicationTests does not declare any static, non-private, non-final, nested classes annotated with @Configuration.
2019-04-23 16:20:16,244 INFO org.springframework.boot.test.context.SpringBootTestContextBootstrapper [main] Found @SpringBootConfiguration esmo.test.ap.apms.ApmsApplication for test class esmo.test.ap.apms.ApmsApplicationTests
2019-04-23 16:20:16,245 INFO org.springframework.test.context.support.AbstractTestContextBootstrapper [main] Loaded default TestExecutionListener class names from location [META-INF/spring.factories]: [org.springframework.boot.test.mock.mockito.MockitoTestExecutionListener, org.springframework.boot.test.mock.mockito.ResetMocksTestExecutionListener, org.springframework.boot.test.autoconfigure.restdocs.RestDocsTestExecutionListener, org.springframework.boot.test.autoconfigure.web.client.MockRestServiceServerResetTestExecutionListener, org.springframework.boot.test.autoconfigure.web.servlet.MockMvcPrintOnlyOnFailureTestExecutionListener, org.springframework.boot.test.autoconfigure.web.servlet.WebDriverTestExecutionListener, org.springframework.test.context.web.ServletTestExecutionListener, org.springframework.test.context.support.DirtiesContextBeforeModesTestExecutionListener, org.springframework.test.context.support.DependencyInjectionTestExecutionListener, org.springframework.test.context.support.DirtiesContextTestExecutionListener, org.springframework.test.context.transaction.TransactionalTestExecutionListener, org.springframework.test.context.jdbc.SqlScriptsTestExecutionListener]
2019-04-23 16:20:16,246 INFO org.springframework.test.context.support.AbstractTestContextBootstrapper [main] Using TestExecutionListeners: [org.springframework.test.context.web.ServletTestExecutionListener@76a14c8d, org.springframework.test.context.support.DirtiesContextBeforeModesTestExecutionListener@17410c07, org.springframework.boot.test.mock.mockito.MockitoTestExecutionListener@6ee99964, org.springframework.boot.test.autoconfigure.SpringBootDependencyInjectionTestExecutionListener@257ef9ed, org.springframework.test.context.support.DirtiesContextTestExecutionListener@59c70ceb, org.springframework.boot.test.mock.mockito.ResetMocksTestExecutionListener@46f902e0, org.springframework.boot.test.autoconfigure.restdocs.RestDocsTestExecutionListener@64f981e2, org.springframework.boot.test.autoconfigure.web.client.MockRestServiceServerResetTestExecutionListener@361abd01, org.springframework.boot.test.autoconfigure.web.servlet.MockMvcPrintOnlyOnFailureTestExecutionListener@575b5f7d, org.springframework.boot.test.autoconfigure.web.servlet.WebDriverTestExecutionListener@59bbb974]
2019-04-23 16:20:16,284 INFO org.springframework.boot.StartupInfoLogger [main] Starting ApmsApplicationTests on nikos-Lenovo-V310-15IKB with PID 4938 (started by nikos in /home/nikos/NetBeansProjects/ESMO-AP-TEST)
2019-04-23 16:20:16,285 INFO org.springframework.boot.SpringApplication [main] The following profiles are active: test
2019-04-23 16:20:16,607 INFO com.google.code.ssm.config.DefaultAddressProvider [main] Defined values 172.17.0.1:11211 will be used as memcached addresses
2019-04-23 16:20:16,933 INFO org.springframework.scheduling.concurrent.ExecutorConfigurationSupport [main] Initializing ExecutorService 'applicationTaskExecutor'
2019-04-23 16:20:17,151 INFO org.springframework.boot.StartupInfoLogger [main] Started ApmsApplicationTests in 0.899 seconds (JVM running for 17.888)
2019-04-23 16:20:17,160 INFO org.springframework.test.context.support.AbstractTestContextBootstrapper [main] Neither @ContextConfiguration nor @ContextHierarchy found for test class [esmo.test.ap.apms.integration.TestSessisonManagerConnection], using SpringBootContextLoader
2019-04-23 16:20:17,162 INFO org.springframework.test.context.support.AbstractContextLoader [main] Could not detect default resource locations for test class [esmo.test.ap.apms.integration.TestSessisonManagerConnection]: no resource found for suffixes {-context.xml, Context.groovy}.
2019-04-23 16:20:17,174 INFO org.springframework.test.context.support.AbstractTestContextBootstrapper [main] Loaded default TestExecutionListener class names from location [META-INF/spring.factories]: [org.springframework.boot.test.mock.mockito.MockitoTestExecutionListener, org.springframework.boot.test.mock.mockito.ResetMocksTestExecutionListener, org.springframework.boot.test.autoconfigure.restdocs.RestDocsTestExecutionListener, org.springframework.boot.test.autoconfigure.web.client.MockRestServiceServerResetTestExecutionListener, org.springframework.boot.test.autoconfigure.web.servlet.MockMvcPrintOnlyOnFailureTestExecutionListener, org.springframework.boot.test.autoconfigure.web.servlet.WebDriverTestExecutionListener, org.springframework.test.context.web.ServletTestExecutionListener, org.springframework.test.context.support.DirtiesContextBeforeModesTestExecutionListener, org.springframework.test.context.support.DependencyInjectionTestExecutionListener, org.springframework.test.context.support.DirtiesContextTestExecutionListener, org.springframework.test.context.transaction.TransactionalTestExecutionListener, org.springframework.test.context.jdbc.SqlScriptsTestExecutionListener]
2019-04-23 16:20:17,176 INFO org.springframework.test.context.support.AbstractTestContextBootstrapper [main] Using TestExecutionListeners: [org.springframework.test.context.web.ServletTestExecutionListener@37348491, org.springframework.test.context.support.DirtiesContextBeforeModesTestExecutionListener@76e3b45b, org.springframework.boot.test.mock.mockito.MockitoTestExecutionListener@10b4e7f8, org.springframework.boot.test.autoconfigure.SpringBootDependencyInjectionTestExecutionListener@75023c53, org.springframework.test.context.support.DirtiesContextTestExecutionListener@66813e6e, org.springframework.boot.test.mock.mockito.ResetMocksTestExecutionListener@dab1f89, org.springframework.boot.test.autoconfigure.restdocs.RestDocsTestExecutionListener@3a17b2e3, org.springframework.boot.test.autoconfigure.web.client.MockRestServiceServerResetTestExecutionListener@5e13f156, org.springframework.boot.test.autoconfigure.web.servlet.MockMvcPrintOnlyOnFailureTestExecutionListener@310ed6b4, org.springframework.boot.test.autoconfigure.web.servlet.WebDriverTestExecutionListener@640cc04b]
2019-04-23 16:20:17,203 INFO org.springframework.boot.StartupInfoLogger [main] Starting TestSessisonManagerConnection on nikos-Lenovo-V310-15IKB with PID 4938 (started by nikos in /home/nikos/NetBeansProjects/ESMO-AP-TEST)
2019-04-23 16:20:17,204 INFO org.springframework.boot.SpringApplication [main] The following profiles are active: test
2019-04-23 16:20:17,525 INFO com.google.code.ssm.config.DefaultAddressProvider [main] Defined values 172.17.0.1:11211 will be used as memcached addresses
2019-04-23 16:20:17,873 INFO org.springframework.scheduling.concurrent.ExecutorConfigurationSupport [main] Initializing ExecutorService 'applicationTaskExecutor'
2019-04-23 16:20:18,124 INFO org.springframework.mock.web.MockServletContext [main] Initializing Spring TestDispatcherServlet ''
2019-04-23 16:20:18,125 INFO org.springframework.web.servlet.FrameworkServlet [main] Initializing Servlet ''
2019-04-23 16:20:18,141 INFO org.springframework.web.servlet.FrameworkServlet [main] Completed initialization in 16 ms
2019-04-23 16:20:18,155 INFO org.springframework.boot.StartupInfoLogger [main] Started TestSessisonManagerConnection in 0.976 seconds (JVM running for 18.892)
2019-04-23 16:20:20,089 INFO org.springframework.scheduling.concurrent.ExecutorConfigurationSupport [Thread-3] Shutting down ExecutorService 'applicationTaskExecutor'
2019-04-23 16:20:20,105 INFO org.springframework.scheduling.concurrent.ExecutorConfigurationSupport [Thread-11] Shutting down ExecutorService 'applicationTaskExecutor'
2019-04-23 16:20:20,114 INFO org.springframework.scheduling.concurrent.ExecutorConfigurationSupport [Thread-7] Shutting down ExecutorService 'applicationTaskExecutor'
2019-04-23 16:42:53,569 INFO org.springframework.boot.StartupInfoLogger [main] Starting TestMinEduService on nikos-Lenovo-V310-15IKB with PID 6613 (started by nikos in /home/nikos/NetBeansProjects/ESMO-AP-TEST)
2019-04-23 16:42:53,573 INFO org.springframework.boot.SpringApplication [main] No active profile set, falling back to default profiles: default
2019-04-23 16:42:55,162 INFO com.google.code.ssm.config.DefaultAddressProvider [main] Defined values 172.17.0.1:11211 will be used as memcached addresses
2019-04-23 16:42:56,080 INFO org.springframework.scheduling.concurrent.ExecutorConfigurationSupport [main] Initializing ExecutorService 'applicationTaskExecutor'
2019-04-23 16:42:56,570 INFO org.springframework.boot.StartupInfoLogger [main] Started TestMinEduService in 3.509 seconds (JVM running for 4.769)
2019-04-23 16:42:56,770 INFO esmo.test.ap.apms.service.impl.MinEduServiceImpl [main] will get toke from theurl: https://validation.interoperability.gr:9443/OAUTH2Proxy_1.0.0/services/oauthproxy/authorization/token
2019-04-23 16:42:56,770 INFO esmo.test.ap.apms.service.impl.MinEduServiceImpl [main] will get new token 
2019-04-23 16:42:59,172 INFO esmo.test.ap.apms.service.impl.MinEduServiceImpl [main] retrieved token 262bee22-fbc9-3bb6-a1ca-230d8619df74
2019-04-23 16:42:59,177 INFO esmo.test.ap.apms.service.impl.MinEduServiceImpl [main] querying for academicId 200260674408
2019-04-23 16:43:01,671 INFO esmo.test.ap.apms.service.impl.MinEduServiceImpl [main] MinEduLog {minEduSessionId:034ce08d-6511-48fd-aa0e-188556a86482, selectedUniversity:, responseTimeStamp:2019-04-23T16:43:00+03:00, recievedTimeStamp:2019-04-23T16:43:01.670+03:00, esmoSessionId:esmoSession}
2019-04-23 16:43:01,678 INFO esmo.test.ap.apms.service.impl.MinEduServiceImpl [main] will get toke from theurl: https://validation.interoperability.gr:9443/OAUTH2Proxy_1.0.0/services/oauthproxy/authorization/token
2019-04-23 16:43:01,679 INFO esmo.test.ap.apms.service.impl.MinEduServiceImpl [main] MinEdu OAth token still alive 262bee22-fbc9-3bb6-a1ca-230d8619df74
2019-04-23 16:43:01,682 INFO esmo.test.ap.apms.service.impl.MinEduServiceImpl [main] querying for academicId 200260674408
2019-04-23 16:43:04,323 INFO esmo.test.ap.apms.service.impl.MinEduServiceImpl [main] MinEduLog {minEduSessionId:559897ee-b023-4671-a70e-81707be629f5, selectedUniversity:, responseTimeStamp:2019-04-23T16:43:00+03:00, recievedTimeStamp:2019-04-23T16:43:04.322+03:00, esmoSessionId:esmoSession}
2019-04-23 16:43:04,343 INFO esmo.test.ap.apms.service.impl.MinEduServiceImpl [main] will get toke from theurl: https://validation.interoperability.gr:9443/OAUTH2Proxy_1.0.0/services/oauthproxy/authorization/token
2019-04-23 16:43:04,344 INFO esmo.test.ap.apms.service.impl.MinEduServiceImpl [main] will get new token 
2019-04-23 16:43:06,056 INFO esmo.test.ap.apms.service.impl.MinEduServiceImpl [main] retrieved token 262bee22-fbc9-3bb6-a1ca-230d8619df74
2019-04-23 16:43:06,057 INFO esmo.test.ap.apms.service.impl.MinEduServiceImpl [main] querying for amka 05108304675
2019-04-23 16:43:06,058 INFO esmo.test.ap.apms.service.impl.MinEduServiceImpl [main] will query amka in theurl: https://gateway.interoperability.gr/academicId/1.0.1/student/05108304675?fields=academicID&username=uaegean&password=k6v5sS4l1s!%
2019-04-23 16:43:08,924 INFO esmo.test.ap.apms.service.impl.MinEduServiceImpl [main] result 200260674408
2019-04-23 16:43:08,925 INFO esmo.test.ap.apms.service.impl.MinEduServiceImpl [main] MinEduLog {minEduSessionId:6cc38d0f-e5bb-4728-8780-0289dd11bec9, selectedUniversity:, responseTimeStamp:2019-04-23T16:43:00+03:00, recievedTimeStamp:2019-04-23T16:43:08.925+03:00, esmoSessionId:esmoSession}
2019-04-23 16:43:08,932 INFO esmo.test.ap.apms.service.impl.MinEduServiceImpl [main] will get toke from theurl: https://validation.interoperability.gr:9443/OAUTH2Proxy_1.0.0/services/oauthproxy/authorization/token
2019-04-23 16:43:08,933 INFO esmo.test.ap.apms.service.impl.MinEduServiceImpl [main] MinEdu OAth token still alive 262bee22-fbc9-3bb6-a1ca-230d8619df74
2019-04-23 16:43:08,934 INFO esmo.test.ap.apms.service.impl.MinEduServiceImpl [main] querying for amka 05108304675
2019-04-23 16:43:08,935 INFO esmo.test.ap.apms.service.impl.MinEduServiceImpl [main] will query amka in theurl: https://gateway.interoperability.gr/academicId/1.0.1/student/05108304675?fields=academicID&username=uaegean&password=k6v5sS4l1s!%
2019-04-23 16:43:09,618 INFO esmo.test.ap.apms.service.impl.MinEduServiceImpl [main] result 200260674408
2019-04-23 16:43:09,620 INFO esmo.test.ap.apms.service.impl.MinEduServiceImpl [main] MinEduLog {minEduSessionId:8d177c99-e521-4d11-806b-f15de53c8908, selectedUniversity:, responseTimeStamp:2019-04-23T16:43:00+03:00, recievedTimeStamp:2019-04-23T16:43:09.619+03:00, esmoSessionId:esmoSession}
2019-04-23 16:43:09,636 INFO org.springframework.test.context.support.AbstractTestContextBootstrapper [main] Neither @ContextConfiguration nor @ContextHierarchy found for test class [esmo.test.ap.apms.service.TestUniversityCodesServ], using DelegatingSmartContextLoader
2019-04-23 16:43:09,639 INFO org.springframework.test.context.support.AbstractContextLoader [main] Could not detect default resource locations for test class [esmo.test.ap.apms.service.TestUniversityCodesServ]: no resource found for suffixes {-context.xml}.
2019-04-23 16:43:09,640 INFO org.springframework.test.context.support.AnnotationConfigContextLoaderUtils [main] Could not detect default configuration classes for test class [esmo.test.ap.apms.service.TestUniversityCodesServ]: TestUniversityCodesServ does not declare any static, non-private, non-final, nested classes annotated with @Configuration.
2019-04-23 16:43:09,645 INFO org.springframework.test.context.support.AbstractTestContextBootstrapper [main] Loaded default TestExecutionListener class names from location [META-INF/spring.factories]: [org.springframework.boot.test.mock.mockito.MockitoTestExecutionListener, org.springframework.boot.test.mock.mockito.ResetMocksTestExecutionListener, org.springframework.boot.test.autoconfigure.restdocs.RestDocsTestExecutionListener, org.springframework.boot.test.autoconfigure.web.client.MockRestServiceServerResetTestExecutionListener, org.springframework.boot.test.autoconfigure.web.servlet.MockMvcPrintOnlyOnFailureTestExecutionListener, org.springframework.boot.test.autoconfigure.web.servlet.WebDriverTestExecutionListener, org.springframework.test.context.web.ServletTestExecutionListener, org.springframework.test.context.support.DirtiesContextBeforeModesTestExecutionListener, org.springframework.test.context.support.DependencyInjectionTestExecutionListener, org.springframework.test.context.support.DirtiesContextTestExecutionListener, org.springframework.test.context.transaction.TransactionalTestExecutionListener, org.springframework.test.context.jdbc.SqlScriptsTestExecutionListener]
2019-04-23 16:43:09,647 INFO org.springframework.test.context.support.AbstractTestContextBootstrapper [main] Using TestExecutionListeners: [org.springframework.test.context.web.ServletTestExecutionListener@4228bf58, org.springframework.test.context.support.DirtiesContextBeforeModesTestExecutionListener@68b9834c, org.springframework.boot.test.mock.mockito.MockitoTestExecutionListener@20b9d5d5, org.springframework.test.context.support.DependencyInjectionTestExecutionListener@671d1157, org.springframework.test.context.support.DirtiesContextTestExecutionListener@60c8a093, org.springframework.boot.test.mock.mockito.ResetMocksTestExecutionListener@44cffc25, org.springframework.boot.test.autoconfigure.restdocs.RestDocsTestExecutionListener@2a369e14, org.springframework.boot.test.autoconfigure.web.client.MockRestServiceServerResetTestExecutionListener@25aeb5ac, org.springframework.boot.test.autoconfigure.web.servlet.MockMvcPrintOnlyOnFailureTestExecutionListener@c755b2, org.springframework.boot.test.autoconfigure.web.servlet.WebDriverTestExecutionListener@3bd2af5b]
2019-04-23 16:43:09,954 INFO org.springframework.test.context.support.AbstractTestContextBootstrapper [main] Neither @ContextConfiguration nor @ContextHierarchy found for test class [esmo.test.ap.apms.ApmsApplicationTests], using SpringBootContextLoader
2019-04-23 16:43:09,956 INFO org.springframework.test.context.support.AbstractContextLoader [main] Could not detect default resource locations for test class [esmo.test.ap.apms.ApmsApplicationTests]: no resource found for suffixes {-context.xml, Context.groovy}.
2019-04-23 16:43:09,956 INFO org.springframework.test.context.support.AnnotationConfigContextLoaderUtils [main] Could not detect default configuration classes for test class [esmo.test.ap.apms.ApmsApplicationTests]: ApmsApplicationTests does not declare any static, non-private, non-final, nested classes annotated with @Configuration.
2019-04-23 16:43:09,965 INFO org.springframework.boot.test.context.SpringBootTestContextBootstrapper [main] Found @SpringBootConfiguration esmo.test.ap.apms.ApmsApplication for test class esmo.test.ap.apms.ApmsApplicationTests
2019-04-23 16:43:09,968 INFO org.springframework.test.context.support.AbstractTestContextBootstrapper [main] Loaded default TestExecutionListener class names from location [META-INF/spring.factories]: [org.springframework.boot.test.mock.mockito.MockitoTestExecutionListener, org.springframework.boot.test.mock.mockito.ResetMocksTestExecutionListener, org.springframework.boot.test.autoconfigure.restdocs.RestDocsTestExecutionListener, org.springframework.boot.test.autoconfigure.web.client.MockRestServiceServerResetTestExecutionListener, org.springframework.boot.test.autoconfigure.web.servlet.MockMvcPrintOnlyOnFailureTestExecutionListener, org.springframework.boot.test.autoconfigure.web.servlet.WebDriverTestExecutionListener, org.springframework.test.context.web.ServletTestExecutionListener, org.springframework.test.context.support.DirtiesContextBeforeModesTestExecutionListener, org.springframework.test.context.support.DependencyInjectionTestExecutionListener, org.springframework.test.context.support.DirtiesContextTestExecutionListener, org.springframework.test.context.transaction.TransactionalTestExecutionListener, org.springframework.test.context.jdbc.SqlScriptsTestExecutionListener]
2019-04-23 16:43:09,970 INFO org.springframework.test.context.support.AbstractTestContextBootstrapper [main] Using TestExecutionListeners: [org.springframework.test.context.web.ServletTestExecutionListener@2b38b1f, org.springframework.test.context.support.DirtiesContextBeforeModesTestExecutionListener@1d50a7ca, org.springframework.boot.test.mock.mockito.MockitoTestExecutionListener@51ab1ee3, org.springframework.boot.test.autoconfigure.SpringBootDependencyInjectionTestExecutionListener@2e766822, org.springframework.test.context.support.DirtiesContextTestExecutionListener@3003e580, org.springframework.boot.test.mock.mockito.ResetMocksTestExecutionListener@28757abd, org.springframework.boot.test.autoconfigure.restdocs.RestDocsTestExecutionListener@21a02556, org.springframework.boot.test.autoconfigure.web.client.MockRestServiceServerResetTestExecutionListener@3c8a7e38, org.springframework.boot.test.autoconfigure.web.servlet.MockMvcPrintOnlyOnFailureTestExecutionListener@138aa3cc, org.springframework.boot.test.autoconfigure.web.servlet.WebDriverTestExecutionListener@10a98392]
2019-04-23 16:43:10,008 INFO org.springframework.boot.StartupInfoLogger [main] Starting ApmsApplicationTests on nikos-Lenovo-V310-15IKB with PID 6613 (started by nikos in /home/nikos/NetBeansProjects/ESMO-AP-TEST)
2019-04-23 16:43:10,009 INFO org.springframework.boot.SpringApplication [main] The following profiles are active: test
2019-04-23 16:43:10,307 INFO com.google.code.ssm.config.DefaultAddressProvider [main] Defined values 172.17.0.1:11211 will be used as memcached addresses
2019-04-23 16:43:10,682 INFO org.springframework.scheduling.concurrent.ExecutorConfigurationSupport [main] Initializing ExecutorService 'applicationTaskExecutor'
2019-04-23 16:43:10,894 INFO org.springframework.boot.StartupInfoLogger [main] Started ApmsApplicationTests in 0.915 seconds (JVM running for 19.094)
2019-04-23 16:43:10,902 INFO org.springframework.test.context.support.AbstractTestContextBootstrapper [main] Neither @ContextConfiguration nor @ContextHierarchy found for test class [esmo.test.ap.apms.integration.TestSessisonManagerConnection], using SpringBootContextLoader
2019-04-23 16:43:10,903 INFO org.springframework.test.context.support.AbstractContextLoader [main] Could not detect default resource locations for test class [esmo.test.ap.apms.integration.TestSessisonManagerConnection]: no resource found for suffixes {-context.xml, Context.groovy}.
2019-04-23 16:43:10,913 INFO org.springframework.test.context.support.AbstractTestContextBootstrapper [main] Loaded default TestExecutionListener class names from location [META-INF/spring.factories]: [org.springframework.boot.test.mock.mockito.MockitoTestExecutionListener, org.springframework.boot.test.mock.mockito.ResetMocksTestExecutionListener, org.springframework.boot.test.autoconfigure.restdocs.RestDocsTestExecutionListener, org.springframework.boot.test.autoconfigure.web.client.MockRestServiceServerResetTestExecutionListener, org.springframework.boot.test.autoconfigure.web.servlet.MockMvcPrintOnlyOnFailureTestExecutionListener, org.springframework.boot.test.autoconfigure.web.servlet.WebDriverTestExecutionListener, org.springframework.test.context.web.ServletTestExecutionListener, org.springframework.test.context.support.DirtiesContextBeforeModesTestExecutionListener, org.springframework.test.context.support.DependencyInjectionTestExecutionListener, org.springframework.test.context.support.DirtiesContextTestExecutionListener, org.springframework.test.context.transaction.TransactionalTestExecutionListener, org.springframework.test.context.jdbc.SqlScriptsTestExecutionListener]
2019-04-23 16:43:10,914 INFO org.springframework.test.context.support.AbstractTestContextBootstrapper [main] Using TestExecutionListeners: [org.springframework.test.context.web.ServletTestExecutionListener@342e690b, org.springframework.test.context.support.DirtiesContextBeforeModesTestExecutionListener@4519f676, org.springframework.boot.test.mock.mockito.MockitoTestExecutionListener@78ec89a6, org.springframework.boot.test.autoconfigure.SpringBootDependencyInjectionTestExecutionListener@3596b249, org.springframework.test.context.support.DirtiesContextTestExecutionListener@7237f3c1, org.springframework.boot.test.mock.mockito.ResetMocksTestExecutionListener@781711b7, org.springframework.boot.test.autoconfigure.restdocs.RestDocsTestExecutionListener@642a16aa, org.springframework.boot.test.autoconfigure.web.client.MockRestServiceServerResetTestExecutionListener@642ee49c, org.springframework.boot.test.autoconfigure.web.servlet.MockMvcPrintOnlyOnFailureTestExecutionListener@294aba23, org.springframework.boot.test.autoconfigure.web.servlet.WebDriverTestExecutionListener@69909c14]
2019-04-23 16:43:10,933 INFO org.springframework.boot.StartupInfoLogger [main] Starting TestSessisonManagerConnection on nikos-Lenovo-V310-15IKB with PID 6613 (started by nikos in /home/nikos/NetBeansProjects/ESMO-AP-TEST)
2019-04-23 16:43:10,934 INFO org.springframework.boot.SpringApplication [main] The following profiles are active: test
2019-04-23 16:43:11,213 INFO com.google.code.ssm.config.DefaultAddressProvider [main] Defined values 172.17.0.1:11211 will be used as memcached addresses
2019-04-23 16:43:11,518 INFO org.springframework.scheduling.concurrent.ExecutorConfigurationSupport [main] Initializing ExecutorService 'applicationTaskExecutor'
2019-04-23 16:43:11,765 INFO org.springframework.mock.web.MockServletContext [main] Initializing Spring TestDispatcherServlet ''
2019-04-23 16:43:11,765 INFO org.springframework.web.servlet.FrameworkServlet [main] Initializing Servlet ''
2019-04-23 16:43:11,779 INFO org.springframework.web.servlet.FrameworkServlet [main] Completed initialization in 13 ms
2019-04-23 16:43:11,800 INFO org.springframework.boot.StartupInfoLogger [main] Started TestSessisonManagerConnection in 0.884 seconds (JVM running for 19.999)
2019-04-23 16:43:13,390 INFO org.springframework.scheduling.concurrent.ExecutorConfigurationSupport [Thread-3] Shutting down ExecutorService 'applicationTaskExecutor'
2019-04-23 16:43:13,394 INFO org.springframework.scheduling.concurrent.ExecutorConfigurationSupport [Thread-11] Shutting down ExecutorService 'applicationTaskExecutor'
2019-04-23 16:43:13,399 INFO org.springframework.scheduling.concurrent.ExecutorConfigurationSupport [Thread-7] Shutting down ExecutorService 'applicationTaskExecutor'
2019-04-23 16:45:15,592 INFO org.springframework.boot.StartupInfoLogger [main] Starting TestMinEduService on nikos-Lenovo-V310-15IKB with PID 6954 (started by nikos in /home/nikos/NetBeansProjects/ESMO-AP-TEST)
2019-04-23 16:45:15,595 INFO org.springframework.boot.SpringApplication [main] No active profile set, falling back to default profiles: default
2019-04-23 16:45:17,273 INFO com.google.code.ssm.config.DefaultAddressProvider [main] Defined values 172.17.0.1:11211 will be used as memcached addresses
2019-04-23 16:45:18,552 INFO org.springframework.scheduling.concurrent.ExecutorConfigurationSupport [main] Initializing ExecutorService 'applicationTaskExecutor'
2019-04-23 16:45:18,942 INFO org.springframework.boot.StartupInfoLogger [main] Started TestMinEduService in 3.737 seconds (JVM running for 4.535)
2019-04-23 16:45:19,120 INFO esmo.test.ap.apms.service.impl.MinEduServiceImpl [main] will get toke from theurl: https://validation.interoperability.gr:9443/OAUTH2Proxy_1.0.0/services/oauthproxy/authorization/token
2019-04-23 16:45:19,120 INFO esmo.test.ap.apms.service.impl.MinEduServiceImpl [main] will get new token 
2019-04-23 16:45:21,468 INFO esmo.test.ap.apms.service.impl.MinEduServiceImpl [main] retrieved token 262bee22-fbc9-3bb6-a1ca-230d8619df74
2019-04-23 16:45:21,475 INFO esmo.test.ap.apms.service.impl.MinEduServiceImpl [main] querying for academicId 200260674408
2019-04-23 16:45:22,782 INFO esmo.test.ap.apms.service.impl.MinEduServiceImpl [main] MinEduLog {minEduSessionId:147da9b9-d483-41dd-9dbc-58a0b3779789, selectedUniversity:, responseTimeStamp:2019-04-23T16:45:00+03:00, recievedTimeStamp:2019-04-23T16:45:22.779+03:00, esmoSessionId:esmoSession}
2019-04-23 16:45:22,796 INFO esmo.test.ap.apms.service.impl.MinEduServiceImpl [main] will get toke from theurl: https://validation.interoperability.gr:9443/OAUTH2Proxy_1.0.0/services/oauthproxy/authorization/token
2019-04-23 16:45:22,797 INFO esmo.test.ap.apms.service.impl.MinEduServiceImpl [main] MinEdu OAth token still alive 262bee22-fbc9-3bb6-a1ca-230d8619df74
2019-04-23 16:45:22,810 INFO esmo.test.ap.apms.service.impl.MinEduServiceImpl [main] querying for academicId 200260674408
2019-04-23 16:45:23,696 INFO esmo.test.ap.apms.service.impl.MinEduServiceImpl [main] MinEduLog {minEduSessionId:8bd0d258-05c2-42c0-bff0-8e3fed77d393, selectedUniversity:, responseTimeStamp:2019-04-23T16:45:00+03:00, recievedTimeStamp:2019-04-23T16:45:23.696+03:00, esmoSessionId:esmoSession}
2019-04-23 16:45:23,725 INFO esmo.test.ap.apms.service.impl.MinEduServiceImpl [main] will get toke from theurl: https://validation.interoperability.gr:9443/OAUTH2Proxy_1.0.0/services/oauthproxy/authorization/token
2019-04-23 16:45:23,726 INFO esmo.test.ap.apms.service.impl.MinEduServiceImpl [main] will get new token 
2019-04-23 16:45:25,107 INFO esmo.test.ap.apms.service.impl.MinEduServiceImpl [main] retrieved token 262bee22-fbc9-3bb6-a1ca-230d8619df74
2019-04-23 16:45:25,108 INFO esmo.test.ap.apms.service.impl.MinEduServiceImpl [main] querying for amka 05108304675
2019-04-23 16:45:25,110 INFO esmo.test.ap.apms.service.impl.MinEduServiceImpl [main] will query amka in theurl: https://gateway.interoperability.gr/academicId/1.0.1/student/05108304675?fields=academicID&username=uaegean&password=k6v5sS4l1s!%
2019-04-23 16:45:26,241 INFO esmo.test.ap.apms.service.impl.MinEduServiceImpl [main] result 200260674408
2019-04-23 16:45:26,243 INFO esmo.test.ap.apms.service.impl.MinEduServiceImpl [main] MinEduLog {minEduSessionId:bc5bc84d-8633-457a-86a2-97ae48c37d2f, selectedUniversity:, responseTimeStamp:2019-04-23T16:45:00+03:00, recievedTimeStamp:2019-04-23T16:45:26.243+03:00, esmoSessionId:esmoSession}
2019-04-23 16:45:26,251 INFO esmo.test.ap.apms.service.impl.MinEduServiceImpl [main] will get toke from theurl: https://validation.interoperability.gr:9443/OAUTH2Proxy_1.0.0/services/oauthproxy/authorization/token
2019-04-23 16:45:26,252 INFO esmo.test.ap.apms.service.impl.MinEduServiceImpl [main] MinEdu OAth token still alive 262bee22-fbc9-3bb6-a1ca-230d8619df74
2019-04-23 16:45:26,253 INFO esmo.test.ap.apms.service.impl.MinEduServiceImpl [main] querying for amka 05108304675
2019-04-23 16:45:26,254 INFO esmo.test.ap.apms.service.impl.MinEduServiceImpl [main] will query amka in theurl: https://gateway.interoperability.gr/academicId/1.0.1/student/05108304675?fields=academicID&username=uaegean&password=k6v5sS4l1s!%
2019-04-23 16:45:27,163 INFO esmo.test.ap.apms.service.impl.MinEduServiceImpl [main] result 200260674408
2019-04-23 16:45:27,164 INFO esmo.test.ap.apms.service.impl.MinEduServiceImpl [main] MinEduLog {minEduSessionId:1f63e3cf-51b2-43cf-8941-55cde1c7c49e, selectedUniversity:, responseTimeStamp:2019-04-23T16:45:00+03:00, recievedTimeStamp:2019-04-23T16:45:27.164+03:00, esmoSessionId:esmoSession}
2019-04-23 16:45:27,178 INFO org.springframework.test.context.support.AbstractTestContextBootstrapper [main] Neither @ContextConfiguration nor @ContextHierarchy found for test class [esmo.test.ap.apms.service.TestUniversityCodesServ], using DelegatingSmartContextLoader
2019-04-23 16:45:27,180 INFO org.springframework.test.context.support.AbstractContextLoader [main] Could not detect default resource locations for test class [esmo.test.ap.apms.service.TestUniversityCodesServ]: no resource found for suffixes {-context.xml}.
2019-04-23 16:45:27,181 INFO org.springframework.test.context.support.AnnotationConfigContextLoaderUtils [main] Could not detect default configuration classes for test class [esmo.test.ap.apms.service.TestUniversityCodesServ]: TestUniversityCodesServ does not declare any static, non-private, non-final, nested classes annotated with @Configuration.
2019-04-23 16:45:27,205 INFO org.springframework.test.context.support.AbstractTestContextBootstrapper [main] Loaded default TestExecutionListener class names from location [META-INF/spring.factories]: [org.springframework.boot.test.mock.mockito.MockitoTestExecutionListener, org.springframework.boot.test.mock.mockito.ResetMocksTestExecutionListener, org.springframework.boot.test.autoconfigure.restdocs.RestDocsTestExecutionListener, org.springframework.boot.test.autoconfigure.web.client.MockRestServiceServerResetTestExecutionListener, org.springframework.boot.test.autoconfigure.web.servlet.MockMvcPrintOnlyOnFailureTestExecutionListener, org.springframework.boot.test.autoconfigure.web.servlet.WebDriverTestExecutionListener, org.springframework.test.context.web.ServletTestExecutionListener, org.springframework.test.context.support.DirtiesContextBeforeModesTestExecutionListener, org.springframework.test.context.support.DependencyInjectionTestExecutionListener, org.springframework.test.context.support.DirtiesContextTestExecutionListener, org.springframework.test.context.transaction.TransactionalTestExecutionListener, org.springframework.test.context.jdbc.SqlScriptsTestExecutionListener]
2019-04-23 16:45:27,207 INFO org.springframework.test.context.support.AbstractTestContextBootstrapper [main] Using TestExecutionListeners: [org.springframework.test.context.web.ServletTestExecutionListener@1dc3502b, org.springframework.test.context.support.DirtiesContextBeforeModesTestExecutionListener@6a1d3225, org.springframework.boot.test.mock.mockito.MockitoTestExecutionListener@67e13bd0, org.springframework.test.context.support.DependencyInjectionTestExecutionListener@50fb33a, org.springframework.test.context.support.DirtiesContextTestExecutionListener@2cae9b8, org.springframework.boot.test.mock.mockito.ResetMocksTestExecutionListener@1457fde, org.springframework.boot.test.autoconfigure.restdocs.RestDocsTestExecutionListener@6f94fb9d, org.springframework.boot.test.autoconfigure.web.client.MockRestServiceServerResetTestExecutionListener@17fa1336, org.springframework.boot.test.autoconfigure.web.servlet.MockMvcPrintOnlyOnFailureTestExecutionListener@4228bf58, org.springframework.boot.test.autoconfigure.web.servlet.WebDriverTestExecutionListener@68b9834c]
2019-04-23 16:45:27,516 INFO org.springframework.test.context.support.AbstractTestContextBootstrapper [main] Neither @ContextConfiguration nor @ContextHierarchy found for test class [esmo.test.ap.apms.ApmsApplicationTests], using SpringBootContextLoader
2019-04-23 16:45:27,517 INFO org.springframework.test.context.support.AbstractContextLoader [main] Could not detect default resource locations for test class [esmo.test.ap.apms.ApmsApplicationTests]: no resource found for suffixes {-context.xml, Context.groovy}.
2019-04-23 16:45:27,517 INFO org.springframework.test.context.support.AnnotationConfigContextLoaderUtils [main] Could not detect default configuration classes for test class [esmo.test.ap.apms.ApmsApplicationTests]: ApmsApplicationTests does not declare any static, non-private, non-final, nested classes annotated with @Configuration.
2019-04-23 16:45:27,525 INFO org.springframework.boot.test.context.SpringBootTestContextBootstrapper [main] Found @SpringBootConfiguration esmo.test.ap.apms.ApmsApplication for test class esmo.test.ap.apms.ApmsApplicationTests
2019-04-23 16:45:27,526 INFO org.springframework.test.context.support.AbstractTestContextBootstrapper [main] Loaded default TestExecutionListener class names from location [META-INF/spring.factories]: [org.springframework.boot.test.mock.mockito.MockitoTestExecutionListener, org.springframework.boot.test.mock.mockito.ResetMocksTestExecutionListener, org.springframework.boot.test.autoconfigure.restdocs.RestDocsTestExecutionListener, org.springframework.boot.test.autoconfigure.web.client.MockRestServiceServerResetTestExecutionListener, org.springframework.boot.test.autoconfigure.web.servlet.MockMvcPrintOnlyOnFailureTestExecutionListener, org.springframework.boot.test.autoconfigure.web.servlet.WebDriverTestExecutionListener, org.springframework.test.context.web.ServletTestExecutionListener, org.springframework.test.context.support.DirtiesContextBeforeModesTestExecutionListener, org.springframework.test.context.support.DependencyInjectionTestExecutionListener, org.springframework.test.context.support.DirtiesContextTestExecutionListener, org.springframework.test.context.transaction.TransactionalTestExecutionListener, org.springframework.test.context.jdbc.SqlScriptsTestExecutionListener]
2019-04-23 16:45:27,527 INFO org.springframework.test.context.support.AbstractTestContextBootstrapper [main] Using TestExecutionListeners: [org.springframework.test.context.web.ServletTestExecutionListener@443faa85, org.springframework.test.context.support.DirtiesContextBeforeModesTestExecutionListener@1ee47d9e, org.springframework.boot.test.mock.mockito.MockitoTestExecutionListener@41da3aee, org.springframework.boot.test.autoconfigure.SpringBootDependencyInjectionTestExecutionListener@5dc0ff7d, org.springframework.test.context.support.DirtiesContextTestExecutionListener@64920dc2, org.springframework.boot.test.mock.mockito.ResetMocksTestExecutionListener@59a79443, org.springframework.boot.test.autoconfigure.restdocs.RestDocsTestExecutionListener@493ac8d3, org.springframework.boot.test.autoconfigure.web.client.MockRestServiceServerResetTestExecutionListener@13dbed9e, org.springframework.boot.test.autoconfigure.web.servlet.MockMvcPrintOnlyOnFailureTestExecutionListener@67531e3a, org.springframework.boot.test.autoconfigure.web.servlet.WebDriverTestExecutionListener@2b38b1f]
2019-04-23 16:45:27,563 INFO org.springframework.boot.StartupInfoLogger [main] Starting ApmsApplicationTests on nikos-Lenovo-V310-15IKB with PID 6954 (started by nikos in /home/nikos/NetBeansProjects/ESMO-AP-TEST)
2019-04-23 16:45:27,563 INFO org.springframework.boot.SpringApplication [main] The following profiles are active: test
2019-04-23 16:45:27,931 INFO com.google.code.ssm.config.DefaultAddressProvider [main] Defined values 172.17.0.1:11211 will be used as memcached addresses
2019-04-23 16:45:28,318 INFO org.springframework.scheduling.concurrent.ExecutorConfigurationSupport [main] Initializing ExecutorService 'applicationTaskExecutor'
2019-04-23 16:45:28,527 INFO org.springframework.boot.StartupInfoLogger [main] Started ApmsApplicationTests in 0.996 seconds (JVM running for 14.119)
2019-04-23 16:45:28,534 INFO org.springframework.test.context.support.AbstractTestContextBootstrapper [main] Neither @ContextConfiguration nor @ContextHierarchy found for test class [esmo.test.ap.apms.integration.TestSessisonManagerConnection], using SpringBootContextLoader
2019-04-23 16:45:28,535 INFO org.springframework.test.context.support.AbstractContextLoader [main] Could not detect default resource locations for test class [esmo.test.ap.apms.integration.TestSessisonManagerConnection]: no resource found for suffixes {-context.xml, Context.groovy}.
2019-04-23 16:45:28,546 INFO org.springframework.test.context.support.AbstractTestContextBootstrapper [main] Loaded default TestExecutionListener class names from location [META-INF/spring.factories]: [org.springframework.boot.test.mock.mockito.MockitoTestExecutionListener, org.springframework.boot.test.mock.mockito.ResetMocksTestExecutionListener, org.springframework.boot.test.autoconfigure.restdocs.RestDocsTestExecutionListener, org.springframework.boot.test.autoconfigure.web.client.MockRestServiceServerResetTestExecutionListener, org.springframework.boot.test.autoconfigure.web.servlet.MockMvcPrintOnlyOnFailureTestExecutionListener, org.springframework.boot.test.autoconfigure.web.servlet.WebDriverTestExecutionListener, org.springframework.test.context.web.ServletTestExecutionListener, org.springframework.test.context.support.DirtiesContextBeforeModesTestExecutionListener, org.springframework.test.context.support.DependencyInjectionTestExecutionListener, org.springframework.test.context.support.DirtiesContextTestExecutionListener, org.springframework.test.context.transaction.TransactionalTestExecutionListener, org.springframework.test.context.jdbc.SqlScriptsTestExecutionListener]
2019-04-23 16:45:28,548 INFO org.springframework.test.context.support.AbstractTestContextBootstrapper [main] Using TestExecutionListeners: [org.springframework.test.context.web.ServletTestExecutionListener@4dac121d, org.springframework.test.context.support.DirtiesContextBeforeModesTestExecutionListener@568750b7, org.springframework.boot.test.mock.mockito.MockitoTestExecutionListener@3e28fee1, org.springframework.boot.test.autoconfigure.SpringBootDependencyInjectionTestExecutionListener@16a2ed51, org.springframework.test.context.support.DirtiesContextTestExecutionListener@3b332962, org.springframework.boot.test.mock.mockito.ResetMocksTestExecutionListener@57ddd45b, org.springframework.boot.test.autoconfigure.restdocs.RestDocsTestExecutionListener@2e7bf7b7, org.springframework.boot.test.autoconfigure.web.client.MockRestServiceServerResetTestExecutionListener@2fb25f4c, org.springframework.boot.test.autoconfigure.web.servlet.MockMvcPrintOnlyOnFailureTestExecutionListener@de81be1, org.springframework.boot.test.autoconfigure.web.servlet.WebDriverTestExecutionListener@342e690b]
2019-04-23 16:45:28,574 INFO org.springframework.boot.StartupInfoLogger [main] Starting TestSessisonManagerConnection on nikos-Lenovo-V310-15IKB with PID 6954 (started by nikos in /home/nikos/NetBeansProjects/ESMO-AP-TEST)
2019-04-23 16:45:28,575 INFO org.springframework.boot.SpringApplication [main] The following profiles are active: test
2019-04-23 16:45:28,839 INFO com.google.code.ssm.config.DefaultAddressProvider [main] Defined values 172.17.0.1:11211 will be used as memcached addresses
2019-04-23 16:45:29,084 INFO org.springframework.scheduling.concurrent.ExecutorConfigurationSupport [main] Initializing ExecutorService 'applicationTaskExecutor'
2019-04-23 16:45:29,390 INFO org.springframework.mock.web.MockServletContext [main] Initializing Spring TestDispatcherServlet ''
2019-04-23 16:45:29,390 INFO org.springframework.web.servlet.FrameworkServlet [main] Initializing Servlet ''
2019-04-23 16:45:29,422 INFO org.springframework.web.servlet.FrameworkServlet [main] Completed initialization in 31 ms
2019-04-23 16:45:29,443 INFO org.springframework.boot.StartupInfoLogger [main] Started TestSessisonManagerConnection in 0.893 seconds (JVM running for 15.035)
2019-04-23 16:45:31,292 INFO org.springframework.scheduling.concurrent.ExecutorConfigurationSupport [Thread-3] Shutting down ExecutorService 'applicationTaskExecutor'
2019-04-23 16:45:31,300 INFO org.springframework.scheduling.concurrent.ExecutorConfigurationSupport [Thread-7] Shutting down ExecutorService 'applicationTaskExecutor'
2019-04-23 16:45:31,307 INFO org.springframework.scheduling.concurrent.ExecutorConfigurationSupport [Thread-11] Shutting down ExecutorService 'applicationTaskExecutor'
