2019-06-16 19:46:52,905 INFO org.springframework.boot.StartupInfoLogger [main] Starting ApmsApplicationTests on nikos-Lenovo-V310-15IKB with PID 22487 (started by nikos in /home/nikos/NetBeansProjects/ESMO-AP-TEST)
2019-06-16 19:46:52,917 INFO org.springframework.boot.SpringApplication [main] The following profiles are active: test
2019-06-16 19:46:57,694 INFO com.google.code.ssm.config.DefaultAddressProvider [main] Defined values 172.17.0.1:11211 will be used as memcached addresses
2019-06-16 19:46:59,407 INFO org.opensaml.saml2.metadata.provider.AbstractReloadingMetadataProvider [main] New metadata succesfully loaded for 'https://idp.aegean.gr/idp/shibboleth'
2019-06-16 19:46:59,425 INFO org.opensaml.saml2.metadata.provider.AbstractReloadingMetadataProvider [main] Next refresh cycle for metadata provider 'https://idp.aegean.gr/idp/shibboleth' will occur on '2019-06-16T19:46:58.700Z' ('2019-06-16T22:46:58.700+03:00' local time)
2019-06-16 19:46:59,545 INFO esmo.test.ap.apms.SamlSecurityConfig [main] Using SAMLContextProviderLB implementation of SAMLContextProvider for context provider bean.
2019-06-16 19:46:59,552 INFO esmo.test.ap.apms.SamlSecurityConfig [main] Setting the load balancer scheme to https
2019-06-16 19:46:59,552 INFO esmo.test.ap.apms.SamlSecurityConfig [main] Setting the load balancer server name to serverName
2019-06-16 19:46:59,553 INFO esmo.test.ap.apms.SamlSecurityConfig [main] Setting the load balancer context path to /grap
2019-06-16 19:46:59,553 INFO esmo.test.ap.apms.SamlSecurityConfig [main] Setting the load balancer port to 443
2019-06-16 19:46:59,554 INFO esmo.test.ap.apms.SamlSecurityConfig [main] Setting whether to include the server port in the request URL to false
2019-06-16 19:46:59,785 INFO org.springframework.security.web.DefaultSecurityFilterChain [main] Creating filter chain: Ant [pattern='/saml/metadata/**'], [org.springframework.security.saml.metadata.MetadataDisplayFilter@74c7522c]
2019-06-16 19:46:59,786 INFO org.springframework.security.web.DefaultSecurityFilterChain [main] Creating filter chain: Ant [pattern='/saml/login/**'], [esmo.test.ap.apms.SamlWithRelayStateEntryPoint@77c23d90]
2019-06-16 19:46:59,788 INFO org.springframework.security.web.DefaultSecurityFilterChain [main] Creating filter chain: Ant [pattern='/saml/SSO/**'], [org.springframework.security.saml.SAMLProcessingFilter@6d17914a]
2019-06-16 19:46:59,789 INFO org.springframework.security.web.DefaultSecurityFilterChain [main] Creating filter chain: Ant [pattern='/saml/logout/**'], [org.springframework.security.saml.SAMLLogoutFilter@49631cfb]
2019-06-16 19:46:59,792 INFO org.springframework.security.web.DefaultSecurityFilterChain [main] Creating filter chain: Ant [pattern='/saml/SingleLogout/**'], [org.springframework.security.saml.SAMLLogoutProcessingFilter@77b71c9]
2019-06-16 19:47:00,214 INFO org.springframework.scheduling.concurrent.ExecutorConfigurationSupport [main] Initializing ExecutorService 'applicationTaskExecutor'
2019-06-16 19:47:00,898 INFO org.springframework.security.web.DefaultSecurityFilterChain [main] Creating filter chain: any request, [org.springframework.security.saml.metadata.MetadataGeneratorFilter@52f43225, org.springframework.security.web.context.request.async.WebAsyncManagerIntegrationFilter@55d1f065, org.springframework.security.web.context.SecurityContextPersistenceFilter@6851b296, org.springframework.security.web.header.HeaderWriterFilter@6f7a20da, org.springframework.security.web.authentication.logout.LogoutFilter@ff5d4f1, FilterChainProxy[Filter Chains: [[ Ant [pattern='/saml/metadata/**'], [org.springframework.security.saml.metadata.MetadataDisplayFilter@74c7522c]], [ Ant [pattern='/saml/login/**'], [esmo.test.ap.apms.SamlWithRelayStateEntryPoint@77c23d90]], [ Ant [pattern='/saml/SSO/**'], [org.springframework.security.saml.SAMLProcessingFilter@6d17914a]], [ Ant [pattern='/saml/logout/**'], [org.springframework.security.saml.SAMLLogoutFilter@49631cfb]], [ Ant [pattern='/saml/SingleLogout/**'], [org.springframework.security.saml.SAMLLogoutProcessingFilter@77b71c9]]]], org.springframework.security.web.savedrequest.RequestCacheAwareFilter@5368e981, org.springframework.security.web.servletapi.SecurityContextHolderAwareRequestFilter@4e8d9bb6, org.springframework.security.web.authentication.AnonymousAuthenticationFilter@f9a5e3f, org.springframework.security.web.session.SessionManagementFilter@77ba583, org.springframework.security.web.access.ExceptionTranslationFilter@6253e59a, org.springframework.security.web.access.intercept.FilterSecurityInterceptor@6a6e9289]
2019-06-16 19:47:01,011 INFO org.springframework.boot.StartupInfoLogger [main] Started ApmsApplicationTests in 9.005 seconds (JVM running for 12.008)
2019-06-16 19:47:01,057 INFO org.springframework.test.context.support.AbstractTestContextBootstrapper [main] Neither @ContextConfiguration nor @ContextHierarchy found for test class [esmo.test.ap.apms.integration.TestSessisonManagerConnection], using SpringBootContextLoader
2019-06-16 19:47:01,059 INFO org.springframework.test.context.support.AbstractContextLoader [main] Could not detect default resource locations for test class [esmo.test.ap.apms.integration.TestSessisonManagerConnection]: no resource found for suffixes {-context.xml, Context.groovy}.
2019-06-16 19:47:01,075 INFO org.springframework.test.context.support.AbstractTestContextBootstrapper [main] Loaded default TestExecutionListener class names from location [META-INF/spring.factories]: [org.springframework.boot.test.mock.mockito.MockitoTestExecutionListener, org.springframework.boot.test.mock.mockito.ResetMocksTestExecutionListener, org.springframework.boot.test.autoconfigure.restdocs.RestDocsTestExecutionListener, org.springframework.boot.test.autoconfigure.web.client.MockRestServiceServerResetTestExecutionListener, org.springframework.boot.test.autoconfigure.web.servlet.MockMvcPrintOnlyOnFailureTestExecutionListener, org.springframework.boot.test.autoconfigure.web.servlet.WebDriverTestExecutionListener, org.springframework.test.context.web.ServletTestExecutionListener, org.springframework.test.context.support.DirtiesContextBeforeModesTestExecutionListener, org.springframework.test.context.support.DependencyInjectionTestExecutionListener, org.springframework.test.context.support.DirtiesContextTestExecutionListener, org.springframework.test.context.transaction.TransactionalTestExecutionListener, org.springframework.test.context.jdbc.SqlScriptsTestExecutionListener]
2019-06-16 19:47:01,077 INFO org.springframework.test.context.support.AbstractTestContextBootstrapper [main] Using TestExecutionListeners: [org.springframework.test.context.web.ServletTestExecutionListener@7d626f2, org.springframework.test.context.support.DirtiesContextBeforeModesTestExecutionListener@460f1cdb, org.springframework.boot.test.mock.mockito.MockitoTestExecutionListener@31e7afde, org.springframework.boot.test.autoconfigure.SpringBootDependencyInjectionTestExecutionListener@349f3ff7, org.springframework.test.context.support.DirtiesContextTestExecutionListener@2487e20, org.springframework.boot.test.mock.mockito.ResetMocksTestExecutionListener@3c9f4376, org.springframework.boot.test.autoconfigure.restdocs.RestDocsTestExecutionListener@308a9264, org.springframework.boot.test.autoconfigure.web.client.MockRestServiceServerResetTestExecutionListener@7da77305, org.springframework.boot.test.autoconfigure.web.servlet.MockMvcPrintOnlyOnFailureTestExecutionListener@3cdfbbef, org.springframework.boot.test.autoconfigure.web.servlet.WebDriverTestExecutionListener@7a1ddbf1]
2019-06-16 19:47:01,133 INFO org.springframework.boot.StartupInfoLogger [main] Starting TestSessisonManagerConnection on nikos-Lenovo-V310-15IKB with PID 22487 (started by nikos in /home/nikos/NetBeansProjects/ESMO-AP-TEST)
2019-06-16 19:47:01,135 INFO org.springframework.boot.SpringApplication [main] The following profiles are active: test
2019-06-16 19:47:02,580 INFO com.google.code.ssm.config.DefaultAddressProvider [main] Defined values 172.17.0.1:11211 will be used as memcached addresses
2019-06-16 19:47:02,885 INFO org.opensaml.saml2.metadata.provider.AbstractReloadingMetadataProvider [main] New metadata succesfully loaded for 'https://idp.aegean.gr/idp/shibboleth'
2019-06-16 19:47:02,886 INFO org.opensaml.saml2.metadata.provider.AbstractReloadingMetadataProvider [main] Next refresh cycle for metadata provider 'https://idp.aegean.gr/idp/shibboleth' will occur on '2019-06-16T19:47:02.711Z' ('2019-06-16T22:47:02.711+03:00' local time)
2019-06-16 19:47:02,904 INFO esmo.test.ap.apms.SamlSecurityConfig [main] Using SAMLContextProviderLB implementation of SAMLContextProvider for context provider bean.
2019-06-16 19:47:02,905 INFO esmo.test.ap.apms.SamlSecurityConfig [main] Setting the load balancer scheme to https
2019-06-16 19:47:02,906 INFO esmo.test.ap.apms.SamlSecurityConfig [main] Setting the load balancer server name to serverName
2019-06-16 19:47:02,907 INFO esmo.test.ap.apms.SamlSecurityConfig [main] Setting the load balancer context path to /grap
2019-06-16 19:47:02,909 INFO esmo.test.ap.apms.SamlSecurityConfig [main] Setting the load balancer port to 443
2019-06-16 19:47:02,909 INFO esmo.test.ap.apms.SamlSecurityConfig [main] Setting whether to include the server port in the request URL to false
2019-06-16 19:47:02,946 INFO org.springframework.security.web.DefaultSecurityFilterChain [main] Creating filter chain: Ant [pattern='/saml/metadata/**'], [org.springframework.security.saml.metadata.MetadataDisplayFilter@492c8137]
2019-06-16 19:47:02,947 INFO org.springframework.security.web.DefaultSecurityFilterChain [main] Creating filter chain: Ant [pattern='/saml/login/**'], [esmo.test.ap.apms.SamlWithRelayStateEntryPoint@420b55ed]
2019-06-16 19:47:02,948 INFO org.springframework.security.web.DefaultSecurityFilterChain [main] Creating filter chain: Ant [pattern='/saml/SSO/**'], [org.springframework.security.saml.SAMLProcessingFilter@f237ae7]
2019-06-16 19:47:02,950 INFO org.springframework.security.web.DefaultSecurityFilterChain [main] Creating filter chain: Ant [pattern='/saml/logout/**'], [org.springframework.security.saml.SAMLLogoutFilter@42edde25]
2019-06-16 19:47:02,951 INFO org.springframework.security.web.DefaultSecurityFilterChain [main] Creating filter chain: Ant [pattern='/saml/SingleLogout/**'], [org.springframework.security.saml.SAMLLogoutProcessingFilter@6fe5da76]
2019-06-16 19:47:03,044 INFO org.springframework.scheduling.concurrent.ExecutorConfigurationSupport [main] Initializing ExecutorService 'applicationTaskExecutor'
2019-06-16 19:47:03,158 INFO org.springframework.security.web.DefaultSecurityFilterChain [main] Creating filter chain: any request, [org.springframework.security.saml.metadata.MetadataGeneratorFilter@645d4639, org.springframework.security.web.context.request.async.WebAsyncManagerIntegrationFilter@8ee03f5, org.springframework.security.web.context.SecurityContextPersistenceFilter@7c47e077, org.springframework.security.web.header.HeaderWriterFilter@5a2035e1, org.springframework.security.web.authentication.logout.LogoutFilter@6acb45c1, FilterChainProxy[Filter Chains: [[ Ant [pattern='/saml/metadata/**'], [org.springframework.security.saml.metadata.MetadataDisplayFilter@492c8137]], [ Ant [pattern='/saml/login/**'], [esmo.test.ap.apms.SamlWithRelayStateEntryPoint@420b55ed]], [ Ant [pattern='/saml/SSO/**'], [org.springframework.security.saml.SAMLProcessingFilter@f237ae7]], [ Ant [pattern='/saml/logout/**'], [org.springframework.security.saml.SAMLLogoutFilter@42edde25]], [ Ant [pattern='/saml/SingleLogout/**'], [org.springframework.security.saml.SAMLLogoutProcessingFilter@6fe5da76]]]], org.springframework.security.web.savedrequest.RequestCacheAwareFilter@41bd6a0f, org.springframework.security.web.servletapi.SecurityContextHolderAwareRequestFilter@1ae9d0e4, org.springframework.security.web.authentication.AnonymousAuthenticationFilter@5ad40184, org.springframework.security.web.session.SessionManagementFilter@4df7b4ac, org.springframework.security.web.access.ExceptionTranslationFilter@b56c222, org.springframework.security.web.access.intercept.FilterSecurityInterceptor@9cc0505]
2019-06-16 19:47:03,250 INFO org.springframework.mock.web.MockServletContext [main] Initializing Spring TestDispatcherServlet ''
2019-06-16 19:47:03,251 INFO org.springframework.web.servlet.FrameworkServlet [main] Initializing Servlet ''
2019-06-16 19:47:03,303 INFO org.springframework.web.servlet.FrameworkServlet [main] Completed initialization in 52 ms
2019-06-16 19:47:03,368 INFO org.springframework.boot.StartupInfoLogger [main] Started TestSessisonManagerConnection in 2.285 seconds (JVM running for 14.365)
2019-06-16 19:47:05,495 INFO org.springframework.scheduling.concurrent.ExecutorConfigurationSupport [Thread-12] Shutting down ExecutorService 'applicationTaskExecutor'
2019-06-16 19:47:05,495 INFO org.springframework.scheduling.concurrent.ExecutorConfigurationSupport [Thread-6] Shutting down ExecutorService 'applicationTaskExecutor'
2019-06-16 21:35:15,590 INFO org.springframework.boot.StartupInfoLogger [main] Starting ApmsApplicationTests on nikos-Lenovo-V310-15IKB with PID 25591 (started by nikos in /home/nikos/NetBeansProjects/ESMO-AP-TEST)
2019-06-16 21:35:15,593 INFO org.springframework.boot.SpringApplication [main] The following profiles are active: test
2019-06-16 21:35:18,977 INFO com.google.code.ssm.config.DefaultAddressProvider [main] Defined values 172.17.0.1:11211 will be used as memcached addresses
2019-06-16 21:35:22,074 INFO org.opensaml.saml2.metadata.provider.AbstractReloadingMetadataProvider [main] New metadata succesfully loaded for 'https://idp.aegean.gr/idp/shibboleth'
2019-06-16 21:35:22,094 INFO org.opensaml.saml2.metadata.provider.AbstractReloadingMetadataProvider [main] Next refresh cycle for metadata provider 'https://idp.aegean.gr/idp/shibboleth' will occur on '2019-06-16T21:35:20.535Z' ('2019-06-17T00:35:20.535+03:00' local time)
2019-06-16 21:35:22,195 INFO esmo.test.ap.apms.SamlSecurityConfig [main] Using SAMLContextProviderLB implementation of SAMLContextProvider for context provider bean.
2019-06-16 21:35:22,274 INFO esmo.test.ap.apms.SamlSecurityConfig [main] Setting the load balancer scheme to https
2019-06-16 21:35:22,275 INFO esmo.test.ap.apms.SamlSecurityConfig [main] Setting the load balancer server name to serverName
2019-06-16 21:35:22,276 INFO esmo.test.ap.apms.SamlSecurityConfig [main] Setting the load balancer context path to /grap
2019-06-16 21:35:22,278 INFO esmo.test.ap.apms.SamlSecurityConfig [main] Setting the load balancer port to 443
2019-06-16 21:35:22,280 INFO esmo.test.ap.apms.SamlSecurityConfig [main] Setting whether to include the server port in the request URL to false
2019-06-16 21:35:22,505 INFO org.springframework.security.web.DefaultSecurityFilterChain [main] Creating filter chain: Ant [pattern='/saml/metadata/**'], [org.springframework.security.saml.metadata.MetadataDisplayFilter@16e195cf]
2019-06-16 21:35:22,505 INFO org.springframework.security.web.DefaultSecurityFilterChain [main] Creating filter chain: Ant [pattern='/saml/login/**'], [esmo.test.ap.apms.SamlWithRelayStateEntryPoint@3212d853]
2019-06-16 21:35:22,506 INFO org.springframework.security.web.DefaultSecurityFilterChain [main] Creating filter chain: Ant [pattern='/saml/SSO/**'], [org.springframework.security.saml.SAMLProcessingFilter@74c7522c]
2019-06-16 21:35:22,506 INFO org.springframework.security.web.DefaultSecurityFilterChain [main] Creating filter chain: Ant [pattern='/saml/logout/**'], [org.springframework.security.saml.SAMLLogoutFilter@77c23d90]
2019-06-16 21:35:22,507 INFO org.springframework.security.web.DefaultSecurityFilterChain [main] Creating filter chain: Ant [pattern='/saml/SingleLogout/**'], [org.springframework.security.saml.SAMLLogoutProcessingFilter@6d17914a]
2019-06-16 21:35:22,861 INFO org.springframework.scheduling.concurrent.ExecutorConfigurationSupport [main] Initializing ExecutorService 'applicationTaskExecutor'
2019-06-16 21:35:23,986 INFO org.springframework.security.web.DefaultSecurityFilterChain [main] Creating filter chain: any request, [org.springframework.security.saml.metadata.MetadataGeneratorFilter@67b8d45, org.springframework.security.web.context.request.async.WebAsyncManagerIntegrationFilter@365e65bb, org.springframework.security.web.context.SecurityContextPersistenceFilter@77ba583, org.springframework.security.web.header.HeaderWriterFilter@16ccd2bc, org.springframework.security.web.authentication.logout.LogoutFilter@2673487b, FilterChainProxy[Filter Chains: [[ Ant [pattern='/saml/metadata/**'], [org.springframework.security.saml.metadata.MetadataDisplayFilter@16e195cf]], [ Ant [pattern='/saml/login/**'], [esmo.test.ap.apms.SamlWithRelayStateEntryPoint@3212d853]], [ Ant [pattern='/saml/SSO/**'], [org.springframework.security.saml.SAMLProcessingFilter@74c7522c]], [ Ant [pattern='/saml/logout/**'], [org.springframework.security.saml.SAMLLogoutFilter@77c23d90]], [ Ant [pattern='/saml/SingleLogout/**'], [org.springframework.security.saml.SAMLLogoutProcessingFilter@6d17914a]]]], org.springframework.security.web.savedrequest.RequestCacheAwareFilter@6851b296, org.springframework.security.web.servletapi.SecurityContextHolderAwareRequestFilter@685e6a68, org.springframework.security.web.authentication.AnonymousAuthenticationFilter@52f43225, org.springframework.security.web.session.SessionManagementFilter@6f7a20da, org.springframework.security.web.access.ExceptionTranslationFilter@61e14b53, org.springframework.security.web.access.intercept.FilterSecurityInterceptor@53b7bf01]
2019-06-16 21:35:24,076 INFO org.springframework.boot.StartupInfoLogger [main] Started ApmsApplicationTests in 8.924 seconds (JVM running for 11.114)
2019-06-16 21:35:24,099 INFO org.springframework.test.context.support.AbstractTestContextBootstrapper [main] Neither @ContextConfiguration nor @ContextHierarchy found for test class [esmo.test.ap.apms.integration.TestSessisonManagerConnection], using SpringBootContextLoader
2019-06-16 21:35:24,107 INFO org.springframework.test.context.support.AbstractContextLoader [main] Could not detect default resource locations for test class [esmo.test.ap.apms.integration.TestSessisonManagerConnection]: no resource found for suffixes {-context.xml, Context.groovy}.
2019-06-16 21:35:24,123 INFO org.springframework.test.context.support.AbstractTestContextBootstrapper [main] Loaded default TestExecutionListener class names from location [META-INF/spring.factories]: [org.springframework.boot.test.mock.mockito.MockitoTestExecutionListener, org.springframework.boot.test.mock.mockito.ResetMocksTestExecutionListener, org.springframework.boot.test.autoconfigure.restdocs.RestDocsTestExecutionListener, org.springframework.boot.test.autoconfigure.web.client.MockRestServiceServerResetTestExecutionListener, org.springframework.boot.test.autoconfigure.web.servlet.MockMvcPrintOnlyOnFailureTestExecutionListener, org.springframework.boot.test.autoconfigure.web.servlet.WebDriverTestExecutionListener, org.springframework.test.context.web.ServletTestExecutionListener, org.springframework.test.context.support.DirtiesContextBeforeModesTestExecutionListener, org.springframework.test.context.support.DependencyInjectionTestExecutionListener, org.springframework.test.context.support.DirtiesContextTestExecutionListener, org.springframework.test.context.transaction.TransactionalTestExecutionListener, org.springframework.test.context.jdbc.SqlScriptsTestExecutionListener]
2019-06-16 21:35:24,125 INFO org.springframework.test.context.support.AbstractTestContextBootstrapper [main] Using TestExecutionListeners: [org.springframework.test.context.web.ServletTestExecutionListener@123ca460, org.springframework.test.context.support.DirtiesContextBeforeModesTestExecutionListener@11228bee, org.springframework.boot.test.mock.mockito.MockitoTestExecutionListener@7d626f2, org.springframework.boot.test.autoconfigure.SpringBootDependencyInjectionTestExecutionListener@460f1cdb, org.springframework.test.context.support.DirtiesContextTestExecutionListener@31e7afde, org.springframework.boot.test.mock.mockito.ResetMocksTestExecutionListener@349f3ff7, org.springframework.boot.test.autoconfigure.restdocs.RestDocsTestExecutionListener@2487e20, org.springframework.boot.test.autoconfigure.web.client.MockRestServiceServerResetTestExecutionListener@3c9f4376, org.springframework.boot.test.autoconfigure.web.servlet.MockMvcPrintOnlyOnFailureTestExecutionListener@308a9264, org.springframework.boot.test.autoconfigure.web.servlet.WebDriverTestExecutionListener@7da77305]
2019-06-16 21:35:24,150 INFO org.springframework.boot.StartupInfoLogger [main] Starting TestSessisonManagerConnection on nikos-Lenovo-V310-15IKB with PID 25591 (started by nikos in /home/nikos/NetBeansProjects/ESMO-AP-TEST)
2019-06-16 21:35:24,151 INFO org.springframework.boot.SpringApplication [main] The following profiles are active: test
2019-06-16 21:35:24,636 INFO com.google.code.ssm.config.DefaultAddressProvider [main] Defined values 172.17.0.1:11211 will be used as memcached addresses
2019-06-16 21:35:24,937 INFO org.opensaml.saml2.metadata.provider.AbstractReloadingMetadataProvider [main] New metadata succesfully loaded for 'https://idp.aegean.gr/idp/shibboleth'
2019-06-16 21:35:24,938 INFO org.opensaml.saml2.metadata.provider.AbstractReloadingMetadataProvider [main] Next refresh cycle for metadata provider 'https://idp.aegean.gr/idp/shibboleth' will occur on '2019-06-16T21:35:24.774Z' ('2019-06-17T00:35:24.774+03:00' local time)
2019-06-16 21:35:24,948 INFO esmo.test.ap.apms.SamlSecurityConfig [main] Using SAMLContextProviderLB implementation of SAMLContextProvider for context provider bean.
2019-06-16 21:35:24,948 INFO esmo.test.ap.apms.SamlSecurityConfig [main] Setting the load balancer scheme to https
2019-06-16 21:35:24,949 INFO esmo.test.ap.apms.SamlSecurityConfig [main] Setting the load balancer server name to serverName
2019-06-16 21:35:24,949 INFO esmo.test.ap.apms.SamlSecurityConfig [main] Setting the load balancer context path to /grap
2019-06-16 21:35:24,949 INFO esmo.test.ap.apms.SamlSecurityConfig [main] Setting the load balancer port to 443
2019-06-16 21:35:24,950 INFO esmo.test.ap.apms.SamlSecurityConfig [main] Setting whether to include the server port in the request URL to false
2019-06-16 21:35:24,979 INFO org.springframework.security.web.DefaultSecurityFilterChain [main] Creating filter chain: Ant [pattern='/saml/metadata/**'], [org.springframework.security.saml.metadata.MetadataDisplayFilter@45311a99]
2019-06-16 21:35:24,979 INFO org.springframework.security.web.DefaultSecurityFilterChain [main] Creating filter chain: Ant [pattern='/saml/login/**'], [esmo.test.ap.apms.SamlWithRelayStateEntryPoint@7037a680]
2019-06-16 21:35:24,980 INFO org.springframework.security.web.DefaultSecurityFilterChain [main] Creating filter chain: Ant [pattern='/saml/SSO/**'], [org.springframework.security.saml.SAMLProcessingFilter@492c8137]
2019-06-16 21:35:24,980 INFO org.springframework.security.web.DefaultSecurityFilterChain [main] Creating filter chain: Ant [pattern='/saml/logout/**'], [org.springframework.security.saml.SAMLLogoutFilter@420b55ed]
2019-06-16 21:35:24,980 INFO org.springframework.security.web.DefaultSecurityFilterChain [main] Creating filter chain: Ant [pattern='/saml/SingleLogout/**'], [org.springframework.security.saml.SAMLLogoutProcessingFilter@f237ae7]
2019-06-16 21:35:25,044 INFO org.springframework.scheduling.concurrent.ExecutorConfigurationSupport [main] Initializing ExecutorService 'applicationTaskExecutor'
2019-06-16 21:35:25,120 INFO org.springframework.security.web.DefaultSecurityFilterChain [main] Creating filter chain: any request, [org.springframework.security.saml.metadata.MetadataGeneratorFilter@50f05307, org.springframework.security.web.context.request.async.WebAsyncManagerIntegrationFilter@9cc0505, org.springframework.security.web.context.SecurityContextPersistenceFilter@5a2035e1, org.springframework.security.web.header.HeaderWriterFilter@15a484a9, org.springframework.security.web.authentication.logout.LogoutFilter@41bd6a0f, FilterChainProxy[Filter Chains: [[ Ant [pattern='/saml/metadata/**'], [org.springframework.security.saml.metadata.MetadataDisplayFilter@45311a99]], [ Ant [pattern='/saml/login/**'], [esmo.test.ap.apms.SamlWithRelayStateEntryPoint@7037a680]], [ Ant [pattern='/saml/SSO/**'], [org.springframework.security.saml.SAMLProcessingFilter@492c8137]], [ Ant [pattern='/saml/logout/**'], [org.springframework.security.saml.SAMLLogoutFilter@420b55ed]], [ Ant [pattern='/saml/SingleLogout/**'], [org.springframework.security.saml.SAMLLogoutProcessingFilter@f237ae7]]]], org.springframework.security.web.savedrequest.RequestCacheAwareFilter@4df7b4ac, org.springframework.security.web.servletapi.SecurityContextHolderAwareRequestFilter@7c47e077, org.springframework.security.web.authentication.AnonymousAuthenticationFilter@645d4639, org.springframework.security.web.session.SessionManagementFilter@b56c222, org.springframework.security.web.access.ExceptionTranslationFilter@1d2c253, org.springframework.security.web.access.intercept.FilterSecurityInterceptor@42d0e41]
2019-06-16 21:35:25,173 INFO org.springframework.mock.web.MockServletContext [main] Initializing Spring TestDispatcherServlet ''
2019-06-16 21:35:25,174 INFO org.springframework.web.servlet.FrameworkServlet [main] Initializing Servlet ''
2019-06-16 21:35:25,193 INFO org.springframework.web.servlet.FrameworkServlet [main] Completed initialization in 18 ms
2019-06-16 21:35:25,214 INFO org.springframework.boot.StartupInfoLogger [main] Started TestSessisonManagerConnection in 1.087 seconds (JVM running for 12.252)
2019-06-16 21:35:27,948 INFO org.springframework.scheduling.concurrent.ExecutorConfigurationSupport [Thread-6] Shutting down ExecutorService 'applicationTaskExecutor'
2019-06-16 21:35:27,948 INFO org.springframework.scheduling.concurrent.ExecutorConfigurationSupport [Thread-12] Shutting down ExecutorService 'applicationTaskExecutor'
2019-06-16 21:55:52,743 INFO org.springframework.boot.StartupInfoLogger [main] Starting ApmsApplicationTests on nikos-Lenovo-V310-15IKB with PID 26439 (started by nikos in /home/nikos/NetBeansProjects/ESMO-AP-TEST)
2019-06-16 21:55:52,755 INFO org.springframework.boot.SpringApplication [main] The following profiles are active: test
2019-06-16 21:55:55,804 INFO com.google.code.ssm.config.DefaultAddressProvider [main] Defined values 172.17.0.1:11211 will be used as memcached addresses
2019-06-16 21:55:57,384 INFO org.opensaml.saml2.metadata.provider.AbstractReloadingMetadataProvider [main] New metadata succesfully loaded for 'https://idp.aegean.gr/idp/shibboleth'
2019-06-16 21:55:57,401 INFO org.opensaml.saml2.metadata.provider.AbstractReloadingMetadataProvider [main] Next refresh cycle for metadata provider 'https://idp.aegean.gr/idp/shibboleth' will occur on '2019-06-16T21:55:56.711Z' ('2019-06-17T00:55:56.711+03:00' local time)
2019-06-16 21:55:57,486 INFO esmo.test.ap.apms.SamlSecurityConfig [main] Using SAMLContextProviderLB implementation of SAMLContextProvider for context provider bean.
2019-06-16 21:55:57,490 INFO esmo.test.ap.apms.SamlSecurityConfig [main] Setting the load balancer scheme to https
2019-06-16 21:55:57,490 INFO esmo.test.ap.apms.SamlSecurityConfig [main] Setting the load balancer server name to serverName
2019-06-16 21:55:57,491 INFO esmo.test.ap.apms.SamlSecurityConfig [main] Setting the load balancer context path to /grap
2019-06-16 21:55:57,491 INFO esmo.test.ap.apms.SamlSecurityConfig [main] Setting the load balancer port to 443
2019-06-16 21:55:57,492 INFO esmo.test.ap.apms.SamlSecurityConfig [main] Setting whether to include the server port in the request URL to false
2019-06-16 21:55:57,611 INFO org.springframework.security.web.DefaultSecurityFilterChain [main] Creating filter chain: Ant [pattern='/saml/metadata/**'], [org.springframework.security.saml.metadata.MetadataDisplayFilter@3212d853]
2019-06-16 21:55:57,611 INFO org.springframework.security.web.DefaultSecurityFilterChain [main] Creating filter chain: Ant [pattern='/saml/login/**'], [esmo.test.ap.apms.SamlWithRelayStateEntryPoint@74c7522c]
2019-06-16 21:55:57,612 INFO org.springframework.security.web.DefaultSecurityFilterChain [main] Creating filter chain: Ant [pattern='/saml/SSO/**'], [org.springframework.security.saml.SAMLProcessingFilter@77c23d90]
2019-06-16 21:55:57,612 INFO org.springframework.security.web.DefaultSecurityFilterChain [main] Creating filter chain: Ant [pattern='/saml/logout/**'], [org.springframework.security.saml.SAMLLogoutFilter@6d17914a]
2019-06-16 21:55:57,612 INFO org.springframework.security.web.DefaultSecurityFilterChain [main] Creating filter chain: Ant [pattern='/saml/SingleLogout/**'], [org.springframework.security.saml.SAMLLogoutProcessingFilter@49631cfb]
2019-06-16 21:55:57,887 INFO org.springframework.scheduling.concurrent.ExecutorConfigurationSupport [main] Initializing ExecutorService 'applicationTaskExecutor'
2019-06-16 21:55:58,437 INFO org.springframework.security.web.DefaultSecurityFilterChain [main] Creating filter chain: any request, [org.springframework.security.saml.metadata.MetadataGeneratorFilter@365e65bb, org.springframework.security.web.context.request.async.WebAsyncManagerIntegrationFilter@52f43225, org.springframework.security.web.context.SecurityContextPersistenceFilter@5613247e, org.springframework.security.web.header.HeaderWriterFilter@12f8682a, org.springframework.security.web.authentication.logout.LogoutFilter@2d07aacc, FilterChainProxy[Filter Chains: [[ Ant [pattern='/saml/metadata/**'], [org.springframework.security.saml.metadata.MetadataDisplayFilter@3212d853]], [ Ant [pattern='/saml/login/**'], [esmo.test.ap.apms.SamlWithRelayStateEntryPoint@74c7522c]], [ Ant [pattern='/saml/SSO/**'], [org.springframework.security.saml.SAMLProcessingFilter@77c23d90]], [ Ant [pattern='/saml/logout/**'], [org.springframework.security.saml.SAMLLogoutFilter@6d17914a]], [ Ant [pattern='/saml/SingleLogout/**'], [org.springframework.security.saml.SAMLLogoutProcessingFilter@49631cfb]]]], org.springframework.security.web.savedrequest.RequestCacheAwareFilter@9e50283, org.springframework.security.web.servletapi.SecurityContextHolderAwareRequestFilter@2fb48970, org.springframework.security.web.authentication.AnonymousAuthenticationFilter@55d1f065, org.springframework.security.web.session.SessionManagementFilter@7752c0e7, org.springframework.security.web.access.ExceptionTranslationFilter@31b6b0c7, org.springframework.security.web.access.intercept.FilterSecurityInterceptor@139089a4]
2019-06-16 21:55:58,544 INFO org.springframework.boot.StartupInfoLogger [main] Started ApmsApplicationTests in 6.255 seconds (JVM running for 8.225)
2019-06-16 21:55:58,575 INFO org.springframework.test.context.support.AbstractTestContextBootstrapper [main] Neither @ContextConfiguration nor @ContextHierarchy found for test class [esmo.test.ap.apms.integration.TestSessisonManagerConnection], using SpringBootContextLoader
2019-06-16 21:55:58,577 INFO org.springframework.test.context.support.AbstractContextLoader [main] Could not detect default resource locations for test class [esmo.test.ap.apms.integration.TestSessisonManagerConnection]: no resource found for suffixes {-context.xml, Context.groovy}.
2019-06-16 21:55:58,595 INFO org.springframework.test.context.support.AbstractTestContextBootstrapper [main] Loaded default TestExecutionListener class names from location [META-INF/spring.factories]: [org.springframework.boot.test.mock.mockito.MockitoTestExecutionListener, org.springframework.boot.test.mock.mockito.ResetMocksTestExecutionListener, org.springframework.boot.test.autoconfigure.restdocs.RestDocsTestExecutionListener, org.springframework.boot.test.autoconfigure.web.client.MockRestServiceServerResetTestExecutionListener, org.springframework.boot.test.autoconfigure.web.servlet.MockMvcPrintOnlyOnFailureTestExecutionListener, org.springframework.boot.test.autoconfigure.web.servlet.WebDriverTestExecutionListener, org.springframework.test.context.web.ServletTestExecutionListener, org.springframework.test.context.support.DirtiesContextBeforeModesTestExecutionListener, org.springframework.test.context.support.DependencyInjectionTestExecutionListener, org.springframework.test.context.support.DirtiesContextTestExecutionListener, org.springframework.test.context.transaction.TransactionalTestExecutionListener, org.springframework.test.context.jdbc.SqlScriptsTestExecutionListener]
2019-06-16 21:55:58,597 INFO org.springframework.test.context.support.AbstractTestContextBootstrapper [main] Using TestExecutionListeners: [org.springframework.test.context.web.ServletTestExecutionListener@11228bee, org.springframework.test.context.support.DirtiesContextBeforeModesTestExecutionListener@7d626f2, org.springframework.boot.test.mock.mockito.MockitoTestExecutionListener@460f1cdb, org.springframework.boot.test.autoconfigure.SpringBootDependencyInjectionTestExecutionListener@31e7afde, org.springframework.test.context.support.DirtiesContextTestExecutionListener@349f3ff7, org.springframework.boot.test.mock.mockito.ResetMocksTestExecutionListener@2487e20, org.springframework.boot.test.autoconfigure.restdocs.RestDocsTestExecutionListener@3c9f4376, org.springframework.boot.test.autoconfigure.web.client.MockRestServiceServerResetTestExecutionListener@308a9264, org.springframework.boot.test.autoconfigure.web.servlet.MockMvcPrintOnlyOnFailureTestExecutionListener@7da77305, org.springframework.boot.test.autoconfigure.web.servlet.WebDriverTestExecutionListener@3cdfbbef]
2019-06-16 21:55:58,629 INFO org.springframework.boot.StartupInfoLogger [main] Starting TestSessisonManagerConnection on nikos-Lenovo-V310-15IKB with PID 26439 (started by nikos in /home/nikos/NetBeansProjects/ESMO-AP-TEST)
2019-06-16 21:55:58,629 INFO org.springframework.boot.SpringApplication [main] The following profiles are active: test
2019-06-16 21:55:59,169 INFO com.google.code.ssm.config.DefaultAddressProvider [main] Defined values 172.17.0.1:11211 will be used as memcached addresses
2019-06-16 21:55:59,462 INFO org.opensaml.saml2.metadata.provider.AbstractReloadingMetadataProvider [main] New metadata succesfully loaded for 'https://idp.aegean.gr/idp/shibboleth'
2019-06-16 21:55:59,463 INFO org.opensaml.saml2.metadata.provider.AbstractReloadingMetadataProvider [main] Next refresh cycle for metadata provider 'https://idp.aegean.gr/idp/shibboleth' will occur on '2019-06-16T21:55:59.296Z' ('2019-06-17T00:55:59.296+03:00' local time)
2019-06-16 21:55:59,473 INFO esmo.test.ap.apms.SamlSecurityConfig [main] Using SAMLContextProviderLB implementation of SAMLContextProvider for context provider bean.
2019-06-16 21:55:59,473 INFO esmo.test.ap.apms.SamlSecurityConfig [main] Setting the load balancer scheme to https
2019-06-16 21:55:59,473 INFO esmo.test.ap.apms.SamlSecurityConfig [main] Setting the load balancer server name to serverName
2019-06-16 21:55:59,474 INFO esmo.test.ap.apms.SamlSecurityConfig [main] Setting the load balancer context path to /grap
2019-06-16 21:55:59,475 INFO esmo.test.ap.apms.SamlSecurityConfig [main] Setting the load balancer port to 443
2019-06-16 21:55:59,475 INFO esmo.test.ap.apms.SamlSecurityConfig [main] Setting whether to include the server port in the request URL to false
2019-06-16 21:55:59,505 INFO org.springframework.security.web.DefaultSecurityFilterChain [main] Creating filter chain: Ant [pattern='/saml/metadata/**'], [org.springframework.security.saml.metadata.MetadataDisplayFilter@7037a680]
2019-06-16 21:55:59,506 INFO org.springframework.security.web.DefaultSecurityFilterChain [main] Creating filter chain: Ant [pattern='/saml/login/**'], [esmo.test.ap.apms.SamlWithRelayStateEntryPoint@492c8137]
2019-06-16 21:55:59,506 INFO org.springframework.security.web.DefaultSecurityFilterChain [main] Creating filter chain: Ant [pattern='/saml/SSO/**'], [org.springframework.security.saml.SAMLProcessingFilter@420b55ed]
2019-06-16 21:55:59,507 INFO org.springframework.security.web.DefaultSecurityFilterChain [main] Creating filter chain: Ant [pattern='/saml/logout/**'], [org.springframework.security.saml.SAMLLogoutFilter@f237ae7]
2019-06-16 21:55:59,507 INFO org.springframework.security.web.DefaultSecurityFilterChain [main] Creating filter chain: Ant [pattern='/saml/SingleLogout/**'], [org.springframework.security.saml.SAMLLogoutProcessingFilter@42edde25]
2019-06-16 21:55:59,572 INFO org.springframework.scheduling.concurrent.ExecutorConfigurationSupport [main] Initializing ExecutorService 'applicationTaskExecutor'
2019-06-16 21:55:59,654 INFO org.springframework.security.web.DefaultSecurityFilterChain [main] Creating filter chain: any request, [org.springframework.security.saml.metadata.MetadataGeneratorFilter@9cc0505, org.springframework.security.web.context.request.async.WebAsyncManagerIntegrationFilter@645d4639, org.springframework.security.web.context.SecurityContextPersistenceFilter@4df7b4ac, org.springframework.security.web.header.HeaderWriterFilter@b56c222, org.springframework.security.web.authentication.logout.LogoutFilter@1ae9d0e4, FilterChainProxy[Filter Chains: [[ Ant [pattern='/saml/metadata/**'], [org.springframework.security.saml.metadata.MetadataDisplayFilter@7037a680]], [ Ant [pattern='/saml/login/**'], [esmo.test.ap.apms.SamlWithRelayStateEntryPoint@492c8137]], [ Ant [pattern='/saml/SSO/**'], [org.springframework.security.saml.SAMLProcessingFilter@420b55ed]], [ Ant [pattern='/saml/logout/**'], [org.springframework.security.saml.SAMLLogoutFilter@f237ae7]], [ Ant [pattern='/saml/SingleLogout/**'], [org.springframework.security.saml.SAMLLogoutProcessingFilter@42edde25]]]], org.springframework.security.web.savedrequest.RequestCacheAwareFilter@7c47e077, org.springframework.security.web.servletapi.SecurityContextHolderAwareRequestFilter@41bd6a0f, org.springframework.security.web.authentication.AnonymousAuthenticationFilter@8ee03f5, org.springframework.security.web.session.SessionManagementFilter@5a2035e1, org.springframework.security.web.access.ExceptionTranslationFilter@15a484a9, org.springframework.security.web.access.intercept.FilterSecurityInterceptor@50f05307]
2019-06-16 21:55:59,705 INFO org.springframework.mock.web.MockServletContext [main] Initializing Spring TestDispatcherServlet ''
2019-06-16 21:55:59,705 INFO org.springframework.web.servlet.FrameworkServlet [main] Initializing Servlet ''
2019-06-16 21:55:59,723 INFO org.springframework.web.servlet.FrameworkServlet [main] Completed initialization in 18 ms
2019-06-16 21:55:59,745 INFO org.springframework.boot.StartupInfoLogger [main] Started TestSessisonManagerConnection in 1.146 seconds (JVM running for 9.426)
2019-06-16 21:56:01,839 INFO org.springframework.scheduling.concurrent.ExecutorConfigurationSupport [Thread-6] Shutting down ExecutorService 'applicationTaskExecutor'
2019-06-16 21:56:01,841 INFO org.springframework.scheduling.concurrent.ExecutorConfigurationSupport [Thread-12] Shutting down ExecutorService 'applicationTaskExecutor'
