2019-04-10 12:39:06,550 INFO org.springframework.boot.StartupInfoLogger [main] Starting TestSessisonManagerConnection on nikos-Lenovo-V310-15IKB with PID 22074 (started by nikos in /home/nikos/NetBeansProjects/ESMO-AP-TEST)
2019-04-10 12:39:06,553 INFO org.springframework.boot.SpringApplication [main] The following profiles are active: test
2019-04-10 12:39:08,824 INFO com.google.code.ssm.config.DefaultAddressProvider [main] Defined values 172.17.0.1:11211 will be used as memcached addresses
2019-04-10 12:39:09,633 INFO org.springframework.scheduling.concurrent.ExecutorConfigurationSupport [main] Initializing ExecutorService 'applicationTaskExecutor'
2019-04-10 12:39:10,214 INFO org.springframework.mock.web.MockServletContext [main] Initializing Spring TestDispatcherServlet ''
2019-04-10 12:39:10,214 INFO org.springframework.web.servlet.FrameworkServlet [main] Initializing Servlet ''
2019-04-10 12:39:10,228 INFO org.springframework.web.servlet.FrameworkServlet [main] Completed initialization in 13 ms
2019-04-10 12:39:10,267 INFO org.springframework.boot.StartupInfoLogger [main] Started TestSessisonManagerConnection in 4.257 seconds (JVM running for 5.523)
2019-04-10 12:39:11,615 INFO org.springframework.scheduling.concurrent.ExecutorConfigurationSupport [Thread-4] Shutting down ExecutorService 'applicationTaskExecutor'
2019-04-10 12:43:05,573 INFO org.springframework.boot.StartupInfoLogger [main] Starting TestSessisonManagerConnection on nikos-Lenovo-V310-15IKB with PID 23415 (started by nikos in /home/nikos/NetBeansProjects/ESMO-AP-TEST)
2019-04-10 12:43:05,575 INFO org.springframework.boot.SpringApplication [main] The following profiles are active: test
2019-04-10 12:43:07,693 INFO com.google.code.ssm.config.DefaultAddressProvider [main] Defined values 172.17.0.1:11211 will be used as memcached addresses
2019-04-10 12:43:08,439 INFO org.springframework.scheduling.concurrent.ExecutorConfigurationSupport [main] Initializing ExecutorService 'applicationTaskExecutor'
2019-04-10 12:43:08,861 INFO org.springframework.mock.web.MockServletContext [main] Initializing Spring TestDispatcherServlet ''
2019-04-10 12:43:08,862 INFO org.springframework.web.servlet.FrameworkServlet [main] Initializing Servlet ''
2019-04-10 12:43:08,877 INFO org.springframework.web.servlet.FrameworkServlet [main] Completed initialization in 15 ms
2019-04-10 12:43:08,912 INFO org.springframework.boot.StartupInfoLogger [main] Started TestSessisonManagerConnection in 3.952 seconds (JVM running for 5.042)
2019-04-10 12:43:10,134 INFO org.springframework.scheduling.concurrent.ExecutorConfigurationSupport [Thread-4] Shutting down ExecutorService 'applicationTaskExecutor'
2019-04-10 12:45:53,737 INFO org.springframework.boot.StartupInfoLogger [main] Starting TestSessisonManagerConnection on nikos-Lenovo-V310-15IKB with PID 24204 (started by nikos in /home/nikos/NetBeansProjects/ESMO-AP-TEST)
2019-04-10 12:45:53,740 INFO org.springframework.boot.SpringApplication [main] The following profiles are active: test
2019-04-10 12:45:55,970 INFO com.google.code.ssm.config.DefaultAddressProvider [main] Defined values 172.17.0.1:11211 will be used as memcached addresses
2019-04-10 12:45:56,714 INFO org.springframework.scheduling.concurrent.ExecutorConfigurationSupport [main] Initializing ExecutorService 'applicationTaskExecutor'
2019-04-10 12:45:57,109 INFO org.springframework.mock.web.MockServletContext [main] Initializing Spring TestDispatcherServlet ''
2019-04-10 12:45:57,109 INFO org.springframework.web.servlet.FrameworkServlet [main] Initializing Servlet ''
2019-04-10 12:45:57,123 INFO org.springframework.web.servlet.FrameworkServlet [main] Completed initialization in 13 ms
2019-04-10 12:45:57,159 INFO org.springframework.boot.StartupInfoLogger [main] Started TestSessisonManagerConnection in 4.08 seconds (JVM running for 5.309)
2019-04-10 12:45:58,151 INFO org.springframework.scheduling.concurrent.ExecutorConfigurationSupport [Thread-4] Shutting down ExecutorService 'applicationTaskExecutor'
2019-04-10 12:49:48,906 INFO org.springframework.boot.StartupInfoLogger [main] Starting TestSessisonManagerConnection on nikos-Lenovo-V310-15IKB with PID 25154 (started by nikos in /home/nikos/NetBeansProjects/ESMO-AP-TEST)
2019-04-10 12:49:48,909 INFO org.springframework.boot.SpringApplication [main] The following profiles are active: test
2019-04-10 12:49:51,227 INFO com.google.code.ssm.config.DefaultAddressProvider [main] Defined values 172.17.0.1:11211 will be used as memcached addresses
2019-04-10 12:49:51,917 INFO org.springframework.scheduling.concurrent.ExecutorConfigurationSupport [main] Initializing ExecutorService 'applicationTaskExecutor'
2019-04-10 12:49:52,375 INFO org.springframework.mock.web.MockServletContext [main] Initializing Spring TestDispatcherServlet ''
2019-04-10 12:49:52,375 INFO org.springframework.web.servlet.FrameworkServlet [main] Initializing Servlet ''
2019-04-10 12:49:52,392 INFO org.springframework.web.servlet.FrameworkServlet [main] Completed initialization in 16 ms
2019-04-10 12:49:52,428 INFO org.springframework.boot.StartupInfoLogger [main] Started TestSessisonManagerConnection in 3.983 seconds (JVM running for 5.184)
2019-04-10 12:49:53,760 INFO org.springframework.scheduling.concurrent.ExecutorConfigurationSupport [Thread-4] Shutting down ExecutorService 'applicationTaskExecutor'
2019-04-10 12:58:06,161 INFO org.springframework.boot.StartupInfoLogger [main] Starting TestSessisonManagerConnection on nikos-Lenovo-V310-15IKB with PID 25483 (started by nikos in /home/nikos/NetBeansProjects/ESMO-AP-TEST)
2019-04-10 12:58:06,165 INFO org.springframework.boot.SpringApplication [main] The following profiles are active: test
2019-04-10 12:58:08,259 INFO com.google.code.ssm.config.DefaultAddressProvider [main] Defined values 172.17.0.1:11211 will be used as memcached addresses
2019-04-10 12:58:08,949 INFO org.springframework.scheduling.concurrent.ExecutorConfigurationSupport [main] Initializing ExecutorService 'applicationTaskExecutor'
2019-04-10 12:58:09,476 INFO org.springframework.mock.web.MockServletContext [main] Initializing Spring TestDispatcherServlet ''
2019-04-10 12:58:09,477 INFO org.springframework.web.servlet.FrameworkServlet [main] Initializing Servlet ''
2019-04-10 12:58:09,496 INFO org.springframework.web.servlet.FrameworkServlet [main] Completed initialization in 18 ms
2019-04-10 12:58:09,537 INFO org.springframework.boot.StartupInfoLogger [main] Started TestSessisonManagerConnection in 3.988 seconds (JVM running for 5.047)
2019-04-10 12:58:10,735 INFO org.springframework.scheduling.concurrent.ExecutorConfigurationSupport [Thread-4] Shutting down ExecutorService 'applicationTaskExecutor'
2019-04-10 13:05:03,946 INFO org.springframework.boot.StartupInfoLogger [main] Starting TestMinEduService on nikos-Lenovo-V310-15IKB with PID 25794 (started by nikos in /home/nikos/NetBeansProjects/ESMO-AP-TEST)
2019-04-10 13:05:03,949 INFO org.springframework.boot.SpringApplication [main] No active profile set, falling back to default profiles: default
2019-04-10 13:05:05,382 INFO com.google.code.ssm.config.DefaultAddressProvider [main] Defined values 172.17.0.1:11211 will be used as memcached addresses
2019-04-10 13:05:06,174 INFO org.springframework.scheduling.concurrent.ExecutorConfigurationSupport [main] Initializing ExecutorService 'applicationTaskExecutor'
2019-04-10 13:05:06,548 INFO org.springframework.boot.StartupInfoLogger [main] Started TestMinEduService in 2.954 seconds (JVM running for 3.757)
2019-04-10 13:05:06,699 INFO esmo.test.ap.apms.service.impl.MinEduServiceImpl [main] will get toke from theurl: https://validation.interoperability.gr:9443/OAUTH2Proxy_1.0.0/services/oauthproxy/authorization/token
2019-04-10 13:05:13,503 INFO esmo.test.ap.apms.service.impl.MinEduServiceImpl [main] retrieved token 58097205-b0e6-36ad-95a0-d3710c013a50
2019-04-10 13:05:13,508 INFO esmo.test.ap.apms.service.impl.MinEduServiceImpl [main] querying for academicId 200260674408
2019-04-10 13:05:15,247 INFO esmo.test.ap.apms.service.impl.MinEduServiceImpl [main] MinEduLog {minEduSessionId:7b925a68-ad9a-4769-bcac-53f89db74987, selectedUniversity:, responseTimeStamp:2019-04-10T13:05:00+03:00, recievedTimeStamp:2019-04-10T13:05:15.245+03:00, esmoSessionId:esmoSession}
2019-04-10 13:05:15,254 INFO esmo.test.ap.apms.service.impl.MinEduServiceImpl [main] will get toke from theurl: https://validation.interoperability.gr:9443/OAUTH2Proxy_1.0.0/services/oauthproxy/authorization/token
2019-04-10 13:05:16,488 INFO esmo.test.ap.apms.service.impl.MinEduServiceImpl [main] retrieved token 58097205-b0e6-36ad-95a0-d3710c013a50
2019-04-10 13:05:16,498 INFO esmo.test.ap.apms.service.impl.MinEduServiceImpl [main] querying for academicId 200260674408
2019-04-10 13:05:17,379 INFO esmo.test.ap.apms.service.impl.MinEduServiceImpl [main] MinEduLog {minEduSessionId:59e0c22b-12d3-4fc8-a14c-35d92b353933, selectedUniversity:, responseTimeStamp:2019-04-10T13:05:00+03:00, recievedTimeStamp:2019-04-10T13:05:17.378+03:00, esmoSessionId:esmoSession}
2019-04-10 13:05:17,399 INFO esmo.test.ap.apms.service.impl.MinEduServiceImpl [main] will get toke from theurl: https://validation.interoperability.gr:9443/OAUTH2Proxy_1.0.0/services/oauthproxy/authorization/token
2019-04-10 13:05:18,590 INFO esmo.test.ap.apms.service.impl.MinEduServiceImpl [main] retrieved token 58097205-b0e6-36ad-95a0-d3710c013a50
2019-04-10 13:05:18,590 INFO esmo.test.ap.apms.service.impl.MinEduServiceImpl [main] querying for amka 05108304675
2019-04-10 13:05:18,591 INFO esmo.test.ap.apms.service.impl.MinEduServiceImpl [main] will query amka in theurl: https://gateway.interoperability.gr/academicId/1.0.1/student/05108304675?fields=academicID&username=uaegean&password=k6v5sS4l1s!%
2019-04-10 13:05:19,411 INFO esmo.test.ap.apms.service.impl.MinEduServiceImpl [main] result 200260674408
2019-04-10 13:05:19,413 INFO esmo.test.ap.apms.service.impl.MinEduServiceImpl [main] MinEduLog {minEduSessionId:842f8c0a-99e1-42d5-bc16-66d56a992628, selectedUniversity:, responseTimeStamp:2019-04-10T13:05:00+03:00, recievedTimeStamp:2019-04-10T13:05:19.413+03:00, esmoSessionId:esmoSession}
2019-04-10 13:05:19,425 INFO esmo.test.ap.apms.service.impl.MinEduServiceImpl [main] will get toke from theurl: https://validation.interoperability.gr:9443/OAUTH2Proxy_1.0.0/services/oauthproxy/authorization/token
2019-04-10 13:05:20,804 INFO esmo.test.ap.apms.service.impl.MinEduServiceImpl [main] retrieved token 58097205-b0e6-36ad-95a0-d3710c013a50
2019-04-10 13:05:20,805 INFO esmo.test.ap.apms.service.impl.MinEduServiceImpl [main] querying for amka 05108304675
2019-04-10 13:05:20,807 INFO esmo.test.ap.apms.service.impl.MinEduServiceImpl [main] will query amka in theurl: https://gateway.interoperability.gr/academicId/1.0.1/student/05108304675?fields=academicID&username=uaegean&password=k6v5sS4l1s!%
2019-04-10 13:05:21,559 INFO esmo.test.ap.apms.service.impl.MinEduServiceImpl [main] result 200260674408
2019-04-10 13:05:21,561 INFO esmo.test.ap.apms.service.impl.MinEduServiceImpl [main] MinEduLog {minEduSessionId:62aab26c-2044-4335-b3fd-83e34d2206a8, selectedUniversity:, responseTimeStamp:2019-04-10T13:05:00+03:00, recievedTimeStamp:2019-04-10T13:05:21.561+03:00, esmoSessionId:esmoSession}
2019-04-10 13:05:21,618 INFO org.springframework.test.context.support.AbstractTestContextBootstrapper [main] Neither @ContextConfiguration nor @ContextHierarchy found for test class [esmo.test.ap.apms.ApmsApplicationTests], using SpringBootContextLoader
2019-04-10 13:05:21,619 INFO org.springframework.test.context.support.AbstractContextLoader [main] Could not detect default resource locations for test class [esmo.test.ap.apms.ApmsApplicationTests]: no resource found for suffixes {-context.xml, Context.groovy}.
2019-04-10 13:05:21,620 INFO org.springframework.test.context.support.AnnotationConfigContextLoaderUtils [main] Could not detect default configuration classes for test class [esmo.test.ap.apms.ApmsApplicationTests]: ApmsApplicationTests does not declare any static, non-private, non-final, nested classes annotated with @Configuration.
2019-04-10 13:05:21,632 INFO org.springframework.boot.test.context.SpringBootTestContextBootstrapper [main] Found @SpringBootConfiguration esmo.test.ap.apms.ApmsApplication for test class esmo.test.ap.apms.ApmsApplicationTests
2019-04-10 13:05:21,634 INFO org.springframework.test.context.support.AbstractTestContextBootstrapper [main] Loaded default TestExecutionListener class names from location [META-INF/spring.factories]: [org.springframework.boot.test.mock.mockito.MockitoTestExecutionListener, org.springframework.boot.test.mock.mockito.ResetMocksTestExecutionListener, org.springframework.boot.test.autoconfigure.restdocs.RestDocsTestExecutionListener, org.springframework.boot.test.autoconfigure.web.client.MockRestServiceServerResetTestExecutionListener, org.springframework.boot.test.autoconfigure.web.servlet.MockMvcPrintOnlyOnFailureTestExecutionListener, org.springframework.boot.test.autoconfigure.web.servlet.WebDriverTestExecutionListener, org.springframework.test.context.web.ServletTestExecutionListener, org.springframework.test.context.support.DirtiesContextBeforeModesTestExecutionListener, org.springframework.test.context.support.DependencyInjectionTestExecutionListener, org.springframework.test.context.support.DirtiesContextTestExecutionListener, org.springframework.test.context.transaction.TransactionalTestExecutionListener, org.springframework.test.context.jdbc.SqlScriptsTestExecutionListener]
2019-04-10 13:05:21,636 INFO org.springframework.test.context.support.AbstractTestContextBootstrapper [main] Using TestExecutionListeners: [org.springframework.test.context.web.ServletTestExecutionListener@748d2277, org.springframework.test.context.support.DirtiesContextBeforeModesTestExecutionListener@2f897dab, org.springframework.boot.test.mock.mockito.MockitoTestExecutionListener@d5d5353, org.springframework.boot.test.autoconfigure.SpringBootDependencyInjectionTestExecutionListener@242b6e1a, org.springframework.test.context.support.DirtiesContextTestExecutionListener@39a87e72, org.springframework.boot.test.mock.mockito.ResetMocksTestExecutionListener@5d2828c9, org.springframework.boot.test.autoconfigure.restdocs.RestDocsTestExecutionListener@3a082ff4, org.springframework.boot.test.autoconfigure.web.client.MockRestServiceServerResetTestExecutionListener@45acdd11, org.springframework.boot.test.autoconfigure.web.servlet.MockMvcPrintOnlyOnFailureTestExecutionListener@3f0d6038, org.springframework.boot.test.autoconfigure.web.servlet.WebDriverTestExecutionListener@237f7970]
2019-04-10 13:05:21,693 INFO org.springframework.boot.StartupInfoLogger [main] Starting ApmsApplicationTests on nikos-Lenovo-V310-15IKB with PID 25794 (started by nikos in /home/nikos/NetBeansProjects/ESMO-AP-TEST)
2019-04-10 13:05:21,693 INFO org.springframework.boot.SpringApplication [main] The following profiles are active: test
2019-04-10 13:05:22,247 INFO com.google.code.ssm.config.DefaultAddressProvider [main] Defined values 172.17.0.1:11211 will be used as memcached addresses
2019-04-10 13:05:22,564 INFO org.springframework.scheduling.concurrent.ExecutorConfigurationSupport [main] Initializing ExecutorService 'applicationTaskExecutor'
2019-04-10 13:05:22,793 INFO org.springframework.boot.StartupInfoLogger [main] Started ApmsApplicationTests in 1.146 seconds (JVM running for 20.002)
2019-04-10 13:05:22,800 INFO org.springframework.test.context.support.AbstractTestContextBootstrapper [main] Neither @ContextConfiguration nor @ContextHierarchy found for test class [esmo.test.ap.apms.integration.TestSessisonManagerConnection], using SpringBootContextLoader
2019-04-10 13:05:22,801 INFO org.springframework.test.context.support.AbstractContextLoader [main] Could not detect default resource locations for test class [esmo.test.ap.apms.integration.TestSessisonManagerConnection]: no resource found for suffixes {-context.xml, Context.groovy}.
2019-04-10 13:05:22,813 INFO org.springframework.test.context.support.AbstractTestContextBootstrapper [main] Loaded default TestExecutionListener class names from location [META-INF/spring.factories]: [org.springframework.boot.test.mock.mockito.MockitoTestExecutionListener, org.springframework.boot.test.mock.mockito.ResetMocksTestExecutionListener, org.springframework.boot.test.autoconfigure.restdocs.RestDocsTestExecutionListener, org.springframework.boot.test.autoconfigure.web.client.MockRestServiceServerResetTestExecutionListener, org.springframework.boot.test.autoconfigure.web.servlet.MockMvcPrintOnlyOnFailureTestExecutionListener, org.springframework.boot.test.autoconfigure.web.servlet.WebDriverTestExecutionListener, org.springframework.test.context.web.ServletTestExecutionListener, org.springframework.test.context.support.DirtiesContextBeforeModesTestExecutionListener, org.springframework.test.context.support.DependencyInjectionTestExecutionListener, org.springframework.test.context.support.DirtiesContextTestExecutionListener, org.springframework.test.context.transaction.TransactionalTestExecutionListener, org.springframework.test.context.jdbc.SqlScriptsTestExecutionListener]
2019-04-10 13:05:22,815 INFO org.springframework.test.context.support.AbstractTestContextBootstrapper [main] Using TestExecutionListeners: [org.springframework.test.context.web.ServletTestExecutionListener@f0020b1, org.springframework.test.context.support.DirtiesContextBeforeModesTestExecutionListener@759de304, org.springframework.boot.test.mock.mockito.MockitoTestExecutionListener@5649d11a, org.springframework.boot.test.autoconfigure.SpringBootDependencyInjectionTestExecutionListener@294f9d50, org.springframework.test.context.support.DirtiesContextTestExecutionListener@27443560, org.springframework.boot.test.mock.mockito.ResetMocksTestExecutionListener@3ddb774f, org.springframework.boot.test.autoconfigure.restdocs.RestDocsTestExecutionListener@2582b0ef, org.springframework.boot.test.autoconfigure.web.client.MockRestServiceServerResetTestExecutionListener@70721c12, org.springframework.boot.test.autoconfigure.web.servlet.MockMvcPrintOnlyOnFailureTestExecutionListener@769bd849, org.springframework.boot.test.autoconfigure.web.servlet.WebDriverTestExecutionListener@101ca8da]
2019-04-10 13:05:22,838 INFO org.springframework.boot.StartupInfoLogger [main] Starting TestSessisonManagerConnection on nikos-Lenovo-V310-15IKB with PID 25794 (started by nikos in /home/nikos/NetBeansProjects/ESMO-AP-TEST)
2019-04-10 13:05:22,839 INFO org.springframework.boot.SpringApplication [main] The following profiles are active: test
2019-04-10 13:05:23,094 INFO com.google.code.ssm.config.DefaultAddressProvider [main] Defined values 172.17.0.1:11211 will be used as memcached addresses
2019-04-10 13:05:23,367 INFO org.springframework.scheduling.concurrent.ExecutorConfigurationSupport [main] Initializing ExecutorService 'applicationTaskExecutor'
2019-04-10 13:05:23,623 INFO org.springframework.mock.web.MockServletContext [main] Initializing Spring TestDispatcherServlet ''
2019-04-10 13:05:23,624 INFO org.springframework.web.servlet.FrameworkServlet [main] Initializing Servlet ''
2019-04-10 13:05:23,639 INFO org.springframework.web.servlet.FrameworkServlet [main] Completed initialization in 15 ms
2019-04-10 13:05:23,655 INFO org.springframework.boot.StartupInfoLogger [main] Started TestSessisonManagerConnection in 0.838 seconds (JVM running for 20.864)
2019-04-10 13:05:25,604 INFO com.google.code.ssm.spring.SSMCache [main] Put '{"code":"OK","sessionData":{"sessionId":"76dc33b1-a5e5-4bcd-b871-7b5decbcd2f8","sessionVariables":{"authenticationSet":"{\"id\":\"id\",\"type\":\"Response\",\"issuer\":\"issuer\",\"recipient\":\"recipient\",\"attributes\":[{\"name\":\"http://eidas.europa.eu/attributes/naturalperson/CurrentFamilyName\",\"friendlyName\":\"FamilyName\",\"encoding\":\"UTF-8\",\"language\":\"N/A\",\"isMandatory\":true,\"values\":[\"TRIANTAFYLLOU\"]},{\"name\":\"http://eidas.europa.eu/attributes/naturalperson/CurrentGivenName\",\"friendlyName\":\"FirstName\",\"encoding\":\"UTF-8\",\"language\":\"N/A\",\"isMandatory\":true,\"values\":[\"NIKOLAOS\"]},{\"name\":\"http://eidas.europa.eu/attributes/naturalperson/DateOfBirth\",\"friendlyName\":\"DateOfBirth\",\"encoding\":\"UTF-8\",\"language\":\"N/A\",\"isMandatory\":true,\"values\":[\"1983-10-05\"]},{\"name\":\"http://eidas.europa.eu/attributes/naturalperson/PersonIdentifier\",\"friendlyName\":\"PersonIdentifier\",\"encoding\":\"UTF-8\",\"language\":\"N/A\",\"isMandatory\":true,\"values\":[\"CA/CA/Cph123456\"]}],\"properties\":{\"NameID\":\"CA/CA/Cph123456\",\"levelOfAssurance\":\"http://eidas.europa.eu/LoA/low\"},\"inResponseTo\":null,\"loa\":\"low\",\"notBefore\":null,\"notAfter\":null,\"status\":{\"code\":\"OK\",\"subcode\":null,\"message\":null}}","apRequest":" { \"issuer\" : \"https://uaegen.gr/ap/123/metadata.xml\", \"type\" : \"Response\", \"recipient\" : \"https://esmo.uji.es/gw/saml/sp/metadata.xml\", \"id\" : \"6c0f70a8-f32b-4535-b5f6-0d596c52813a\", \"status\": { \"code\": \"OK\", \"subcode\": \"200\", \"message\": \"IMOKUROK\" }, \"attributes\" : [ { \"name\":\"https://software.internet2.edu/eduperson/internet2-mace-dir-eduperson-201602.html#eduPersonPrimaryAffiliation\", \"friendlyName\":\"eduPersonPrimaryAffiliation\", \"encoding\":\"UTF-8\", \"language\":null, \"isMandatory\":false, \"values\": [\"student\"] }, { \"name\":\"https://wiki.refeds.org/download/attachments/1606048/schac-20150413-1.5.0.schema.txt?version=1&modificationDate=1429044813839&api=v2#schacHomeOrganization\", \"friendlyName\":\"schacHomeOrganization\", \"encoding\":\"UTF-8\", \"language\":null, \"isMandatory\":false, \"values\": [\"aegean.gr\"] } ], \"properties\" :  { \"inResponseTo\":\"9c0f30a8-f32b-4636-b5f6-0d596c42424a\" }  }","spMetaData":"{\"entityId\":\"https:\\/\\/clave.sir2.rediris.es\\/module.php\\/saml\\/sp\\/saml2-acs.php\\/q2891006e_ea0002678\",\"defaultDisplayName\":null,\"displayNames\":null,\"logo\":null,\"location\":null,\"protocol\":null,\"claims\":null,\"microservice\":[\"SAMLms_0001\"],\"encryptResponses\":false,\"supportedEncryptionAlg\":[null],\"signResponses\":null,\"supportedSigningAlg\":[null],\"endpoints\":[{\"type\":\"AssertionConsumerService\",\"method\":\"urn:oasis:names:tc:SAML:2.0:bindings:HTTP-POST\",\"url\":\"http:\\/\\/lab9054.inv.uji.es\\/~paco\\/clave\\/secure.php\"}],\"securityKeys\":[{\"keyType\":\"X509Certificate\",\"usage\":\"encryption\",\"key\":\"MIIDODCCAqGgAwIBAgIJAMqU+wr6z\\/l5MA0GCSqGSIb3DQEBCwUAMIG0MRUwEwYKCZImiZPyLGQBGRYFY2xhdmUxFDASBgoJkiaJk\\/IsZAEZFgRzaXIyMRcwFQYKCZImiZPyLGQBGRYHcmVkaXJpczESMBAGCgmSJomT8ixkARkWAmVzMR4wHAYDVQQKDBVjbGF2ZS5zaXIyLnJlZGlyaXMuZXMxGDAWBgNVBAsMD0NlcnRpZmljYWRvIFNQVDEeMBwGA1UEAwwVY2xhdmUuc2lyMi5yZWRpcmlzLmVzMB4XDTE1MDkwMjExNTI0MVoXDTI1MDkwMTExNTI0MVowgbQxFTATBgoJkiaJk\\/IsZAEZFgVjbGF2ZTEUMBIGCgmSJomT8ixkARkWBHNpcjIxFzAVBgoJkiaJk\\/IsZAEZFgdyZWRpcmlzMRIwEAYKCZImiZPyLGQBGRYCZXMxHjAcBgNVBAoMFWNsYXZlLnNpcjIucmVkaXJpcy5lczEYMBYGA1UECwwPQ2VydGlmaWNhZG8gU1BUMR4wHAYDVQQDDBVjbGF2ZS5zaXIyLnJlZGlyaXMuZXMwgZ8wDQYJKoZIhvcNAQEBBQADgY0AMIGJAoGBAOtBus8tyx2JFH4ILKRfvnJ+Eyb0UG1wOZm0hMutS0MvNQuvBZVytR8lVMFqlRX7U1+FP6O10c2GDniuom3v01uq2guHlu8omR3Tj54ySJf4y7m4b42i8iU+uy3ZK7voPHcyB\\/zKEDnDxVc5KmtioLuk\\/3M9Ofz+Xsed3yCCfMb1AgMBAAGjUDBOMB0GA1UdDgQWBBSSe7SJPTtSLi+ObAQD\\/8QhvORUPzAfBgNVHSMEGDAWgBSSe7SJPTtSLi+ObAQD\\/8QhvORUPzAMBgNVHRMEBTADAQH\\/MA0GCSqGSIb3DQEBCwUAA4GBAF7Md4GMmPl92hUBq1LOOM4Jl6J\\/nHSYLkb3SYvQUyiHOcsU2NaXCg6QlrJf9T+kG3XdAv550cNhLtkbiF2stnQByX1OHPY9kIudyQ3\\/c7DHFRfi3kkBzL4T1AGdn9PvzpQGtDL3owLsI3H5smfhA8ApogJkB5C7gzj6U9m1ZAYz\"},{\"keyType\":\"X509Certificate\",\"usage\":\"signing\",\"key\":\"MIIDODCCAqGgAwIBAgIJAMqU+wr6z\\/l5MA0GCSqGSIb3DQEBCwUAMIG0MRUwEwYKCZImiZPyLGQBGRYFY2xhdmUxFDASBgoJkiaJk\\/IsZAEZFgRzaXIyMRcwFQYKCZImiZPyLGQBGRYHcmVkaXJpczESMBAGCgmSJomT8ixkARkWAmVzMR4wHAYDVQQKDBVjbGF2ZS5zaXIyLnJlZGlyaXMuZXMxGDAWBgNVBAsMD0NlcnRpZmljYWRvIFNQVDEeMBwGA1UEAwwVY2xhdmUuc2lyMi5yZWRpcmlzLmVzMB4XDTE1MDkwMjExNTI0MVoXDTI1MDkwMTExNTI0MVowgbQxFTATBgoJkiaJk\\/IsZAEZFgVjbGF2ZTEUMBIGCgmSJomT8ixkARkWBHNpcjIxFzAVBgoJkiaJk\\/IsZAEZFgdyZWRpcmlzMRIwEAYKCZImiZPyLGQBGRYCZXMxHjAcBgNVBAoMFWNsYXZlLnNpcjIucmVkaXJpcy5lczEYMBYGA1UECwwPQ2VydGlmaWNhZG8gU1BUMR4wHAYDVQQDDBVjbGF2ZS5zaXIyLnJlZGlyaXMuZXMwgZ8wDQYJKoZIhvcNAQEBBQADgY0AMIGJAoGBAOtBus8tyx2JFH4ILKRfvnJ+Eyb0UG1wOZm0hMutS0MvNQuvBZVytR8lVMFqlRX7U1+FP6O10c2GDniuom3v01uq2guHlu8omR3Tj54ySJf4y7m4b42i8iU+uy3ZK7voPHcyB\\/zKEDnDxVc5KmtioLuk\\/3M9Ofz+Xsed3yCCfMb1AgMBAAGjUDBOMB0GA1UdDgQWBBSSe7SJPTtSLi+ObAQD\\/8QhvORUPzAfBgNVHSMEGDAWgBSSe7SJPTtSLi+ObAQD\\/8QhvORUPzAMBgNVHRMEBTADAQH\\/MA0GCSqGSIb3DQEBCwUAA4GBAF7Md4GMmPl92hUBq1LOOM4Jl6J\\/nHSYLkb3SYvQUyiHOcsU2NaXCg6QlrJf9T+kG3XdAv550cNhLtkbiF2stnQByX1OHPY9kIudyQ3\\/c7DHFRfi3kkBzL4T1AGdn9PvzpQGtDL3owLsI3H5smfhA8ApogJkB5C7gzj6U9m1ZAYz\"}],\"otherData\":{\"dialect\":\"eidas\",\"subdialect\":\"eidas\",\"spApplication\":\"q12345678a_ea0004242\",\"issuer\":null,\"sign.logout\":null,\"redirect.sign\":null,\"redirect.validate\":null}}","spRequest":"{\"id\":\"_d645d111cf100dfa46ace16ed3b208f0f2e867db83\",\"type\":\"Request\",\"issuer\":\"https:\\/\\/clave.sir2.rediris.es\\/module.php\\/saml\\/sp\\/saml2-acs.php\\/q2891006e_ea0002678\",\"recipient\":null,\"inResponseTo\":null,\"loa\":\"http:\\/\\/eidas.europa.eu\\/LoA\\/low\",\"notBefore\":\"2019-03-05T15:11:41Z\",\"notAfter\":\"2019-03-05T15:16:41Z\",\"status\":{\"code\":null,\"subcode\":null,\"message\":null},\"attributes\":[{\"name\":\"http:\\/\\/eidas.europa.eu\\/attributes\\/naturalperson\\/PersonIdentifier\",\"friendlyName\":\"PersonIdentifier\",\"encoding\":null,\"language\":null,\"isMandatory\":true,\"values\":null},{\"name\":\"http:\\/\\/eidas.europa.eu\\/attributes\\/naturalperson\\/CurrentGivenName\",\"friendlyName\":\"FirstName\",\"encoding\":null,\"language\":null,\"isMandatory\":true,\"values\":null},{\"name\":\"http:\\/\\/eidas.europa.eu\\/attributes\\/naturalperson\\/CurrentFamilyName\",\"friendlyName\":\"FamilyName\",\"encoding\":null,\"language\":null,\"isMandatory\":true,\"values\":null}],\"properties\":{\"SAML_RelayState\":\"\",\"SAML_RemoteSP_RequestId\":\"_193600a923e1959d375e21fb3d216879\",\"SAML_ForceAuthn\":true,\"SAML_isPassive\":false,\"SAML_NameIDFormat\":\"urn:oasis:names:tc:SAML:2.0:nameid-format:persistent\",\"SAML_AllowCreate\":\"true\",\"SAML_ConsumerURL\":\"http:\\/\\/lab9054.inv.uji.es\\/~paco\\/clave\\/secure.php?aaaa=1&bbbb=2\",\"SAML_Binding\":\"urn:oasis:names:tc:SAML:2.0:bindings:HTTP-POST\",\"EIDAS_ProviderName\":\"ojetecalor_uojetecalor\",\"EIDAS_IdFormat\":\"urn:oasis:names:tc:SAML:2.0:nameid-format:persistent\",\"EIDAS_SPType\":\"public\",\"EIDAS_Comparison\":\"minimum\",\"EIDAS_LoA\":\"http:\\/\\/eidas.europa.eu\\/LoA\\/low\",\"EIDAS_country\":null}}","idpRequest":"{\"id\":\"id\",\"type\":\"Request\",\"issuer\":\"ACMms001\",\"recipient\":\"IDPms001\",\"attributes\":[{\"name\":\"someURI\",\"friendlyName\":\"CurrentFamilyName\",\"encoding\":\"UTF-8\",\"language\":\"en\",\"isMandatory\":true,\"values\":[null]},{\"name\":\"someURI\",\"friendlyName\":\"CurrentGivenName\",\"encoding\":\"UTF-8\",\"language\":\"en\",\"isMandatory\":true,\"values\":[null]}],\"properties\":{},\"inResponseTo\":null,\"loa\":\"low\",\"notBefore\":null,\"notAfter\":null,\"status\":null}"}},"additionalData":null,"error":null}' under key 3f9ffa41-c7db-4c65-8468-ac3c158ac1a1 to cache ApMs
2019-04-10 13:05:26,186 INFO org.springframework.scheduling.concurrent.ExecutorConfigurationSupport [Thread-3] Shutting down ExecutorService 'applicationTaskExecutor'
2019-04-10 13:05:26,189 INFO org.springframework.scheduling.concurrent.ExecutorConfigurationSupport [Thread-10] Shutting down ExecutorService 'applicationTaskExecutor'
2019-04-10 13:05:26,190 INFO org.springframework.scheduling.concurrent.ExecutorConfigurationSupport [Thread-6] Shutting down ExecutorService 'applicationTaskExecutor'
2019-04-10 13:06:36,616 INFO org.springframework.boot.StartupInfoLogger [main] Starting TestSessisonManagerConnection on nikos-Lenovo-V310-15IKB with PID 26550 (started by nikos in /home/nikos/NetBeansProjects/ESMO-AP-TEST)
2019-04-10 13:06:36,618 INFO org.springframework.boot.SpringApplication [main] The following profiles are active: test
2019-04-10 13:06:38,314 INFO com.google.code.ssm.config.DefaultAddressProvider [main] Defined values 172.17.0.1:11211 will be used as memcached addresses
2019-04-10 13:06:38,974 INFO org.springframework.scheduling.concurrent.ExecutorConfigurationSupport [main] Initializing ExecutorService 'applicationTaskExecutor'
2019-04-10 13:06:39,325 INFO org.springframework.mock.web.MockServletContext [main] Initializing Spring TestDispatcherServlet ''
2019-04-10 13:06:39,325 INFO org.springframework.web.servlet.FrameworkServlet [main] Initializing Servlet ''
2019-04-10 13:06:39,339 INFO org.springframework.web.servlet.FrameworkServlet [main] Completed initialization in 13 ms
2019-04-10 13:06:39,369 INFO org.springframework.boot.StartupInfoLogger [main] Started TestSessisonManagerConnection in 3.212 seconds (JVM running for 3.993)
2019-04-10 13:06:40,415 INFO org.springframework.scheduling.concurrent.ExecutorConfigurationSupport [Thread-4] Shutting down ExecutorService 'applicationTaskExecutor'
