2019-04-22 08:13:40,344 INFO org.springframework.boot.StartupInfoLogger [main] Starting TestMinEduService on nikos-Lenovo-V310-15IKB with PID 20150 (started by nikos in /home/nikos/NetBeansProjects/ESMO-AP-TEST)
2019-04-22 08:13:40,347 INFO org.springframework.boot.SpringApplication [main] No active profile set, falling back to default profiles: default
2019-04-22 08:13:41,924 INFO com.google.code.ssm.config.DefaultAddressProvider [main] Defined values 172.17.0.1:11211 will be used as memcached addresses
2019-04-22 08:13:42,718 INFO org.springframework.scheduling.concurrent.ExecutorConfigurationSupport [main] Initializing ExecutorService 'applicationTaskExecutor'
2019-04-22 08:13:43,152 INFO org.springframework.boot.StartupInfoLogger [main] Started TestMinEduService in 3.416 seconds (JVM running for 4.348)
2019-04-22 08:13:43,353 INFO esmo.test.ap.apms.service.impl.MinEduServiceImpl [main] will get toke from theurl: https://validation.interoperability.gr:9443/OAUTH2Proxy_1.0.0/services/oauthproxy/authorization/token
2019-04-22 08:13:43,353 INFO esmo.test.ap.apms.service.impl.MinEduServiceImpl [main] will get new token 
2019-04-22 08:13:47,313 INFO esmo.test.ap.apms.service.impl.MinEduServiceImpl [main] retrieved token 1818c576-7fe5-38ee-bfa7-f6bf4e473c56
2019-04-22 08:13:47,317 INFO esmo.test.ap.apms.service.impl.MinEduServiceImpl [main] querying for academicId 200260674408
2019-04-22 08:13:51,821 INFO esmo.test.ap.apms.service.impl.MinEduServiceImpl [main] MinEduLog {minEduSessionId:6061c3de-54ed-4295-9af0-e37970712570, selectedUniversity:, responseTimeStamp:2019-04-22T08:14:00+03:00, recievedTimeStamp:2019-04-22T08:13:51.819+03:00, esmoSessionId:esmoSession}
2019-04-22 08:13:51,830 INFO esmo.test.ap.apms.service.impl.MinEduServiceImpl [main] will get toke from theurl: https://validation.interoperability.gr:9443/OAUTH2Proxy_1.0.0/services/oauthproxy/authorization/token
2019-04-22 08:13:51,830 INFO esmo.test.ap.apms.service.impl.MinEduServiceImpl [main] MinEdu OAth token still alive 1818c576-7fe5-38ee-bfa7-f6bf4e473c56
2019-04-22 08:13:51,835 INFO esmo.test.ap.apms.service.impl.MinEduServiceImpl [main] querying for academicId 200260674408
2019-04-22 08:13:52,726 INFO esmo.test.ap.apms.service.impl.MinEduServiceImpl [main] MinEduLog {minEduSessionId:3183b18e-f3cc-4916-b1d9-8661be211664, selectedUniversity:, responseTimeStamp:2019-04-22T08:13:00+03:00, recievedTimeStamp:2019-04-22T08:13:52.726+03:00, esmoSessionId:esmoSession}
2019-04-22 08:13:52,754 INFO esmo.test.ap.apms.service.impl.MinEduServiceImpl [main] will get toke from theurl: https://validation.interoperability.gr:9443/OAUTH2Proxy_1.0.0/services/oauthproxy/authorization/token
2019-04-22 08:13:52,755 INFO esmo.test.ap.apms.service.impl.MinEduServiceImpl [main] will get new token 
2019-04-22 08:13:54,357 INFO esmo.test.ap.apms.service.impl.MinEduServiceImpl [main] retrieved token 1818c576-7fe5-38ee-bfa7-f6bf4e473c56
2019-04-22 08:13:54,358 INFO esmo.test.ap.apms.service.impl.MinEduServiceImpl [main] querying for amka 05108304675
2019-04-22 08:13:54,359 INFO esmo.test.ap.apms.service.impl.MinEduServiceImpl [main] will query amka in theurl: https://gateway.interoperability.gr/academicId/1.0.1/student/05108304675?fields=academicID&username=uaegean&password=k6v5sS4l1s!%
2019-04-22 08:13:57,111 INFO esmo.test.ap.apms.service.impl.MinEduServiceImpl [main] result 200260674408
2019-04-22 08:13:57,113 INFO esmo.test.ap.apms.service.impl.MinEduServiceImpl [main] MinEduLog {minEduSessionId:0d5a35a4-319d-425f-8a19-f1ef7121797b, selectedUniversity:, responseTimeStamp:2019-04-22T08:14:00+03:00, recievedTimeStamp:2019-04-22T08:13:57.112+03:00, esmoSessionId:esmoSession}
2019-04-22 08:13:57,121 INFO esmo.test.ap.apms.service.impl.MinEduServiceImpl [main] will get toke from theurl: https://validation.interoperability.gr:9443/OAUTH2Proxy_1.0.0/services/oauthproxy/authorization/token
2019-04-22 08:13:57,123 INFO esmo.test.ap.apms.service.impl.MinEduServiceImpl [main] MinEdu OAth token still alive 1818c576-7fe5-38ee-bfa7-f6bf4e473c56
2019-04-22 08:13:57,124 INFO esmo.test.ap.apms.service.impl.MinEduServiceImpl [main] querying for amka 05108304675
2019-04-22 08:13:57,125 INFO esmo.test.ap.apms.service.impl.MinEduServiceImpl [main] will query amka in theurl: https://gateway.interoperability.gr/academicId/1.0.1/student/05108304675?fields=academicID&username=uaegean&password=k6v5sS4l1s!%
2019-04-22 08:13:58,031 INFO esmo.test.ap.apms.service.impl.MinEduServiceImpl [main] result 200260674408
2019-04-22 08:13:58,032 INFO esmo.test.ap.apms.service.impl.MinEduServiceImpl [main] MinEduLog {minEduSessionId:dcf9533e-ea2c-44af-b919-b39930c85ce1, selectedUniversity:, responseTimeStamp:2019-04-22T08:13:00+03:00, recievedTimeStamp:2019-04-22T08:13:58.032+03:00, esmoSessionId:esmoSession}
2019-04-22 08:13:58,071 INFO org.springframework.test.context.support.AbstractTestContextBootstrapper [main] Neither @ContextConfiguration nor @ContextHierarchy found for test class [esmo.test.ap.apms.service.TestUniversityCodesServ], using DelegatingSmartContextLoader
2019-04-22 08:13:58,074 INFO org.springframework.test.context.support.AbstractContextLoader [main] Could not detect default resource locations for test class [esmo.test.ap.apms.service.TestUniversityCodesServ]: no resource found for suffixes {-context.xml}.
2019-04-22 08:13:58,076 INFO org.springframework.test.context.support.AnnotationConfigContextLoaderUtils [main] Could not detect default configuration classes for test class [esmo.test.ap.apms.service.TestUniversityCodesServ]: TestUniversityCodesServ does not declare any static, non-private, non-final, nested classes annotated with @Configuration.
2019-04-22 08:13:58,081 INFO org.springframework.test.context.support.AbstractTestContextBootstrapper [main] Loaded default TestExecutionListener class names from location [META-INF/spring.factories]: [org.springframework.boot.test.mock.mockito.MockitoTestExecutionListener, org.springframework.boot.test.mock.mockito.ResetMocksTestExecutionListener, org.springframework.boot.test.autoconfigure.restdocs.RestDocsTestExecutionListener, org.springframework.boot.test.autoconfigure.web.client.MockRestServiceServerResetTestExecutionListener, org.springframework.boot.test.autoconfigure.web.servlet.MockMvcPrintOnlyOnFailureTestExecutionListener, org.springframework.boot.test.autoconfigure.web.servlet.WebDriverTestExecutionListener, org.springframework.test.context.web.ServletTestExecutionListener, org.springframework.test.context.support.DirtiesContextBeforeModesTestExecutionListener, org.springframework.test.context.support.DependencyInjectionTestExecutionListener, org.springframework.test.context.support.DirtiesContextTestExecutionListener, org.springframework.test.context.transaction.TransactionalTestExecutionListener, org.springframework.test.context.jdbc.SqlScriptsTestExecutionListener]
2019-04-22 08:13:58,083 INFO org.springframework.test.context.support.AbstractTestContextBootstrapper [main] Using TestExecutionListeners: [org.springframework.test.context.web.ServletTestExecutionListener@333c8791, org.springframework.test.context.support.DirtiesContextBeforeModesTestExecutionListener@6c0e13b7, org.springframework.boot.test.mock.mockito.MockitoTestExecutionListener@22eaa86e, org.springframework.test.context.support.DependencyInjectionTestExecutionListener@561b7d53, org.springframework.test.context.support.DirtiesContextTestExecutionListener@1cc680e, org.springframework.boot.test.mock.mockito.ResetMocksTestExecutionListener@1dc3502b, org.springframework.boot.test.autoconfigure.restdocs.RestDocsTestExecutionListener@6a1d3225, org.springframework.boot.test.autoconfigure.web.client.MockRestServiceServerResetTestExecutionListener@67e13bd0, org.springframework.boot.test.autoconfigure.web.servlet.MockMvcPrintOnlyOnFailureTestExecutionListener@50fb33a, org.springframework.boot.test.autoconfigure.web.servlet.WebDriverTestExecutionListener@2cae9b8]
2019-04-22 08:13:58,387 INFO org.springframework.test.context.support.AbstractTestContextBootstrapper [main] Neither @ContextConfiguration nor @ContextHierarchy found for test class [esmo.test.ap.apms.ApmsApplicationTests], using SpringBootContextLoader
2019-04-22 08:13:58,388 INFO org.springframework.test.context.support.AbstractContextLoader [main] Could not detect default resource locations for test class [esmo.test.ap.apms.ApmsApplicationTests]: no resource found for suffixes {-context.xml, Context.groovy}.
2019-04-22 08:13:58,388 INFO org.springframework.test.context.support.AnnotationConfigContextLoaderUtils [main] Could not detect default configuration classes for test class [esmo.test.ap.apms.ApmsApplicationTests]: ApmsApplicationTests does not declare any static, non-private, non-final, nested classes annotated with @Configuration.
2019-04-22 08:13:58,400 INFO org.springframework.boot.test.context.SpringBootTestContextBootstrapper [main] Found @SpringBootConfiguration esmo.test.ap.apms.ApmsApplication for test class esmo.test.ap.apms.ApmsApplicationTests
2019-04-22 08:13:58,403 INFO org.springframework.test.context.support.AbstractTestContextBootstrapper [main] Loaded default TestExecutionListener class names from location [META-INF/spring.factories]: [org.springframework.boot.test.mock.mockito.MockitoTestExecutionListener, org.springframework.boot.test.mock.mockito.ResetMocksTestExecutionListener, org.springframework.boot.test.autoconfigure.restdocs.RestDocsTestExecutionListener, org.springframework.boot.test.autoconfigure.web.client.MockRestServiceServerResetTestExecutionListener, org.springframework.boot.test.autoconfigure.web.servlet.MockMvcPrintOnlyOnFailureTestExecutionListener, org.springframework.boot.test.autoconfigure.web.servlet.WebDriverTestExecutionListener, org.springframework.test.context.web.ServletTestExecutionListener, org.springframework.test.context.support.DirtiesContextBeforeModesTestExecutionListener, org.springframework.test.context.support.DependencyInjectionTestExecutionListener, org.springframework.test.context.support.DirtiesContextTestExecutionListener, org.springframework.test.context.transaction.TransactionalTestExecutionListener, org.springframework.test.context.jdbc.SqlScriptsTestExecutionListener]
2019-04-22 08:13:58,404 INFO org.springframework.test.context.support.AbstractTestContextBootstrapper [main] Using TestExecutionListeners: [org.springframework.test.context.web.ServletTestExecutionListener@17410c07, org.springframework.test.context.support.DirtiesContextBeforeModesTestExecutionListener@6ee99964, org.springframework.boot.test.mock.mockito.MockitoTestExecutionListener@257ef9ed, org.springframework.boot.test.autoconfigure.SpringBootDependencyInjectionTestExecutionListener@59c70ceb, org.springframework.test.context.support.DirtiesContextTestExecutionListener@46f902e0, org.springframework.boot.test.mock.mockito.ResetMocksTestExecutionListener@64f981e2, org.springframework.boot.test.autoconfigure.restdocs.RestDocsTestExecutionListener@361abd01, org.springframework.boot.test.autoconfigure.web.client.MockRestServiceServerResetTestExecutionListener@575b5f7d, org.springframework.boot.test.autoconfigure.web.servlet.MockMvcPrintOnlyOnFailureTestExecutionListener@59bbb974, org.springframework.boot.test.autoconfigure.web.servlet.WebDriverTestExecutionListener@7165d530]
2019-04-22 08:13:58,444 INFO org.springframework.boot.StartupInfoLogger [main] Starting ApmsApplicationTests on nikos-Lenovo-V310-15IKB with PID 20150 (started by nikos in /home/nikos/NetBeansProjects/ESMO-AP-TEST)
2019-04-22 08:13:58,445 INFO org.springframework.boot.SpringApplication [main] The following profiles are active: test
2019-04-22 08:13:58,978 INFO com.google.code.ssm.config.DefaultAddressProvider [main] Defined values 172.17.0.1:11211 will be used as memcached addresses
2019-04-22 08:13:59,235 INFO org.springframework.scheduling.concurrent.ExecutorConfigurationSupport [main] Initializing ExecutorService 'applicationTaskExecutor'
2019-04-22 08:13:59,424 INFO org.springframework.boot.StartupInfoLogger [main] Started ApmsApplicationTests in 1.014 seconds (JVM running for 20.62)
2019-04-22 08:13:59,441 INFO org.springframework.test.context.support.AbstractTestContextBootstrapper [main] Neither @ContextConfiguration nor @ContextHierarchy found for test class [esmo.test.ap.apms.integration.TestSessisonManagerConnection], using SpringBootContextLoader
2019-04-22 08:13:59,442 INFO org.springframework.test.context.support.AbstractContextLoader [main] Could not detect default resource locations for test class [esmo.test.ap.apms.integration.TestSessisonManagerConnection]: no resource found for suffixes {-context.xml, Context.groovy}.
2019-04-22 08:13:59,455 INFO org.springframework.test.context.support.AbstractTestContextBootstrapper [main] Loaded default TestExecutionListener class names from location [META-INF/spring.factories]: [org.springframework.boot.test.mock.mockito.MockitoTestExecutionListener, org.springframework.boot.test.mock.mockito.ResetMocksTestExecutionListener, org.springframework.boot.test.autoconfigure.restdocs.RestDocsTestExecutionListener, org.springframework.boot.test.autoconfigure.web.client.MockRestServiceServerResetTestExecutionListener, org.springframework.boot.test.autoconfigure.web.servlet.MockMvcPrintOnlyOnFailureTestExecutionListener, org.springframework.boot.test.autoconfigure.web.servlet.WebDriverTestExecutionListener, org.springframework.test.context.web.ServletTestExecutionListener, org.springframework.test.context.support.DirtiesContextBeforeModesTestExecutionListener, org.springframework.test.context.support.DependencyInjectionTestExecutionListener, org.springframework.test.context.support.DirtiesContextTestExecutionListener, org.springframework.test.context.transaction.TransactionalTestExecutionListener, org.springframework.test.context.jdbc.SqlScriptsTestExecutionListener]
2019-04-22 08:13:59,456 INFO org.springframework.test.context.support.AbstractTestContextBootstrapper [main] Using TestExecutionListeners: [org.springframework.test.context.web.ServletTestExecutionListener@76e3b45b, org.springframework.test.context.support.DirtiesContextBeforeModesTestExecutionListener@10b4e7f8, org.springframework.boot.test.mock.mockito.MockitoTestExecutionListener@75023c53, org.springframework.boot.test.autoconfigure.SpringBootDependencyInjectionTestExecutionListener@66813e6e, org.springframework.test.context.support.DirtiesContextTestExecutionListener@dab1f89, org.springframework.boot.test.mock.mockito.ResetMocksTestExecutionListener@3a17b2e3, org.springframework.boot.test.autoconfigure.restdocs.RestDocsTestExecutionListener@5e13f156, org.springframework.boot.test.autoconfigure.web.client.MockRestServiceServerResetTestExecutionListener@310ed6b4, org.springframework.boot.test.autoconfigure.web.servlet.MockMvcPrintOnlyOnFailureTestExecutionListener@640cc04b, org.springframework.boot.test.autoconfigure.web.servlet.WebDriverTestExecutionListener@630bf683]
2019-04-22 08:13:59,475 INFO org.springframework.boot.StartupInfoLogger [main] Starting TestSessisonManagerConnection on nikos-Lenovo-V310-15IKB with PID 20150 (started by nikos in /home/nikos/NetBeansProjects/ESMO-AP-TEST)
2019-04-22 08:13:59,476 INFO org.springframework.boot.SpringApplication [main] The following profiles are active: test
2019-04-22 08:13:59,750 INFO com.google.code.ssm.config.DefaultAddressProvider [main] Defined values 172.17.0.1:11211 will be used as memcached addresses
2019-04-22 08:14:00,049 INFO org.springframework.scheduling.concurrent.ExecutorConfigurationSupport [main] Initializing ExecutorService 'applicationTaskExecutor'
2019-04-22 08:14:00,267 INFO org.springframework.mock.web.MockServletContext [main] Initializing Spring TestDispatcherServlet ''
2019-04-22 08:14:00,267 INFO org.springframework.web.servlet.FrameworkServlet [main] Initializing Servlet ''
2019-04-22 08:14:00,281 INFO org.springframework.web.servlet.FrameworkServlet [main] Completed initialization in 14 ms
2019-04-22 08:14:00,296 INFO org.springframework.boot.StartupInfoLogger [main] Started TestSessisonManagerConnection in 0.838 seconds (JVM running for 21.492)
2019-04-22 08:14:01,909 INFO org.springframework.scheduling.concurrent.ExecutorConfigurationSupport [Thread-3] Shutting down ExecutorService 'applicationTaskExecutor'
2019-04-22 08:14:01,916 INFO org.springframework.scheduling.concurrent.ExecutorConfigurationSupport [Thread-11] Shutting down ExecutorService 'applicationTaskExecutor'
2019-04-22 08:14:01,926 INFO org.springframework.scheduling.concurrent.ExecutorConfigurationSupport [Thread-7] Shutting down ExecutorService 'applicationTaskExecutor'
